[0.018s] Invoking command in '/home/bilhr2025/Downloads/BILHR_T5/build/servo_service': CMAKE_PREFIX_PATH=${CMAKE_PREFIX_PATH}:/opt/ros/jazzy DEBUGINFOD_URLS=https://debuginfod.ubuntu.com /usr/bin/cmake /home/bilhr2025/Downloads/BILHR_T5/src/servo_service -DAMENT_CMAKE_SYMLINK_INSTALL=1 -DCMAKE_INSTALL_PREFIX=/home/bilhr2025/Downloads/BILHR_T5/install/servo_service
[0.258s] -- The C compiler identification is GNU 13.3.0
[0.258s] -- The CXX compiler identification is GNU 13.3.0
[0.258s] -- Detecting C compiler ABI info
[0.263s] -- Detecting C compiler ABI info - done
[0.273s] -- Check for working C compiler: /usr/bin/cc - skipped
[0.273s] -- Detecting C compile features
[0.274s] -- Detecting C compile features - done
[0.284s] -- Detecting CXX compiler ABI info
[0.392s] -- Detecting CXX compiler ABI info - done
[0.402s] -- Check for working CXX compiler: /usr/bin/c++ - skipped
[0.402s] -- Detecting CXX compile features
[0.402s] -- Detecting CXX compile features - done
[0.407s] -- Found ament_cmake: 2.5.3 (/opt/ros/jazzy/share/ament_cmake/cmake)
[0.566s] -- Found Python3: /usr/bin/python3 (found version "3.12.3") found components: Interpreter 
[0.640s] -- Override CMake install command with custom implementation using symlinks instead of copying resources
[0.676s] -- Found geometry_msgs: 5.3.6 (/opt/ros/jazzy/share/geometry_msgs/cmake)
[0.723s] -- Found rosidl_generator_c: 4.6.5 (/opt/ros/jazzy/share/rosidl_generator_c/cmake)
[0.737s] -- Found rosidl_generator_cpp: 4.6.5 (/opt/ros/jazzy/share/rosidl_generator_cpp/cmake)
[0.756s] -- Using all available rosidl_typesupport_c: rosidl_typesupport_fastrtps_c;rosidl_typesupport_introspection_c
[0.776s] -- Using all available rosidl_typesupport_cpp: rosidl_typesupport_fastrtps_cpp;rosidl_typesupport_introspection_cpp
[0.830s] -- Found rosidl_default_generators: 1.6.0 (/opt/ros/jazzy/share/rosidl_default_generators/cmake)
[0.845s] -- Found rosidl_adapter: 4.6.5 (/opt/ros/jazzy/share/rosidl_adapter/cmake)
[1.564s] -- Found ament_cmake_ros: 0.12.0 (/opt/ros/jazzy/share/ament_cmake_ros/cmake)
[2.434s] -- Using all available rosidl_typesupport_c: rosidl_typesupport_fastrtps_c;rosidl_typesupport_introspection_c
[2.766s] -- Using all available rosidl_typesupport_cpp: rosidl_typesupport_fastrtps_cpp;rosidl_typesupport_introspection_cpp
[2.769s] -- Found python_cmake_module: 0.11.1 (/opt/ros/jazzy/share/python_cmake_module/cmake)
[2.900s] -- Found PythonExtra: /usr/bin/python3  
[3.354s] -- Found Python3: /usr/bin/python3 (found version "3.12.3") found components: Interpreter Development NumPy Development.Module Development.Embed 
[3.423s] -- Found ament_lint_auto: 0.17.2 (/opt/ros/jazzy/share/ament_lint_auto/cmake)
[3.447s] -- Added test 'lint_cmake' to check CMake code style
[3.449s] -- Added test 'xmllint' to check XML markup files
[3.454s] -- Configuring done (3.4s)
[3.519s] -- Generating done (0.1s)
[3.532s] -- Build files have been written to: /home/bilhr2025/Downloads/BILHR_T5/build/servo_service
[3.541s] Invoked command in '/home/bilhr2025/Downloads/BILHR_T5/build/servo_service' returned '0': CMAKE_PREFIX_PATH=${CMAKE_PREFIX_PATH}:/opt/ros/jazzy DEBUGINFOD_URLS=https://debuginfod.ubuntu.com /usr/bin/cmake /home/bilhr2025/Downloads/BILHR_T5/src/servo_service -DAMENT_CMAKE_SYMLINK_INSTALL=1 -DCMAKE_INSTALL_PREFIX=/home/bilhr2025/Downloads/BILHR_T5/install/servo_service
[3.542s] Invoking command in '/home/bilhr2025/Downloads/BILHR_T5/build/servo_service': CMAKE_PREFIX_PATH=${CMAKE_PREFIX_PATH}:/opt/ros/jazzy DEBUGINFOD_URLS=https://debuginfod.ubuntu.com /usr/bin/cmake --build /home/bilhr2025/Downloads/BILHR_T5/build/servo_service -- -j8 -l8
[3.597s] [  1%] [34m[1mGenerating type hashes for ROS interfaces[0m
[3.606s] [  1%] Built target ament_cmake_python_symlink_servo_service
[3.852s] running egg_info
[3.853s] creating servo_service.egg-info
[3.876s] writing servo_service.egg-info/PKG-INFO
[3.876s] writing dependency_links to servo_service.egg-info/dependency_links.txt
[3.876s] writing top-level names to servo_service.egg-info/top_level.txt
[3.876s] writing manifest file 'servo_service.egg-info/SOURCES.txt'
[3.913s] [  1%] Built target servo_service__rosidl_generator_type_description
[3.925s] [  2%] [34m[1mGenerating C code for ROS interfaces[0m
[3.938s] [  2%] [34m[1mGenerating C++ code for ROS interfaces[0m
[3.956s] reading manifest file 'servo_service.egg-info/SOURCES.txt'
[3.956s] writing manifest file 'servo_service.egg-info/SOURCES.txt'
[3.987s] [  2%] Built target ament_cmake_python_build_servo_service_egg
[4.783s] [  2%] Built target servo_service__cpp
[5.038s] [  3%] [32mBuilding C object CMakeFiles/servo_service__rosidl_generator_c.dir/rosidl_generator_c/servo_service/msg/detail/change_servo_positions__functions.c.o[0m
[5.038s] [  4%] [32mBuilding C object CMakeFiles/servo_service__rosidl_generator_c.dir/rosidl_generator_c/servo_service/msg/detail/change_servo_positions__type_support.c.o[0m
[5.038s] [  4%] [32mBuilding C object CMakeFiles/servo_service__rosidl_generator_c.dir/rosidl_generator_c/servo_service/msg/detail/change_servo_positions__description.c.o[0m
[5.038s] [  4%] [32mBuilding C object CMakeFiles/servo_service__rosidl_generator_c.dir/rosidl_generator_c/servo_service/msg/detail/set_servo_positions__functions.c.o[0m
[5.038s] [  5%] [32mBuilding C object CMakeFiles/servo_service__rosidl_generator_c.dir/rosidl_generator_c/servo_service/msg/detail/set_servo_positions__type_support.c.o[0m
[5.039s] [  6%] [32mBuilding C object CMakeFiles/servo_service__rosidl_generator_c.dir/rosidl_generator_c/servo_service/msg/detail/set_joint_lock__description.c.o[0m
[5.039s] [  7%] [32mBuilding C object CMakeFiles/servo_service__rosidl_generator_c.dir/rosidl_generator_c/servo_service/msg/detail/set_joint_lock__functions.c.o[0m
[5.039s] [  8%] [32mBuilding C object CMakeFiles/servo_service__rosidl_generator_c.dir/rosidl_generator_c/servo_service/msg/detail/set_servo_positions__description.c.o[0m
[5.091s] [  8%] [32mBuilding C object CMakeFiles/servo_service__rosidl_generator_c.dir/rosidl_generator_c/servo_service/msg/detail/set_joint_lock__type_support.c.o[0m
[5.091s] [  9%] [32mBuilding C object CMakeFiles/servo_service__rosidl_generator_c.dir/rosidl_generator_c/servo_service/msg/detail/get_servo_positions__description.c.o[0m
[5.104s] [ 10%] [32mBuilding C object CMakeFiles/servo_service__rosidl_generator_c.dir/rosidl_generator_c/servo_service/msg/detail/get_servo_positions__type_support.c.o[0m
[5.106s] [ 10%] [32mBuilding C object CMakeFiles/servo_service__rosidl_generator_c.dir/rosidl_generator_c/servo_service/msg/detail/set_posture__description.c.o[0m
[5.106s] [ 11%] [32mBuilding C object CMakeFiles/servo_service__rosidl_generator_c.dir/rosidl_generator_c/servo_service/msg/detail/get_servo_positions__functions.c.o[0m
[5.128s] [ 13%] [32mBuilding C object CMakeFiles/servo_service__rosidl_generator_c.dir/rosidl_generator_c/servo_service/msg/detail/set_posture__type_support.c.o[0m
[5.128s] [ 13%] [32mBuilding C object CMakeFiles/servo_service__rosidl_generator_c.dir/rosidl_generator_c/servo_service/msg/detail/set_posture__functions.c.o[0m
[5.128s] [ 14%] [32mBuilding C object CMakeFiles/servo_service__rosidl_generator_c.dir/rosidl_generator_c/servo_service/srv/detail/joint_lock__description.c.o[0m
[5.148s] [ 14%] [32mBuilding C object CMakeFiles/servo_service__rosidl_generator_c.dir/rosidl_generator_c/servo_service/srv/detail/joint_lock__functions.c.o[0m
[5.158s] [ 15%] [32mBuilding C object CMakeFiles/servo_service__rosidl_generator_c.dir/rosidl_generator_c/servo_service/srv/detail/joint_lock__type_support.c.o[0m
[5.165s] [ 16%] [32mBuilding C object CMakeFiles/servo_service__rosidl_generator_c.dir/rosidl_generator_c/servo_service/srv/detail/servo_temp__description.c.o[0m
[5.174s] [ 17%] [32mBuilding C object CMakeFiles/servo_service__rosidl_generator_c.dir/rosidl_generator_c/servo_service/srv/detail/servo_temp__functions.c.o[0m
[5.192s] [ 18%] [32mBuilding C object CMakeFiles/servo_service__rosidl_generator_c.dir/rosidl_generator_c/servo_service/srv/detail/servo_deviation__description.c.o[0m
[5.197s] [ 18%] [32mBuilding C object CMakeFiles/servo_service__rosidl_generator_c.dir/rosidl_generator_c/servo_service/srv/detail/servo_temp__type_support.c.o[0m
[5.210s] [ 19%] [32mBuilding C object CMakeFiles/servo_service__rosidl_generator_c.dir/rosidl_generator_c/servo_service/srv/detail/servo_deviation__functions.c.o[0m
[5.227s] [ 20%] [32mBuilding C object CMakeFiles/servo_service__rosidl_generator_c.dir/rosidl_generator_c/servo_service/srv/detail/servo_deviation__type_support.c.o[0m
[5.232s] [ 20%] [32mBuilding C object CMakeFiles/servo_service__rosidl_generator_c.dir/rosidl_generator_c/servo_service/srv/detail/servo_voltage__description.c.o[0m
[5.253s] [ 21%] [32mBuilding C object CMakeFiles/servo_service__rosidl_generator_c.dir/rosidl_generator_c/servo_service/srv/detail/servo_voltage__functions.c.o[0m
[5.272s] [ 22%] [32mBuilding C object CMakeFiles/servo_service__rosidl_generator_c.dir/rosidl_generator_c/servo_service/srv/detail/servo_voltage__type_support.c.o[0m
[5.278s] [ 23%] [32mBuilding C object CMakeFiles/servo_service__rosidl_generator_c.dir/rosidl_generator_c/servo_service/srv/detail/joint_position__description.c.o[0m
[5.291s] [ 23%] [32mBuilding C object CMakeFiles/servo_service__rosidl_generator_c.dir/rosidl_generator_c/servo_service/srv/detail/joint_position__functions.c.o[0m
[5.296s] [ 24%] [32mBuilding C object CMakeFiles/servo_service__rosidl_generator_c.dir/rosidl_generator_c/servo_service/srv/detail/joint_position__type_support.c.o[0m
[5.305s] [ 25%] [32mBuilding C object CMakeFiles/servo_service__rosidl_generator_c.dir/rosidl_generator_c/servo_service/srv/detail/joint_range__description.c.o[0m
[5.317s] [ 26%] [32mBuilding C object CMakeFiles/servo_service__rosidl_generator_c.dir/rosidl_generator_c/servo_service/srv/detail/joint_range__functions.c.o[0m
[5.341s] [ 26%] [32mBuilding C object CMakeFiles/servo_service__rosidl_generator_c.dir/rosidl_generator_c/servo_service/srv/detail/joint_range__type_support.c.o[0m
[5.410s] [ 27%] [32m[1mLinking C shared library libservo_service__rosidl_generator_c.so[0m
[5.459s] [ 27%] Built target servo_service__rosidl_generator_c
[5.471s] [ 28%] [34m[1mGenerating C type support for eProsima Fast-RTPS[0m
[5.472s] [ 29%] [34m[1mGenerating C type support dispatch for ROS interfaces[0m
[5.474s] [ 29%] [34m[1mGenerating C++ type support dispatch for ROS interfaces[0m
[5.474s] [ 29%] [34m[1mGenerating C introspection for ROS interfaces[0m
[5.475s] [ 30%] [34m[1mGenerating C++ type support for eProsima Fast-RTPS[0m
[5.475s] [ 31%] [34m[1mGenerating C++ introspection for ROS interfaces[0m
[6.029s] [ 32%] [32mBuilding CXX object CMakeFiles/servo_service__rosidl_typesupport_c.dir/rosidl_typesupport_c/servo_service/msg/set_servo_positions__type_support.cpp.o[0m
[6.029s] [ 32%] [32mBuilding CXX object CMakeFiles/servo_service__rosidl_typesupport_c.dir/rosidl_typesupport_c/servo_service/msg/change_servo_positions__type_support.cpp.o[0m
[6.029s] [ 33%] [32mBuilding CXX object CMakeFiles/servo_service__rosidl_typesupport_c.dir/rosidl_typesupport_c/servo_service/msg/set_joint_lock__type_support.cpp.o[0m
[6.100s] [ 34%] [32mBuilding CXX object CMakeFiles/servo_service__rosidl_typesupport_c.dir/rosidl_typesupport_c/servo_service/msg/get_servo_positions__type_support.cpp.o[0m
[6.103s] [ 34%] [32mBuilding CXX object CMakeFiles/servo_service__rosidl_typesupport_c.dir/rosidl_typesupport_c/servo_service/msg/set_posture__type_support.cpp.o[0m
[6.103s] [ 35%] [32mBuilding CXX object CMakeFiles/servo_service__rosidl_typesupport_c.dir/rosidl_typesupport_c/servo_service/srv/joint_lock__type_support.cpp.o[0m
[6.177s] [ 36%] [32mBuilding CXX object CMakeFiles/servo_service__rosidl_typesupport_c.dir/rosidl_typesupport_c/servo_service/srv/servo_temp__type_support.cpp.o[0m
[6.186s] [ 37%] [32mBuilding CXX object CMakeFiles/servo_service__rosidl_typesupport_c.dir/rosidl_typesupport_c/servo_service/srv/servo_deviation__type_support.cpp.o[0m
[6.187s] [ 37%] [32mBuilding CXX object CMakeFiles/servo_service__rosidl_typesupport_c.dir/rosidl_typesupport_c/servo_service/srv/servo_voltage__type_support.cpp.o[0m
[6.263s] [ 38%] [32mBuilding CXX object CMakeFiles/servo_service__rosidl_typesupport_c.dir/rosidl_typesupport_c/servo_service/srv/joint_position__type_support.cpp.o[0m
[6.265s] [ 39%] [32mBuilding CXX object CMakeFiles/servo_service__rosidl_typesupport_c.dir/rosidl_typesupport_c/servo_service/srv/joint_range__type_support.cpp.o[0m
[6.347s] [ 40%] [32mBuilding CXX object CMakeFiles/servo_service__rosidl_typesupport_cpp.dir/rosidl_typesupport_cpp/servo_service/msg/set_servo_positions__type_support.cpp.o[0m
[6.348s] [ 41%] [32mBuilding CXX object CMakeFiles/servo_service__rosidl_typesupport_cpp.dir/rosidl_typesupport_cpp/servo_service/msg/change_servo_positions__type_support.cpp.o[0m
[6.348s] [ 42%] [32mBuilding CXX object CMakeFiles/servo_service__rosidl_typesupport_cpp.dir/rosidl_typesupport_cpp/servo_service/msg/set_joint_lock__type_support.cpp.o[0m
[6.355s] [ 43%] [32m[1mLinking CXX shared library libservo_service__rosidl_typesupport_c.so[0m
[6.429s] [ 43%] Built target servo_service__rosidl_typesupport_c
[6.440s] [ 43%] [32mBuilding CXX object CMakeFiles/servo_service__rosidl_typesupport_cpp.dir/rosidl_typesupport_cpp/servo_service/msg/get_servo_positions__type_support.cpp.o[0m
[6.878s] [ 44%] [32mBuilding CXX object CMakeFiles/servo_service__rosidl_typesupport_introspection_cpp.dir/rosidl_typesupport_introspection_cpp/servo_service/msg/detail/change_servo_positions__type_support.cpp.o[0m
[6.885s] [ 46%] [32mBuilding CXX object CMakeFiles/servo_service__rosidl_typesupport_cpp.dir/rosidl_typesupport_cpp/servo_service/msg/set_posture__type_support.cpp.o[0m
[6.885s] [ 46%] [32mBuilding CXX object CMakeFiles/servo_service__rosidl_typesupport_cpp.dir/rosidl_typesupport_cpp/servo_service/srv/joint_lock__type_support.cpp.o[0m
[6.889s] [ 46%] [32mBuilding CXX object CMakeFiles/servo_service__rosidl_typesupport_cpp.dir/rosidl_typesupport_cpp/servo_service/srv/servo_temp__type_support.cpp.o[0m
[6.902s] [ 47%] [32mBuilding C object CMakeFiles/servo_service__rosidl_typesupport_introspection_c.dir/rosidl_typesupport_introspection_c/servo_service/msg/detail/change_servo_positions__type_support.c.o[0m
[6.963s] [ 48%] [32mBuilding C object CMakeFiles/servo_service__rosidl_typesupport_introspection_c.dir/rosidl_typesupport_introspection_c/servo_service/msg/detail/set_servo_positions__type_support.c.o[0m
[6.981s] [ 49%] [32mBuilding CXX object CMakeFiles/servo_service__rosidl_typesupport_introspection_cpp.dir/rosidl_typesupport_introspection_cpp/servo_service/msg/detail/set_servo_positions__type_support.cpp.o[0m
[7.039s] [ 50%] [32mBuilding C object CMakeFiles/servo_service__rosidl_typesupport_introspection_c.dir/rosidl_typesupport_introspection_c/servo_service/msg/detail/set_joint_lock__type_support.c.o[0m
[7.114s] [ 50%] [32mBuilding C object CMakeFiles/servo_service__rosidl_typesupport_introspection_c.dir/rosidl_typesupport_introspection_c/servo_service/msg/detail/get_servo_positions__type_support.c.o[0m
[7.174s] [ 50%] [32mBuilding CXX object CMakeFiles/servo_service__rosidl_typesupport_fastrtps_cpp.dir/rosidl_typesupport_fastrtps_cpp/servo_service/msg/detail/dds_fastrtps/change_servo_positions__type_support.cpp.o[0m
[7.192s] [ 51%] [32mBuilding C object CMakeFiles/servo_service__rosidl_typesupport_introspection_c.dir/rosidl_typesupport_introspection_c/servo_service/msg/detail/set_posture__type_support.c.o[0m
[7.257s] [ 52%] [32mBuilding C object CMakeFiles/servo_service__rosidl_typesupport_introspection_c.dir/rosidl_typesupport_introspection_c/servo_service/srv/detail/joint_lock__type_support.c.o[0m
[7.361s] [ 53%] [32mBuilding C object CMakeFiles/servo_service__rosidl_typesupport_introspection_c.dir/rosidl_typesupport_introspection_c/servo_service/srv/detail/servo_temp__type_support.c.o[0m
[7.423s] [ 54%] [32mBuilding CXX object CMakeFiles/servo_service__rosidl_typesupport_fastrtps_cpp.dir/rosidl_typesupport_fastrtps_cpp/servo_service/msg/detail/dds_fastrtps/set_servo_positions__type_support.cpp.o[0m
[7.453s] [ 54%] [32mBuilding C object CMakeFiles/servo_service__rosidl_typesupport_introspection_c.dir/rosidl_typesupport_introspection_c/servo_service/srv/detail/servo_deviation__type_support.c.o[0m
[7.549s] [ 56%] [32mBuilding C object CMakeFiles/servo_service__rosidl_typesupport_introspection_c.dir/rosidl_typesupport_introspection_c/servo_service/srv/detail/servo_voltage__type_support.c.o[0m
[7.550s] [ 56%] [32mBuilding CXX object CMakeFiles/servo_service__rosidl_typesupport_cpp.dir/rosidl_typesupport_cpp/servo_service/srv/servo_deviation__type_support.cpp.o[0m
[7.617s] [ 57%] [32mBuilding CXX object CMakeFiles/servo_service__rosidl_typesupport_fastrtps_cpp.dir/rosidl_typesupport_fastrtps_cpp/servo_service/msg/detail/dds_fastrtps/set_joint_lock__type_support.cpp.o[0m
[7.636s] [ 57%] [32mBuilding CXX object CMakeFiles/servo_service__rosidl_typesupport_introspection_cpp.dir/rosidl_typesupport_introspection_cpp/servo_service/msg/detail/set_joint_lock__type_support.cpp.o[0m
[7.642s] [ 58%] [32mBuilding C object CMakeFiles/servo_service__rosidl_typesupport_introspection_c.dir/rosidl_typesupport_introspection_c/servo_service/srv/detail/joint_position__type_support.c.o[0m
[7.671s] [ 59%] [32mBuilding CXX object CMakeFiles/servo_service__rosidl_typesupport_introspection_cpp.dir/rosidl_typesupport_introspection_cpp/servo_service/msg/detail/get_servo_positions__type_support.cpp.o[0m
[7.682s] [ 60%] [32mBuilding CXX object CMakeFiles/servo_service__rosidl_typesupport_fastrtps_c.dir/rosidl_typesupport_fastrtps_c/servo_service/msg/detail/change_servo_positions__type_support_c.cpp.o[0m
[7.734s] [ 61%] [32mBuilding C object CMakeFiles/servo_service__rosidl_typesupport_introspection_c.dir/rosidl_typesupport_introspection_c/servo_service/srv/detail/joint_range__type_support.c.o[0m
[7.830s] [ 61%] [32m[1mLinking C shared library libservo_service__rosidl_typesupport_introspection_c.so[0m
[7.899s] [ 61%] Built target servo_service__rosidl_typesupport_introspection_c
[7.915s] [ 62%] [32mBuilding CXX object CMakeFiles/servo_service__rosidl_typesupport_cpp.dir/rosidl_typesupport_cpp/servo_service/srv/servo_voltage__type_support.cpp.o[0m
[8.104s] [ 63%] [32mBuilding CXX object CMakeFiles/servo_service__rosidl_typesupport_cpp.dir/rosidl_typesupport_cpp/servo_service/srv/joint_position__type_support.cpp.o[0m
[8.266s] [ 64%] [32mBuilding CXX object CMakeFiles/servo_service__rosidl_typesupport_fastrtps_cpp.dir/rosidl_typesupport_fastrtps_cpp/servo_service/msg/detail/dds_fastrtps/get_servo_positions__type_support.cpp.o[0m
[8.305s] [ 65%] [32mBuilding CXX object CMakeFiles/servo_service__rosidl_typesupport_introspection_cpp.dir/rosidl_typesupport_introspection_cpp/servo_service/msg/detail/set_posture__type_support.cpp.o[0m
[8.354s] [ 66%] [32mBuilding CXX object CMakeFiles/servo_service__rosidl_typesupport_fastrtps_c.dir/rosidl_typesupport_fastrtps_c/servo_service/msg/detail/set_servo_positions__type_support_c.cpp.o[0m
[8.354s] [ 66%] [32mBuilding CXX object CMakeFiles/servo_service__rosidl_typesupport_fastrtps_c.dir/rosidl_typesupport_fastrtps_c/servo_service/msg/detail/set_joint_lock__type_support_c.cpp.o[0m
[8.500s] [ 66%] [32mBuilding CXX object CMakeFiles/servo_service__rosidl_typesupport_fastrtps_cpp.dir/rosidl_typesupport_fastrtps_cpp/servo_service/msg/detail/dds_fastrtps/set_posture__type_support.cpp.o[0m
[8.501s] [ 67%] [32mBuilding CXX object CMakeFiles/servo_service__rosidl_typesupport_introspection_cpp.dir/rosidl_typesupport_introspection_cpp/servo_service/srv/detail/joint_lock__type_support.cpp.o[0m
[8.699s] [ 68%] [32mBuilding CXX object CMakeFiles/servo_service__rosidl_typesupport_fastrtps_c.dir/rosidl_typesupport_fastrtps_c/servo_service/msg/detail/get_servo_positions__type_support_c.cpp.o[0m
[8.858s] [ 68%] [32mBuilding CXX object CMakeFiles/servo_service__rosidl_typesupport_introspection_cpp.dir/rosidl_typesupport_introspection_cpp/servo_service/srv/detail/servo_temp__type_support.cpp.o[0m
[8.872s] [ 68%] [32mBuilding CXX object CMakeFiles/servo_service__rosidl_typesupport_cpp.dir/rosidl_typesupport_cpp/servo_service/srv/joint_range__type_support.cpp.o[0m
[9.177s] [ 69%] [32mBuilding CXX object CMakeFiles/servo_service__rosidl_typesupport_introspection_cpp.dir/rosidl_typesupport_introspection_cpp/servo_service/srv/detail/servo_deviation__type_support.cpp.o[0m
[9.193s] [ 70%] [32mBuilding CXX object CMakeFiles/servo_service__rosidl_typesupport_fastrtps_cpp.dir/rosidl_typesupport_fastrtps_cpp/servo_service/srv/detail/dds_fastrtps/joint_lock__type_support.cpp.o[0m
[9.201s] [ 71%] [32mBuilding CXX object CMakeFiles/servo_service__rosidl_typesupport_introspection_cpp.dir/rosidl_typesupport_introspection_cpp/servo_service/srv/detail/servo_voltage__type_support.cpp.o[0m
[9.312s] [ 72%] [32mBuilding CXX object CMakeFiles/servo_service__rosidl_typesupport_fastrtps_c.dir/rosidl_typesupport_fastrtps_c/servo_service/msg/detail/set_posture__type_support_c.cpp.o[0m
[9.329s] [ 72%] [32mBuilding CXX object CMakeFiles/servo_service__rosidl_typesupport_fastrtps_c.dir/rosidl_typesupport_fastrtps_c/servo_service/srv/detail/joint_lock__type_support_c.cpp.o[0m
[9.520s] [ 73%] [32mBuilding CXX object CMakeFiles/servo_service__rosidl_typesupport_fastrtps_c.dir/rosidl_typesupport_fastrtps_c/servo_service/srv/detail/servo_temp__type_support_c.cpp.o[0m
[9.666s] [ 74%] [32m[1mLinking CXX shared library libservo_service__rosidl_typesupport_cpp.so[0m
[9.838s] [ 75%] [32mBuilding CXX object CMakeFiles/servo_service__rosidl_typesupport_fastrtps_c.dir/rosidl_typesupport_fastrtps_c/servo_service/srv/detail/servo_deviation__type_support_c.cpp.o[0m
[9.855s] [ 75%] Built target servo_service__rosidl_typesupport_cpp
[9.871s] [ 76%] [32mBuilding CXX object CMakeFiles/servo_service__rosidl_typesupport_fastrtps_c.dir/rosidl_typesupport_fastrtps_c/servo_service/srv/detail/servo_voltage__type_support_c.cpp.o[0m
[10.114s] [ 77%] [32mBuilding CXX object CMakeFiles/servo_service__rosidl_typesupport_fastrtps_cpp.dir/rosidl_typesupport_fastrtps_cpp/servo_service/srv/detail/dds_fastrtps/servo_temp__type_support.cpp.o[0m
[10.124s] [ 77%] [32mBuilding CXX object CMakeFiles/servo_service__rosidl_typesupport_fastrtps_c.dir/rosidl_typesupport_fastrtps_c/servo_service/srv/detail/joint_position__type_support_c.cpp.o[0m
[10.162s] [ 78%] [32mBuilding CXX object CMakeFiles/servo_service__rosidl_typesupport_introspection_cpp.dir/rosidl_typesupport_introspection_cpp/servo_service/srv/detail/joint_position__type_support.cpp.o[0m
[10.248s] [ 79%] [32mBuilding CXX object CMakeFiles/servo_service__rosidl_typesupport_fastrtps_cpp.dir/rosidl_typesupport_fastrtps_cpp/servo_service/srv/detail/dds_fastrtps/servo_deviation__type_support.cpp.o[0m
[10.370s] [ 79%] [32mBuilding CXX object CMakeFiles/servo_service__rosidl_typesupport_introspection_cpp.dir/rosidl_typesupport_introspection_cpp/servo_service/srv/detail/joint_range__type_support.cpp.o[0m
[10.416s] [ 79%] [32mBuilding CXX object CMakeFiles/servo_service__rosidl_typesupport_fastrtps_cpp.dir/rosidl_typesupport_fastrtps_cpp/servo_service/srv/detail/dds_fastrtps/servo_voltage__type_support.cpp.o[0m
[10.707s] [ 80%] [32mBuilding CXX object CMakeFiles/servo_service__rosidl_typesupport_fastrtps_cpp.dir/rosidl_typesupport_fastrtps_cpp/servo_service/srv/detail/dds_fastrtps/joint_position__type_support.cpp.o[0m
[10.734s] [ 81%] [32mBuilding CXX object CMakeFiles/servo_service__rosidl_typesupport_fastrtps_cpp.dir/rosidl_typesupport_fastrtps_cpp/servo_service/srv/detail/dds_fastrtps/joint_range__type_support.cpp.o[0m
[10.982s] [ 82%] [32mBuilding CXX object CMakeFiles/servo_service__rosidl_typesupport_fastrtps_c.dir/rosidl_typesupport_fastrtps_c/servo_service/srv/detail/joint_range__type_support_c.cpp.o[0m
[11.317s] [ 83%] [32m[1mLinking CXX shared library libservo_service__rosidl_typesupport_introspection_cpp.so[0m
[11.502s] [ 83%] Built target servo_service__rosidl_typesupport_introspection_cpp
[11.659s] [ 84%] [32m[1mLinking CXX shared library libservo_service__rosidl_typesupport_fastrtps_c.so[0m
[11.736s] [ 85%] [32m[1mLinking CXX shared library libservo_service__rosidl_typesupport_fastrtps_cpp.so[0m
[11.752s] [ 85%] Built target servo_service__rosidl_typesupport_fastrtps_c
[11.842s] [ 85%] Built target servo_service__rosidl_typesupport_fastrtps_cpp
[11.863s] [ 85%] Built target servo_service
[11.888s] [ 86%] [34m[1mGenerating Python code for ROS interfaces[0m
[13.200s] [ 86%] Built target servo_service__py
[13.226s] [ 89%] [32mBuilding C object CMakeFiles/servo_service__rosidl_generator_py.dir/rosidl_generator_py/servo_service/msg/_change_servo_positions_s.c.o[0m
[13.226s] [ 89%] [32mBuilding C object CMakeFiles/servo_service__rosidl_generator_py.dir/rosidl_generator_py/servo_service/msg/_set_joint_lock_s.c.o[0m
[13.226s] [ 89%] [32mBuilding C object CMakeFiles/servo_service__rosidl_generator_py.dir/rosidl_generator_py/servo_service/msg/_get_servo_positions_s.c.o[0m
[13.226s] [ 89%] [32mBuilding C object CMakeFiles/servo_service__rosidl_generator_py.dir/rosidl_generator_py/servo_service/msg/_set_servo_positions_s.c.o[0m
[13.226s] [ 89%] [32mBuilding C object CMakeFiles/servo_service__rosidl_generator_py.dir/rosidl_generator_py/servo_service/srv/_servo_temp_s.c.o[0m
[13.227s] [ 90%] [32mBuilding C object CMakeFiles/servo_service__rosidl_generator_py.dir/rosidl_generator_py/servo_service/msg/_set_posture_s.c.o[0m
[13.227s] [ 91%] [32mBuilding C object CMakeFiles/servo_service__rosidl_generator_py.dir/rosidl_generator_py/servo_service/srv/_servo_deviation_s.c.o[0m
[13.229s] [ 92%] [32mBuilding C object CMakeFiles/servo_service__rosidl_generator_py.dir/rosidl_generator_py/servo_service/srv/_joint_lock_s.c.o[0m
[13.473s] [ 93%] [32mBuilding C object CMakeFiles/servo_service__rosidl_generator_py.dir/rosidl_generator_py/servo_service/srv/_servo_voltage_s.c.o[0m
[13.503s] [ 94%] [32mBuilding C object CMakeFiles/servo_service__rosidl_generator_py.dir/rosidl_generator_py/servo_service/srv/_joint_position_s.c.o[0m
[13.514s] [ 94%] [32mBuilding C object CMakeFiles/servo_service__rosidl_generator_py.dir/rosidl_generator_py/servo_service/srv/_joint_range_s.c.o[0m
[13.721s] [ 95%] [32m[1mLinking C shared library libservo_service__rosidl_generator_py.so[0m
[13.774s] [ 95%] Built target servo_service__rosidl_generator_py
[13.797s] [ 96%] [32mBuilding C object CMakeFiles/servo_service_s__rosidl_typesupport_c.dir/rosidl_generator_py/servo_service/_servo_service_s.ep.rosidl_typesupport_c.c.o[0m
[13.797s] [ 96%] [32mBuilding C object CMakeFiles/servo_service_s__rosidl_typesupport_fastrtps_c.dir/rosidl_generator_py/servo_service/_servo_service_s.ep.rosidl_typesupport_fastrtps_c.c.o[0m
[13.799s] [ 97%] [32mBuilding C object CMakeFiles/servo_service_s__rosidl_typesupport_introspection_c.dir/rosidl_generator_py/servo_service/_servo_service_s.ep.rosidl_typesupport_introspection_c.c.o[0m
[13.987s] [ 99%] [32m[1mLinking C shared module rosidl_generator_py/servo_service/servo_service_s__rosidl_typesupport_c.so[0m
[13.988s] [ 99%] [32m[1mLinking C shared module rosidl_generator_py/servo_service/servo_service_s__rosidl_typesupport_introspection_c.so[0m
[13.994s] [100%] [32m[1mLinking C shared module rosidl_generator_py/servo_service/servo_service_s__rosidl_typesupport_fastrtps_c.so[0m
[14.025s] [100%] Built target servo_service_s__rosidl_typesupport_c
[14.025s] [100%] Built target servo_service_s__rosidl_typesupport_introspection_c
[14.033s] [100%] Built target servo_service_s__rosidl_typesupport_fastrtps_c
[14.047s] Invoked command in '/home/bilhr2025/Downloads/BILHR_T5/build/servo_service' returned '0': CMAKE_PREFIX_PATH=${CMAKE_PREFIX_PATH}:/opt/ros/jazzy DEBUGINFOD_URLS=https://debuginfod.ubuntu.com /usr/bin/cmake --build /home/bilhr2025/Downloads/BILHR_T5/build/servo_service -- -j8 -l8
[14.058s] Invoking command in '/home/bilhr2025/Downloads/BILHR_T5/build/servo_service': CMAKE_PREFIX_PATH=${CMAKE_PREFIX_PATH}:/opt/ros/jazzy DEBUGINFOD_URLS=https://debuginfod.ubuntu.com /usr/bin/cmake --install /home/bilhr2025/Downloads/BILHR_T5/build/servo_service
[14.066s] -- Install configuration: ""
[14.067s] -- Execute custom install script
[14.067s] -- Symlinking: /home/bilhr2025/Downloads/BILHR_T5/install/servo_service/share/ament_index/resource_index/rosidl_interfaces/servo_service
[14.077s] -- Symlinking: /home/bilhr2025/Downloads/BILHR_T5/install/servo_service/share/servo_service/msg/ChangeServoPositions.json
[14.086s] -- Symlinking: /home/bilhr2025/Downloads/BILHR_T5/install/servo_service/share/servo_service/msg/SetServoPositions.json
[14.095s] -- Symlinking: /home/bilhr2025/Downloads/BILHR_T5/install/servo_service/share/servo_service/msg/SetJointLock.json
[14.104s] -- Symlinking: /home/bilhr2025/Downloads/BILHR_T5/install/servo_service/share/servo_service/msg/GetServoPositions.json
[14.113s] -- Symlinking: /home/bilhr2025/Downloads/BILHR_T5/install/servo_service/share/servo_service/msg/SetPosture.json
[14.122s] -- Symlinking: /home/bilhr2025/Downloads/BILHR_T5/install/servo_service/share/servo_service/srv/JointLock.json
[14.131s] -- Symlinking: /home/bilhr2025/Downloads/BILHR_T5/install/servo_service/share/servo_service/srv/ServoTemp.json
[14.140s] -- Symlinking: /home/bilhr2025/Downloads/BILHR_T5/install/servo_service/share/servo_service/srv/ServoDeviation.json
[14.149s] -- Symlinking: /home/bilhr2025/Downloads/BILHR_T5/install/servo_service/share/servo_service/srv/ServoVoltage.json
[14.158s] -- Symlinking: /home/bilhr2025/Downloads/BILHR_T5/install/servo_service/share/servo_service/srv/JointPosition.json
[14.168s] -- Symlinking: /home/bilhr2025/Downloads/BILHR_T5/install/servo_service/share/servo_service/srv/JointRange.json
[14.178s] -- Symlinking: /home/bilhr2025/Downloads/BILHR_T5/install/servo_service/include/servo_service/servo_service/msg/change_servo_positions.h
[14.187s] -- Symlinking: /home/bilhr2025/Downloads/BILHR_T5/install/servo_service/include/servo_service/servo_service/msg/detail/change_servo_positions__functions.h
[14.197s] -- Symlinking: /home/bilhr2025/Downloads/BILHR_T5/install/servo_service/include/servo_service/servo_service/msg/detail/change_servo_positions__struct.h
[14.206s] -- Symlinking: /home/bilhr2025/Downloads/BILHR_T5/install/servo_service/include/servo_service/servo_service/msg/detail/change_servo_positions__type_support.h
[14.214s] -- Symlinking: /home/bilhr2025/Downloads/BILHR_T5/install/servo_service/include/servo_service/servo_service/msg/detail/get_servo_positions__functions.h
[14.223s] -- Symlinking: /home/bilhr2025/Downloads/BILHR_T5/install/servo_service/include/servo_service/servo_service/msg/detail/get_servo_positions__struct.h
[14.232s] -- Symlinking: /home/bilhr2025/Downloads/BILHR_T5/install/servo_service/include/servo_service/servo_service/msg/detail/get_servo_positions__type_support.h
[14.241s] -- Symlinking: /home/bilhr2025/Downloads/BILHR_T5/install/servo_service/include/servo_service/servo_service/msg/detail/set_joint_lock__functions.h
[14.250s] -- Symlinking: /home/bilhr2025/Downloads/BILHR_T5/install/servo_service/include/servo_service/servo_service/msg/detail/set_joint_lock__struct.h
[14.259s] -- Symlinking: /home/bilhr2025/Downloads/BILHR_T5/install/servo_service/include/servo_service/servo_service/msg/detail/set_joint_lock__type_support.h
[14.269s] -- Symlinking: /home/bilhr2025/Downloads/BILHR_T5/install/servo_service/include/servo_service/servo_service/msg/detail/set_posture__functions.h
[14.278s] -- Symlinking: /home/bilhr2025/Downloads/BILHR_T5/install/servo_service/include/servo_service/servo_service/msg/detail/set_posture__struct.h
[14.287s] -- Symlinking: /home/bilhr2025/Downloads/BILHR_T5/install/servo_service/include/servo_service/servo_service/msg/detail/set_posture__type_support.h
[14.296s] -- Symlinking: /home/bilhr2025/Downloads/BILHR_T5/install/servo_service/include/servo_service/servo_service/msg/detail/set_servo_positions__functions.h
[14.305s] -- Symlinking: /home/bilhr2025/Downloads/BILHR_T5/install/servo_service/include/servo_service/servo_service/msg/detail/set_servo_positions__struct.h
[14.314s] -- Symlinking: /home/bilhr2025/Downloads/BILHR_T5/install/servo_service/include/servo_service/servo_service/msg/detail/set_servo_positions__type_support.h
[14.323s] -- Symlinking: /home/bilhr2025/Downloads/BILHR_T5/install/servo_service/include/servo_service/servo_service/msg/get_servo_positions.h
[14.332s] -- Symlinking: /home/bilhr2025/Downloads/BILHR_T5/install/servo_service/include/servo_service/servo_service/msg/rosidl_generator_c__visibility_control.h
[14.341s] -- Symlinking: /home/bilhr2025/Downloads/BILHR_T5/install/servo_service/include/servo_service/servo_service/msg/set_joint_lock.h
[14.350s] -- Symlinking: /home/bilhr2025/Downloads/BILHR_T5/install/servo_service/include/servo_service/servo_service/msg/set_posture.h
[14.359s] -- Symlinking: /home/bilhr2025/Downloads/BILHR_T5/install/servo_service/include/servo_service/servo_service/msg/set_servo_positions.h
[14.368s] -- Symlinking: /home/bilhr2025/Downloads/BILHR_T5/install/servo_service/include/servo_service/servo_service/srv/detail/joint_lock__functions.h
[14.378s] -- Symlinking: /home/bilhr2025/Downloads/BILHR_T5/install/servo_service/include/servo_service/servo_service/srv/detail/joint_lock__struct.h
[14.387s] -- Symlinking: /home/bilhr2025/Downloads/BILHR_T5/install/servo_service/include/servo_service/servo_service/srv/detail/joint_lock__type_support.h
[14.396s] -- Symlinking: /home/bilhr2025/Downloads/BILHR_T5/install/servo_service/include/servo_service/servo_service/srv/detail/joint_position__functions.h
[14.405s] -- Symlinking: /home/bilhr2025/Downloads/BILHR_T5/install/servo_service/include/servo_service/servo_service/srv/detail/joint_position__struct.h
[14.414s] -- Symlinking: /home/bilhr2025/Downloads/BILHR_T5/install/servo_service/include/servo_service/servo_service/srv/detail/joint_position__type_support.h
[14.423s] -- Symlinking: /home/bilhr2025/Downloads/BILHR_T5/install/servo_service/include/servo_service/servo_service/srv/detail/joint_range__functions.h
[14.434s] -- Symlinking: /home/bilhr2025/Downloads/BILHR_T5/install/servo_service/include/servo_service/servo_service/srv/detail/joint_range__struct.h
[14.443s] -- Symlinking: /home/bilhr2025/Downloads/BILHR_T5/install/servo_service/include/servo_service/servo_service/srv/detail/joint_range__type_support.h
[14.452s] -- Symlinking: /home/bilhr2025/Downloads/BILHR_T5/install/servo_service/include/servo_service/servo_service/srv/detail/servo_deviation__functions.h
[14.461s] -- Symlinking: /home/bilhr2025/Downloads/BILHR_T5/install/servo_service/include/servo_service/servo_service/srv/detail/servo_deviation__struct.h
[14.470s] -- Symlinking: /home/bilhr2025/Downloads/BILHR_T5/install/servo_service/include/servo_service/servo_service/srv/detail/servo_deviation__type_support.h
[14.480s] -- Symlinking: /home/bilhr2025/Downloads/BILHR_T5/install/servo_service/include/servo_service/servo_service/srv/detail/servo_temp__functions.h
[14.489s] -- Symlinking: /home/bilhr2025/Downloads/BILHR_T5/install/servo_service/include/servo_service/servo_service/srv/detail/servo_temp__struct.h
[14.498s] -- Symlinking: /home/bilhr2025/Downloads/BILHR_T5/install/servo_service/include/servo_service/servo_service/srv/detail/servo_temp__type_support.h
[14.507s] -- Symlinking: /home/bilhr2025/Downloads/BILHR_T5/install/servo_service/include/servo_service/servo_service/srv/detail/servo_voltage__functions.h
[14.516s] -- Symlinking: /home/bilhr2025/Downloads/BILHR_T5/install/servo_service/include/servo_service/servo_service/srv/detail/servo_voltage__struct.h
[14.525s] -- Symlinking: /home/bilhr2025/Downloads/BILHR_T5/install/servo_service/include/servo_service/servo_service/srv/detail/servo_voltage__type_support.h
[14.534s] -- Symlinking: /home/bilhr2025/Downloads/BILHR_T5/install/servo_service/include/servo_service/servo_service/srv/joint_lock.h
[14.543s] -- Symlinking: /home/bilhr2025/Downloads/BILHR_T5/install/servo_service/include/servo_service/servo_service/srv/joint_position.h
[14.552s] -- Symlinking: /home/bilhr2025/Downloads/BILHR_T5/install/servo_service/include/servo_service/servo_service/srv/joint_range.h
[14.561s] -- Symlinking: /home/bilhr2025/Downloads/BILHR_T5/install/servo_service/include/servo_service/servo_service/srv/servo_deviation.h
[14.570s] -- Symlinking: /home/bilhr2025/Downloads/BILHR_T5/install/servo_service/include/servo_service/servo_service/srv/servo_temp.h
[14.579s] -- Symlinking: /home/bilhr2025/Downloads/BILHR_T5/install/servo_service/include/servo_service/servo_service/srv/servo_voltage.h
[14.589s] -- Symlinking: /home/bilhr2025/Downloads/BILHR_T5/install/servo_service/share/servo_service/environment/library_path.sh
[14.598s] -- Symlinking: /home/bilhr2025/Downloads/BILHR_T5/install/servo_service/share/servo_service/environment/library_path.dsv
[14.608s] -- Symlinking: /home/bilhr2025/Downloads/BILHR_T5/install/servo_service/include/servo_service/servo_service/msg/detail/change_servo_positions__rosidl_typesupport_fastrtps_c.h
[14.617s] -- Symlinking: /home/bilhr2025/Downloads/BILHR_T5/install/servo_service/include/servo_service/servo_service/msg/detail/get_servo_positions__rosidl_typesupport_fastrtps_c.h
[14.626s] -- Symlinking: /home/bilhr2025/Downloads/BILHR_T5/install/servo_service/include/servo_service/servo_service/msg/detail/set_joint_lock__rosidl_typesupport_fastrtps_c.h
[14.635s] -- Symlinking: /home/bilhr2025/Downloads/BILHR_T5/install/servo_service/include/servo_service/servo_service/msg/detail/set_posture__rosidl_typesupport_fastrtps_c.h
[14.643s] -- Symlinking: /home/bilhr2025/Downloads/BILHR_T5/install/servo_service/include/servo_service/servo_service/msg/detail/set_servo_positions__rosidl_typesupport_fastrtps_c.h
[14.652s] -- Symlinking: /home/bilhr2025/Downloads/BILHR_T5/install/servo_service/include/servo_service/servo_service/msg/rosidl_typesupport_fastrtps_c__visibility_control.h
[14.662s] -- Symlinking: /home/bilhr2025/Downloads/BILHR_T5/install/servo_service/include/servo_service/servo_service/srv/detail/joint_lock__rosidl_typesupport_fastrtps_c.h
[14.671s] -- Symlinking: /home/bilhr2025/Downloads/BILHR_T5/install/servo_service/include/servo_service/servo_service/srv/detail/joint_position__rosidl_typesupport_fastrtps_c.h
[14.680s] -- Symlinking: /home/bilhr2025/Downloads/BILHR_T5/install/servo_service/include/servo_service/servo_service/srv/detail/joint_range__rosidl_typesupport_fastrtps_c.h
[14.689s] -- Symlinking: /home/bilhr2025/Downloads/BILHR_T5/install/servo_service/include/servo_service/servo_service/srv/detail/servo_deviation__rosidl_typesupport_fastrtps_c.h
[14.698s] -- Symlinking: /home/bilhr2025/Downloads/BILHR_T5/install/servo_service/include/servo_service/servo_service/srv/detail/servo_temp__rosidl_typesupport_fastrtps_c.h
[14.708s] -- Symlinking: /home/bilhr2025/Downloads/BILHR_T5/install/servo_service/include/servo_service/servo_service/srv/detail/servo_voltage__rosidl_typesupport_fastrtps_c.h
[14.717s] -- Symlinking: /home/bilhr2025/Downloads/BILHR_T5/install/servo_service/include/servo_service/servo_service/msg/change_servo_positions.hpp
[14.726s] -- Symlinking: /home/bilhr2025/Downloads/BILHR_T5/install/servo_service/include/servo_service/servo_service/msg/detail/change_servo_positions__builder.hpp
[14.735s] -- Symlinking: /home/bilhr2025/Downloads/BILHR_T5/install/servo_service/include/servo_service/servo_service/msg/detail/change_servo_positions__struct.hpp
[14.744s] -- Symlinking: /home/bilhr2025/Downloads/BILHR_T5/install/servo_service/include/servo_service/servo_service/msg/detail/change_servo_positions__traits.hpp
[14.753s] -- Symlinking: /home/bilhr2025/Downloads/BILHR_T5/install/servo_service/include/servo_service/servo_service/msg/detail/change_servo_positions__type_support.hpp
[14.762s] -- Symlinking: /home/bilhr2025/Downloads/BILHR_T5/install/servo_service/include/servo_service/servo_service/msg/detail/get_servo_positions__builder.hpp
[14.772s] -- Symlinking: /home/bilhr2025/Downloads/BILHR_T5/install/servo_service/include/servo_service/servo_service/msg/detail/get_servo_positions__struct.hpp
[14.781s] -- Symlinking: /home/bilhr2025/Downloads/BILHR_T5/install/servo_service/include/servo_service/servo_service/msg/detail/get_servo_positions__traits.hpp
[14.790s] -- Symlinking: /home/bilhr2025/Downloads/BILHR_T5/install/servo_service/include/servo_service/servo_service/msg/detail/get_servo_positions__type_support.hpp
[14.799s] -- Symlinking: /home/bilhr2025/Downloads/BILHR_T5/install/servo_service/include/servo_service/servo_service/msg/detail/set_joint_lock__builder.hpp
[14.808s] -- Symlinking: /home/bilhr2025/Downloads/BILHR_T5/install/servo_service/include/servo_service/servo_service/msg/detail/set_joint_lock__struct.hpp
[14.817s] -- Symlinking: /home/bilhr2025/Downloads/BILHR_T5/install/servo_service/include/servo_service/servo_service/msg/detail/set_joint_lock__traits.hpp
[14.826s] -- Symlinking: /home/bilhr2025/Downloads/BILHR_T5/install/servo_service/include/servo_service/servo_service/msg/detail/set_joint_lock__type_support.hpp
[14.835s] -- Symlinking: /home/bilhr2025/Downloads/BILHR_T5/install/servo_service/include/servo_service/servo_service/msg/detail/set_posture__builder.hpp
[14.844s] -- Symlinking: /home/bilhr2025/Downloads/BILHR_T5/install/servo_service/include/servo_service/servo_service/msg/detail/set_posture__struct.hpp
[14.853s] -- Symlinking: /home/bilhr2025/Downloads/BILHR_T5/install/servo_service/include/servo_service/servo_service/msg/detail/set_posture__traits.hpp
[14.862s] -- Symlinking: /home/bilhr2025/Downloads/BILHR_T5/install/servo_service/include/servo_service/servo_service/msg/detail/set_posture__type_support.hpp
[14.872s] -- Symlinking: /home/bilhr2025/Downloads/BILHR_T5/install/servo_service/include/servo_service/servo_service/msg/detail/set_servo_positions__builder.hpp
[14.881s] -- Symlinking: /home/bilhr2025/Downloads/BILHR_T5/install/servo_service/include/servo_service/servo_service/msg/detail/set_servo_positions__struct.hpp
[14.890s] -- Symlinking: /home/bilhr2025/Downloads/BILHR_T5/install/servo_service/include/servo_service/servo_service/msg/detail/set_servo_positions__traits.hpp
[14.899s] -- Symlinking: /home/bilhr2025/Downloads/BILHR_T5/install/servo_service/include/servo_service/servo_service/msg/detail/set_servo_positions__type_support.hpp
[14.908s] -- Symlinking: /home/bilhr2025/Downloads/BILHR_T5/install/servo_service/include/servo_service/servo_service/msg/get_servo_positions.hpp
[14.917s] -- Symlinking: /home/bilhr2025/Downloads/BILHR_T5/install/servo_service/include/servo_service/servo_service/msg/rosidl_generator_cpp__visibility_control.hpp
[14.926s] -- Symlinking: /home/bilhr2025/Downloads/BILHR_T5/install/servo_service/include/servo_service/servo_service/msg/set_joint_lock.hpp
[14.938s] -- Symlinking: /home/bilhr2025/Downloads/BILHR_T5/install/servo_service/include/servo_service/servo_service/msg/set_posture.hpp
[14.947s] -- Symlinking: /home/bilhr2025/Downloads/BILHR_T5/install/servo_service/include/servo_service/servo_service/msg/set_servo_positions.hpp
[14.957s] -- Symlinking: /home/bilhr2025/Downloads/BILHR_T5/install/servo_service/include/servo_service/servo_service/srv/detail/joint_lock__builder.hpp
[14.966s] -- Symlinking: /home/bilhr2025/Downloads/BILHR_T5/install/servo_service/include/servo_service/servo_service/srv/detail/joint_lock__struct.hpp
[14.976s] -- Symlinking: /home/bilhr2025/Downloads/BILHR_T5/install/servo_service/include/servo_service/servo_service/srv/detail/joint_lock__traits.hpp
[14.985s] -- Symlinking: /home/bilhr2025/Downloads/BILHR_T5/install/servo_service/include/servo_service/servo_service/srv/detail/joint_lock__type_support.hpp
[14.994s] -- Symlinking: /home/bilhr2025/Downloads/BILHR_T5/install/servo_service/include/servo_service/servo_service/srv/detail/joint_position__builder.hpp
[15.003s] -- Symlinking: /home/bilhr2025/Downloads/BILHR_T5/install/servo_service/include/servo_service/servo_service/srv/detail/joint_position__struct.hpp
[15.012s] -- Symlinking: /home/bilhr2025/Downloads/BILHR_T5/install/servo_service/include/servo_service/servo_service/srv/detail/joint_position__traits.hpp
[15.021s] -- Symlinking: /home/bilhr2025/Downloads/BILHR_T5/install/servo_service/include/servo_service/servo_service/srv/detail/joint_position__type_support.hpp
[15.030s] -- Symlinking: /home/bilhr2025/Downloads/BILHR_T5/install/servo_service/include/servo_service/servo_service/srv/detail/joint_range__builder.hpp
[15.039s] -- Symlinking: /home/bilhr2025/Downloads/BILHR_T5/install/servo_service/include/servo_service/servo_service/srv/detail/joint_range__struct.hpp
[15.048s] -- Symlinking: /home/bilhr2025/Downloads/BILHR_T5/install/servo_service/include/servo_service/servo_service/srv/detail/joint_range__traits.hpp
[15.057s] -- Symlinking: /home/bilhr2025/Downloads/BILHR_T5/install/servo_service/include/servo_service/servo_service/srv/detail/joint_range__type_support.hpp
[15.066s] -- Symlinking: /home/bilhr2025/Downloads/BILHR_T5/install/servo_service/include/servo_service/servo_service/srv/detail/servo_deviation__builder.hpp
[15.075s] -- Symlinking: /home/bilhr2025/Downloads/BILHR_T5/install/servo_service/include/servo_service/servo_service/srv/detail/servo_deviation__struct.hpp
[15.084s] -- Symlinking: /home/bilhr2025/Downloads/BILHR_T5/install/servo_service/include/servo_service/servo_service/srv/detail/servo_deviation__traits.hpp
[15.093s] -- Symlinking: /home/bilhr2025/Downloads/BILHR_T5/install/servo_service/include/servo_service/servo_service/srv/detail/servo_deviation__type_support.hpp
[15.102s] -- Symlinking: /home/bilhr2025/Downloads/BILHR_T5/install/servo_service/include/servo_service/servo_service/srv/detail/servo_temp__builder.hpp
[15.111s] -- Symlinking: /home/bilhr2025/Downloads/BILHR_T5/install/servo_service/include/servo_service/servo_service/srv/detail/servo_temp__struct.hpp
[15.120s] -- Symlinking: /home/bilhr2025/Downloads/BILHR_T5/install/servo_service/include/servo_service/servo_service/srv/detail/servo_temp__traits.hpp
[15.129s] -- Symlinking: /home/bilhr2025/Downloads/BILHR_T5/install/servo_service/include/servo_service/servo_service/srv/detail/servo_temp__type_support.hpp
[15.138s] -- Symlinking: /home/bilhr2025/Downloads/BILHR_T5/install/servo_service/include/servo_service/servo_service/srv/detail/servo_voltage__builder.hpp
[15.147s] -- Symlinking: /home/bilhr2025/Downloads/BILHR_T5/install/servo_service/include/servo_service/servo_service/srv/detail/servo_voltage__struct.hpp
[15.156s] -- Symlinking: /home/bilhr2025/Downloads/BILHR_T5/install/servo_service/include/servo_service/servo_service/srv/detail/servo_voltage__traits.hpp
[15.165s] -- Symlinking: /home/bilhr2025/Downloads/BILHR_T5/install/servo_service/include/servo_service/servo_service/srv/detail/servo_voltage__type_support.hpp
[15.175s] -- Symlinking: /home/bilhr2025/Downloads/BILHR_T5/install/servo_service/include/servo_service/servo_service/srv/joint_lock.hpp
[15.184s] -- Symlinking: /home/bilhr2025/Downloads/BILHR_T5/install/servo_service/include/servo_service/servo_service/srv/joint_position.hpp
[15.194s] -- Symlinking: /home/bilhr2025/Downloads/BILHR_T5/install/servo_service/include/servo_service/servo_service/srv/joint_range.hpp
[15.203s] -- Symlinking: /home/bilhr2025/Downloads/BILHR_T5/install/servo_service/include/servo_service/servo_service/srv/servo_deviation.hpp
[15.211s] -- Symlinking: /home/bilhr2025/Downloads/BILHR_T5/install/servo_service/include/servo_service/servo_service/srv/servo_temp.hpp
[15.220s] -- Symlinking: /home/bilhr2025/Downloads/BILHR_T5/install/servo_service/include/servo_service/servo_service/srv/servo_voltage.hpp
[15.230s] -- Symlinking: /home/bilhr2025/Downloads/BILHR_T5/install/servo_service/include/servo_service/servo_service/msg/detail/change_servo_positions__rosidl_typesupport_fastrtps_cpp.hpp
[15.239s] -- Symlinking: /home/bilhr2025/Downloads/BILHR_T5/install/servo_service/include/servo_service/servo_service/msg/detail/get_servo_positions__rosidl_typesupport_fastrtps_cpp.hpp
[15.248s] -- Symlinking: /home/bilhr2025/Downloads/BILHR_T5/install/servo_service/include/servo_service/servo_service/msg/detail/set_joint_lock__rosidl_typesupport_fastrtps_cpp.hpp
[15.258s] -- Symlinking: /home/bilhr2025/Downloads/BILHR_T5/install/servo_service/include/servo_service/servo_service/msg/detail/set_posture__rosidl_typesupport_fastrtps_cpp.hpp
[15.267s] -- Symlinking: /home/bilhr2025/Downloads/BILHR_T5/install/servo_service/include/servo_service/servo_service/msg/detail/set_servo_positions__rosidl_typesupport_fastrtps_cpp.hpp
[15.277s] -- Symlinking: /home/bilhr2025/Downloads/BILHR_T5/install/servo_service/include/servo_service/servo_service/msg/rosidl_typesupport_fastrtps_cpp__visibility_control.h
[15.286s] -- Symlinking: /home/bilhr2025/Downloads/BILHR_T5/install/servo_service/include/servo_service/servo_service/srv/detail/joint_lock__rosidl_typesupport_fastrtps_cpp.hpp
[15.295s] -- Symlinking: /home/bilhr2025/Downloads/BILHR_T5/install/servo_service/include/servo_service/servo_service/srv/detail/joint_position__rosidl_typesupport_fastrtps_cpp.hpp
[15.304s] -- Symlinking: /home/bilhr2025/Downloads/BILHR_T5/install/servo_service/include/servo_service/servo_service/srv/detail/joint_range__rosidl_typesupport_fastrtps_cpp.hpp
[15.313s] -- Symlinking: /home/bilhr2025/Downloads/BILHR_T5/install/servo_service/include/servo_service/servo_service/srv/detail/servo_deviation__rosidl_typesupport_fastrtps_cpp.hpp
[15.322s] -- Symlinking: /home/bilhr2025/Downloads/BILHR_T5/install/servo_service/include/servo_service/servo_service/srv/detail/servo_temp__rosidl_typesupport_fastrtps_cpp.hpp
[15.331s] -- Symlinking: /home/bilhr2025/Downloads/BILHR_T5/install/servo_service/include/servo_service/servo_service/srv/detail/servo_voltage__rosidl_typesupport_fastrtps_cpp.hpp
[15.340s] -- Symlinking: /home/bilhr2025/Downloads/BILHR_T5/install/servo_service/include/servo_service/servo_service/msg/detail/change_servo_positions__rosidl_typesupport_introspection_c.h
[15.349s] -- Symlinking: /home/bilhr2025/Downloads/BILHR_T5/install/servo_service/include/servo_service/servo_service/msg/detail/get_servo_positions__rosidl_typesupport_introspection_c.h
[15.358s] -- Symlinking: /home/bilhr2025/Downloads/BILHR_T5/install/servo_service/include/servo_service/servo_service/msg/detail/set_joint_lock__rosidl_typesupport_introspection_c.h
[15.368s] -- Symlinking: /home/bilhr2025/Downloads/BILHR_T5/install/servo_service/include/servo_service/servo_service/msg/detail/set_posture__rosidl_typesupport_introspection_c.h
[15.377s] -- Symlinking: /home/bilhr2025/Downloads/BILHR_T5/install/servo_service/include/servo_service/servo_service/msg/detail/set_servo_positions__rosidl_typesupport_introspection_c.h
[15.387s] -- Symlinking: /home/bilhr2025/Downloads/BILHR_T5/install/servo_service/include/servo_service/servo_service/msg/rosidl_typesupport_introspection_c__visibility_control.h
[15.396s] -- Symlinking: /home/bilhr2025/Downloads/BILHR_T5/install/servo_service/include/servo_service/servo_service/srv/detail/joint_lock__rosidl_typesupport_introspection_c.h
[15.405s] -- Symlinking: /home/bilhr2025/Downloads/BILHR_T5/install/servo_service/include/servo_service/servo_service/srv/detail/joint_position__rosidl_typesupport_introspection_c.h
[15.414s] -- Symlinking: /home/bilhr2025/Downloads/BILHR_T5/install/servo_service/include/servo_service/servo_service/srv/detail/joint_range__rosidl_typesupport_introspection_c.h
[15.423s] -- Symlinking: /home/bilhr2025/Downloads/BILHR_T5/install/servo_service/include/servo_service/servo_service/srv/detail/servo_deviation__rosidl_typesupport_introspection_c.h
[15.432s] -- Symlinking: /home/bilhr2025/Downloads/BILHR_T5/install/servo_service/include/servo_service/servo_service/srv/detail/servo_temp__rosidl_typesupport_introspection_c.h
[15.442s] -- Symlinking: /home/bilhr2025/Downloads/BILHR_T5/install/servo_service/include/servo_service/servo_service/srv/detail/servo_voltage__rosidl_typesupport_introspection_c.h
[15.452s] -- Symlinking: /home/bilhr2025/Downloads/BILHR_T5/install/servo_service/include/servo_service/servo_service/msg/detail/change_servo_positions__rosidl_typesupport_introspection_cpp.hpp
[15.461s] -- Symlinking: /home/bilhr2025/Downloads/BILHR_T5/install/servo_service/include/servo_service/servo_service/msg/detail/get_servo_positions__rosidl_typesupport_introspection_cpp.hpp
[15.471s] -- Symlinking: /home/bilhr2025/Downloads/BILHR_T5/install/servo_service/include/servo_service/servo_service/msg/detail/set_joint_lock__rosidl_typesupport_introspection_cpp.hpp
[15.480s] -- Symlinking: /home/bilhr2025/Downloads/BILHR_T5/install/servo_service/include/servo_service/servo_service/msg/detail/set_posture__rosidl_typesupport_introspection_cpp.hpp
[15.489s] -- Symlinking: /home/bilhr2025/Downloads/BILHR_T5/install/servo_service/include/servo_service/servo_service/msg/detail/set_servo_positions__rosidl_typesupport_introspection_cpp.hpp
[15.498s] -- Symlinking: /home/bilhr2025/Downloads/BILHR_T5/install/servo_service/include/servo_service/servo_service/srv/detail/joint_lock__rosidl_typesupport_introspection_cpp.hpp
[15.507s] -- Symlinking: /home/bilhr2025/Downloads/BILHR_T5/install/servo_service/include/servo_service/servo_service/srv/detail/joint_position__rosidl_typesupport_introspection_cpp.hpp
[15.516s] -- Symlinking: /home/bilhr2025/Downloads/BILHR_T5/install/servo_service/include/servo_service/servo_service/srv/detail/joint_range__rosidl_typesupport_introspection_cpp.hpp
[15.525s] -- Symlinking: /home/bilhr2025/Downloads/BILHR_T5/install/servo_service/include/servo_service/servo_service/srv/detail/servo_deviation__rosidl_typesupport_introspection_cpp.hpp
[15.534s] -- Symlinking: /home/bilhr2025/Downloads/BILHR_T5/install/servo_service/include/servo_service/servo_service/srv/detail/servo_temp__rosidl_typesupport_introspection_cpp.hpp
[15.543s] -- Symlinking: /home/bilhr2025/Downloads/BILHR_T5/install/servo_service/include/servo_service/servo_service/srv/detail/servo_voltage__rosidl_typesupport_introspection_cpp.hpp
[15.552s] -- Symlinking: /home/bilhr2025/Downloads/BILHR_T5/install/servo_service/share/servo_service/environment/pythonpath.sh
[15.561s] -- Symlinking: /home/bilhr2025/Downloads/BILHR_T5/install/servo_service/share/servo_service/environment/pythonpath.dsv
[15.571s] -- Symlinking: /home/bilhr2025/Downloads/BILHR_T5/install/servo_service/lib/python3.12/site-packages/servo_service-0.0.0-py3.12.egg-info/PKG-INFO
[15.580s] -- Symlinking: /home/bilhr2025/Downloads/BILHR_T5/install/servo_service/lib/python3.12/site-packages/servo_service-0.0.0-py3.12.egg-info/SOURCES.txt
[15.589s] -- Symlinking: /home/bilhr2025/Downloads/BILHR_T5/install/servo_service/lib/python3.12/site-packages/servo_service-0.0.0-py3.12.egg-info/dependency_links.txt
[15.598s] -- Symlinking: /home/bilhr2025/Downloads/BILHR_T5/install/servo_service/lib/python3.12/site-packages/servo_service-0.0.0-py3.12.egg-info/top_level.txt
[15.608s] -- Symlinking: /home/bilhr2025/Downloads/BILHR_T5/install/servo_service/lib/python3.12/site-packages/servo_service/__init__.py
[15.617s] -- Symlinking: /home/bilhr2025/Downloads/BILHR_T5/install/servo_service/lib/python3.12/site-packages/servo_service/_servo_service_s.ep.rosidl_typesupport_c.c
[15.626s] -- Symlinking: /home/bilhr2025/Downloads/BILHR_T5/install/servo_service/lib/python3.12/site-packages/servo_service/_servo_service_s.ep.rosidl_typesupport_fastrtps_c.c
[15.635s] -- Symlinking: /home/bilhr2025/Downloads/BILHR_T5/install/servo_service/lib/python3.12/site-packages/servo_service/_servo_service_s.ep.rosidl_typesupport_introspection_c.c
[15.644s] -- Symlinking: /home/bilhr2025/Downloads/BILHR_T5/install/servo_service/lib/python3.12/site-packages/servo_service/msg/__init__.py
[15.653s] -- Symlinking: /home/bilhr2025/Downloads/BILHR_T5/install/servo_service/lib/python3.12/site-packages/servo_service/msg/_change_servo_positions.py
[15.662s] -- Symlinking: /home/bilhr2025/Downloads/BILHR_T5/install/servo_service/lib/python3.12/site-packages/servo_service/msg/_change_servo_positions_s.c
[15.672s] -- Symlinking: /home/bilhr2025/Downloads/BILHR_T5/install/servo_service/lib/python3.12/site-packages/servo_service/msg/_get_servo_positions.py
[15.681s] -- Symlinking: /home/bilhr2025/Downloads/BILHR_T5/install/servo_service/lib/python3.12/site-packages/servo_service/msg/_get_servo_positions_s.c
[15.690s] -- Symlinking: /home/bilhr2025/Downloads/BILHR_T5/install/servo_service/lib/python3.12/site-packages/servo_service/msg/_set_joint_lock.py
[15.699s] -- Symlinking: /home/bilhr2025/Downloads/BILHR_T5/install/servo_service/lib/python3.12/site-packages/servo_service/msg/_set_joint_lock_s.c
[15.708s] -- Symlinking: /home/bilhr2025/Downloads/BILHR_T5/install/servo_service/lib/python3.12/site-packages/servo_service/msg/_set_posture.py
[15.717s] -- Symlinking: /home/bilhr2025/Downloads/BILHR_T5/install/servo_service/lib/python3.12/site-packages/servo_service/msg/_set_posture_s.c
[15.726s] -- Symlinking: /home/bilhr2025/Downloads/BILHR_T5/install/servo_service/lib/python3.12/site-packages/servo_service/msg/_set_servo_positions.py
[15.735s] -- Symlinking: /home/bilhr2025/Downloads/BILHR_T5/install/servo_service/lib/python3.12/site-packages/servo_service/msg/_set_servo_positions_s.c
[15.744s] -- Symlinking: /home/bilhr2025/Downloads/BILHR_T5/install/servo_service/lib/python3.12/site-packages/servo_service/servo_service_s__rosidl_typesupport_c.so
[15.753s] -- Symlinking: /home/bilhr2025/Downloads/BILHR_T5/install/servo_service/lib/python3.12/site-packages/servo_service/servo_service_s__rosidl_typesupport_fastrtps_c.so
[15.762s] -- Symlinking: /home/bilhr2025/Downloads/BILHR_T5/install/servo_service/lib/python3.12/site-packages/servo_service/servo_service_s__rosidl_typesupport_introspection_c.so
[15.772s] -- Symlinking: /home/bilhr2025/Downloads/BILHR_T5/install/servo_service/lib/python3.12/site-packages/servo_service/srv/__init__.py
[15.781s] -- Symlinking: /home/bilhr2025/Downloads/BILHR_T5/install/servo_service/lib/python3.12/site-packages/servo_service/srv/_joint_lock.py
[15.790s] -- Symlinking: /home/bilhr2025/Downloads/BILHR_T5/install/servo_service/lib/python3.12/site-packages/servo_service/srv/_joint_lock_s.c
[15.799s] -- Symlinking: /home/bilhr2025/Downloads/BILHR_T5/install/servo_service/lib/python3.12/site-packages/servo_service/srv/_joint_position.py
[15.808s] -- Symlinking: /home/bilhr2025/Downloads/BILHR_T5/install/servo_service/lib/python3.12/site-packages/servo_service/srv/_joint_position_s.c
[15.817s] -- Symlinking: /home/bilhr2025/Downloads/BILHR_T5/install/servo_service/lib/python3.12/site-packages/servo_service/srv/_joint_range.py
[15.826s] -- Symlinking: /home/bilhr2025/Downloads/BILHR_T5/install/servo_service/lib/python3.12/site-packages/servo_service/srv/_joint_range_s.c
[15.835s] -- Symlinking: /home/bilhr2025/Downloads/BILHR_T5/install/servo_service/lib/python3.12/site-packages/servo_service/srv/_servo_deviation.py
[15.844s] -- Symlinking: /home/bilhr2025/Downloads/BILHR_T5/install/servo_service/lib/python3.12/site-packages/servo_service/srv/_servo_deviation_s.c
[15.853s] -- Symlinking: /home/bilhr2025/Downloads/BILHR_T5/install/servo_service/lib/python3.12/site-packages/servo_service/srv/_servo_temp.py
[15.862s] -- Symlinking: /home/bilhr2025/Downloads/BILHR_T5/install/servo_service/lib/python3.12/site-packages/servo_service/srv/_servo_temp_s.c
[15.872s] -- Symlinking: /home/bilhr2025/Downloads/BILHR_T5/install/servo_service/lib/python3.12/site-packages/servo_service/srv/_servo_voltage.py
[15.881s] -- Symlinking: /home/bilhr2025/Downloads/BILHR_T5/install/servo_service/lib/python3.12/site-packages/servo_service/srv/_servo_voltage_s.c
[15.890s] -- Up-to-date symlink: /home/bilhr2025/Downloads/BILHR_T5/install/servo_service/lib/python3.12/site-packages/servo_service/servo_service_s__rosidl_typesupport_fastrtps_c.so
[15.890s] -- Up-to-date symlink: /home/bilhr2025/Downloads/BILHR_T5/install/servo_service/lib/python3.12/site-packages/servo_service/servo_service_s__rosidl_typesupport_introspection_c.so
[15.891s] -- Up-to-date symlink: /home/bilhr2025/Downloads/BILHR_T5/install/servo_service/lib/python3.12/site-packages/servo_service/servo_service_s__rosidl_typesupport_c.so
[15.891s] -- Symlinking: /home/bilhr2025/Downloads/BILHR_T5/install/servo_service/share/servo_service/msg/ChangeServoPositions.idl
[15.900s] -- Symlinking: /home/bilhr2025/Downloads/BILHR_T5/install/servo_service/share/servo_service/msg/SetServoPositions.idl
[15.909s] -- Symlinking: /home/bilhr2025/Downloads/BILHR_T5/install/servo_service/share/servo_service/msg/SetJointLock.idl
[15.918s] -- Symlinking: /home/bilhr2025/Downloads/BILHR_T5/install/servo_service/share/servo_service/msg/GetServoPositions.idl
[15.927s] -- Symlinking: /home/bilhr2025/Downloads/BILHR_T5/install/servo_service/share/servo_service/msg/SetPosture.idl
[15.937s] -- Symlinking: /home/bilhr2025/Downloads/BILHR_T5/install/servo_service/share/servo_service/srv/JointLock.idl
[15.947s] -- Symlinking: /home/bilhr2025/Downloads/BILHR_T5/install/servo_service/share/servo_service/srv/ServoTemp.idl
[15.956s] -- Symlinking: /home/bilhr2025/Downloads/BILHR_T5/install/servo_service/share/servo_service/srv/ServoDeviation.idl
[15.965s] -- Symlinking: /home/bilhr2025/Downloads/BILHR_T5/install/servo_service/share/servo_service/srv/ServoVoltage.idl
[15.975s] -- Symlinking: /home/bilhr2025/Downloads/BILHR_T5/install/servo_service/share/servo_service/srv/JointPosition.idl
[15.984s] -- Symlinking: /home/bilhr2025/Downloads/BILHR_T5/install/servo_service/share/servo_service/srv/JointRange.idl
[15.993s] -- Symlinking: /home/bilhr2025/Downloads/BILHR_T5/install/servo_service/share/servo_service/msg/ChangeServoPositions.msg
[16.002s] -- Symlinking: /home/bilhr2025/Downloads/BILHR_T5/install/servo_service/share/servo_service/msg/SetServoPositions.msg
[16.011s] -- Symlinking: /home/bilhr2025/Downloads/BILHR_T5/install/servo_service/share/servo_service/msg/SetJointLock.msg
[16.020s] -- Symlinking: /home/bilhr2025/Downloads/BILHR_T5/install/servo_service/share/servo_service/msg/GetServoPositions.msg
[16.029s] -- Symlinking: /home/bilhr2025/Downloads/BILHR_T5/install/servo_service/share/servo_service/msg/SetPosture.msg
[16.038s] -- Symlinking: /home/bilhr2025/Downloads/BILHR_T5/install/servo_service/share/servo_service/srv/JointLock.srv
[16.047s] -- Symlinking: /home/bilhr2025/Downloads/BILHR_T5/install/servo_service/share/servo_service/srv/ServoTemp.srv
[16.056s] -- Symlinking: /home/bilhr2025/Downloads/BILHR_T5/install/servo_service/share/servo_service/srv/ServoDeviation.srv
[16.065s] -- Symlinking: /home/bilhr2025/Downloads/BILHR_T5/install/servo_service/share/servo_service/srv/ServoVoltage.srv
[16.075s] -- Symlinking: /home/bilhr2025/Downloads/BILHR_T5/install/servo_service/share/servo_service/srv/JointPosition.srv
[16.084s] -- Symlinking: /home/bilhr2025/Downloads/BILHR_T5/install/servo_service/share/servo_service/srv/JointRange.srv
[16.093s] -- Symlinking: /home/bilhr2025/Downloads/BILHR_T5/install/servo_service/share/ament_index/resource_index/package_run_dependencies/servo_service
[16.102s] -- Symlinking: /home/bilhr2025/Downloads/BILHR_T5/install/servo_service/share/ament_index/resource_index/parent_prefix_path/servo_service
[16.111s] -- Symlinking: /home/bilhr2025/Downloads/BILHR_T5/install/servo_service/share/servo_service/environment/ament_prefix_path.sh
[16.120s] -- Symlinking: /home/bilhr2025/Downloads/BILHR_T5/install/servo_service/share/servo_service/environment/ament_prefix_path.dsv
[16.129s] -- Symlinking: /home/bilhr2025/Downloads/BILHR_T5/install/servo_service/share/servo_service/environment/path.sh
[16.138s] -- Symlinking: /home/bilhr2025/Downloads/BILHR_T5/install/servo_service/share/servo_service/environment/path.dsv
[16.147s] -- Symlinking: /home/bilhr2025/Downloads/BILHR_T5/install/servo_service/share/servo_service/local_setup.bash
[16.156s] -- Symlinking: /home/bilhr2025/Downloads/BILHR_T5/install/servo_service/share/servo_service/local_setup.sh
[16.166s] -- Symlinking: /home/bilhr2025/Downloads/BILHR_T5/install/servo_service/share/servo_service/local_setup.zsh
[16.175s] -- Symlinking: /home/bilhr2025/Downloads/BILHR_T5/install/servo_service/share/servo_service/local_setup.dsv
[16.185s] -- Symlinking: /home/bilhr2025/Downloads/BILHR_T5/install/servo_service/share/servo_service/package.dsv
[16.195s] -- Symlinking: /home/bilhr2025/Downloads/BILHR_T5/install/servo_service/share/ament_index/resource_index/packages/servo_service
[16.204s] -- Symlinking: /home/bilhr2025/Downloads/BILHR_T5/install/servo_service/share/servo_service/cmake/rosidl_cmake-extras.cmake
[16.213s] -- Symlinking: /home/bilhr2025/Downloads/BILHR_T5/install/servo_service/share/servo_service/cmake/ament_cmake_export_dependencies-extras.cmake
[16.222s] -- Symlinking: /home/bilhr2025/Downloads/BILHR_T5/install/servo_service/share/servo_service/cmake/ament_cmake_export_include_directories-extras.cmake
[16.231s] -- Symlinking: /home/bilhr2025/Downloads/BILHR_T5/install/servo_service/share/servo_service/cmake/ament_cmake_export_libraries-extras.cmake
[16.240s] -- Symlinking: /home/bilhr2025/Downloads/BILHR_T5/install/servo_service/share/servo_service/cmake/ament_cmake_export_targets-extras.cmake
[16.249s] -- Symlinking: /home/bilhr2025/Downloads/BILHR_T5/install/servo_service/share/servo_service/cmake/rosidl_cmake_export_typesupport_targets-extras.cmake
[16.258s] -- Symlinking: /home/bilhr2025/Downloads/BILHR_T5/install/servo_service/share/servo_service/cmake/rosidl_cmake_export_typesupport_libraries-extras.cmake
[16.267s] -- Symlinking: /home/bilhr2025/Downloads/BILHR_T5/install/servo_service/share/servo_service/cmake/servo_serviceConfig.cmake
[16.277s] -- Symlinking: /home/bilhr2025/Downloads/BILHR_T5/install/servo_service/share/servo_service/cmake/servo_serviceConfig-version.cmake
[16.286s] -- Symlinking: /home/bilhr2025/Downloads/BILHR_T5/install/servo_service/share/servo_service/package.xml
[16.295s] -- Installing: /home/bilhr2025/Downloads/BILHR_T5/install/servo_service/lib/libservo_service__rosidl_generator_c.so
[16.296s] -- Set non-toolchain portion of runtime path of "/home/bilhr2025/Downloads/BILHR_T5/install/servo_service/lib/libservo_service__rosidl_generator_c.so" to ""
[16.296s] -- Installing: /home/bilhr2025/Downloads/BILHR_T5/install/servo_service/lib/libservo_service__rosidl_typesupport_fastrtps_c.so
[16.297s] -- Set non-toolchain portion of runtime path of "/home/bilhr2025/Downloads/BILHR_T5/install/servo_service/lib/libservo_service__rosidl_typesupport_fastrtps_c.so" to ""
[16.297s] -- Installing: /home/bilhr2025/Downloads/BILHR_T5/install/servo_service/lib/libservo_service__rosidl_typesupport_fastrtps_cpp.so
[16.298s] -- Set non-toolchain portion of runtime path of "/home/bilhr2025/Downloads/BILHR_T5/install/servo_service/lib/libservo_service__rosidl_typesupport_fastrtps_cpp.so" to ""
[16.298s] -- Installing: /home/bilhr2025/Downloads/BILHR_T5/install/servo_service/lib/libservo_service__rosidl_typesupport_introspection_c.so
[16.299s] -- Set non-toolchain portion of runtime path of "/home/bilhr2025/Downloads/BILHR_T5/install/servo_service/lib/libservo_service__rosidl_typesupport_introspection_c.so" to ""
[16.299s] -- Installing: /home/bilhr2025/Downloads/BILHR_T5/install/servo_service/lib/libservo_service__rosidl_typesupport_c.so
[16.299s] -- Set non-toolchain portion of runtime path of "/home/bilhr2025/Downloads/BILHR_T5/install/servo_service/lib/libservo_service__rosidl_typesupport_c.so" to ""
[16.300s] -- Installing: /home/bilhr2025/Downloads/BILHR_T5/install/servo_service/lib/libservo_service__rosidl_typesupport_introspection_cpp.so
[16.301s] -- Set non-toolchain portion of runtime path of "/home/bilhr2025/Downloads/BILHR_T5/install/servo_service/lib/libservo_service__rosidl_typesupport_introspection_cpp.so" to ""
[16.301s] -- Installing: /home/bilhr2025/Downloads/BILHR_T5/install/servo_service/lib/libservo_service__rosidl_typesupport_cpp.so
[16.302s] -- Set non-toolchain portion of runtime path of "/home/bilhr2025/Downloads/BILHR_T5/install/servo_service/lib/libservo_service__rosidl_typesupport_cpp.so" to ""
[16.377s] Listing '/home/bilhr2025/Downloads/BILHR_T5/install/servo_service/lib/python3.12/site-packages/servo_service'...
[16.378s] Compiling '/home/bilhr2025/Downloads/BILHR_T5/install/servo_service/lib/python3.12/site-packages/servo_service/__init__.py'...
[16.378s] Listing '/home/bilhr2025/Downloads/BILHR_T5/install/servo_service/lib/python3.12/site-packages/servo_service/msg'...
[16.378s] Compiling '/home/bilhr2025/Downloads/BILHR_T5/install/servo_service/lib/python3.12/site-packages/servo_service/msg/__init__.py'...
[16.378s] Compiling '/home/bilhr2025/Downloads/BILHR_T5/install/servo_service/lib/python3.12/site-packages/servo_service/msg/_change_servo_positions.py'...
[16.378s] Compiling '/home/bilhr2025/Downloads/BILHR_T5/install/servo_service/lib/python3.12/site-packages/servo_service/msg/_get_servo_positions.py'...
[16.378s] Compiling '/home/bilhr2025/Downloads/BILHR_T5/install/servo_service/lib/python3.12/site-packages/servo_service/msg/_set_joint_lock.py'...
[16.378s] Compiling '/home/bilhr2025/Downloads/BILHR_T5/install/servo_service/lib/python3.12/site-packages/servo_service/msg/_set_posture.py'...
[16.378s] Compiling '/home/bilhr2025/Downloads/BILHR_T5/install/servo_service/lib/python3.12/site-packages/servo_service/msg/_set_servo_positions.py'...
[16.378s] Listing '/home/bilhr2025/Downloads/BILHR_T5/install/servo_service/lib/python3.12/site-packages/servo_service/srv'...
[16.378s] Compiling '/home/bilhr2025/Downloads/BILHR_T5/install/servo_service/lib/python3.12/site-packages/servo_service/srv/__init__.py'...
[16.378s] Compiling '/home/bilhr2025/Downloads/BILHR_T5/install/servo_service/lib/python3.12/site-packages/servo_service/srv/_joint_lock.py'...
[16.378s] Compiling '/home/bilhr2025/Downloads/BILHR_T5/install/servo_service/lib/python3.12/site-packages/servo_service/srv/_joint_position.py'...
[16.378s] Compiling '/home/bilhr2025/Downloads/BILHR_T5/install/servo_service/lib/python3.12/site-packages/servo_service/srv/_joint_range.py'...
[16.378s] Compiling '/home/bilhr2025/Downloads/BILHR_T5/install/servo_service/lib/python3.12/site-packages/servo_service/srv/_servo_deviation.py'...
[16.378s] Compiling '/home/bilhr2025/Downloads/BILHR_T5/install/servo_service/lib/python3.12/site-packages/servo_service/srv/_servo_temp.py'...
[16.378s] Compiling '/home/bilhr2025/Downloads/BILHR_T5/install/servo_service/lib/python3.12/site-packages/servo_service/srv/_servo_voltage.py'...
[16.383s] -- Installing: /home/bilhr2025/Downloads/BILHR_T5/install/servo_service/lib/libservo_service__rosidl_generator_py.so
[16.384s] -- Set non-toolchain portion of runtime path of "/home/bilhr2025/Downloads/BILHR_T5/install/servo_service/lib/libservo_service__rosidl_generator_py.so" to ""
[16.384s] -- Installing: /home/bilhr2025/Downloads/BILHR_T5/install/servo_service/share/servo_service/cmake/export_servo_service__rosidl_generator_cExport.cmake
[16.384s] -- Installing: /home/bilhr2025/Downloads/BILHR_T5/install/servo_service/share/servo_service/cmake/export_servo_service__rosidl_generator_cExport-noconfig.cmake
[16.384s] -- Installing: /home/bilhr2025/Downloads/BILHR_T5/install/servo_service/share/servo_service/cmake/export_servo_service__rosidl_typesupport_fastrtps_cExport.cmake
[16.384s] -- Installing: /home/bilhr2025/Downloads/BILHR_T5/install/servo_service/share/servo_service/cmake/export_servo_service__rosidl_typesupport_fastrtps_cExport-noconfig.cmake
[16.384s] -- Installing: /home/bilhr2025/Downloads/BILHR_T5/install/servo_service/share/servo_service/cmake/export_servo_service__rosidl_generator_cppExport.cmake
[16.385s] -- Installing: /home/bilhr2025/Downloads/BILHR_T5/install/servo_service/share/servo_service/cmake/export_servo_service__rosidl_typesupport_fastrtps_cppExport.cmake
[16.385s] -- Installing: /home/bilhr2025/Downloads/BILHR_T5/install/servo_service/share/servo_service/cmake/export_servo_service__rosidl_typesupport_fastrtps_cppExport-noconfig.cmake
[16.385s] -- Installing: /home/bilhr2025/Downloads/BILHR_T5/install/servo_service/share/servo_service/cmake/servo_service__rosidl_typesupport_introspection_cExport.cmake
[16.385s] -- Installing: /home/bilhr2025/Downloads/BILHR_T5/install/servo_service/share/servo_service/cmake/servo_service__rosidl_typesupport_introspection_cExport-noconfig.cmake
[16.386s] -- Installing: /home/bilhr2025/Downloads/BILHR_T5/install/servo_service/share/servo_service/cmake/servo_service__rosidl_typesupport_cExport.cmake
[16.386s] -- Installing: /home/bilhr2025/Downloads/BILHR_T5/install/servo_service/share/servo_service/cmake/servo_service__rosidl_typesupport_cExport-noconfig.cmake
[16.386s] -- Installing: /home/bilhr2025/Downloads/BILHR_T5/install/servo_service/share/servo_service/cmake/servo_service__rosidl_typesupport_introspection_cppExport.cmake
[16.386s] -- Installing: /home/bilhr2025/Downloads/BILHR_T5/install/servo_service/share/servo_service/cmake/servo_service__rosidl_typesupport_introspection_cppExport-noconfig.cmake
[16.386s] -- Installing: /home/bilhr2025/Downloads/BILHR_T5/install/servo_service/share/servo_service/cmake/servo_service__rosidl_typesupport_cppExport.cmake
[16.387s] -- Installing: /home/bilhr2025/Downloads/BILHR_T5/install/servo_service/share/servo_service/cmake/servo_service__rosidl_typesupport_cppExport-noconfig.cmake
[16.387s] -- Installing: /home/bilhr2025/Downloads/BILHR_T5/install/servo_service/share/servo_service/cmake/export_servo_service__rosidl_generator_pyExport.cmake
[16.387s] -- Installing: /home/bilhr2025/Downloads/BILHR_T5/install/servo_service/share/servo_service/cmake/export_servo_service__rosidl_generator_pyExport-noconfig.cmake
[16.390s] Invoked command in '/home/bilhr2025/Downloads/BILHR_T5/build/servo_service' returned '0': CMAKE_PREFIX_PATH=${CMAKE_PREFIX_PATH}:/opt/ros/jazzy DEBUGINFOD_URLS=https://debuginfod.ubuntu.com /usr/bin/cmake --install /home/bilhr2025/Downloads/BILHR_T5/build/servo_service
