running develop
running egg_info
creating ainex_neural_control.egg-info
writing ainex_neural_control.egg-info/PKG-INFO
writing dependency_links to ainex_neural_control.egg-info/dependency_links.txt
writing entry points to ainex_neural_control.egg-info/entry_points.txt
writing requirements to ainex_neural_control.egg-info/requires.txt
writing top-level names to ainex_neural_control.egg-info/top_level.txt
writing manifest file 'ainex_neural_control.egg-info/SOURCES.txt'
reading manifest file 'ainex_neural_control.egg-info/SOURCES.txt'
writing manifest file 'ainex_neural_control.egg-info/SOURCES.txt'
running build_ext
Creating /home/bilhr2025/Downloads/template_tB/ainex_bilhr_ws/src/install/ainex_neural_control/lib/python3.12/site-packages/ainex-neural-control.egg-link (link to .)
Installing robot_cmac_controller script to /home/bilhr2025/Downloads/template_tB/ainex_bilhr_ws/src/install/ainex_neural_control/lib/ainex_neural_control
Installing robot_neural_controller script to /home/bilhr2025/Downloads/template_tB/ainex_bilhr_ws/src/install/ainex_neural_control/lib/ainex_neural_control

Installed /home/bilhr2025/Downloads/template_tB/ainex_bilhr_ws/src/build/ainex_neural_control
running symlink_data
creating /home/bilhr2025/Downloads/template_tB/ainex_bilhr_ws/src/install/ainex_neural_control/share/ament_index
creating /home/bilhr2025/Downloads/template_tB/ainex_bilhr_ws/src/install/ainex_neural_control/share/ament_index/resource_index
creating /home/bilhr2025/Downloads/template_tB/ainex_bilhr_ws/src/install/ainex_neural_control/share/ament_index/resource_index/packages
symbolically linking /home/bilhr2025/Downloads/template_tB/ainex_bilhr_ws/src/build/ainex_neural_control/resource/ainex_neural_control -> /home/bilhr2025/Downloads/template_tB/ainex_bilhr_ws/src/install/ainex_neural_control/share/ament_index/resource_index/packages
symbolically linking /home/bilhr2025/Downloads/template_tB/ainex_bilhr_ws/src/build/ainex_neural_control/package.xml -> /home/bilhr2025/Downloads/template_tB/ainex_bilhr_ws/src/install/ainex_neural_control/share/ainex_neural_control
