/home/bilhr2025/Downloads/template_tB/ainex_bilhr_ws/src/install/ainex_motion/lib/python3.12/site-packages/ainex_motion/joint_visualization_node.py
/home/bilhr2025/Downloads/template_tB/ainex_bilhr_ws/src/install/ainex_motion/lib/python3.12/site-packages/ainex_motion/ainex_motion_node.py
/home/bilhr2025/Downloads/template_tB/ainex_bilhr_ws/src/install/ainex_motion/lib/python3.12/site-packages/ainex_motion/joint_controller.py
/home/bilhr2025/Downloads/template_tB/ainex_bilhr_ws/src/install/ainex_motion/lib/python3.12/site-packages/ainex_motion/__init__.py
/home/bilhr2025/Downloads/template_tB/ainex_bilhr_ws/src/install/ainex_motion/lib/python3.12/site-packages/ainex_motion/keyboard_input_node.py
/home/bilhr2025/Downloads/template_tB/ainex_bilhr_ws/src/install/ainex_motion/lib/python3.12/site-packages/ainex_motion/__pycache__/joint_visualization_node.cpython-312.pyc
/home/bilhr2025/Downloads/template_tB/ainex_bilhr_ws/src/install/ainex_motion/lib/python3.12/site-packages/ainex_motion/__pycache__/ainex_motion_node.cpython-312.pyc
/home/bilhr2025/Downloads/template_tB/ainex_bilhr_ws/src/install/ainex_motion/lib/python3.12/site-packages/ainex_motion/__pycache__/joint_controller.cpython-312.pyc
/home/bilhr2025/Downloads/template_tB/ainex_bilhr_ws/src/install/ainex_motion/lib/python3.12/site-packages/ainex_motion/__pycache__/__init__.cpython-312.pyc
/home/bilhr2025/Downloads/template_tB/ainex_bilhr_ws/src/install/ainex_motion/lib/python3.12/site-packages/ainex_motion/__pycache__/keyboard_input_node.cpython-312.pyc
/home/bilhr2025/Downloads/template_tB/ainex_bilhr_ws/src/install/ainex_motion/share/ament_index/resource_index/packages/ainex_motion
/home/bilhr2025/Downloads/template_tB/ainex_bilhr_ws/src/install/ainex_motion/share/ainex_motion/package.xml
/home/bilhr2025/Downloads/template_tB/ainex_bilhr_ws/src/install/ainex_motion/lib/python3.12/site-packages/ainex_motion-0.0.0-py3.12.egg-info/dependency_links.txt
/home/bilhr2025/Downloads/template_tB/ainex_bilhr_ws/src/install/ainex_motion/lib/python3.12/site-packages/ainex_motion-0.0.0-py3.12.egg-info/PKG-INFO
/home/bilhr2025/Downloads/template_tB/ainex_bilhr_ws/src/install/ainex_motion/lib/python3.12/site-packages/ainex_motion-0.0.0-py3.12.egg-info/requires.txt
/home/bilhr2025/Downloads/template_tB/ainex_bilhr_ws/src/install/ainex_motion/lib/python3.12/site-packages/ainex_motion-0.0.0-py3.12.egg-info/zip-safe
/home/bilhr2025/Downloads/template_tB/ainex_bilhr_ws/src/install/ainex_motion/lib/python3.12/site-packages/ainex_motion-0.0.0-py3.12.egg-info/entry_points.txt
/home/bilhr2025/Downloads/template_tB/ainex_bilhr_ws/src/install/ainex_motion/lib/python3.12/site-packages/ainex_motion-0.0.0-py3.12.egg-info/SOURCES.txt
/home/bilhr2025/Downloads/template_tB/ainex_bilhr_ws/src/install/ainex_motion/lib/python3.12/site-packages/ainex_motion-0.0.0-py3.12.egg-info/top_level.txt
/home/bilhr2025/Downloads/template_tB/ainex_bilhr_ws/src/install/ainex_motion/lib/ainex_motion/ainex_motion_node
/home/bilhr2025/Downloads/template_tB/ainex_bilhr_ws/src/install/ainex_motion/lib/ainex_motion/joint_controller
/home/bilhr2025/Downloads/template_tB/ainex_bilhr_ws/src/install/ainex_motion/lib/ainex_motion/joint_visualization_node
/home/bilhr2025/Downloads/template_tB/ainex_bilhr_ws/src/install/ainex_motion/lib/ainex_motion/keyboard_input_node
