[0.104s] DEBUG:colcon:Command line arguments: ['/usr/bin/colcon', 'build', '--symlink-install']
[0.104s] DEBUG:colcon:Parsed command line arguments: Namespace(log_base=None, log_level=None, verb_name='build', build_base='build', install_base='install', merge_install=False, symlink_install=True, test_result_base=None, continue_on_error=False, executor='parallel', parallel_workers=8, event_handlers=None, ignore_user_meta=False, metas=['./colcon.meta'], base_paths=['.'], packages_ignore=None, packages_ignore_regex=None, paths=None, packages_up_to=None, packages_up_to_regex=None, packages_above=None, packages_above_and_dependencies=None, packages_above_depth=None, packages_select_by_dep=None, packages_skip_by_dep=None, packages_skip_up_to=None, packages_select_build_failed=False, packages_skip_build_finished=False, packages_select_test_failures=False, packages_skip_test_passed=False, packages_select=None, packages_skip=None, packages_select_regex=None, packages_skip_regex=None, packages_start=None, packages_end=None, allow_overriding=[], cmake_args=None, cmake_target=None, cmake_target_skip_unavailable=False, cmake_clean_cache=False, cmake_clean_first=False, cmake_force_configure=False, ament_cmake_args=None, catkin_cmake_args=None, catkin_skip_building_tests=False, mixin_files=None, mixin=None, verb_parser=<colcon_mixin.mixin.mixin_argument.MixinArgumentDecorator object at 0x7ea0d81fdee0>, verb_extension=<colcon_core.verb.build.BuildVerb object at 0x7ea0d707c5c0>, main=<bound method BuildVerb.main of <colcon_core.verb.build.BuildVerb object at 0x7ea0d707c5c0>>, mixin_verb=('build',))
[0.141s] Level 1:colcon.colcon_core.package_discovery:discover_packages(colcon_meta) check parameters
[0.141s] Level 1:colcon.colcon_core.package_discovery:discover_packages(recursive) check parameters
[0.141s] Level 1:colcon.colcon_core.package_discovery:discover_packages(ignore) check parameters
[0.141s] Level 1:colcon.colcon_core.package_discovery:discover_packages(path) check parameters
[0.141s] Level 1:colcon.colcon_core.package_discovery:discover_packages(colcon_meta) discover
[0.141s] Level 1:colcon.colcon_core.package_discovery:discover_packages(recursive) discover
[0.141s] INFO:colcon.colcon_core.package_discovery:Crawling recursively for packages in '/home/bilhr2025/Downloads/BILHR_T5'
[0.141s] Level 1:colcon.colcon_core.package_identification:_identify(.) by extensions ['ignore', 'ignore_ament_install']
[0.141s] Level 1:colcon.colcon_core.package_identification:_identify(.) by extension 'ignore'
[0.141s] Level 1:colcon.colcon_core.package_identification:_identify(.) by extension 'ignore_ament_install'
[0.141s] Level 1:colcon.colcon_core.package_identification:_identify(.) by extensions ['colcon_pkg']
[0.141s] Level 1:colcon.colcon_core.package_identification:_identify(.) by extension 'colcon_pkg'
[0.141s] Level 1:colcon.colcon_core.package_identification:_identify(.) by extensions ['colcon_meta']
[0.141s] Level 1:colcon.colcon_core.package_identification:_identify(.) by extension 'colcon_meta'
[0.142s] Level 1:colcon.colcon_core.package_identification:_identify(.) by extensions ['ros']
[0.142s] Level 1:colcon.colcon_core.package_identification:_identify(.) by extension 'ros'
[0.164s] Level 1:colcon.colcon_core.package_identification:_identify(.) by extensions ['cmake', 'python']
[0.165s] Level 1:colcon.colcon_core.package_identification:_identify(.) by extension 'cmake'
[0.165s] Level 1:colcon.colcon_core.package_identification:_identify(.) by extension 'python'
[0.165s] Level 1:colcon.colcon_core.package_identification:_identify(.) by extensions ['python_setup_py']
[0.165s] Level 1:colcon.colcon_core.package_identification:_identify(.) by extension 'python_setup_py'
[0.165s] Level 1:colcon.colcon_core.package_identification:_identify(build) by extensions ['ignore', 'ignore_ament_install']
[0.165s] Level 1:colcon.colcon_core.package_identification:_identify(build) by extension 'ignore'
[0.165s] Level 1:colcon.colcon_core.package_identification:_identify(build) ignored
[0.165s] Level 1:colcon.colcon_core.package_identification:_identify(install) by extensions ['ignore', 'ignore_ament_install']
[0.165s] Level 1:colcon.colcon_core.package_identification:_identify(install) by extension 'ignore'
[0.165s] Level 1:colcon.colcon_core.package_identification:_identify(install) ignored
[0.165s] Level 1:colcon.colcon_core.package_identification:_identify(log) by extensions ['ignore', 'ignore_ament_install']
[0.165s] Level 1:colcon.colcon_core.package_identification:_identify(log) by extension 'ignore'
[0.165s] Level 1:colcon.colcon_core.package_identification:_identify(log) ignored
[0.165s] Level 1:colcon.colcon_core.package_identification:_identify(src) by extensions ['ignore', 'ignore_ament_install']
[0.165s] Level 1:colcon.colcon_core.package_identification:_identify(src) by extension 'ignore'
[0.166s] Level 1:colcon.colcon_core.package_identification:_identify(src) by extension 'ignore_ament_install'
[0.166s] Level 1:colcon.colcon_core.package_identification:_identify(src) by extensions ['colcon_pkg']
[0.166s] Level 1:colcon.colcon_core.package_identification:_identify(src) by extension 'colcon_pkg'
[0.166s] Level 1:colcon.colcon_core.package_identification:_identify(src) by extensions ['colcon_meta']
[0.166s] Level 1:colcon.colcon_core.package_identification:_identify(src) by extension 'colcon_meta'
[0.166s] Level 1:colcon.colcon_core.package_identification:_identify(src) by extensions ['ros']
[0.166s] Level 1:colcon.colcon_core.package_identification:_identify(src) by extension 'ros'
[0.166s] Level 1:colcon.colcon_core.package_identification:_identify(src) by extensions ['cmake', 'python']
[0.166s] Level 1:colcon.colcon_core.package_identification:_identify(src) by extension 'cmake'
[0.166s] Level 1:colcon.colcon_core.package_identification:_identify(src) by extension 'python'
[0.166s] Level 1:colcon.colcon_core.package_identification:_identify(src) by extensions ['python_setup_py']
[0.166s] Level 1:colcon.colcon_core.package_identification:_identify(src) by extension 'python_setup_py'
[0.166s] Level 1:colcon.colcon_core.package_identification:_identify(src/ainex_motion) by extensions ['ignore', 'ignore_ament_install']
[0.166s] Level 1:colcon.colcon_core.package_identification:_identify(src/ainex_motion) by extension 'ignore'
[0.166s] Level 1:colcon.colcon_core.package_identification:_identify(src/ainex_motion) by extension 'ignore_ament_install'
[0.166s] Level 1:colcon.colcon_core.package_identification:_identify(src/ainex_motion) by extensions ['colcon_pkg']
[0.166s] Level 1:colcon.colcon_core.package_identification:_identify(src/ainex_motion) by extension 'colcon_pkg'
[0.166s] Level 1:colcon.colcon_core.package_identification:_identify(src/ainex_motion) by extensions ['colcon_meta']
[0.166s] Level 1:colcon.colcon_core.package_identification:_identify(src/ainex_motion) by extension 'colcon_meta'
[0.166s] Level 1:colcon.colcon_core.package_identification:_identify(src/ainex_motion) by extensions ['ros']
[0.166s] Level 1:colcon.colcon_core.package_identification:_identify(src/ainex_motion) by extension 'ros'
[0.168s] DEBUG:colcon.colcon_core.package_identification:Package 'src/ainex_motion' with type 'ros.ament_python' and name 'ainex_motion'
[0.169s] Level 1:colcon.colcon_core.package_identification:_identify(src/ainex_neural_control) by extensions ['ignore', 'ignore_ament_install']
[0.169s] Level 1:colcon.colcon_core.package_identification:_identify(src/ainex_neural_control) by extension 'ignore'
[0.169s] Level 1:colcon.colcon_core.package_identification:_identify(src/ainex_neural_control) by extension 'ignore_ament_install'
[0.169s] Level 1:colcon.colcon_core.package_identification:_identify(src/ainex_neural_control) by extensions ['colcon_pkg']
[0.169s] Level 1:colcon.colcon_core.package_identification:_identify(src/ainex_neural_control) by extension 'colcon_pkg'
[0.169s] Level 1:colcon.colcon_core.package_identification:_identify(src/ainex_neural_control) by extensions ['colcon_meta']
[0.169s] Level 1:colcon.colcon_core.package_identification:_identify(src/ainex_neural_control) by extension 'colcon_meta'
[0.169s] Level 1:colcon.colcon_core.package_identification:_identify(src/ainex_neural_control) by extensions ['ros']
[0.169s] Level 1:colcon.colcon_core.package_identification:_identify(src/ainex_neural_control) by extension 'ros'
[0.170s] DEBUG:colcon.colcon_core.package_identification:Package 'src/ainex_neural_control' with type 'ros.ament_python' and name 'ainex_neural_control'
[0.170s] Level 1:colcon.colcon_core.package_identification:_identify(src/ainex_vision) by extensions ['ignore', 'ignore_ament_install']
[0.170s] Level 1:colcon.colcon_core.package_identification:_identify(src/ainex_vision) by extension 'ignore'
[0.170s] Level 1:colcon.colcon_core.package_identification:_identify(src/ainex_vision) by extension 'ignore_ament_install'
[0.170s] Level 1:colcon.colcon_core.package_identification:_identify(src/ainex_vision) by extensions ['colcon_pkg']
[0.170s] Level 1:colcon.colcon_core.package_identification:_identify(src/ainex_vision) by extension 'colcon_pkg'
[0.170s] Level 1:colcon.colcon_core.package_identification:_identify(src/ainex_vision) by extensions ['colcon_meta']
[0.170s] Level 1:colcon.colcon_core.package_identification:_identify(src/ainex_vision) by extension 'colcon_meta'
[0.170s] Level 1:colcon.colcon_core.package_identification:_identify(src/ainex_vision) by extensions ['ros']
[0.170s] Level 1:colcon.colcon_core.package_identification:_identify(src/ainex_vision) by extension 'ros'
[0.170s] DEBUG:colcon.colcon_core.package_identification:Package 'src/ainex_vision' with type 'ros.ament_python' and name 'ainex_vision'
[0.171s] Level 1:colcon.colcon_core.package_identification:_identify(src/build) by extensions ['ignore', 'ignore_ament_install']
[0.171s] Level 1:colcon.colcon_core.package_identification:_identify(src/build) by extension 'ignore'
[0.171s] Level 1:colcon.colcon_core.package_identification:_identify(src/build) ignored
[0.171s] Level 1:colcon.colcon_core.package_identification:_identify(src/install) by extensions ['ignore', 'ignore_ament_install']
[0.171s] Level 1:colcon.colcon_core.package_identification:_identify(src/install) by extension 'ignore'
[0.171s] Level 1:colcon.colcon_core.package_identification:_identify(src/install) ignored
[0.171s] Level 1:colcon.colcon_core.package_identification:_identify(src/log) by extensions ['ignore', 'ignore_ament_install']
[0.171s] Level 1:colcon.colcon_core.package_identification:_identify(src/log) by extension 'ignore'
[0.171s] Level 1:colcon.colcon_core.package_identification:_identify(src/log) ignored
[0.171s] Level 1:colcon.colcon_core.package_identification:_identify(src/servo_service) by extensions ['ignore', 'ignore_ament_install']
[0.171s] Level 1:colcon.colcon_core.package_identification:_identify(src/servo_service) by extension 'ignore'
[0.171s] Level 1:colcon.colcon_core.package_identification:_identify(src/servo_service) by extension 'ignore_ament_install'
[0.171s] Level 1:colcon.colcon_core.package_identification:_identify(src/servo_service) by extensions ['colcon_pkg']
[0.171s] Level 1:colcon.colcon_core.package_identification:_identify(src/servo_service) by extension 'colcon_pkg'
[0.171s] Level 1:colcon.colcon_core.package_identification:_identify(src/servo_service) by extensions ['colcon_meta']
[0.171s] Level 1:colcon.colcon_core.package_identification:_identify(src/servo_service) by extension 'colcon_meta'
[0.171s] Level 1:colcon.colcon_core.package_identification:_identify(src/servo_service) by extensions ['ros']
[0.172s] Level 1:colcon.colcon_core.package_identification:_identify(src/servo_service) by extension 'ros'
[0.172s] DEBUG:colcon.colcon_core.package_identification:Package 'src/servo_service' with type 'ros.ament_cmake' and name 'servo_service'
[0.172s] Level 1:colcon.colcon_core.package_discovery:discover_packages(recursive) using defaults
[0.172s] Level 1:colcon.colcon_core.package_discovery:discover_packages(ignore) discover
[0.172s] Level 1:colcon.colcon_core.package_discovery:discover_packages(ignore) using defaults
[0.172s] Level 1:colcon.colcon_core.package_discovery:discover_packages(path) discover
[0.172s] Level 1:colcon.colcon_core.package_discovery:discover_packages(path) using defaults
[0.190s] Level 1:colcon.colcon_core.package_discovery:discover_packages(prefix_path) check parameters
[0.190s] Level 1:colcon.colcon_core.package_discovery:discover_packages(prefix_path) discover
[0.192s] DEBUG:colcon.colcon_installed_package_information.package_discovery:Found 325 installed packages in /opt/ros/jazzy
[0.194s] Level 1:colcon.colcon_core.package_discovery:discover_packages(prefix_path) using defaults
[0.245s] Level 5:colcon.colcon_core.verb:set package 'ainex_neural_control' build argument 'cmake_args' from command line to 'None'
[0.245s] Level 5:colcon.colcon_core.verb:set package 'ainex_neural_control' build argument 'cmake_target' from command line to 'None'
[0.245s] Level 5:colcon.colcon_core.verb:set package 'ainex_neural_control' build argument 'cmake_target_skip_unavailable' from command line to 'False'
[0.245s] Level 5:colcon.colcon_core.verb:set package 'ainex_neural_control' build argument 'cmake_clean_cache' from command line to 'False'
[0.246s] Level 5:colcon.colcon_core.verb:set package 'ainex_neural_control' build argument 'cmake_clean_first' from command line to 'False'
[0.246s] Level 5:colcon.colcon_core.verb:set package 'ainex_neural_control' build argument 'cmake_force_configure' from command line to 'False'
[0.246s] Level 5:colcon.colcon_core.verb:set package 'ainex_neural_control' build argument 'ament_cmake_args' from command line to 'None'
[0.246s] Level 5:colcon.colcon_core.verb:set package 'ainex_neural_control' build argument 'catkin_cmake_args' from command line to 'None'
[0.246s] Level 5:colcon.colcon_core.verb:set package 'ainex_neural_control' build argument 'catkin_skip_building_tests' from command line to 'False'
[0.246s] DEBUG:colcon.colcon_core.verb:Building package 'ainex_neural_control' with the following arguments: {'ament_cmake_args': None, 'build_base': '/home/bilhr2025/Downloads/BILHR_T5/build/ainex_neural_control', 'catkin_cmake_args': None, 'catkin_skip_building_tests': False, 'cmake_args': None, 'cmake_clean_cache': False, 'cmake_clean_first': False, 'cmake_force_configure': False, 'cmake_target': None, 'cmake_target_skip_unavailable': False, 'install_base': '/home/bilhr2025/Downloads/BILHR_T5/install/ainex_neural_control', 'merge_install': False, 'path': '/home/bilhr2025/Downloads/BILHR_T5/src/ainex_neural_control', 'symlink_install': True, 'test_result_base': None}
[0.246s] Level 5:colcon.colcon_core.verb:set package 'ainex_vision' build argument 'cmake_args' from command line to 'None'
[0.246s] Level 5:colcon.colcon_core.verb:set package 'ainex_vision' build argument 'cmake_target' from command line to 'None'
[0.246s] Level 5:colcon.colcon_core.verb:set package 'ainex_vision' build argument 'cmake_target_skip_unavailable' from command line to 'False'
[0.246s] Level 5:colcon.colcon_core.verb:set package 'ainex_vision' build argument 'cmake_clean_cache' from command line to 'False'
[0.246s] Level 5:colcon.colcon_core.verb:set package 'ainex_vision' build argument 'cmake_clean_first' from command line to 'False'
[0.246s] Level 5:colcon.colcon_core.verb:set package 'ainex_vision' build argument 'cmake_force_configure' from command line to 'False'
[0.246s] Level 5:colcon.colcon_core.verb:set package 'ainex_vision' build argument 'ament_cmake_args' from command line to 'None'
[0.246s] Level 5:colcon.colcon_core.verb:set package 'ainex_vision' build argument 'catkin_cmake_args' from command line to 'None'
[0.246s] Level 5:colcon.colcon_core.verb:set package 'ainex_vision' build argument 'catkin_skip_building_tests' from command line to 'False'
[0.246s] DEBUG:colcon.colcon_core.verb:Building package 'ainex_vision' with the following arguments: {'ament_cmake_args': None, 'build_base': '/home/bilhr2025/Downloads/BILHR_T5/build/ainex_vision', 'catkin_cmake_args': None, 'catkin_skip_building_tests': False, 'cmake_args': None, 'cmake_clean_cache': False, 'cmake_clean_first': False, 'cmake_force_configure': False, 'cmake_target': None, 'cmake_target_skip_unavailable': False, 'install_base': '/home/bilhr2025/Downloads/BILHR_T5/install/ainex_vision', 'merge_install': False, 'path': '/home/bilhr2025/Downloads/BILHR_T5/src/ainex_vision', 'symlink_install': True, 'test_result_base': None}
[0.246s] Level 5:colcon.colcon_core.verb:set package 'servo_service' build argument 'cmake_args' from command line to 'None'
[0.246s] Level 5:colcon.colcon_core.verb:set package 'servo_service' build argument 'cmake_target' from command line to 'None'
[0.246s] Level 5:colcon.colcon_core.verb:set package 'servo_service' build argument 'cmake_target_skip_unavailable' from command line to 'False'
[0.246s] Level 5:colcon.colcon_core.verb:set package 'servo_service' build argument 'cmake_clean_cache' from command line to 'False'
[0.246s] Level 5:colcon.colcon_core.verb:set package 'servo_service' build argument 'cmake_clean_first' from command line to 'False'
[0.246s] Level 5:colcon.colcon_core.verb:set package 'servo_service' build argument 'cmake_force_configure' from command line to 'False'
[0.246s] Level 5:colcon.colcon_core.verb:set package 'servo_service' build argument 'ament_cmake_args' from command line to 'None'
[0.246s] Level 5:colcon.colcon_core.verb:set package 'servo_service' build argument 'catkin_cmake_args' from command line to 'None'
[0.246s] Level 5:colcon.colcon_core.verb:set package 'servo_service' build argument 'catkin_skip_building_tests' from command line to 'False'
[0.247s] DEBUG:colcon.colcon_core.verb:Building package 'servo_service' with the following arguments: {'ament_cmake_args': None, 'build_base': '/home/bilhr2025/Downloads/BILHR_T5/build/servo_service', 'catkin_cmake_args': None, 'catkin_skip_building_tests': False, 'cmake_args': None, 'cmake_clean_cache': False, 'cmake_clean_first': False, 'cmake_force_configure': False, 'cmake_target': None, 'cmake_target_skip_unavailable': False, 'install_base': '/home/bilhr2025/Downloads/BILHR_T5/install/servo_service', 'merge_install': False, 'path': '/home/bilhr2025/Downloads/BILHR_T5/src/servo_service', 'symlink_install': True, 'test_result_base': None}
[0.247s] Level 5:colcon.colcon_core.verb:set package 'ainex_motion' build argument 'cmake_args' from command line to 'None'
[0.247s] Level 5:colcon.colcon_core.verb:set package 'ainex_motion' build argument 'cmake_target' from command line to 'None'
[0.247s] Level 5:colcon.colcon_core.verb:set package 'ainex_motion' build argument 'cmake_target_skip_unavailable' from command line to 'False'
[0.247s] Level 5:colcon.colcon_core.verb:set package 'ainex_motion' build argument 'cmake_clean_cache' from command line to 'False'
[0.247s] Level 5:colcon.colcon_core.verb:set package 'ainex_motion' build argument 'cmake_clean_first' from command line to 'False'
[0.247s] Level 5:colcon.colcon_core.verb:set package 'ainex_motion' build argument 'cmake_force_configure' from command line to 'False'
[0.247s] Level 5:colcon.colcon_core.verb:set package 'ainex_motion' build argument 'ament_cmake_args' from command line to 'None'
[0.247s] Level 5:colcon.colcon_core.verb:set package 'ainex_motion' build argument 'catkin_cmake_args' from command line to 'None'
[0.247s] Level 5:colcon.colcon_core.verb:set package 'ainex_motion' build argument 'catkin_skip_building_tests' from command line to 'False'
[0.247s] DEBUG:colcon.colcon_core.verb:Building package 'ainex_motion' with the following arguments: {'ament_cmake_args': None, 'build_base': '/home/bilhr2025/Downloads/BILHR_T5/build/ainex_motion', 'catkin_cmake_args': None, 'catkin_skip_building_tests': False, 'cmake_args': None, 'cmake_clean_cache': False, 'cmake_clean_first': False, 'cmake_force_configure': False, 'cmake_target': None, 'cmake_target_skip_unavailable': False, 'install_base': '/home/bilhr2025/Downloads/BILHR_T5/install/ainex_motion', 'merge_install': False, 'path': '/home/bilhr2025/Downloads/BILHR_T5/src/ainex_motion', 'symlink_install': True, 'test_result_base': None}
[0.247s] INFO:colcon.colcon_core.executor:Executing jobs using 'parallel' executor
[0.248s] DEBUG:colcon.colcon_parallel_executor.executor.parallel:run_until_complete
[0.248s] INFO:colcon.colcon_ros.task.ament_cmake.build:Building ROS package in '/home/bilhr2025/Downloads/BILHR_T5/src/servo_service' with build type 'ament_cmake'
[0.248s] INFO:colcon.colcon_cmake.task.cmake.build:Building CMake package in '/home/bilhr2025/Downloads/BILHR_T5/src/servo_service'
[0.250s] INFO:colcon.colcon_core.plugin_system:Skipping extension 'colcon_core.shell.bat': Not used on non-Windows systems
[0.251s] INFO:colcon.colcon_core.shell:Skip shell extension 'powershell' for command environment: Not usable outside of PowerShell
[0.251s] DEBUG:colcon.colcon_core.shell:Skip shell extension 'dsv' for command environment
[0.254s] INFO:colcon.colcon_ros.task.ament_python.build:Building ROS package in '/home/bilhr2025/Downloads/BILHR_T5/src/ainex_neural_control' with build type 'ament_python'
[0.254s] Level 1:colcon.colcon_core.shell:create_environment_hook('ainex_neural_control', 'ament_prefix_path')
[0.254s] INFO:colcon.colcon_core.shell:Creating environment hook '/home/bilhr2025/Downloads/BILHR_T5/install/ainex_neural_control/share/ainex_neural_control/hook/ament_prefix_path.ps1'
[0.255s] INFO:colcon.colcon_core.shell:Creating environment descriptor '/home/bilhr2025/Downloads/BILHR_T5/install/ainex_neural_control/share/ainex_neural_control/hook/ament_prefix_path.dsv'
[0.256s] INFO:colcon.colcon_core.shell:Creating environment hook '/home/bilhr2025/Downloads/BILHR_T5/install/ainex_neural_control/share/ainex_neural_control/hook/ament_prefix_path.sh'
[0.256s] INFO:colcon.colcon_core.shell:Skip shell extension 'powershell' for command environment: Not usable outside of PowerShell
[0.256s] DEBUG:colcon.colcon_core.shell:Skip shell extension 'dsv' for command environment
[0.259s] INFO:colcon.colcon_ros.task.ament_python.build:Building ROS package in '/home/bilhr2025/Downloads/BILHR_T5/src/ainex_vision' with build type 'ament_python'
[0.259s] Level 1:colcon.colcon_core.shell:create_environment_hook('ainex_vision', 'ament_prefix_path')
[0.259s] INFO:colcon.colcon_core.shell:Creating environment hook '/home/bilhr2025/Downloads/BILHR_T5/install/ainex_vision/share/ainex_vision/hook/ament_prefix_path.ps1'
[0.260s] INFO:colcon.colcon_core.shell:Creating environment descriptor '/home/bilhr2025/Downloads/BILHR_T5/install/ainex_vision/share/ainex_vision/hook/ament_prefix_path.dsv'
[0.260s] INFO:colcon.colcon_core.shell:Creating environment hook '/home/bilhr2025/Downloads/BILHR_T5/install/ainex_vision/share/ainex_vision/hook/ament_prefix_path.sh'
[0.261s] INFO:colcon.colcon_core.shell:Skip shell extension 'powershell' for command environment: Not usable outside of PowerShell
[0.261s] DEBUG:colcon.colcon_core.shell:Skip shell extension 'dsv' for command environment
[0.266s] DEBUG:colcon.colcon_core.event_handler.log_command:Invoking command in '/home/bilhr2025/Downloads/BILHR_T5/build/servo_service': CMAKE_PREFIX_PATH=${CMAKE_PREFIX_PATH}:/opt/ros/jazzy DEBUGINFOD_URLS=https://debuginfod.ubuntu.com /usr/bin/cmake /home/bilhr2025/Downloads/BILHR_T5/src/servo_service -DAMENT_CMAKE_SYMLINK_INSTALL=1 -DCMAKE_INSTALL_PREFIX=/home/bilhr2025/Downloads/BILHR_T5/install/servo_service
[0.502s] INFO:colcon.colcon_core.task.python.build:Building Python package in '/home/bilhr2025/Downloads/BILHR_T5/src/ainex_neural_control'
[0.502s] INFO:colcon.colcon_core.shell:Skip shell extension 'powershell' for command environment: Not usable outside of PowerShell
[0.502s] DEBUG:colcon.colcon_core.shell:Skip shell extension 'dsv' for command environment
[0.749s] INFO:colcon.colcon_core.task.python.build:Building Python package in '/home/bilhr2025/Downloads/BILHR_T5/src/ainex_vision'
[0.749s] INFO:colcon.colcon_core.shell:Skip shell extension 'powershell' for command environment: Not usable outside of PowerShell
[0.749s] DEBUG:colcon.colcon_core.shell:Skip shell extension 'dsv' for command environment
[1.431s] DEBUG:colcon.colcon_core.event_handler.log_command:Invoking command in '/home/bilhr2025/Downloads/BILHR_T5/build/ainex_vision': DEBUGINFOD_URLS=https://debuginfod.ubuntu.com PYTHONPATH=/home/bilhr2025/Downloads/BILHR_T5/build/ainex_vision/prefix_override:/usr/lib/python3/dist-packages/colcon_core/task/python/colcon_distutils_commands:/home/bilhr2025/Downloads/BILHR_T5/install/ainex_vision/lib/python3.12/site-packages:${PYTHONPATH} /usr/bin/python3 -W ignore:setup.py install is deprecated -W ignore:easy_install command is deprecated setup.py develop --editable --build-directory /home/bilhr2025/Downloads/BILHR_T5/build/ainex_vision/build --no-deps symlink_data
[1.433s] DEBUG:colcon.colcon_core.event_handler.log_command:Invoking command in '/home/bilhr2025/Downloads/BILHR_T5/build/ainex_neural_control': DEBUGINFOD_URLS=https://debuginfod.ubuntu.com PYTHONPATH=/home/bilhr2025/Downloads/BILHR_T5/build/ainex_neural_control/prefix_override:/usr/lib/python3/dist-packages/colcon_core/task/python/colcon_distutils_commands:/home/bilhr2025/Downloads/BILHR_T5/install/ainex_neural_control/lib/python3.12/site-packages:${PYTHONPATH} /usr/bin/python3 -W ignore:setup.py install is deprecated -W ignore:easy_install command is deprecated setup.py develop --editable --build-directory /home/bilhr2025/Downloads/BILHR_T5/build/ainex_neural_control/build --no-deps symlink_data
[2.193s] Level 1:colcon.colcon_core.shell:create_environment_hook('ainex_vision', 'pythonpath_develop')
[2.193s] INFO:colcon.colcon_core.shell:Creating environment hook '/home/bilhr2025/Downloads/BILHR_T5/build/ainex_vision/share/ainex_vision/hook/pythonpath_develop.ps1'
[2.194s] DEBUG:colcon.colcon_core.event_handler.log_command:Invoked command in '/home/bilhr2025/Downloads/BILHR_T5/build/ainex_vision' returned '0': DEBUGINFOD_URLS=https://debuginfod.ubuntu.com PYTHONPATH=/home/bilhr2025/Downloads/BILHR_T5/build/ainex_vision/prefix_override:/usr/lib/python3/dist-packages/colcon_core/task/python/colcon_distutils_commands:/home/bilhr2025/Downloads/BILHR_T5/install/ainex_vision/lib/python3.12/site-packages:${PYTHONPATH} /usr/bin/python3 -W ignore:setup.py install is deprecated -W ignore:easy_install command is deprecated setup.py develop --editable --build-directory /home/bilhr2025/Downloads/BILHR_T5/build/ainex_vision/build --no-deps symlink_data
[2.194s] INFO:colcon.colcon_core.shell:Creating environment descriptor '/home/bilhr2025/Downloads/BILHR_T5/build/ainex_vision/share/ainex_vision/hook/pythonpath_develop.dsv'
[2.194s] INFO:colcon.colcon_core.shell:Creating environment hook '/home/bilhr2025/Downloads/BILHR_T5/build/ainex_vision/share/ainex_vision/hook/pythonpath_develop.sh'
[2.200s] Level 1:colcon.colcon_core.environment:checking '/home/bilhr2025/Downloads/BILHR_T5/install/ainex_vision' for CMake module files
[2.201s] Level 1:colcon.colcon_core.environment:checking '/home/bilhr2025/Downloads/BILHR_T5/install/ainex_vision' for CMake config files
[2.201s] Level 1:colcon.colcon_core.environment:checking '/home/bilhr2025/Downloads/BILHR_T5/install/ainex_vision/lib'
[2.201s] Level 1:colcon.colcon_core.environment:checking '/home/bilhr2025/Downloads/BILHR_T5/install/ainex_vision/bin'
[2.202s] Level 1:colcon.colcon_core.environment:checking '/home/bilhr2025/Downloads/BILHR_T5/install/ainex_vision/lib/pkgconfig/ainex_vision.pc'
[2.202s] Level 1:colcon.colcon_core.environment:checking '/home/bilhr2025/Downloads/BILHR_T5/install/ainex_vision/lib/python3.12/site-packages'
[2.202s] Level 1:colcon.colcon_core.shell:create_environment_hook('ainex_vision', 'pythonpath')
[2.202s] INFO:colcon.colcon_core.shell:Creating environment hook '/home/bilhr2025/Downloads/BILHR_T5/install/ainex_vision/share/ainex_vision/hook/pythonpath.ps1'
[2.202s] INFO:colcon.colcon_core.shell:Creating environment descriptor '/home/bilhr2025/Downloads/BILHR_T5/install/ainex_vision/share/ainex_vision/hook/pythonpath.dsv'
[2.203s] INFO:colcon.colcon_core.shell:Creating environment hook '/home/bilhr2025/Downloads/BILHR_T5/install/ainex_vision/share/ainex_vision/hook/pythonpath.sh'
[2.203s] Level 1:colcon.colcon_core.environment:checking '/home/bilhr2025/Downloads/BILHR_T5/install/ainex_vision/bin'
[2.203s] Level 1:colcon.colcon_core.environment:create_environment_scripts_only(ainex_vision)
[2.203s] INFO:colcon.colcon_core.shell:Creating package script '/home/bilhr2025/Downloads/BILHR_T5/install/ainex_vision/share/ainex_vision/package.ps1'
[2.204s] INFO:colcon.colcon_core.shell:Creating package descriptor '/home/bilhr2025/Downloads/BILHR_T5/install/ainex_vision/share/ainex_vision/package.dsv'
[2.205s] INFO:colcon.colcon_core.shell:Creating package script '/home/bilhr2025/Downloads/BILHR_T5/install/ainex_vision/share/ainex_vision/package.sh'
[2.206s] INFO:colcon.colcon_core.shell:Creating package script '/home/bilhr2025/Downloads/BILHR_T5/install/ainex_vision/share/ainex_vision/package.bash'
[2.206s] INFO:colcon.colcon_core.shell:Creating package script '/home/bilhr2025/Downloads/BILHR_T5/install/ainex_vision/share/ainex_vision/package.zsh'
[2.207s] Level 1:colcon.colcon_core.environment:create_file_with_runtime_dependencies(/home/bilhr2025/Downloads/BILHR_T5/install/ainex_vision/share/colcon-core/packages/ainex_vision)
[2.208s] Level 1:colcon.colcon_core.shell:create_environment_hook('ainex_neural_control', 'pythonpath_develop')
[2.209s] INFO:colcon.colcon_core.shell:Creating environment hook '/home/bilhr2025/Downloads/BILHR_T5/build/ainex_neural_control/share/ainex_neural_control/hook/pythonpath_develop.ps1'
[2.209s] DEBUG:colcon.colcon_core.event_handler.log_command:Invoked command in '/home/bilhr2025/Downloads/BILHR_T5/build/ainex_neural_control' returned '0': DEBUGINFOD_URLS=https://debuginfod.ubuntu.com PYTHONPATH=/home/bilhr2025/Downloads/BILHR_T5/build/ainex_neural_control/prefix_override:/usr/lib/python3/dist-packages/colcon_core/task/python/colcon_distutils_commands:/home/bilhr2025/Downloads/BILHR_T5/install/ainex_neural_control/lib/python3.12/site-packages:${PYTHONPATH} /usr/bin/python3 -W ignore:setup.py install is deprecated -W ignore:easy_install command is deprecated setup.py develop --editable --build-directory /home/bilhr2025/Downloads/BILHR_T5/build/ainex_neural_control/build --no-deps symlink_data
[2.209s] INFO:colcon.colcon_core.shell:Creating environment descriptor '/home/bilhr2025/Downloads/BILHR_T5/build/ainex_neural_control/share/ainex_neural_control/hook/pythonpath_develop.dsv'
[2.210s] INFO:colcon.colcon_core.shell:Creating environment hook '/home/bilhr2025/Downloads/BILHR_T5/build/ainex_neural_control/share/ainex_neural_control/hook/pythonpath_develop.sh'
[2.210s] Level 1:colcon.colcon_core.environment:checking '/home/bilhr2025/Downloads/BILHR_T5/install/ainex_neural_control' for CMake module files
[2.211s] Level 1:colcon.colcon_core.environment:checking '/home/bilhr2025/Downloads/BILHR_T5/install/ainex_neural_control' for CMake config files
[2.211s] Level 1:colcon.colcon_core.environment:checking '/home/bilhr2025/Downloads/BILHR_T5/install/ainex_neural_control/lib'
[2.211s] Level 1:colcon.colcon_core.environment:checking '/home/bilhr2025/Downloads/BILHR_T5/install/ainex_neural_control/bin'
[2.211s] Level 1:colcon.colcon_core.environment:checking '/home/bilhr2025/Downloads/BILHR_T5/install/ainex_neural_control/lib/pkgconfig/ainex_neural_control.pc'
[2.212s] Level 1:colcon.colcon_core.environment:checking '/home/bilhr2025/Downloads/BILHR_T5/install/ainex_neural_control/lib/python3.12/site-packages'
[2.212s] Level 1:colcon.colcon_core.shell:create_environment_hook('ainex_neural_control', 'pythonpath')
[2.212s] INFO:colcon.colcon_core.shell:Creating environment hook '/home/bilhr2025/Downloads/BILHR_T5/install/ainex_neural_control/share/ainex_neural_control/hook/pythonpath.ps1'
[2.212s] INFO:colcon.colcon_core.shell:Creating environment descriptor '/home/bilhr2025/Downloads/BILHR_T5/install/ainex_neural_control/share/ainex_neural_control/hook/pythonpath.dsv'
[2.213s] INFO:colcon.colcon_core.shell:Creating environment hook '/home/bilhr2025/Downloads/BILHR_T5/install/ainex_neural_control/share/ainex_neural_control/hook/pythonpath.sh'
[2.213s] Level 1:colcon.colcon_core.environment:checking '/home/bilhr2025/Downloads/BILHR_T5/install/ainex_neural_control/bin'
[2.213s] Level 1:colcon.colcon_core.environment:create_environment_scripts_only(ainex_neural_control)
[2.213s] INFO:colcon.colcon_core.shell:Creating package script '/home/bilhr2025/Downloads/BILHR_T5/install/ainex_neural_control/share/ainex_neural_control/package.ps1'
[2.214s] INFO:colcon.colcon_core.shell:Creating package descriptor '/home/bilhr2025/Downloads/BILHR_T5/install/ainex_neural_control/share/ainex_neural_control/package.dsv'
[2.214s] INFO:colcon.colcon_core.shell:Creating package script '/home/bilhr2025/Downloads/BILHR_T5/install/ainex_neural_control/share/ainex_neural_control/package.sh'
[2.214s] INFO:colcon.colcon_core.shell:Creating package script '/home/bilhr2025/Downloads/BILHR_T5/install/ainex_neural_control/share/ainex_neural_control/package.bash'
[2.215s] INFO:colcon.colcon_core.shell:Creating package script '/home/bilhr2025/Downloads/BILHR_T5/install/ainex_neural_control/share/ainex_neural_control/package.zsh'
[2.215s] Level 1:colcon.colcon_core.environment:create_file_with_runtime_dependencies(/home/bilhr2025/Downloads/BILHR_T5/install/ainex_neural_control/share/colcon-core/packages/ainex_neural_control)
[3.790s] DEBUG:colcon.colcon_core.event_handler.log_command:Invoked command in '/home/bilhr2025/Downloads/BILHR_T5/build/servo_service' returned '0': CMAKE_PREFIX_PATH=${CMAKE_PREFIX_PATH}:/opt/ros/jazzy DEBUGINFOD_URLS=https://debuginfod.ubuntu.com /usr/bin/cmake /home/bilhr2025/Downloads/BILHR_T5/src/servo_service -DAMENT_CMAKE_SYMLINK_INSTALL=1 -DCMAKE_INSTALL_PREFIX=/home/bilhr2025/Downloads/BILHR_T5/install/servo_service
[3.791s] DEBUG:colcon.colcon_core.event_handler.log_command:Invoking command in '/home/bilhr2025/Downloads/BILHR_T5/build/servo_service': CMAKE_PREFIX_PATH=${CMAKE_PREFIX_PATH}:/opt/ros/jazzy DEBUGINFOD_URLS=https://debuginfod.ubuntu.com /usr/bin/cmake --build /home/bilhr2025/Downloads/BILHR_T5/build/servo_service -- -j8 -l8
[14.296s] DEBUG:colcon.colcon_core.event_handler.log_command:Invoked command in '/home/bilhr2025/Downloads/BILHR_T5/build/servo_service' returned '0': CMAKE_PREFIX_PATH=${CMAKE_PREFIX_PATH}:/opt/ros/jazzy DEBUGINFOD_URLS=https://debuginfod.ubuntu.com /usr/bin/cmake --build /home/bilhr2025/Downloads/BILHR_T5/build/servo_service -- -j8 -l8
[14.306s] DEBUG:colcon.colcon_core.event_handler.log_command:Invoking command in '/home/bilhr2025/Downloads/BILHR_T5/build/servo_service': CMAKE_PREFIX_PATH=${CMAKE_PREFIX_PATH}:/opt/ros/jazzy DEBUGINFOD_URLS=https://debuginfod.ubuntu.com /usr/bin/cmake --install /home/bilhr2025/Downloads/BILHR_T5/build/servo_service
[16.638s] Level 1:colcon.colcon_core.environment:create_environment_scripts_only(servo_service)
[16.638s] Level 1:colcon.colcon_core.environment:checking '/home/bilhr2025/Downloads/BILHR_T5/install/servo_service' for CMake module files
[16.638s] DEBUG:colcon.colcon_core.event_handler.log_command:Invoked command in '/home/bilhr2025/Downloads/BILHR_T5/build/servo_service' returned '0': CMAKE_PREFIX_PATH=${CMAKE_PREFIX_PATH}:/opt/ros/jazzy DEBUGINFOD_URLS=https://debuginfod.ubuntu.com /usr/bin/cmake --install /home/bilhr2025/Downloads/BILHR_T5/build/servo_service
[16.639s] Level 1:colcon.colcon_core.environment:checking '/home/bilhr2025/Downloads/BILHR_T5/install/servo_service' for CMake config files
[16.640s] Level 1:colcon.colcon_core.shell:create_environment_hook('servo_service', 'cmake_prefix_path')
[16.640s] INFO:colcon.colcon_core.shell:Creating environment hook '/home/bilhr2025/Downloads/BILHR_T5/install/servo_service/share/servo_service/hook/cmake_prefix_path.ps1'
[16.640s] INFO:colcon.colcon_core.shell:Creating environment descriptor '/home/bilhr2025/Downloads/BILHR_T5/install/servo_service/share/servo_service/hook/cmake_prefix_path.dsv'
[16.641s] INFO:colcon.colcon_core.shell:Creating environment hook '/home/bilhr2025/Downloads/BILHR_T5/install/servo_service/share/servo_service/hook/cmake_prefix_path.sh'
[16.641s] Level 1:colcon.colcon_core.environment:checking '/home/bilhr2025/Downloads/BILHR_T5/install/servo_service/lib'
[16.641s] Level 1:colcon.colcon_core.shell:create_environment_hook('servo_service', 'ld_library_path_lib')
[16.641s] INFO:colcon.colcon_core.shell:Creating environment hook '/home/bilhr2025/Downloads/BILHR_T5/install/servo_service/share/servo_service/hook/ld_library_path_lib.ps1'
[16.642s] INFO:colcon.colcon_core.shell:Creating environment descriptor '/home/bilhr2025/Downloads/BILHR_T5/install/servo_service/share/servo_service/hook/ld_library_path_lib.dsv'
[16.642s] INFO:colcon.colcon_core.shell:Creating environment hook '/home/bilhr2025/Downloads/BILHR_T5/install/servo_service/share/servo_service/hook/ld_library_path_lib.sh'
[16.642s] Level 1:colcon.colcon_core.environment:checking '/home/bilhr2025/Downloads/BILHR_T5/install/servo_service/bin'
[16.642s] Level 1:colcon.colcon_core.environment:checking '/home/bilhr2025/Downloads/BILHR_T5/install/servo_service/lib/pkgconfig/servo_service.pc'
[16.642s] Level 1:colcon.colcon_core.environment:checking '/home/bilhr2025/Downloads/BILHR_T5/install/servo_service/lib/python3.12/site-packages'
[16.643s] Level 1:colcon.colcon_core.shell:create_environment_hook('servo_service', 'pythonpath')
[16.643s] INFO:colcon.colcon_core.shell:Creating environment hook '/home/bilhr2025/Downloads/BILHR_T5/install/servo_service/share/servo_service/hook/pythonpath.ps1'
[16.643s] INFO:colcon.colcon_core.shell:Creating environment descriptor '/home/bilhr2025/Downloads/BILHR_T5/install/servo_service/share/servo_service/hook/pythonpath.dsv'
[16.643s] INFO:colcon.colcon_core.shell:Creating environment hook '/home/bilhr2025/Downloads/BILHR_T5/install/servo_service/share/servo_service/hook/pythonpath.sh'
[16.644s] Level 1:colcon.colcon_core.environment:checking '/home/bilhr2025/Downloads/BILHR_T5/install/servo_service/bin'
[16.644s] INFO:colcon.colcon_core.shell:Creating package script '/home/bilhr2025/Downloads/BILHR_T5/install/servo_service/share/servo_service/package.ps1'
[16.644s] INFO:colcon.colcon_core.shell:Creating package descriptor '/home/bilhr2025/Downloads/BILHR_T5/install/servo_service/share/servo_service/package.dsv'
[16.645s] INFO:colcon.colcon_core.shell:Creating package script '/home/bilhr2025/Downloads/BILHR_T5/install/servo_service/share/servo_service/package.sh'
[16.645s] INFO:colcon.colcon_core.shell:Creating package script '/home/bilhr2025/Downloads/BILHR_T5/install/servo_service/share/servo_service/package.bash'
[16.645s] INFO:colcon.colcon_core.shell:Creating package script '/home/bilhr2025/Downloads/BILHR_T5/install/servo_service/share/servo_service/package.zsh'
[16.646s] Level 1:colcon.colcon_core.environment:create_file_with_runtime_dependencies(/home/bilhr2025/Downloads/BILHR_T5/install/servo_service/share/colcon-core/packages/servo_service)
[16.646s] Level 1:colcon.colcon_core.environment:create_environment_scripts_only(servo_service)
[16.646s] Level 1:colcon.colcon_core.environment:checking '/home/bilhr2025/Downloads/BILHR_T5/install/servo_service' for CMake module files
[16.647s] Level 1:colcon.colcon_core.environment:checking '/home/bilhr2025/Downloads/BILHR_T5/install/servo_service' for CMake config files
[16.648s] Level 1:colcon.colcon_core.shell:create_environment_hook('servo_service', 'cmake_prefix_path')
[16.648s] INFO:colcon.colcon_core.shell:Creating environment hook '/home/bilhr2025/Downloads/BILHR_T5/install/servo_service/share/servo_service/hook/cmake_prefix_path.ps1'
[16.648s] INFO:colcon.colcon_core.shell:Creating environment descriptor '/home/bilhr2025/Downloads/BILHR_T5/install/servo_service/share/servo_service/hook/cmake_prefix_path.dsv'
[16.648s] INFO:colcon.colcon_core.shell:Creating environment hook '/home/bilhr2025/Downloads/BILHR_T5/install/servo_service/share/servo_service/hook/cmake_prefix_path.sh'
[16.649s] Level 1:colcon.colcon_core.environment:checking '/home/bilhr2025/Downloads/BILHR_T5/install/servo_service/lib'
[16.649s] Level 1:colcon.colcon_core.shell:create_environment_hook('servo_service', 'ld_library_path_lib')
[16.649s] INFO:colcon.colcon_core.shell:Creating environment hook '/home/bilhr2025/Downloads/BILHR_T5/install/servo_service/share/servo_service/hook/ld_library_path_lib.ps1'
[16.649s] INFO:colcon.colcon_core.shell:Creating environment descriptor '/home/bilhr2025/Downloads/BILHR_T5/install/servo_service/share/servo_service/hook/ld_library_path_lib.dsv'
[16.650s] INFO:colcon.colcon_core.shell:Creating environment hook '/home/bilhr2025/Downloads/BILHR_T5/install/servo_service/share/servo_service/hook/ld_library_path_lib.sh'
[16.650s] Level 1:colcon.colcon_core.environment:checking '/home/bilhr2025/Downloads/BILHR_T5/install/servo_service/bin'
[16.650s] Level 1:colcon.colcon_core.environment:checking '/home/bilhr2025/Downloads/BILHR_T5/install/servo_service/lib/pkgconfig/servo_service.pc'
[16.650s] Level 1:colcon.colcon_core.environment:checking '/home/bilhr2025/Downloads/BILHR_T5/install/servo_service/lib/python3.12/site-packages'
[16.651s] Level 1:colcon.colcon_core.shell:create_environment_hook('servo_service', 'pythonpath')
[16.651s] INFO:colcon.colcon_core.shell:Creating environment hook '/home/bilhr2025/Downloads/BILHR_T5/install/servo_service/share/servo_service/hook/pythonpath.ps1'
[16.651s] INFO:colcon.colcon_core.shell:Creating environment descriptor '/home/bilhr2025/Downloads/BILHR_T5/install/servo_service/share/servo_service/hook/pythonpath.dsv'
[16.651s] INFO:colcon.colcon_core.shell:Creating environment hook '/home/bilhr2025/Downloads/BILHR_T5/install/servo_service/share/servo_service/hook/pythonpath.sh'
[16.652s] Level 1:colcon.colcon_core.environment:checking '/home/bilhr2025/Downloads/BILHR_T5/install/servo_service/bin'
[16.652s] INFO:colcon.colcon_core.shell:Creating package script '/home/bilhr2025/Downloads/BILHR_T5/install/servo_service/share/servo_service/package.ps1'
[16.652s] INFO:colcon.colcon_core.shell:Creating package descriptor '/home/bilhr2025/Downloads/BILHR_T5/install/servo_service/share/servo_service/package.dsv'
[16.653s] INFO:colcon.colcon_core.shell:Creating package script '/home/bilhr2025/Downloads/BILHR_T5/install/servo_service/share/servo_service/package.sh'
[16.653s] INFO:colcon.colcon_core.shell:Creating package script '/home/bilhr2025/Downloads/BILHR_T5/install/servo_service/share/servo_service/package.bash'
[16.654s] INFO:colcon.colcon_core.shell:Creating package script '/home/bilhr2025/Downloads/BILHR_T5/install/servo_service/share/servo_service/package.zsh'
[16.654s] Level 1:colcon.colcon_core.environment:create_file_with_runtime_dependencies(/home/bilhr2025/Downloads/BILHR_T5/install/servo_service/share/colcon-core/packages/servo_service)
[16.654s] INFO:colcon.colcon_ros.task.ament_python.build:Building ROS package in '/home/bilhr2025/Downloads/BILHR_T5/src/ainex_motion' with build type 'ament_python'
[16.654s] Level 1:colcon.colcon_core.shell:create_environment_hook('ainex_motion', 'ament_prefix_path')
[16.655s] INFO:colcon.colcon_core.shell:Creating environment hook '/home/bilhr2025/Downloads/BILHR_T5/install/ainex_motion/share/ainex_motion/hook/ament_prefix_path.ps1'
[16.655s] INFO:colcon.colcon_core.shell:Creating environment descriptor '/home/bilhr2025/Downloads/BILHR_T5/install/ainex_motion/share/ainex_motion/hook/ament_prefix_path.dsv'
[16.656s] INFO:colcon.colcon_core.shell:Creating environment hook '/home/bilhr2025/Downloads/BILHR_T5/install/ainex_motion/share/ainex_motion/hook/ament_prefix_path.sh'
[16.656s] INFO:colcon.colcon_core.shell:Skip shell extension 'powershell' for command environment: Not usable outside of PowerShell
[16.656s] DEBUG:colcon.colcon_core.shell:Skip shell extension 'dsv' for command environment
[16.877s] INFO:colcon.colcon_core.task.python.build:Building Python package in '/home/bilhr2025/Downloads/BILHR_T5/src/ainex_motion'
[16.878s] INFO:colcon.colcon_core.shell:Skip shell extension 'powershell' for command environment: Not usable outside of PowerShell
[16.878s] DEBUG:colcon.colcon_core.shell:Skip shell extension 'dsv' for command environment
[17.512s] DEBUG:colcon.colcon_core.event_handler.log_command:Invoking command in '/home/bilhr2025/Downloads/BILHR_T5/build/ainex_motion': AMENT_PREFIX_PATH=/home/bilhr2025/Downloads/BILHR_T5/install/servo_service:${AMENT_PREFIX_PATH} CMAKE_PREFIX_PATH=/home/bilhr2025/Downloads/BILHR_T5/install/servo_service:${CMAKE_PREFIX_PATH} DEBUGINFOD_URLS=https://debuginfod.ubuntu.com LD_LIBRARY_PATH=/home/bilhr2025/Downloads/BILHR_T5/install/servo_service/lib:${LD_LIBRARY_PATH} PYTHONPATH=/home/bilhr2025/Downloads/BILHR_T5/build/ainex_motion/prefix_override:/usr/lib/python3/dist-packages/colcon_core/task/python/colcon_distutils_commands:/home/bilhr2025/Downloads/BILHR_T5/install/ainex_motion/lib/python3.12/site-packages:/home/bilhr2025/Downloads/BILHR_T5/install/servo_service/lib/python3.12/site-packages:${PYTHONPATH} /usr/bin/python3 -W ignore:setup.py install is deprecated -W ignore:easy_install command is deprecated setup.py develop --editable --build-directory /home/bilhr2025/Downloads/BILHR_T5/build/ainex_motion/build --no-deps symlink_data
[18.201s] Level 1:colcon.colcon_core.shell:create_environment_hook('ainex_motion', 'pythonpath_develop')
[18.202s] INFO:colcon.colcon_core.shell:Creating environment hook '/home/bilhr2025/Downloads/BILHR_T5/build/ainex_motion/share/ainex_motion/hook/pythonpath_develop.ps1'
[18.202s] DEBUG:colcon.colcon_core.event_handler.log_command:Invoked command in '/home/bilhr2025/Downloads/BILHR_T5/build/ainex_motion' returned '0': AMENT_PREFIX_PATH=/home/bilhr2025/Downloads/BILHR_T5/install/servo_service:${AMENT_PREFIX_PATH} CMAKE_PREFIX_PATH=/home/bilhr2025/Downloads/BILHR_T5/install/servo_service:${CMAKE_PREFIX_PATH} DEBUGINFOD_URLS=https://debuginfod.ubuntu.com LD_LIBRARY_PATH=/home/bilhr2025/Downloads/BILHR_T5/install/servo_service/lib:${LD_LIBRARY_PATH} PYTHONPATH=/home/bilhr2025/Downloads/BILHR_T5/build/ainex_motion/prefix_override:/usr/lib/python3/dist-packages/colcon_core/task/python/colcon_distutils_commands:/home/bilhr2025/Downloads/BILHR_T5/install/ainex_motion/lib/python3.12/site-packages:/home/bilhr2025/Downloads/BILHR_T5/install/servo_service/lib/python3.12/site-packages:${PYTHONPATH} /usr/bin/python3 -W ignore:setup.py install is deprecated -W ignore:easy_install command is deprecated setup.py develop --editable --build-directory /home/bilhr2025/Downloads/BILHR_T5/build/ainex_motion/build --no-deps symlink_data
[18.203s] INFO:colcon.colcon_core.shell:Creating environment descriptor '/home/bilhr2025/Downloads/BILHR_T5/build/ainex_motion/share/ainex_motion/hook/pythonpath_develop.dsv'
[18.203s] INFO:colcon.colcon_core.shell:Creating environment hook '/home/bilhr2025/Downloads/BILHR_T5/build/ainex_motion/share/ainex_motion/hook/pythonpath_develop.sh'
[18.203s] Level 1:colcon.colcon_core.environment:checking '/home/bilhr2025/Downloads/BILHR_T5/install/ainex_motion' for CMake module files
[18.204s] Level 1:colcon.colcon_core.environment:checking '/home/bilhr2025/Downloads/BILHR_T5/install/ainex_motion' for CMake config files
[18.204s] Level 1:colcon.colcon_core.environment:checking '/home/bilhr2025/Downloads/BILHR_T5/install/ainex_motion/lib'
[18.204s] Level 1:colcon.colcon_core.environment:checking '/home/bilhr2025/Downloads/BILHR_T5/install/ainex_motion/bin'
[18.204s] Level 1:colcon.colcon_core.environment:checking '/home/bilhr2025/Downloads/BILHR_T5/install/ainex_motion/lib/pkgconfig/ainex_motion.pc'
[18.205s] Level 1:colcon.colcon_core.environment:checking '/home/bilhr2025/Downloads/BILHR_T5/install/ainex_motion/lib/python3.12/site-packages'
[18.205s] Level 1:colcon.colcon_core.shell:create_environment_hook('ainex_motion', 'pythonpath')
[18.205s] INFO:colcon.colcon_core.shell:Creating environment hook '/home/bilhr2025/Downloads/BILHR_T5/install/ainex_motion/share/ainex_motion/hook/pythonpath.ps1'
[18.205s] INFO:colcon.colcon_core.shell:Creating environment descriptor '/home/bilhr2025/Downloads/BILHR_T5/install/ainex_motion/share/ainex_motion/hook/pythonpath.dsv'
[18.205s] INFO:colcon.colcon_core.shell:Creating environment hook '/home/bilhr2025/Downloads/BILHR_T5/install/ainex_motion/share/ainex_motion/hook/pythonpath.sh'
[18.206s] Level 1:colcon.colcon_core.environment:checking '/home/bilhr2025/Downloads/BILHR_T5/install/ainex_motion/bin'
[18.206s] Level 1:colcon.colcon_core.environment:create_environment_scripts_only(ainex_motion)
[18.206s] INFO:colcon.colcon_core.shell:Creating package script '/home/bilhr2025/Downloads/BILHR_T5/install/ainex_motion/share/ainex_motion/package.ps1'
[18.207s] INFO:colcon.colcon_core.shell:Creating package descriptor '/home/bilhr2025/Downloads/BILHR_T5/install/ainex_motion/share/ainex_motion/package.dsv'
[18.207s] INFO:colcon.colcon_core.shell:Creating package script '/home/bilhr2025/Downloads/BILHR_T5/install/ainex_motion/share/ainex_motion/package.sh'
[18.207s] INFO:colcon.colcon_core.shell:Creating package script '/home/bilhr2025/Downloads/BILHR_T5/install/ainex_motion/share/ainex_motion/package.bash'
[18.208s] INFO:colcon.colcon_core.shell:Creating package script '/home/bilhr2025/Downloads/BILHR_T5/install/ainex_motion/share/ainex_motion/package.zsh'
[18.208s] Level 1:colcon.colcon_core.environment:create_file_with_runtime_dependencies(/home/bilhr2025/Downloads/BILHR_T5/install/ainex_motion/share/colcon-core/packages/ainex_motion)
[18.208s] DEBUG:colcon.colcon_parallel_executor.executor.parallel:closing loop
[18.208s] DEBUG:colcon.colcon_parallel_executor.executor.parallel:loop closed
[18.209s] DEBUG:colcon.colcon_parallel_executor.executor.parallel:run_until_complete finished with '0'
[18.209s] DEBUG:colcon.colcon_core.event_reactor:joining thread
[18.215s] INFO:colcon.colcon_core.plugin_system:Skipping extension 'colcon_notification.desktop_notification.terminal_notifier': Not used on non-Darwin systems
[18.215s] INFO:colcon.colcon_core.plugin_system:Skipping extension 'colcon_notification.desktop_notification.win32': Not used on non-Windows systems
[18.215s] INFO:colcon.colcon_notification.desktop_notification:Sending desktop notification using 'notify2'
[18.229s] DEBUG:colcon.colcon_core.event_reactor:joined thread
[18.229s] INFO:colcon.colcon_core.shell:Creating prefix script '/home/bilhr2025/Downloads/BILHR_T5/install/local_setup.ps1'
[18.230s] INFO:colcon.colcon_core.shell:Creating prefix util module '/home/bilhr2025/Downloads/BILHR_T5/install/_local_setup_util_ps1.py'
[18.231s] INFO:colcon.colcon_core.shell:Creating prefix chain script '/home/bilhr2025/Downloads/BILHR_T5/install/setup.ps1'
[18.232s] INFO:colcon.colcon_core.shell:Creating prefix script '/home/bilhr2025/Downloads/BILHR_T5/install/local_setup.sh'
[18.232s] INFO:colcon.colcon_core.shell:Creating prefix util module '/home/bilhr2025/Downloads/BILHR_T5/install/_local_setup_util_sh.py'
[18.233s] INFO:colcon.colcon_core.shell:Creating prefix chain script '/home/bilhr2025/Downloads/BILHR_T5/install/setup.sh'
[18.234s] INFO:colcon.colcon_core.shell:Creating prefix script '/home/bilhr2025/Downloads/BILHR_T5/install/local_setup.bash'
[18.234s] INFO:colcon.colcon_core.shell:Creating prefix chain script '/home/bilhr2025/Downloads/BILHR_T5/install/setup.bash'
[18.235s] INFO:colcon.colcon_core.shell:Creating prefix script '/home/bilhr2025/Downloads/BILHR_T5/install/local_setup.zsh'
[18.235s] INFO:colcon.colcon_core.shell:Creating prefix chain script '/home/bilhr2025/Downloads/BILHR_T5/install/setup.zsh'
