[1.330s] Invoking command in '/home/bilhr2025/Downloads/template_tB/ainex_bilhr_ws/src/ainex_vision': DEBUGINFOD_URLS=https://debuginfod.ubuntu.com PYTHONPATH=/home/bilhr2025/Downloads/template_tB/ainex_bilhr_ws/src/build/ainex_vision/prefix_override:/usr/lib/python3/dist-packages/colcon_core/task/python/colcon_distutils_commands:/home/bilhr2025/Downloads/template_tB/ainex_bilhr_ws/src/install/ainex_vision/lib/python3.12/site-packages:${PYTHONPATH} /usr/bin/python3 -W ignore:setup.py install is deprecated -W ignore:easy_install command is deprecated setup.py egg_info --egg-base ../build/ainex_vision build --build-base /home/bilhr2025/Downloads/template_tB/ainex_bilhr_ws/src/build/ainex_vision/build install --record /home/bilhr2025/Downloads/template_tB/ainex_bilhr_ws/src/build/ainex_vision/install.log --single-version-externally-managed install_data
[1.641s] running egg_info
[1.666s] writing ../build/ainex_vision/ainex_vision.egg-info/PKG-INFO
[1.666s] writing dependency_links to ../build/ainex_vision/ainex_vision.egg-info/dependency_links.txt
[1.666s] writing entry points to ../build/ainex_vision/ainex_vision.egg-info/entry_points.txt
[1.666s] writing requirements to ../build/ainex_vision/ainex_vision.egg-info/requires.txt
[1.667s] writing top-level names to ../build/ainex_vision/ainex_vision.egg-info/top_level.txt
[1.720s] reading manifest file '../build/ainex_vision/ainex_vision.egg-info/SOURCES.txt'
[1.721s] writing manifest file '../build/ainex_vision/ainex_vision.egg-info/SOURCES.txt'
[1.721s] running build
[1.721s] running build_py
[1.721s] copying ainex_vision/camera_sub.py -> /home/bilhr2025/Downloads/template_tB/ainex_bilhr_ws/src/build/ainex_vision/build/lib/ainex_vision
[1.722s] running install
[1.728s] running install_lib
[1.753s] copying /home/bilhr2025/Downloads/template_tB/ainex_bilhr_ws/src/build/ainex_vision/build/lib/ainex_vision/camera_sub.py -> /home/bilhr2025/Downloads/template_tB/ainex_bilhr_ws/src/install/ainex_vision/lib/python3.12/site-packages/ainex_vision
[1.754s] byte-compiling /home/bilhr2025/Downloads/template_tB/ainex_bilhr_ws/src/install/ainex_vision/lib/python3.12/site-packages/ainex_vision/camera_sub.py to camera_sub.cpython-312.pyc
[1.756s] running install_data
[1.756s] running install_egg_info
[1.781s] removing '/home/bilhr2025/Downloads/template_tB/ainex_bilhr_ws/src/install/ainex_vision/lib/python3.12/site-packages/ainex_vision-0.0.0-py3.12.egg-info' (and everything under it)
[1.782s] Copying ../build/ainex_vision/ainex_vision.egg-info to /home/bilhr2025/Downloads/template_tB/ainex_bilhr_ws/src/install/ainex_vision/lib/python3.12/site-packages/ainex_vision-0.0.0-py3.12.egg-info
[1.783s] running install_scripts
[1.949s] Installing camera_sub script to /home/bilhr2025/Downloads/template_tB/ainex_bilhr_ws/src/install/ainex_vision/lib/ainex_vision
[1.949s] writing list of installed files to '/home/bilhr2025/Downloads/template_tB/ainex_bilhr_ws/src/build/ainex_vision/install.log'
[1.994s] Invoked command in '/home/bilhr2025/Downloads/template_tB/ainex_bilhr_ws/src/ainex_vision' returned '0': DEBUGINFOD_URLS=https://debuginfod.ubuntu.com PYTHONPATH=/home/bilhr2025/Downloads/template_tB/ainex_bilhr_ws/src/build/ainex_vision/prefix_override:/usr/lib/python3/dist-packages/colcon_core/task/python/colcon_distutils_commands:/home/bilhr2025/Downloads/template_tB/ainex_bilhr_ws/src/install/ainex_vision/lib/python3.12/site-packages:${PYTHONPATH} /usr/bin/python3 -W ignore:setup.py install is deprecated -W ignore:easy_install command is deprecated setup.py egg_info --egg-base ../build/ainex_vision build --build-base /home/bilhr2025/Downloads/template_tB/ainex_bilhr_ws/src/build/ainex_vision/build install --record /home/bilhr2025/Downloads/template_tB/ainex_bilhr_ws/src/build/ainex_vision/install.log --single-version-externally-managed install_data
