[0.104s] DEBUG:colcon:Command line arguments: ['/usr/bin/colcon', 'build', '--symlink-install']
[0.104s] DEBUG:colcon:Parsed command line arguments: Namespace(log_base=None, log_level=None, verb_name='build', build_base='build', install_base='install', merge_install=False, symlink_install=True, test_result_base=None, continue_on_error=False, executor='parallel', parallel_workers=8, event_handlers=None, ignore_user_meta=False, metas=['./colcon.meta'], base_paths=['.'], packages_ignore=None, packages_ignore_regex=None, paths=None, packages_up_to=None, packages_up_to_regex=None, packages_above=None, packages_above_and_dependencies=None, packages_above_depth=None, packages_select_by_dep=None, packages_skip_by_dep=None, packages_skip_up_to=None, packages_select_build_failed=False, packages_skip_build_finished=False, packages_select_test_failures=False, packages_skip_test_passed=False, packages_select=None, packages_skip=None, packages_select_regex=None, packages_skip_regex=None, packages_start=None, packages_end=None, allow_overriding=[], cmake_args=None, cmake_target=None, cmake_target_skip_unavailable=False, cmake_clean_cache=False, cmake_clean_first=False, cmake_force_configure=False, ament_cmake_args=None, catkin_cmake_args=None, catkin_skip_building_tests=False, mixin_files=None, mixin=None, verb_parser=<colcon_mixin.mixin.mixin_argument.MixinArgumentDecorator object at 0x7d3cfd73d640>, verb_extension=<colcon_core.verb.build.BuildVerb object at 0x7d3cfd73d340>, main=<bound method BuildVerb.main of <colcon_core.verb.build.BuildVerb object at 0x7d3cfd73d340>>, mixin_verb=('build',))
[0.140s] Level 1:colcon.colcon_core.package_discovery:discover_packages(colcon_meta) check parameters
[0.140s] Level 1:colcon.colcon_core.package_discovery:discover_packages(recursive) check parameters
[0.140s] Level 1:colcon.colcon_core.package_discovery:discover_packages(ignore) check parameters
[0.140s] Level 1:colcon.colcon_core.package_discovery:discover_packages(path) check parameters
[0.140s] Level 1:colcon.colcon_core.package_discovery:discover_packages(colcon_meta) discover
[0.140s] Level 1:colcon.colcon_core.package_discovery:discover_packages(recursive) discover
[0.140s] INFO:colcon.colcon_core.package_discovery:Crawling recursively for packages in '/home/bilhr2025/Downloads/BILHR_T5'
[0.140s] Level 1:colcon.colcon_core.package_identification:_identify(.) by extensions ['ignore', 'ignore_ament_install']
[0.140s] Level 1:colcon.colcon_core.package_identification:_identify(.) by extension 'ignore'
[0.140s] Level 1:colcon.colcon_core.package_identification:_identify(.) by extension 'ignore_ament_install'
[0.140s] Level 1:colcon.colcon_core.package_identification:_identify(.) by extensions ['colcon_pkg']
[0.140s] Level 1:colcon.colcon_core.package_identification:_identify(.) by extension 'colcon_pkg'
[0.141s] Level 1:colcon.colcon_core.package_identification:_identify(.) by extensions ['colcon_meta']
[0.141s] Level 1:colcon.colcon_core.package_identification:_identify(.) by extension 'colcon_meta'
[0.141s] Level 1:colcon.colcon_core.package_identification:_identify(.) by extensions ['ros']
[0.141s] Level 1:colcon.colcon_core.package_identification:_identify(.) by extension 'ros'
[0.164s] Level 1:colcon.colcon_core.package_identification:_identify(.) by extensions ['cmake', 'python']
[0.164s] Level 1:colcon.colcon_core.package_identification:_identify(.) by extension 'cmake'
[0.164s] Level 1:colcon.colcon_core.package_identification:_identify(.) by extension 'python'
[0.164s] Level 1:colcon.colcon_core.package_identification:_identify(.) by extensions ['python_setup_py']
[0.164s] Level 1:colcon.colcon_core.package_identification:_identify(.) by extension 'python_setup_py'
[0.164s] Level 1:colcon.colcon_core.package_identification:_identify(build) by extensions ['ignore', 'ignore_ament_install']
[0.164s] Level 1:colcon.colcon_core.package_identification:_identify(build) by extension 'ignore'
[0.164s] Level 1:colcon.colcon_core.package_identification:_identify(build) ignored
[0.164s] Level 1:colcon.colcon_core.package_identification:_identify(install) by extensions ['ignore', 'ignore_ament_install']
[0.164s] Level 1:colcon.colcon_core.package_identification:_identify(install) by extension 'ignore'
[0.164s] Level 1:colcon.colcon_core.package_identification:_identify(install) ignored
[0.164s] Level 1:colcon.colcon_core.package_identification:_identify(log) by extensions ['ignore', 'ignore_ament_install']
[0.164s] Level 1:colcon.colcon_core.package_identification:_identify(log) by extension 'ignore'
[0.164s] Level 1:colcon.colcon_core.package_identification:_identify(log) ignored
[0.165s] Level 1:colcon.colcon_core.package_identification:_identify(src) by extensions ['ignore', 'ignore_ament_install']
[0.165s] Level 1:colcon.colcon_core.package_identification:_identify(src) by extension 'ignore'
[0.165s] Level 1:colcon.colcon_core.package_identification:_identify(src) by extension 'ignore_ament_install'
[0.165s] Level 1:colcon.colcon_core.package_identification:_identify(src) by extensions ['colcon_pkg']
[0.165s] Level 1:colcon.colcon_core.package_identification:_identify(src) by extension 'colcon_pkg'
[0.165s] Level 1:colcon.colcon_core.package_identification:_identify(src) by extensions ['colcon_meta']
[0.165s] Level 1:colcon.colcon_core.package_identification:_identify(src) by extension 'colcon_meta'
[0.165s] Level 1:colcon.colcon_core.package_identification:_identify(src) by extensions ['ros']
[0.165s] Level 1:colcon.colcon_core.package_identification:_identify(src) by extension 'ros'
[0.165s] Level 1:colcon.colcon_core.package_identification:_identify(src) by extensions ['cmake', 'python']
[0.165s] Level 1:colcon.colcon_core.package_identification:_identify(src) by extension 'cmake'
[0.165s] Level 1:colcon.colcon_core.package_identification:_identify(src) by extension 'python'
[0.165s] Level 1:colcon.colcon_core.package_identification:_identify(src) by extensions ['python_setup_py']
[0.165s] Level 1:colcon.colcon_core.package_identification:_identify(src) by extension 'python_setup_py'
[0.165s] Level 1:colcon.colcon_core.package_identification:_identify(src/ainex_motion) by extensions ['ignore', 'ignore_ament_install']
[0.165s] Level 1:colcon.colcon_core.package_identification:_identify(src/ainex_motion) by extension 'ignore'
[0.165s] Level 1:colcon.colcon_core.package_identification:_identify(src/ainex_motion) by extension 'ignore_ament_install'
[0.165s] Level 1:colcon.colcon_core.package_identification:_identify(src/ainex_motion) by extensions ['colcon_pkg']
[0.165s] Level 1:colcon.colcon_core.package_identification:_identify(src/ainex_motion) by extension 'colcon_pkg'
[0.165s] Level 1:colcon.colcon_core.package_identification:_identify(src/ainex_motion) by extensions ['colcon_meta']
[0.165s] Level 1:colcon.colcon_core.package_identification:_identify(src/ainex_motion) by extension 'colcon_meta'
[0.165s] Level 1:colcon.colcon_core.package_identification:_identify(src/ainex_motion) by extensions ['ros']
[0.165s] Level 1:colcon.colcon_core.package_identification:_identify(src/ainex_motion) by extension 'ros'
[0.168s] DEBUG:colcon.colcon_core.package_identification:Package 'src/ainex_motion' with type 'ros.ament_python' and name 'ainex_motion'
[0.168s] Level 1:colcon.colcon_core.package_identification:_identify(src/ainex_neural_control) by extensions ['ignore', 'ignore_ament_install']
[0.168s] Level 1:colcon.colcon_core.package_identification:_identify(src/ainex_neural_control) by extension 'ignore'
[0.168s] Level 1:colcon.colcon_core.package_identification:_identify(src/ainex_neural_control) by extension 'ignore_ament_install'
[0.168s] Level 1:colcon.colcon_core.package_identification:_identify(src/ainex_neural_control) by extensions ['colcon_pkg']
[0.168s] Level 1:colcon.colcon_core.package_identification:_identify(src/ainex_neural_control) by extension 'colcon_pkg'
[0.168s] Level 1:colcon.colcon_core.package_identification:_identify(src/ainex_neural_control) by extensions ['colcon_meta']
[0.168s] Level 1:colcon.colcon_core.package_identification:_identify(src/ainex_neural_control) by extension 'colcon_meta'
[0.168s] Level 1:colcon.colcon_core.package_identification:_identify(src/ainex_neural_control) by extensions ['ros']
[0.168s] Level 1:colcon.colcon_core.package_identification:_identify(src/ainex_neural_control) by extension 'ros'
[0.169s] DEBUG:colcon.colcon_core.package_identification:Package 'src/ainex_neural_control' with type 'ros.ament_python' and name 'ainex_neural_control'
[0.169s] Level 1:colcon.colcon_core.package_identification:_identify(src/ainex_vision) by extensions ['ignore', 'ignore_ament_install']
[0.169s] Level 1:colcon.colcon_core.package_identification:_identify(src/ainex_vision) by extension 'ignore'
[0.169s] Level 1:colcon.colcon_core.package_identification:_identify(src/ainex_vision) by extension 'ignore_ament_install'
[0.169s] Level 1:colcon.colcon_core.package_identification:_identify(src/ainex_vision) by extensions ['colcon_pkg']
[0.169s] Level 1:colcon.colcon_core.package_identification:_identify(src/ainex_vision) by extension 'colcon_pkg'
[0.169s] Level 1:colcon.colcon_core.package_identification:_identify(src/ainex_vision) by extensions ['colcon_meta']
[0.169s] Level 1:colcon.colcon_core.package_identification:_identify(src/ainex_vision) by extension 'colcon_meta'
[0.169s] Level 1:colcon.colcon_core.package_identification:_identify(src/ainex_vision) by extensions ['ros']
[0.169s] Level 1:colcon.colcon_core.package_identification:_identify(src/ainex_vision) by extension 'ros'
[0.170s] DEBUG:colcon.colcon_core.package_identification:Package 'src/ainex_vision' with type 'ros.ament_python' and name 'ainex_vision'
[0.170s] Level 1:colcon.colcon_core.package_identification:_identify(src/build) by extensions ['ignore', 'ignore_ament_install']
[0.170s] Level 1:colcon.colcon_core.package_identification:_identify(src/build) by extension 'ignore'
[0.170s] Level 1:colcon.colcon_core.package_identification:_identify(src/build) ignored
[0.170s] Level 1:colcon.colcon_core.package_identification:_identify(src/install) by extensions ['ignore', 'ignore_ament_install']
[0.170s] Level 1:colcon.colcon_core.package_identification:_identify(src/install) by extension 'ignore'
[0.170s] Level 1:colcon.colcon_core.package_identification:_identify(src/install) ignored
[0.170s] Level 1:colcon.colcon_core.package_identification:_identify(src/log) by extensions ['ignore', 'ignore_ament_install']
[0.170s] Level 1:colcon.colcon_core.package_identification:_identify(src/log) by extension 'ignore'
[0.170s] Level 1:colcon.colcon_core.package_identification:_identify(src/log) ignored
[0.170s] Level 1:colcon.colcon_core.package_identification:_identify(src/servo_service) by extensions ['ignore', 'ignore_ament_install']
[0.170s] Level 1:colcon.colcon_core.package_identification:_identify(src/servo_service) by extension 'ignore'
[0.170s] Level 1:colcon.colcon_core.package_identification:_identify(src/servo_service) by extension 'ignore_ament_install'
[0.170s] Level 1:colcon.colcon_core.package_identification:_identify(src/servo_service) by extensions ['colcon_pkg']
[0.170s] Level 1:colcon.colcon_core.package_identification:_identify(src/servo_service) by extension 'colcon_pkg'
[0.171s] Level 1:colcon.colcon_core.package_identification:_identify(src/servo_service) by extensions ['colcon_meta']
[0.171s] Level 1:colcon.colcon_core.package_identification:_identify(src/servo_service) by extension 'colcon_meta'
[0.171s] Level 1:colcon.colcon_core.package_identification:_identify(src/servo_service) by extensions ['ros']
[0.171s] Level 1:colcon.colcon_core.package_identification:_identify(src/servo_service) by extension 'ros'
[0.171s] DEBUG:colcon.colcon_core.package_identification:Package 'src/servo_service' with type 'ros.ament_cmake' and name 'servo_service'
[0.171s] Level 1:colcon.colcon_core.package_discovery:discover_packages(recursive) using defaults
[0.171s] Level 1:colcon.colcon_core.package_discovery:discover_packages(ignore) discover
[0.171s] Level 1:colcon.colcon_core.package_discovery:discover_packages(ignore) using defaults
[0.171s] Level 1:colcon.colcon_core.package_discovery:discover_packages(path) discover
[0.171s] Level 1:colcon.colcon_core.package_discovery:discover_packages(path) using defaults
[0.187s] Level 1:colcon.colcon_core.package_discovery:discover_packages(prefix_path) check parameters
[0.187s] Level 1:colcon.colcon_core.package_discovery:discover_packages(prefix_path) discover
[0.188s] WARNING:colcon.colcon_ros.prefix_path.ament:The path '/home/bilhr2025/Downloads/BILHR_T5/install/ainex_motion' in the environment variable AMENT_PREFIX_PATH doesn't exist
[0.188s] WARNING:colcon.colcon_ros.prefix_path.ament:The path '/home/bilhr2025/Downloads/BILHR_T5/install/servo_service' in the environment variable AMENT_PREFIX_PATH doesn't exist
[0.188s] WARNING:colcon.colcon_ros.prefix_path.ament:The path '/home/bilhr2025/Downloads/BILHR_T5/install/ainex_vision' in the environment variable AMENT_PREFIX_PATH doesn't exist
[0.188s] WARNING:colcon.colcon_ros.prefix_path.ament:The path '/home/bilhr2025/Downloads/BILHR_T5/install/ainex_neural_control' in the environment variable AMENT_PREFIX_PATH doesn't exist
[0.188s] WARNING:colcon.colcon_ros.prefix_path.catkin:The path '/home/bilhr2025/Downloads/BILHR_T5/install/servo_service' in the environment variable CMAKE_PREFIX_PATH doesn't exist
[0.189s] DEBUG:colcon.colcon_installed_package_information.package_discovery:Found 0 installed packages in /home/bilhr2025/Downloads/BILHR_T5/install
[0.191s] DEBUG:colcon.colcon_installed_package_information.package_discovery:Found 325 installed packages in /opt/ros/jazzy
[0.192s] Level 1:colcon.colcon_core.package_discovery:discover_packages(prefix_path) using defaults
[0.241s] Level 5:colcon.colcon_core.verb:set package 'ainex_neural_control' build argument 'cmake_args' from command line to 'None'
[0.241s] Level 5:colcon.colcon_core.verb:set package 'ainex_neural_control' build argument 'cmake_target' from command line to 'None'
[0.241s] Level 5:colcon.colcon_core.verb:set package 'ainex_neural_control' build argument 'cmake_target_skip_unavailable' from command line to 'False'
[0.241s] Level 5:colcon.colcon_core.verb:set package 'ainex_neural_control' build argument 'cmake_clean_cache' from command line to 'False'
[0.241s] Level 5:colcon.colcon_core.verb:set package 'ainex_neural_control' build argument 'cmake_clean_first' from command line to 'False'
[0.241s] Level 5:colcon.colcon_core.verb:set package 'ainex_neural_control' build argument 'cmake_force_configure' from command line to 'False'
[0.241s] Level 5:colcon.colcon_core.verb:set package 'ainex_neural_control' build argument 'ament_cmake_args' from command line to 'None'
[0.241s] Level 5:colcon.colcon_core.verb:set package 'ainex_neural_control' build argument 'catkin_cmake_args' from command line to 'None'
[0.241s] Level 5:colcon.colcon_core.verb:set package 'ainex_neural_control' build argument 'catkin_skip_building_tests' from command line to 'False'
[0.241s] DEBUG:colcon.colcon_core.verb:Building package 'ainex_neural_control' with the following arguments: {'ament_cmake_args': None, 'build_base': '/home/bilhr2025/Downloads/BILHR_T5/build/ainex_neural_control', 'catkin_cmake_args': None, 'catkin_skip_building_tests': False, 'cmake_args': None, 'cmake_clean_cache': False, 'cmake_clean_first': False, 'cmake_force_configure': False, 'cmake_target': None, 'cmake_target_skip_unavailable': False, 'install_base': '/home/bilhr2025/Downloads/BILHR_T5/install/ainex_neural_control', 'merge_install': False, 'path': '/home/bilhr2025/Downloads/BILHR_T5/src/ainex_neural_control', 'symlink_install': True, 'test_result_base': None}
[0.242s] Level 5:colcon.colcon_core.verb:set package 'ainex_vision' build argument 'cmake_args' from command line to 'None'
[0.242s] Level 5:colcon.colcon_core.verb:set package 'ainex_vision' build argument 'cmake_target' from command line to 'None'
[0.242s] Level 5:colcon.colcon_core.verb:set package 'ainex_vision' build argument 'cmake_target_skip_unavailable' from command line to 'False'
[0.242s] Level 5:colcon.colcon_core.verb:set package 'ainex_vision' build argument 'cmake_clean_cache' from command line to 'False'
[0.242s] Level 5:colcon.colcon_core.verb:set package 'ainex_vision' build argument 'cmake_clean_first' from command line to 'False'
[0.242s] Level 5:colcon.colcon_core.verb:set package 'ainex_vision' build argument 'cmake_force_configure' from command line to 'False'
[0.242s] Level 5:colcon.colcon_core.verb:set package 'ainex_vision' build argument 'ament_cmake_args' from command line to 'None'
[0.242s] Level 5:colcon.colcon_core.verb:set package 'ainex_vision' build argument 'catkin_cmake_args' from command line to 'None'
[0.242s] Level 5:colcon.colcon_core.verb:set package 'ainex_vision' build argument 'catkin_skip_building_tests' from command line to 'False'
[0.242s] DEBUG:colcon.colcon_core.verb:Building package 'ainex_vision' with the following arguments: {'ament_cmake_args': None, 'build_base': '/home/bilhr2025/Downloads/BILHR_T5/build/ainex_vision', 'catkin_cmake_args': None, 'catkin_skip_building_tests': False, 'cmake_args': None, 'cmake_clean_cache': False, 'cmake_clean_first': False, 'cmake_force_configure': False, 'cmake_target': None, 'cmake_target_skip_unavailable': False, 'install_base': '/home/bilhr2025/Downloads/BILHR_T5/install/ainex_vision', 'merge_install': False, 'path': '/home/bilhr2025/Downloads/BILHR_T5/src/ainex_vision', 'symlink_install': True, 'test_result_base': None}
[0.242s] Level 5:colcon.colcon_core.verb:set package 'servo_service' build argument 'cmake_args' from command line to 'None'
[0.242s] Level 5:colcon.colcon_core.verb:set package 'servo_service' build argument 'cmake_target' from command line to 'None'
[0.242s] Level 5:colcon.colcon_core.verb:set package 'servo_service' build argument 'cmake_target_skip_unavailable' from command line to 'False'
[0.242s] Level 5:colcon.colcon_core.verb:set package 'servo_service' build argument 'cmake_clean_cache' from command line to 'False'
[0.242s] Level 5:colcon.colcon_core.verb:set package 'servo_service' build argument 'cmake_clean_first' from command line to 'False'
[0.242s] Level 5:colcon.colcon_core.verb:set package 'servo_service' build argument 'cmake_force_configure' from command line to 'False'
[0.242s] Level 5:colcon.colcon_core.verb:set package 'servo_service' build argument 'ament_cmake_args' from command line to 'None'
[0.242s] Level 5:colcon.colcon_core.verb:set package 'servo_service' build argument 'catkin_cmake_args' from command line to 'None'
[0.242s] Level 5:colcon.colcon_core.verb:set package 'servo_service' build argument 'catkin_skip_building_tests' from command line to 'False'
[0.242s] DEBUG:colcon.colcon_core.verb:Building package 'servo_service' with the following arguments: {'ament_cmake_args': None, 'build_base': '/home/bilhr2025/Downloads/BILHR_T5/build/servo_service', 'catkin_cmake_args': None, 'catkin_skip_building_tests': False, 'cmake_args': None, 'cmake_clean_cache': False, 'cmake_clean_first': False, 'cmake_force_configure': False, 'cmake_target': None, 'cmake_target_skip_unavailable': False, 'install_base': '/home/bilhr2025/Downloads/BILHR_T5/install/servo_service', 'merge_install': False, 'path': '/home/bilhr2025/Downloads/BILHR_T5/src/servo_service', 'symlink_install': True, 'test_result_base': None}
[0.242s] Level 5:colcon.colcon_core.verb:set package 'ainex_motion' build argument 'cmake_args' from command line to 'None'
[0.242s] Level 5:colcon.colcon_core.verb:set package 'ainex_motion' build argument 'cmake_target' from command line to 'None'
[0.243s] Level 5:colcon.colcon_core.verb:set package 'ainex_motion' build argument 'cmake_target_skip_unavailable' from command line to 'False'
[0.243s] Level 5:colcon.colcon_core.verb:set package 'ainex_motion' build argument 'cmake_clean_cache' from command line to 'False'
[0.243s] Level 5:colcon.colcon_core.verb:set package 'ainex_motion' build argument 'cmake_clean_first' from command line to 'False'
[0.243s] Level 5:colcon.colcon_core.verb:set package 'ainex_motion' build argument 'cmake_force_configure' from command line to 'False'
[0.243s] Level 5:colcon.colcon_core.verb:set package 'ainex_motion' build argument 'ament_cmake_args' from command line to 'None'
[0.243s] Level 5:colcon.colcon_core.verb:set package 'ainex_motion' build argument 'catkin_cmake_args' from command line to 'None'
[0.243s] Level 5:colcon.colcon_core.verb:set package 'ainex_motion' build argument 'catkin_skip_building_tests' from command line to 'False'
[0.243s] DEBUG:colcon.colcon_core.verb:Building package 'ainex_motion' with the following arguments: {'ament_cmake_args': None, 'build_base': '/home/bilhr2025/Downloads/BILHR_T5/build/ainex_motion', 'catkin_cmake_args': None, 'catkin_skip_building_tests': False, 'cmake_args': None, 'cmake_clean_cache': False, 'cmake_clean_first': False, 'cmake_force_configure': False, 'cmake_target': None, 'cmake_target_skip_unavailable': False, 'install_base': '/home/bilhr2025/Downloads/BILHR_T5/install/ainex_motion', 'merge_install': False, 'path': '/home/bilhr2025/Downloads/BILHR_T5/src/ainex_motion', 'symlink_install': True, 'test_result_base': None}
[0.243s] INFO:colcon.colcon_core.executor:Executing jobs using 'parallel' executor
[0.244s] DEBUG:colcon.colcon_parallel_executor.executor.parallel:run_until_complete
[0.244s] INFO:colcon.colcon_ros.task.ament_cmake.build:Building ROS package in '/home/bilhr2025/Downloads/BILHR_T5/src/servo_service' with build type 'ament_cmake'
[0.244s] INFO:colcon.colcon_cmake.task.cmake.build:Building CMake package in '/home/bilhr2025/Downloads/BILHR_T5/src/servo_service'
[0.246s] INFO:colcon.colcon_core.plugin_system:Skipping extension 'colcon_core.shell.bat': Not used on non-Windows systems
[0.246s] INFO:colcon.colcon_core.shell:Skip shell extension 'powershell' for command environment: Not usable outside of PowerShell
[0.246s] DEBUG:colcon.colcon_core.shell:Skip shell extension 'dsv' for command environment
[0.249s] INFO:colcon.colcon_ros.task.ament_python.build:Building ROS package in '/home/bilhr2025/Downloads/BILHR_T5/src/ainex_neural_control' with build type 'ament_python'
[0.250s] Level 1:colcon.colcon_core.shell:create_environment_hook('ainex_neural_control', 'ament_prefix_path')
[0.250s] INFO:colcon.colcon_core.shell:Creating environment hook '/home/bilhr2025/Downloads/BILHR_T5/install/ainex_neural_control/share/ainex_neural_control/hook/ament_prefix_path.ps1'
[0.251s] INFO:colcon.colcon_core.shell:Creating environment descriptor '/home/bilhr2025/Downloads/BILHR_T5/install/ainex_neural_control/share/ainex_neural_control/hook/ament_prefix_path.dsv'
[0.251s] INFO:colcon.colcon_core.shell:Creating environment hook '/home/bilhr2025/Downloads/BILHR_T5/install/ainex_neural_control/share/ainex_neural_control/hook/ament_prefix_path.sh'
[0.251s] INFO:colcon.colcon_core.shell:Skip shell extension 'powershell' for command environment: Not usable outside of PowerShell
[0.252s] DEBUG:colcon.colcon_core.shell:Skip shell extension 'dsv' for command environment
[0.255s] INFO:colcon.colcon_ros.task.ament_python.build:Building ROS package in '/home/bilhr2025/Downloads/BILHR_T5/src/ainex_vision' with build type 'ament_python'
[0.255s] Level 1:colcon.colcon_core.shell:create_environment_hook('ainex_vision', 'ament_prefix_path')
[0.255s] INFO:colcon.colcon_core.shell:Creating environment hook '/home/bilhr2025/Downloads/BILHR_T5/install/ainex_vision/share/ainex_vision/hook/ament_prefix_path.ps1'
[0.255s] INFO:colcon.colcon_core.shell:Creating environment descriptor '/home/bilhr2025/Downloads/BILHR_T5/install/ainex_vision/share/ainex_vision/hook/ament_prefix_path.dsv'
[0.256s] INFO:colcon.colcon_core.shell:Creating environment hook '/home/bilhr2025/Downloads/BILHR_T5/install/ainex_vision/share/ainex_vision/hook/ament_prefix_path.sh'
[0.256s] INFO:colcon.colcon_core.shell:Skip shell extension 'powershell' for command environment: Not usable outside of PowerShell
[0.256s] DEBUG:colcon.colcon_core.shell:Skip shell extension 'dsv' for command environment
[0.262s] DEBUG:colcon.colcon_core.event_handler.log_command:Invoking command in '/home/bilhr2025/Downloads/BILHR_T5/build/servo_service': CMAKE_PREFIX_PATH=${CMAKE_PREFIX_PATH}:/home/bilhr2025/Downloads/BILHR_T5/install/ainex_motion:/home/bilhr2025/Downloads/BILHR_T5/install/ainex_vision:/home/bilhr2025/Downloads/BILHR_T5/install/ainex_neural_control:/opt/ros/jazzy DEBUGINFOD_URLS=https://debuginfod.ubuntu.com /usr/bin/cmake /home/bilhr2025/Downloads/BILHR_T5/src/servo_service -DAMENT_CMAKE_SYMLINK_INSTALL=1 -DCMAKE_INSTALL_PREFIX=/home/bilhr2025/Downloads/BILHR_T5/install/servo_service
[0.497s] INFO:colcon.colcon_core.task.python.build:Building Python package in '/home/bilhr2025/Downloads/BILHR_T5/src/ainex_neural_control'
[0.497s] INFO:colcon.colcon_core.shell:Skip shell extension 'powershell' for command environment: Not usable outside of PowerShell
[0.497s] DEBUG:colcon.colcon_core.shell:Skip shell extension 'dsv' for command environment
[0.739s] INFO:colcon.colcon_core.task.python.build:Building Python package in '/home/bilhr2025/Downloads/BILHR_T5/src/ainex_vision'
[0.739s] INFO:colcon.colcon_core.shell:Skip shell extension 'powershell' for command environment: Not usable outside of PowerShell
[0.739s] DEBUG:colcon.colcon_core.shell:Skip shell extension 'dsv' for command environment
[1.432s] DEBUG:colcon.colcon_core.event_handler.log_command:Invoking command in '/home/bilhr2025/Downloads/BILHR_T5/build/ainex_vision': DEBUGINFOD_URLS=https://debuginfod.ubuntu.com PYTHONPATH=/home/bilhr2025/Downloads/BILHR_T5/build/ainex_vision/prefix_override:/usr/lib/python3/dist-packages/colcon_core/task/python/colcon_distutils_commands:/home/bilhr2025/Downloads/BILHR_T5/install/ainex_vision/lib/python3.12/site-packages:${PYTHONPATH} /usr/bin/python3 -W ignore:setup.py install is deprecated -W ignore:easy_install command is deprecated setup.py develop --editable --build-directory /home/bilhr2025/Downloads/BILHR_T5/build/ainex_vision/build --no-deps symlink_data
[1.440s] DEBUG:colcon.colcon_core.event_handler.log_command:Invoking command in '/home/bilhr2025/Downloads/BILHR_T5/build/ainex_neural_control': DEBUGINFOD_URLS=https://debuginfod.ubuntu.com PYTHONPATH=/home/bilhr2025/Downloads/BILHR_T5/build/ainex_neural_control/prefix_override:/usr/lib/python3/dist-packages/colcon_core/task/python/colcon_distutils_commands:/home/bilhr2025/Downloads/BILHR_T5/install/ainex_neural_control/lib/python3.12/site-packages:${PYTHONPATH} /usr/bin/python3 -W ignore:setup.py install is deprecated -W ignore:easy_install command is deprecated setup.py develop --editable --build-directory /home/bilhr2025/Downloads/BILHR_T5/build/ainex_neural_control/build --no-deps symlink_data
[2.187s] Level 1:colcon.colcon_core.shell:create_environment_hook('ainex_vision', 'pythonpath_develop')
[2.188s] INFO:colcon.colcon_core.shell:Creating environment hook '/home/bilhr2025/Downloads/BILHR_T5/build/ainex_vision/share/ainex_vision/hook/pythonpath_develop.ps1'
[2.188s] DEBUG:colcon.colcon_core.event_handler.log_command:Invoked command in '/home/bilhr2025/Downloads/BILHR_T5/build/ainex_vision' returned '0': DEBUGINFOD_URLS=https://debuginfod.ubuntu.com PYTHONPATH=/home/bilhr2025/Downloads/BILHR_T5/build/ainex_vision/prefix_override:/usr/lib/python3/dist-packages/colcon_core/task/python/colcon_distutils_commands:/home/bilhr2025/Downloads/BILHR_T5/install/ainex_vision/lib/python3.12/site-packages:${PYTHONPATH} /usr/bin/python3 -W ignore:setup.py install is deprecated -W ignore:easy_install command is deprecated setup.py develop --editable --build-directory /home/bilhr2025/Downloads/BILHR_T5/build/ainex_vision/build --no-deps symlink_data
[2.189s] INFO:colcon.colcon_core.shell:Creating environment descriptor '/home/bilhr2025/Downloads/BILHR_T5/build/ainex_vision/share/ainex_vision/hook/pythonpath_develop.dsv'
[2.189s] INFO:colcon.colcon_core.shell:Creating environment hook '/home/bilhr2025/Downloads/BILHR_T5/build/ainex_vision/share/ainex_vision/hook/pythonpath_develop.sh'
[2.191s] Level 1:colcon.colcon_core.environment:checking '/home/bilhr2025/Downloads/BILHR_T5/install/ainex_vision' for CMake module files
[2.192s] Level 1:colcon.colcon_core.environment:checking '/home/bilhr2025/Downloads/BILHR_T5/install/ainex_vision' for CMake config files
[2.192s] Level 1:colcon.colcon_core.environment:checking '/home/bilhr2025/Downloads/BILHR_T5/install/ainex_vision/lib'
[2.192s] Level 1:colcon.colcon_core.environment:checking '/home/bilhr2025/Downloads/BILHR_T5/install/ainex_vision/bin'
[2.192s] Level 1:colcon.colcon_core.environment:checking '/home/bilhr2025/Downloads/BILHR_T5/install/ainex_vision/lib/pkgconfig/ainex_vision.pc'
[2.193s] Level 1:colcon.colcon_core.environment:checking '/home/bilhr2025/Downloads/BILHR_T5/install/ainex_vision/lib/python3.12/site-packages'
[2.193s] Level 1:colcon.colcon_core.shell:create_environment_hook('ainex_vision', 'pythonpath')
[2.193s] INFO:colcon.colcon_core.shell:Creating environment hook '/home/bilhr2025/Downloads/BILHR_T5/install/ainex_vision/share/ainex_vision/hook/pythonpath.ps1'
[2.193s] INFO:colcon.colcon_core.shell:Creating environment descriptor '/home/bilhr2025/Downloads/BILHR_T5/install/ainex_vision/share/ainex_vision/hook/pythonpath.dsv'
[2.194s] INFO:colcon.colcon_core.shell:Creating environment hook '/home/bilhr2025/Downloads/BILHR_T5/install/ainex_vision/share/ainex_vision/hook/pythonpath.sh'
[2.194s] Level 1:colcon.colcon_core.environment:checking '/home/bilhr2025/Downloads/BILHR_T5/install/ainex_vision/bin'
[2.194s] Level 1:colcon.colcon_core.environment:create_environment_scripts_only(ainex_vision)
[2.194s] INFO:colcon.colcon_core.shell:Creating package script '/home/bilhr2025/Downloads/BILHR_T5/install/ainex_vision/share/ainex_vision/package.ps1'
[2.195s] INFO:colcon.colcon_core.shell:Creating package descriptor '/home/bilhr2025/Downloads/BILHR_T5/install/ainex_vision/share/ainex_vision/package.dsv'
[2.196s] INFO:colcon.colcon_core.shell:Creating package script '/home/bilhr2025/Downloads/BILHR_T5/install/ainex_vision/share/ainex_vision/package.sh'
[2.196s] INFO:colcon.colcon_core.shell:Creating package script '/home/bilhr2025/Downloads/BILHR_T5/install/ainex_vision/share/ainex_vision/package.bash'
[2.197s] INFO:colcon.colcon_core.shell:Creating package script '/home/bilhr2025/Downloads/BILHR_T5/install/ainex_vision/share/ainex_vision/package.zsh'
[2.197s] Level 1:colcon.colcon_core.environment:create_file_with_runtime_dependencies(/home/bilhr2025/Downloads/BILHR_T5/install/ainex_vision/share/colcon-core/packages/ainex_vision)
[2.202s] Level 1:colcon.colcon_core.shell:create_environment_hook('ainex_neural_control', 'pythonpath_develop')
[2.202s] DEBUG:colcon.colcon_core.event_handler.log_command:Invoked command in '/home/bilhr2025/Downloads/BILHR_T5/build/ainex_neural_control' returned '0': DEBUGINFOD_URLS=https://debuginfod.ubuntu.com PYTHONPATH=/home/bilhr2025/Downloads/BILHR_T5/build/ainex_neural_control/prefix_override:/usr/lib/python3/dist-packages/colcon_core/task/python/colcon_distutils_commands:/home/bilhr2025/Downloads/BILHR_T5/install/ainex_neural_control/lib/python3.12/site-packages:${PYTHONPATH} /usr/bin/python3 -W ignore:setup.py install is deprecated -W ignore:easy_install command is deprecated setup.py develop --editable --build-directory /home/bilhr2025/Downloads/BILHR_T5/build/ainex_neural_control/build --no-deps symlink_data
[2.202s] INFO:colcon.colcon_core.shell:Creating environment hook '/home/bilhr2025/Downloads/BILHR_T5/build/ainex_neural_control/share/ainex_neural_control/hook/pythonpath_develop.ps1'
[2.203s] INFO:colcon.colcon_core.shell:Creating environment descriptor '/home/bilhr2025/Downloads/BILHR_T5/build/ainex_neural_control/share/ainex_neural_control/hook/pythonpath_develop.dsv'
[2.203s] INFO:colcon.colcon_core.shell:Creating environment hook '/home/bilhr2025/Downloads/BILHR_T5/build/ainex_neural_control/share/ainex_neural_control/hook/pythonpath_develop.sh'
[2.204s] Level 1:colcon.colcon_core.environment:checking '/home/bilhr2025/Downloads/BILHR_T5/install/ainex_neural_control' for CMake module files
[2.204s] Level 1:colcon.colcon_core.environment:checking '/home/bilhr2025/Downloads/BILHR_T5/install/ainex_neural_control' for CMake config files
[2.204s] Level 1:colcon.colcon_core.environment:checking '/home/bilhr2025/Downloads/BILHR_T5/install/ainex_neural_control/lib'
[2.205s] Level 1:colcon.colcon_core.environment:checking '/home/bilhr2025/Downloads/BILHR_T5/install/ainex_neural_control/bin'
[2.205s] Level 1:colcon.colcon_core.environment:checking '/home/bilhr2025/Downloads/BILHR_T5/install/ainex_neural_control/lib/pkgconfig/ainex_neural_control.pc'
[2.205s] Level 1:colcon.colcon_core.environment:checking '/home/bilhr2025/Downloads/BILHR_T5/install/ainex_neural_control/lib/python3.12/site-packages'
[2.205s] Level 1:colcon.colcon_core.shell:create_environment_hook('ainex_neural_control', 'pythonpath')
[2.205s] INFO:colcon.colcon_core.shell:Creating environment hook '/home/bilhr2025/Downloads/BILHR_T5/install/ainex_neural_control/share/ainex_neural_control/hook/pythonpath.ps1'
[2.205s] INFO:colcon.colcon_core.shell:Creating environment descriptor '/home/bilhr2025/Downloads/BILHR_T5/install/ainex_neural_control/share/ainex_neural_control/hook/pythonpath.dsv'
[2.206s] INFO:colcon.colcon_core.shell:Creating environment hook '/home/bilhr2025/Downloads/BILHR_T5/install/ainex_neural_control/share/ainex_neural_control/hook/pythonpath.sh'
[2.206s] Level 1:colcon.colcon_core.environment:checking '/home/bilhr2025/Downloads/BILHR_T5/install/ainex_neural_control/bin'
[2.206s] Level 1:colcon.colcon_core.environment:create_environment_scripts_only(ainex_neural_control)
[2.206s] INFO:colcon.colcon_core.shell:Creating package script '/home/bilhr2025/Downloads/BILHR_T5/install/ainex_neural_control/share/ainex_neural_control/package.ps1'
[2.207s] INFO:colcon.colcon_core.shell:Creating package descriptor '/home/bilhr2025/Downloads/BILHR_T5/install/ainex_neural_control/share/ainex_neural_control/package.dsv'
[2.207s] INFO:colcon.colcon_core.shell:Creating package script '/home/bilhr2025/Downloads/BILHR_T5/install/ainex_neural_control/share/ainex_neural_control/package.sh'
[2.208s] INFO:colcon.colcon_core.shell:Creating package script '/home/bilhr2025/Downloads/BILHR_T5/install/ainex_neural_control/share/ainex_neural_control/package.bash'
[2.208s] INFO:colcon.colcon_core.shell:Creating package script '/home/bilhr2025/Downloads/BILHR_T5/install/ainex_neural_control/share/ainex_neural_control/package.zsh'
[2.208s] Level 1:colcon.colcon_core.environment:create_file_with_runtime_dependencies(/home/bilhr2025/Downloads/BILHR_T5/install/ainex_neural_control/share/colcon-core/packages/ainex_neural_control)
[4.186s] DEBUG:colcon.colcon_core.event_handler.log_command:Invoked command in '/home/bilhr2025/Downloads/BILHR_T5/build/servo_service' returned '0': CMAKE_PREFIX_PATH=${CMAKE_PREFIX_PATH}:/home/bilhr2025/Downloads/BILHR_T5/install/ainex_motion:/home/bilhr2025/Downloads/BILHR_T5/install/ainex_vision:/home/bilhr2025/Downloads/BILHR_T5/install/ainex_neural_control:/opt/ros/jazzy DEBUGINFOD_URLS=https://debuginfod.ubuntu.com /usr/bin/cmake /home/bilhr2025/Downloads/BILHR_T5/src/servo_service -DAMENT_CMAKE_SYMLINK_INSTALL=1 -DCMAKE_INSTALL_PREFIX=/home/bilhr2025/Downloads/BILHR_T5/install/servo_service
[4.188s] DEBUG:colcon.colcon_core.event_handler.log_command:Invoking command in '/home/bilhr2025/Downloads/BILHR_T5/build/servo_service': CMAKE_PREFIX_PATH=${CMAKE_PREFIX_PATH}:/home/bilhr2025/Downloads/BILHR_T5/install/ainex_motion:/home/bilhr2025/Downloads/BILHR_T5/install/ainex_vision:/home/bilhr2025/Downloads/BILHR_T5/install/ainex_neural_control:/opt/ros/jazzy DEBUGINFOD_URLS=https://debuginfod.ubuntu.com /usr/bin/cmake --build /home/bilhr2025/Downloads/BILHR_T5/build/servo_service -- -j8 -l8
[14.518s] DEBUG:colcon.colcon_core.event_handler.log_command:Invoked command in '/home/bilhr2025/Downloads/BILHR_T5/build/servo_service' returned '0': CMAKE_PREFIX_PATH=${CMAKE_PREFIX_PATH}:/home/bilhr2025/Downloads/BILHR_T5/install/ainex_motion:/home/bilhr2025/Downloads/BILHR_T5/install/ainex_vision:/home/bilhr2025/Downloads/BILHR_T5/install/ainex_neural_control:/opt/ros/jazzy DEBUGINFOD_URLS=https://debuginfod.ubuntu.com /usr/bin/cmake --build /home/bilhr2025/Downloads/BILHR_T5/build/servo_service -- -j8 -l8
[14.528s] DEBUG:colcon.colcon_core.event_handler.log_command:Invoking command in '/home/bilhr2025/Downloads/BILHR_T5/build/servo_service': CMAKE_PREFIX_PATH=${CMAKE_PREFIX_PATH}:/home/bilhr2025/Downloads/BILHR_T5/install/ainex_motion:/home/bilhr2025/Downloads/BILHR_T5/install/ainex_vision:/home/bilhr2025/Downloads/BILHR_T5/install/ainex_neural_control:/opt/ros/jazzy DEBUGINFOD_URLS=https://debuginfod.ubuntu.com /usr/bin/cmake --install /home/bilhr2025/Downloads/BILHR_T5/build/servo_service
[16.807s] Level 1:colcon.colcon_core.environment:create_environment_scripts_only(servo_service)
[16.808s] Level 1:colcon.colcon_core.environment:checking '/home/bilhr2025/Downloads/BILHR_T5/install/servo_service' for CMake module files
[16.808s] DEBUG:colcon.colcon_core.event_handler.log_command:Invoked command in '/home/bilhr2025/Downloads/BILHR_T5/build/servo_service' returned '0': CMAKE_PREFIX_PATH=${CMAKE_PREFIX_PATH}:/home/bilhr2025/Downloads/BILHR_T5/install/ainex_motion:/home/bilhr2025/Downloads/BILHR_T5/install/ainex_vision:/home/bilhr2025/Downloads/BILHR_T5/install/ainex_neural_control:/opt/ros/jazzy DEBUGINFOD_URLS=https://debuginfod.ubuntu.com /usr/bin/cmake --install /home/bilhr2025/Downloads/BILHR_T5/build/servo_service
[16.809s] Level 1:colcon.colcon_core.environment:checking '/home/bilhr2025/Downloads/BILHR_T5/install/servo_service' for CMake config files
[16.809s] Level 1:colcon.colcon_core.shell:create_environment_hook('servo_service', 'cmake_prefix_path')
[16.810s] INFO:colcon.colcon_core.shell:Creating environment hook '/home/bilhr2025/Downloads/BILHR_T5/install/servo_service/share/servo_service/hook/cmake_prefix_path.ps1'
[16.810s] INFO:colcon.colcon_core.shell:Creating environment descriptor '/home/bilhr2025/Downloads/BILHR_T5/install/servo_service/share/servo_service/hook/cmake_prefix_path.dsv'
[16.810s] INFO:colcon.colcon_core.shell:Creating environment hook '/home/bilhr2025/Downloads/BILHR_T5/install/servo_service/share/servo_service/hook/cmake_prefix_path.sh'
[16.811s] Level 1:colcon.colcon_core.environment:checking '/home/bilhr2025/Downloads/BILHR_T5/install/servo_service/lib'
[16.811s] Level 1:colcon.colcon_core.shell:create_environment_hook('servo_service', 'ld_library_path_lib')
[16.811s] INFO:colcon.colcon_core.shell:Creating environment hook '/home/bilhr2025/Downloads/BILHR_T5/install/servo_service/share/servo_service/hook/ld_library_path_lib.ps1'
[16.811s] INFO:colcon.colcon_core.shell:Creating environment descriptor '/home/bilhr2025/Downloads/BILHR_T5/install/servo_service/share/servo_service/hook/ld_library_path_lib.dsv'
[16.812s] INFO:colcon.colcon_core.shell:Creating environment hook '/home/bilhr2025/Downloads/BILHR_T5/install/servo_service/share/servo_service/hook/ld_library_path_lib.sh'
[16.812s] Level 1:colcon.colcon_core.environment:checking '/home/bilhr2025/Downloads/BILHR_T5/install/servo_service/bin'
[16.812s] Level 1:colcon.colcon_core.environment:checking '/home/bilhr2025/Downloads/BILHR_T5/install/servo_service/lib/pkgconfig/servo_service.pc'
[16.812s] Level 1:colcon.colcon_core.environment:checking '/home/bilhr2025/Downloads/BILHR_T5/install/servo_service/lib/python3.12/site-packages'
[16.812s] Level 1:colcon.colcon_core.shell:create_environment_hook('servo_service', 'pythonpath')
[16.812s] INFO:colcon.colcon_core.shell:Creating environment hook '/home/bilhr2025/Downloads/BILHR_T5/install/servo_service/share/servo_service/hook/pythonpath.ps1'
[16.813s] INFO:colcon.colcon_core.shell:Creating environment descriptor '/home/bilhr2025/Downloads/BILHR_T5/install/servo_service/share/servo_service/hook/pythonpath.dsv'
[16.813s] INFO:colcon.colcon_core.shell:Creating environment hook '/home/bilhr2025/Downloads/BILHR_T5/install/servo_service/share/servo_service/hook/pythonpath.sh'
[16.813s] Level 1:colcon.colcon_core.environment:checking '/home/bilhr2025/Downloads/BILHR_T5/install/servo_service/bin'
[16.814s] INFO:colcon.colcon_core.shell:Creating package script '/home/bilhr2025/Downloads/BILHR_T5/install/servo_service/share/servo_service/package.ps1'
[16.814s] INFO:colcon.colcon_core.shell:Creating package descriptor '/home/bilhr2025/Downloads/BILHR_T5/install/servo_service/share/servo_service/package.dsv'
[16.815s] INFO:colcon.colcon_core.shell:Creating package script '/home/bilhr2025/Downloads/BILHR_T5/install/servo_service/share/servo_service/package.sh'
[16.815s] INFO:colcon.colcon_core.shell:Creating package script '/home/bilhr2025/Downloads/BILHR_T5/install/servo_service/share/servo_service/package.bash'
[16.815s] INFO:colcon.colcon_core.shell:Creating package script '/home/bilhr2025/Downloads/BILHR_T5/install/servo_service/share/servo_service/package.zsh'
[16.815s] Level 1:colcon.colcon_core.environment:create_file_with_runtime_dependencies(/home/bilhr2025/Downloads/BILHR_T5/install/servo_service/share/colcon-core/packages/servo_service)
[16.816s] Level 1:colcon.colcon_core.environment:create_environment_scripts_only(servo_service)
[16.816s] Level 1:colcon.colcon_core.environment:checking '/home/bilhr2025/Downloads/BILHR_T5/install/servo_service' for CMake module files
[16.817s] Level 1:colcon.colcon_core.environment:checking '/home/bilhr2025/Downloads/BILHR_T5/install/servo_service' for CMake config files
[16.817s] Level 1:colcon.colcon_core.shell:create_environment_hook('servo_service', 'cmake_prefix_path')
[16.818s] INFO:colcon.colcon_core.shell:Creating environment hook '/home/bilhr2025/Downloads/BILHR_T5/install/servo_service/share/servo_service/hook/cmake_prefix_path.ps1'
[16.818s] INFO:colcon.colcon_core.shell:Creating environment descriptor '/home/bilhr2025/Downloads/BILHR_T5/install/servo_service/share/servo_service/hook/cmake_prefix_path.dsv'
[16.818s] INFO:colcon.colcon_core.shell:Creating environment hook '/home/bilhr2025/Downloads/BILHR_T5/install/servo_service/share/servo_service/hook/cmake_prefix_path.sh'
[16.819s] Level 1:colcon.colcon_core.environment:checking '/home/bilhr2025/Downloads/BILHR_T5/install/servo_service/lib'
[16.819s] Level 1:colcon.colcon_core.shell:create_environment_hook('servo_service', 'ld_library_path_lib')
[16.819s] INFO:colcon.colcon_core.shell:Creating environment hook '/home/bilhr2025/Downloads/BILHR_T5/install/servo_service/share/servo_service/hook/ld_library_path_lib.ps1'
[16.819s] INFO:colcon.colcon_core.shell:Creating environment descriptor '/home/bilhr2025/Downloads/BILHR_T5/install/servo_service/share/servo_service/hook/ld_library_path_lib.dsv'
[16.819s] INFO:colcon.colcon_core.shell:Creating environment hook '/home/bilhr2025/Downloads/BILHR_T5/install/servo_service/share/servo_service/hook/ld_library_path_lib.sh'
[16.820s] Level 1:colcon.colcon_core.environment:checking '/home/bilhr2025/Downloads/BILHR_T5/install/servo_service/bin'
[16.820s] Level 1:colcon.colcon_core.environment:checking '/home/bilhr2025/Downloads/BILHR_T5/install/servo_service/lib/pkgconfig/servo_service.pc'
[16.820s] Level 1:colcon.colcon_core.environment:checking '/home/bilhr2025/Downloads/BILHR_T5/install/servo_service/lib/python3.12/site-packages'
[16.820s] Level 1:colcon.colcon_core.shell:create_environment_hook('servo_service', 'pythonpath')
[16.820s] INFO:colcon.colcon_core.shell:Creating environment hook '/home/bilhr2025/Downloads/BILHR_T5/install/servo_service/share/servo_service/hook/pythonpath.ps1'
[16.821s] INFO:colcon.colcon_core.shell:Creating environment descriptor '/home/bilhr2025/Downloads/BILHR_T5/install/servo_service/share/servo_service/hook/pythonpath.dsv'
[16.821s] INFO:colcon.colcon_core.shell:Creating environment hook '/home/bilhr2025/Downloads/BILHR_T5/install/servo_service/share/servo_service/hook/pythonpath.sh'
[16.821s] Level 1:colcon.colcon_core.environment:checking '/home/bilhr2025/Downloads/BILHR_T5/install/servo_service/bin'
[16.822s] INFO:colcon.colcon_core.shell:Creating package script '/home/bilhr2025/Downloads/BILHR_T5/install/servo_service/share/servo_service/package.ps1'
[16.822s] INFO:colcon.colcon_core.shell:Creating package descriptor '/home/bilhr2025/Downloads/BILHR_T5/install/servo_service/share/servo_service/package.dsv'
[16.823s] INFO:colcon.colcon_core.shell:Creating package script '/home/bilhr2025/Downloads/BILHR_T5/install/servo_service/share/servo_service/package.sh'
[16.823s] INFO:colcon.colcon_core.shell:Creating package script '/home/bilhr2025/Downloads/BILHR_T5/install/servo_service/share/servo_service/package.bash'
[16.823s] INFO:colcon.colcon_core.shell:Creating package script '/home/bilhr2025/Downloads/BILHR_T5/install/servo_service/share/servo_service/package.zsh'
[16.824s] Level 1:colcon.colcon_core.environment:create_file_with_runtime_dependencies(/home/bilhr2025/Downloads/BILHR_T5/install/servo_service/share/colcon-core/packages/servo_service)
[16.824s] INFO:colcon.colcon_ros.task.ament_python.build:Building ROS package in '/home/bilhr2025/Downloads/BILHR_T5/src/ainex_motion' with build type 'ament_python'
[16.824s] Level 1:colcon.colcon_core.shell:create_environment_hook('ainex_motion', 'ament_prefix_path')
[16.824s] INFO:colcon.colcon_core.shell:Creating environment hook '/home/bilhr2025/Downloads/BILHR_T5/install/ainex_motion/share/ainex_motion/hook/ament_prefix_path.ps1'
[16.825s] INFO:colcon.colcon_core.shell:Creating environment descriptor '/home/bilhr2025/Downloads/BILHR_T5/install/ainex_motion/share/ainex_motion/hook/ament_prefix_path.dsv'
[16.825s] INFO:colcon.colcon_core.shell:Creating environment hook '/home/bilhr2025/Downloads/BILHR_T5/install/ainex_motion/share/ainex_motion/hook/ament_prefix_path.sh'
[16.826s] INFO:colcon.colcon_core.shell:Skip shell extension 'powershell' for command environment: Not usable outside of PowerShell
[16.826s] DEBUG:colcon.colcon_core.shell:Skip shell extension 'dsv' for command environment
[17.048s] INFO:colcon.colcon_core.task.python.build:Building Python package in '/home/bilhr2025/Downloads/BILHR_T5/src/ainex_motion'
[17.048s] INFO:colcon.colcon_core.shell:Skip shell extension 'powershell' for command environment: Not usable outside of PowerShell
[17.048s] DEBUG:colcon.colcon_core.shell:Skip shell extension 'dsv' for command environment
[17.666s] DEBUG:colcon.colcon_core.event_handler.log_command:Invoking command in '/home/bilhr2025/Downloads/BILHR_T5/build/ainex_motion': DEBUGINFOD_URLS=https://debuginfod.ubuntu.com PYTHONPATH=/home/bilhr2025/Downloads/BILHR_T5/build/ainex_motion/prefix_override:/usr/lib/python3/dist-packages/colcon_core/task/python/colcon_distutils_commands:/home/bilhr2025/Downloads/BILHR_T5/install/ainex_motion/lib/python3.12/site-packages:/home/bilhr2025/Downloads/BILHR_T5/install/servo_service/lib/python3.12/site-packages:/home/bilhr2025/Downloads/BILHR_T5/build/ainex_motion:/home/bilhr2025/Downloads/BILHR_T5/install/ainex_motion/lib/python3.12/site-packages:/home/bilhr2025/Downloads/BILHR_T5/build/ainex_vision:/home/bilhr2025/Downloads/BILHR_T5/install/ainex_vision/lib/python3.12/site-packages:/home/bilhr2025/Downloads/BILHR_T5/build/ainex_neural_control:/home/bilhr2025/Downloads/BILHR_T5/install/ainex_neural_control/lib/python3.12/site-packages:/opt/ros/jazzy/lib/python3.12/site-packages /usr/bin/python3 -W ignore:setup.py install is deprecated -W ignore:easy_install command is deprecated setup.py develop --editable --build-directory /home/bilhr2025/Downloads/BILHR_T5/build/ainex_motion/build --no-deps symlink_data
[18.356s] Level 1:colcon.colcon_core.shell:create_environment_hook('ainex_motion', 'pythonpath_develop')
[18.356s] INFO:colcon.colcon_core.shell:Creating environment hook '/home/bilhr2025/Downloads/BILHR_T5/build/ainex_motion/share/ainex_motion/hook/pythonpath_develop.ps1'
[18.356s] DEBUG:colcon.colcon_core.event_handler.log_command:Invoked command in '/home/bilhr2025/Downloads/BILHR_T5/build/ainex_motion' returned '0': DEBUGINFOD_URLS=https://debuginfod.ubuntu.com PYTHONPATH=/home/bilhr2025/Downloads/BILHR_T5/build/ainex_motion/prefix_override:/usr/lib/python3/dist-packages/colcon_core/task/python/colcon_distutils_commands:/home/bilhr2025/Downloads/BILHR_T5/install/ainex_motion/lib/python3.12/site-packages:/home/bilhr2025/Downloads/BILHR_T5/install/servo_service/lib/python3.12/site-packages:/home/bilhr2025/Downloads/BILHR_T5/build/ainex_motion:/home/bilhr2025/Downloads/BILHR_T5/install/ainex_motion/lib/python3.12/site-packages:/home/bilhr2025/Downloads/BILHR_T5/build/ainex_vision:/home/bilhr2025/Downloads/BILHR_T5/install/ainex_vision/lib/python3.12/site-packages:/home/bilhr2025/Downloads/BILHR_T5/build/ainex_neural_control:/home/bilhr2025/Downloads/BILHR_T5/install/ainex_neural_control/lib/python3.12/site-packages:/opt/ros/jazzy/lib/python3.12/site-packages /usr/bin/python3 -W ignore:setup.py install is deprecated -W ignore:easy_install command is deprecated setup.py develop --editable --build-directory /home/bilhr2025/Downloads/BILHR_T5/build/ainex_motion/build --no-deps symlink_data
[18.357s] INFO:colcon.colcon_core.shell:Creating environment descriptor '/home/bilhr2025/Downloads/BILHR_T5/build/ainex_motion/share/ainex_motion/hook/pythonpath_develop.dsv'
[18.357s] INFO:colcon.colcon_core.shell:Creating environment hook '/home/bilhr2025/Downloads/BILHR_T5/build/ainex_motion/share/ainex_motion/hook/pythonpath_develop.sh'
[18.358s] Level 1:colcon.colcon_core.environment:checking '/home/bilhr2025/Downloads/BILHR_T5/install/ainex_motion' for CMake module files
[18.358s] Level 1:colcon.colcon_core.environment:checking '/home/bilhr2025/Downloads/BILHR_T5/install/ainex_motion' for CMake config files
[18.358s] Level 1:colcon.colcon_core.environment:checking '/home/bilhr2025/Downloads/BILHR_T5/install/ainex_motion/lib'
[18.359s] Level 1:colcon.colcon_core.environment:checking '/home/bilhr2025/Downloads/BILHR_T5/install/ainex_motion/bin'
[18.359s] Level 1:colcon.colcon_core.environment:checking '/home/bilhr2025/Downloads/BILHR_T5/install/ainex_motion/lib/pkgconfig/ainex_motion.pc'
[18.359s] Level 1:colcon.colcon_core.environment:checking '/home/bilhr2025/Downloads/BILHR_T5/install/ainex_motion/lib/python3.12/site-packages'
[18.359s] Level 1:colcon.colcon_core.shell:create_environment_hook('ainex_motion', 'pythonpath')
[18.359s] INFO:colcon.colcon_core.shell:Creating environment hook '/home/bilhr2025/Downloads/BILHR_T5/install/ainex_motion/share/ainex_motion/hook/pythonpath.ps1'
[18.359s] INFO:colcon.colcon_core.shell:Creating environment descriptor '/home/bilhr2025/Downloads/BILHR_T5/install/ainex_motion/share/ainex_motion/hook/pythonpath.dsv'
[18.360s] INFO:colcon.colcon_core.shell:Creating environment hook '/home/bilhr2025/Downloads/BILHR_T5/install/ainex_motion/share/ainex_motion/hook/pythonpath.sh'
[18.360s] Level 1:colcon.colcon_core.environment:checking '/home/bilhr2025/Downloads/BILHR_T5/install/ainex_motion/bin'
[18.360s] Level 1:colcon.colcon_core.environment:create_environment_scripts_only(ainex_motion)
[18.360s] INFO:colcon.colcon_core.shell:Creating package script '/home/bilhr2025/Downloads/BILHR_T5/install/ainex_motion/share/ainex_motion/package.ps1'
[18.361s] INFO:colcon.colcon_core.shell:Creating package descriptor '/home/bilhr2025/Downloads/BILHR_T5/install/ainex_motion/share/ainex_motion/package.dsv'
[18.361s] INFO:colcon.colcon_core.shell:Creating package script '/home/bilhr2025/Downloads/BILHR_T5/install/ainex_motion/share/ainex_motion/package.sh'
[18.361s] INFO:colcon.colcon_core.shell:Creating package script '/home/bilhr2025/Downloads/BILHR_T5/install/ainex_motion/share/ainex_motion/package.bash'
[18.362s] INFO:colcon.colcon_core.shell:Creating package script '/home/bilhr2025/Downloads/BILHR_T5/install/ainex_motion/share/ainex_motion/package.zsh'
[18.362s] Level 1:colcon.colcon_core.environment:create_file_with_runtime_dependencies(/home/bilhr2025/Downloads/BILHR_T5/install/ainex_motion/share/colcon-core/packages/ainex_motion)
[18.362s] DEBUG:colcon.colcon_parallel_executor.executor.parallel:closing loop
[18.363s] DEBUG:colcon.colcon_parallel_executor.executor.parallel:loop closed
[18.363s] DEBUG:colcon.colcon_parallel_executor.executor.parallel:run_until_complete finished with '0'
[18.363s] DEBUG:colcon.colcon_core.event_reactor:joining thread
[18.369s] INFO:colcon.colcon_core.plugin_system:Skipping extension 'colcon_notification.desktop_notification.terminal_notifier': Not used on non-Darwin systems
[18.370s] INFO:colcon.colcon_core.plugin_system:Skipping extension 'colcon_notification.desktop_notification.win32': Not used on non-Windows systems
[18.370s] INFO:colcon.colcon_notification.desktop_notification:Sending desktop notification using 'notify2'
[18.390s] DEBUG:colcon.colcon_core.event_reactor:joined thread
[18.391s] INFO:colcon.colcon_core.shell:Creating prefix script '/home/bilhr2025/Downloads/BILHR_T5/install/local_setup.ps1'
[18.391s] INFO:colcon.colcon_core.shell:Creating prefix util module '/home/bilhr2025/Downloads/BILHR_T5/install/_local_setup_util_ps1.py'
[18.392s] INFO:colcon.colcon_core.shell:Creating prefix chain script '/home/bilhr2025/Downloads/BILHR_T5/install/setup.ps1'
[18.393s] INFO:colcon.colcon_core.shell:Creating prefix script '/home/bilhr2025/Downloads/BILHR_T5/install/local_setup.sh'
[18.394s] INFO:colcon.colcon_core.shell:Creating prefix util module '/home/bilhr2025/Downloads/BILHR_T5/install/_local_setup_util_sh.py'
[18.394s] INFO:colcon.colcon_core.shell:Creating prefix chain script '/home/bilhr2025/Downloads/BILHR_T5/install/setup.sh'
[18.395s] INFO:colcon.colcon_core.shell:Creating prefix script '/home/bilhr2025/Downloads/BILHR_T5/install/local_setup.bash'
[18.395s] INFO:colcon.colcon_core.shell:Creating prefix chain script '/home/bilhr2025/Downloads/BILHR_T5/install/setup.bash'
[18.396s] INFO:colcon.colcon_core.shell:Creating prefix script '/home/bilhr2025/Downloads/BILHR_T5/install/local_setup.zsh'
[18.397s] INFO:colcon.colcon_core.shell:Creating prefix chain script '/home/bilhr2025/Downloads/BILHR_T5/install/setup.zsh'
