[1.171s] Invoking command in '/home/bilhr2025/Downloads/BILHR_T5/build/ainex_vision': DEBUGINFOD_URLS=https://debuginfod.ubuntu.com PYTHONPATH=/home/bilhr2025/Downloads/BILHR_T5/build/ainex_vision/prefix_override:/usr/lib/python3/dist-packages/colcon_core/task/python/colcon_distutils_commands:/home/bilhr2025/Downloads/BILHR_T5/install/ainex_vision/lib/python3.12/site-packages:${PYTHONPATH} /usr/bin/python3 -W ignore:setup.py install is deprecated -W ignore:easy_install command is deprecated setup.py develop --editable --build-directory /home/bilhr2025/Downloads/BILHR_T5/build/ainex_vision/build --no-deps symlink_data
[1.547s] running develop
[1.788s] running egg_info
[1.788s] creating ainex_vision.egg-info
[1.812s] writing ainex_vision.egg-info/PKG-INFO
[1.812s] writing dependency_links to ainex_vision.egg-info/dependency_links.txt
[1.812s] writing entry points to ainex_vision.egg-info/entry_points.txt
[1.812s] writing requirements to ainex_vision.egg-info/requires.txt
[1.812s] writing top-level names to ainex_vision.egg-info/top_level.txt
[1.812s] writing manifest file 'ainex_vision.egg-info/SOURCES.txt'
[1.861s] reading manifest file 'ainex_vision.egg-info/SOURCES.txt'
[1.861s] writing manifest file 'ainex_vision.egg-info/SOURCES.txt'
[1.886s] running build_ext
[1.886s] Creating /home/bilhr2025/Downloads/BILHR_T5/install/ainex_vision/lib/python3.12/site-packages/ainex-vision.egg-link (link to .)
[1.887s] Installing camera_sub script to /home/bilhr2025/Downloads/BILHR_T5/install/ainex_vision/lib/ainex_vision
[1.887s] 
[1.887s] Installed /home/bilhr2025/Downloads/BILHR_T5/build/ainex_vision
[1.887s] running symlink_data
[1.888s] creating /home/bilhr2025/Downloads/BILHR_T5/install/ainex_vision/share/ament_index
[1.888s] creating /home/bilhr2025/Downloads/BILHR_T5/install/ainex_vision/share/ament_index/resource_index
[1.888s] creating /home/bilhr2025/Downloads/BILHR_T5/install/ainex_vision/share/ament_index/resource_index/packages
[1.888s] symbolically linking /home/bilhr2025/Downloads/BILHR_T5/build/ainex_vision/resource/ainex_vision -> /home/bilhr2025/Downloads/BILHR_T5/install/ainex_vision/share/ament_index/resource_index/packages
[1.888s] symbolically linking /home/bilhr2025/Downloads/BILHR_T5/build/ainex_vision/package.xml -> /home/bilhr2025/Downloads/BILHR_T5/install/ainex_vision/share/ainex_vision
[1.934s] Invoked command in '/home/bilhr2025/Downloads/BILHR_T5/build/ainex_vision' returned '0': DEBUGINFOD_URLS=https://debuginfod.ubuntu.com PYTHONPATH=/home/bilhr2025/Downloads/BILHR_T5/build/ainex_vision/prefix_override:/usr/lib/python3/dist-packages/colcon_core/task/python/colcon_distutils_commands:/home/bilhr2025/Downloads/BILHR_T5/install/ainex_vision/lib/python3.12/site-packages:${PYTHONPATH} /usr/bin/python3 -W ignore:setup.py install is deprecated -W ignore:easy_install command is deprecated setup.py develop --editable --build-directory /home/bilhr2025/Downloads/BILHR_T5/build/ainex_vision/build --no-deps symlink_data
