[1.249s] Invoking command in '/home/bilhr2025/Downloads/template_tB/ainex_bilhr_ws/build/ainex_motion': DEBUGINFOD_URLS=https://debuginfod.ubuntu.com PYTHONPATH=/home/bilhr2025/Downloads/template_tB/ainex_bilhr_ws/build/ainex_motion/prefix_override:/usr/lib/python3/dist-packages/colcon_core/task/python/colcon_distutils_commands:/home/bilhr2025/Downloads/template_tB/ainex_bilhr_ws/install/ainex_motion/lib/python3.12/site-packages:/home/bilhr2025/Downloads/template_tB/ainex_bilhr_ws/install/servo_service/lib/python3.12/site-packages:/home/bilhr2025/Downloads/template_tB/ainex_bilhr_ws/build/ainex_motion:/home/bilhr2025/Downloads/template_tB/ainex_bilhr_ws/install/ainex_motion/lib/python3.12/site-packages:/home/bilhr2025/Downloads/template_tB/ainex_bilhr_ws/build/ainex_vision:/home/bilhr2025/Downloads/template_tB/ainex_bilhr_ws/install/ainex_vision/lib/python3.12/site-packages:/home/bilhr2025/Downloads/template_tB/ainex_bilhr_ws/build/ainex_neural_control:/home/bilhr2025/Downloads/template_tB/ainex_bilhr_ws/install/ainex_neural_control/lib/python3.12/site-packages:/opt/ros/jazzy/lib/python3.12/site-packages /usr/bin/python3 -W ignore:setup.py install is deprecated -W ignore:easy_install command is deprecated setup.py develop --uninstall --editable --build-directory /home/bilhr2025/Downloads/template_tB/ainex_bilhr_ws/build/ainex_motion/build
[1.664s] running develop
[1.921s] Removing /home/bilhr2025/Downloads/template_tB/ainex_bilhr_ws/install/ainex_motion/lib/python3.12/site-packages/ainex-motion.egg-link (link to .)
[1.959s] Invoked command in '/home/bilhr2025/Downloads/template_tB/ainex_bilhr_ws/build/ainex_motion' returned '0': DEBUGINFOD_URLS=https://debuginfod.ubuntu.com PYTHONPATH=/home/bilhr2025/Downloads/template_tB/ainex_bilhr_ws/build/ainex_motion/prefix_override:/usr/lib/python3/dist-packages/colcon_core/task/python/colcon_distutils_commands:/home/bilhr2025/Downloads/template_tB/ainex_bilhr_ws/install/ainex_motion/lib/python3.12/site-packages:/home/bilhr2025/Downloads/template_tB/ainex_bilhr_ws/install/servo_service/lib/python3.12/site-packages:/home/bilhr2025/Downloads/template_tB/ainex_bilhr_ws/build/ainex_motion:/home/bilhr2025/Downloads/template_tB/ainex_bilhr_ws/install/ainex_motion/lib/python3.12/site-packages:/home/bilhr2025/Downloads/template_tB/ainex_bilhr_ws/build/ainex_vision:/home/bilhr2025/Downloads/template_tB/ainex_bilhr_ws/install/ainex_vision/lib/python3.12/site-packages:/home/bilhr2025/Downloads/template_tB/ainex_bilhr_ws/build/ainex_neural_control:/home/bilhr2025/Downloads/template_tB/ainex_bilhr_ws/install/ainex_neural_control/lib/python3.12/site-packages:/opt/ros/jazzy/lib/python3.12/site-packages /usr/bin/python3 -W ignore:setup.py install is deprecated -W ignore:easy_install command is deprecated setup.py develop --uninstall --editable --build-directory /home/bilhr2025/Downloads/template_tB/ainex_bilhr_ws/build/ainex_motion/build
[1.960s] Invoking command in '/home/bilhr2025/Downloads/template_tB/ainex_bilhr_ws/src/ainex_motion': DEBUGINFOD_URLS=https://debuginfod.ubuntu.com PYTHONPATH=/home/bilhr2025/Downloads/template_tB/ainex_bilhr_ws/build/ainex_motion/prefix_override:/usr/lib/python3/dist-packages/colcon_core/task/python/colcon_distutils_commands:/home/bilhr2025/Downloads/template_tB/ainex_bilhr_ws/install/ainex_motion/lib/python3.12/site-packages:/home/bilhr2025/Downloads/template_tB/ainex_bilhr_ws/install/servo_service/lib/python3.12/site-packages:/home/bilhr2025/Downloads/template_tB/ainex_bilhr_ws/build/ainex_motion:/home/bilhr2025/Downloads/template_tB/ainex_bilhr_ws/install/ainex_motion/lib/python3.12/site-packages:/home/bilhr2025/Downloads/template_tB/ainex_bilhr_ws/build/ainex_vision:/home/bilhr2025/Downloads/template_tB/ainex_bilhr_ws/install/ainex_vision/lib/python3.12/site-packages:/home/bilhr2025/Downloads/template_tB/ainex_bilhr_ws/build/ainex_neural_control:/home/bilhr2025/Downloads/template_tB/ainex_bilhr_ws/install/ainex_neural_control/lib/python3.12/site-packages:/opt/ros/jazzy/lib/python3.12/site-packages /usr/bin/python3 -W ignore:setup.py install is deprecated -W ignore:easy_install command is deprecated setup.py egg_info --egg-base ../../build/ainex_motion build --build-base /home/bilhr2025/Downloads/template_tB/ainex_bilhr_ws/build/ainex_motion/build install --record /home/bilhr2025/Downloads/template_tB/ainex_bilhr_ws/build/ainex_motion/install.log --single-version-externally-managed install_data --force
[2.297s] running egg_info
[2.321s] writing ../../build/ainex_motion/ainex_motion.egg-info/PKG-INFO
[2.321s] writing dependency_links to ../../build/ainex_motion/ainex_motion.egg-info/dependency_links.txt
[2.321s] writing entry points to ../../build/ainex_motion/ainex_motion.egg-info/entry_points.txt
[2.321s] writing requirements to ../../build/ainex_motion/ainex_motion.egg-info/requires.txt
[2.322s] writing top-level names to ../../build/ainex_motion/ainex_motion.egg-info/top_level.txt
[2.368s] reading manifest file '../../build/ainex_motion/ainex_motion.egg-info/SOURCES.txt'
[2.369s] writing manifest file '../../build/ainex_motion/ainex_motion.egg-info/SOURCES.txt'
[2.370s] running build
[2.370s] running build_py
[2.370s] creating /home/bilhr2025/Downloads/template_tB/ainex_bilhr_ws/build/ainex_motion/build
[2.370s] creating /home/bilhr2025/Downloads/template_tB/ainex_bilhr_ws/build/ainex_motion/build/lib
[2.370s] creating /home/bilhr2025/Downloads/template_tB/ainex_bilhr_ws/build/ainex_motion/build/lib/ainex_motion
[2.371s] copying ainex_motion/joint_visualization_node.py -> /home/bilhr2025/Downloads/template_tB/ainex_bilhr_ws/build/ainex_motion/build/lib/ainex_motion
[2.371s] copying ainex_motion/ainex_motion_node.py -> /home/bilhr2025/Downloads/template_tB/ainex_bilhr_ws/build/ainex_motion/build/lib/ainex_motion
[2.371s] copying ainex_motion/joint_controller.py -> /home/bilhr2025/Downloads/template_tB/ainex_bilhr_ws/build/ainex_motion/build/lib/ainex_motion
[2.371s] copying ainex_motion/__init__.py -> /home/bilhr2025/Downloads/template_tB/ainex_bilhr_ws/build/ainex_motion/build/lib/ainex_motion
[2.371s] copying ainex_motion/keyboard_input_node.py -> /home/bilhr2025/Downloads/template_tB/ainex_bilhr_ws/build/ainex_motion/build/lib/ainex_motion
[2.371s] running install
[2.379s] running install_lib
[2.401s] creating /home/bilhr2025/Downloads/template_tB/ainex_bilhr_ws/install/ainex_motion/lib/python3.12/site-packages/ainex_motion
[2.401s] copying /home/bilhr2025/Downloads/template_tB/ainex_bilhr_ws/build/ainex_motion/build/lib/ainex_motion/joint_visualization_node.py -> /home/bilhr2025/Downloads/template_tB/ainex_bilhr_ws/install/ainex_motion/lib/python3.12/site-packages/ainex_motion
[2.401s] copying /home/bilhr2025/Downloads/template_tB/ainex_bilhr_ws/build/ainex_motion/build/lib/ainex_motion/ainex_motion_node.py -> /home/bilhr2025/Downloads/template_tB/ainex_bilhr_ws/install/ainex_motion/lib/python3.12/site-packages/ainex_motion
[2.402s] copying /home/bilhr2025/Downloads/template_tB/ainex_bilhr_ws/build/ainex_motion/build/lib/ainex_motion/joint_controller.py -> /home/bilhr2025/Downloads/template_tB/ainex_bilhr_ws/install/ainex_motion/lib/python3.12/site-packages/ainex_motion
[2.402s] copying /home/bilhr2025/Downloads/template_tB/ainex_bilhr_ws/build/ainex_motion/build/lib/ainex_motion/__init__.py -> /home/bilhr2025/Downloads/template_tB/ainex_bilhr_ws/install/ainex_motion/lib/python3.12/site-packages/ainex_motion
[2.402s] copying /home/bilhr2025/Downloads/template_tB/ainex_bilhr_ws/build/ainex_motion/build/lib/ainex_motion/keyboard_input_node.py -> /home/bilhr2025/Downloads/template_tB/ainex_bilhr_ws/install/ainex_motion/lib/python3.12/site-packages/ainex_motion
[2.403s] byte-compiling /home/bilhr2025/Downloads/template_tB/ainex_bilhr_ws/install/ainex_motion/lib/python3.12/site-packages/ainex_motion/joint_visualization_node.py to joint_visualization_node.cpython-312.pyc
[2.403s] byte-compiling /home/bilhr2025/Downloads/template_tB/ainex_bilhr_ws/install/ainex_motion/lib/python3.12/site-packages/ainex_motion/ainex_motion_node.py to ainex_motion_node.cpython-312.pyc
[2.404s] byte-compiling /home/bilhr2025/Downloads/template_tB/ainex_bilhr_ws/install/ainex_motion/lib/python3.12/site-packages/ainex_motion/joint_controller.py to joint_controller.cpython-312.pyc
[2.407s] byte-compiling /home/bilhr2025/Downloads/template_tB/ainex_bilhr_ws/install/ainex_motion/lib/python3.12/site-packages/ainex_motion/__init__.py to __init__.cpython-312.pyc
[2.407s] byte-compiling /home/bilhr2025/Downloads/template_tB/ainex_bilhr_ws/install/ainex_motion/lib/python3.12/site-packages/ainex_motion/keyboard_input_node.py to keyboard_input_node.cpython-312.pyc
[2.408s] running install_data
[2.408s] copying resource/ainex_motion -> /home/bilhr2025/Downloads/template_tB/ainex_bilhr_ws/install/ainex_motion/share/ament_index/resource_index/packages
[2.408s] copying package.xml -> /home/bilhr2025/Downloads/template_tB/ainex_bilhr_ws/install/ainex_motion/share/ainex_motion
[2.408s] running install_egg_info
[2.432s] Copying ../../build/ainex_motion/ainex_motion.egg-info to /home/bilhr2025/Downloads/template_tB/ainex_bilhr_ws/install/ainex_motion/lib/python3.12/site-packages/ainex_motion-0.0.0-py3.12.egg-info
[2.433s] running install_scripts
[2.588s] Installing ainex_motion_node script to /home/bilhr2025/Downloads/template_tB/ainex_bilhr_ws/install/ainex_motion/lib/ainex_motion
[2.588s] Installing joint_controller script to /home/bilhr2025/Downloads/template_tB/ainex_bilhr_ws/install/ainex_motion/lib/ainex_motion
[2.589s] Installing joint_visualization_node script to /home/bilhr2025/Downloads/template_tB/ainex_bilhr_ws/install/ainex_motion/lib/ainex_motion
[2.589s] Installing keyboard_input_node script to /home/bilhr2025/Downloads/template_tB/ainex_bilhr_ws/install/ainex_motion/lib/ainex_motion
[2.589s] writing list of installed files to '/home/bilhr2025/Downloads/template_tB/ainex_bilhr_ws/build/ainex_motion/install.log'
[2.614s] Invoked command in '/home/bilhr2025/Downloads/template_tB/ainex_bilhr_ws/src/ainex_motion' returned '0': DEBUGINFOD_URLS=https://debuginfod.ubuntu.com PYTHONPATH=/home/bilhr2025/Downloads/template_tB/ainex_bilhr_ws/build/ainex_motion/prefix_override:/usr/lib/python3/dist-packages/colcon_core/task/python/colcon_distutils_commands:/home/bilhr2025/Downloads/template_tB/ainex_bilhr_ws/install/ainex_motion/lib/python3.12/site-packages:/home/bilhr2025/Downloads/template_tB/ainex_bilhr_ws/install/servo_service/lib/python3.12/site-packages:/home/bilhr2025/Downloads/template_tB/ainex_bilhr_ws/build/ainex_motion:/home/bilhr2025/Downloads/template_tB/ainex_bilhr_ws/install/ainex_motion/lib/python3.12/site-packages:/home/bilhr2025/Downloads/template_tB/ainex_bilhr_ws/build/ainex_vision:/home/bilhr2025/Downloads/template_tB/ainex_bilhr_ws/install/ainex_vision/lib/python3.12/site-packages:/home/bilhr2025/Downloads/template_tB/ainex_bilhr_ws/build/ainex_neural_control:/home/bilhr2025/Downloads/template_tB/ainex_bilhr_ws/install/ainex_neural_control/lib/python3.12/site-packages:/opt/ros/jazzy/lib/python3.12/site-packages /usr/bin/python3 -W ignore:setup.py install is deprecated -W ignore:easy_install command is deprecated setup.py egg_info --egg-base ../../build/ainex_motion build --build-base /home/bilhr2025/Downloads/template_tB/ainex_bilhr_ws/build/ainex_motion/build install --record /home/bilhr2025/Downloads/template_tB/ainex_bilhr_ws/build/ainex_motion/install.log --single-version-externally-managed install_data --force
