[0.022s] Invoking command in '/home/bilhr2025/Downloads/template_tB/ainex_bilhr_ws/build/servo_service': CMAKE_PREFIX_PATH=${CMAKE_PREFIX_PATH}:/opt/ros/jazzy DEBUGINFOD_URLS=https://debuginfod.ubuntu.com /usr/bin/cmake --build /home/bilhr2025/Downloads/template_tB/ainex_bilhr_ws/build/servo_service -- -j8 -l8
[0.263s] -- Found ament_cmake: 2.5.3 (/opt/ros/jazzy/share/ament_cmake/cmake)
[0.263s] -- Found Python3: /usr/bin/python3 (found version "3.12.3") found components: Interpreter 
[0.263s] -- Override CMake install command with custom implementation using symlinks instead of copying resources
[0.266s] -- Found geometry_msgs: 5.3.6 (/opt/ros/jazzy/share/geometry_msgs/cmake)
[0.308s] -- Found rosidl_generator_c: 4.6.5 (/opt/ros/jazzy/share/rosidl_generator_c/cmake)
[0.322s] -- Found rosidl_generator_cpp: 4.6.5 (/opt/ros/jazzy/share/rosidl_generator_cpp/cmake)
[0.341s] -- Using all available rosidl_typesupport_c: rosidl_typesupport_fastrtps_c;rosidl_typesupport_introspection_c
[0.361s] -- Using all available rosidl_typesupport_cpp: rosidl_typesupport_fastrtps_cpp;rosidl_typesupport_introspection_cpp
[0.417s] -- Found rosidl_default_generators: 1.6.0 (/opt/ros/jazzy/share/rosidl_default_generators/cmake)
[0.430s] -- Found rosidl_adapter: 4.6.5 (/opt/ros/jazzy/share/rosidl_adapter/cmake)
[0.817s] -- Found ament_cmake_ros: 0.12.0 (/opt/ros/jazzy/share/ament_cmake_ros/cmake)
[1.162s] -- Using all available rosidl_typesupport_c: rosidl_typesupport_fastrtps_c;rosidl_typesupport_introspection_c
[1.291s] -- Using all available rosidl_typesupport_cpp: rosidl_typesupport_fastrtps_cpp;rosidl_typesupport_introspection_cpp
[1.294s] -- Found python_cmake_module: 0.11.1 (/opt/ros/jazzy/share/python_cmake_module/cmake)
[1.651s] -- Found Python3: /usr/bin/python3 (found version "3.12.3") found components: Interpreter Development NumPy Development.Module Development.Embed 
[1.699s] -- Found ament_lint_auto: 0.17.2 (/opt/ros/jazzy/share/ament_lint_auto/cmake)
[1.722s] -- Added test 'lint_cmake' to check CMake code style
[1.725s] -- Added test 'xmllint' to check XML markup files
[1.728s] -- Configuring done (1.6s)
[1.805s] -- Generating done (0.1s)
[1.820s] -- Build files have been written to: /home/bilhr2025/Downloads/template_tB/ainex_bilhr_ws/build/servo_service
[1.858s] [  1%] Built target servo_service__rosidl_generator_type_description
[1.867s] [  1%] Built target ament_cmake_python_symlink_servo_service
[1.887s] [  1%] Built target servo_service__cpp
[1.910s] [  1%] [32mBuilding C object CMakeFiles/servo_service__rosidl_generator_c.dir/rosidl_generator_c/servo_service/msg/detail/change_servo_positions__description.c.o[0m
[1.910s] [  3%] [32mBuilding C object CMakeFiles/servo_service__rosidl_generator_c.dir/rosidl_generator_c/servo_service/msg/detail/set_servo_positions__functions.c.o[0m
[1.911s] [  3%] [32mBuilding C object CMakeFiles/servo_service__rosidl_generator_c.dir/rosidl_generator_c/servo_service/msg/detail/change_servo_positions__functions.c.o[0m
[1.914s] [  3%] [32mBuilding C object CMakeFiles/servo_service__rosidl_generator_c.dir/rosidl_generator_c/servo_service/msg/detail/change_servo_positions__type_support.c.o[0m
[1.916s] [  4%] [32mBuilding C object CMakeFiles/servo_service__rosidl_generator_c.dir/rosidl_generator_c/servo_service/msg/detail/set_servo_positions__type_support.c.o[0m
[1.916s] [  5%] [32mBuilding C object CMakeFiles/servo_service__rosidl_generator_c.dir/rosidl_generator_c/servo_service/msg/detail/set_servo_positions__description.c.o[0m
[1.918s] [  6%] [32mBuilding C object CMakeFiles/servo_service__rosidl_generator_c.dir/rosidl_generator_c/servo_service/msg/detail/set_joint_lock__description.c.o[0m
[2.042s] [  7%] [32mBuilding C object CMakeFiles/servo_service__rosidl_generator_c.dir/rosidl_generator_c/servo_service/msg/detail/set_joint_lock__functions.c.o[0m
[2.046s] [  7%] [32mBuilding C object CMakeFiles/servo_service__rosidl_generator_c.dir/rosidl_generator_c/servo_service/msg/detail/set_joint_lock__type_support.c.o[0m
[2.083s] [  8%] [32mBuilding C object CMakeFiles/servo_service__rosidl_generator_c.dir/rosidl_generator_c/servo_service/msg/detail/get_servo_positions__description.c.o[0m
[2.086s] [  9%] [32mBuilding C object CMakeFiles/servo_service__rosidl_generator_c.dir/rosidl_generator_c/servo_service/msg/detail/get_servo_positions__functions.c.o[0m
[2.091s] [ 10%] [32mBuilding C object CMakeFiles/servo_service__rosidl_generator_c.dir/rosidl_generator_c/servo_service/msg/detail/get_servo_positions__type_support.c.o[0m
[2.098s] [ 10%] [32mBuilding C object CMakeFiles/servo_service__rosidl_generator_c.dir/rosidl_generator_c/servo_service/msg/detail/set_posture__description.c.o[0m
[2.127s] [ 11%] [32mBuilding C object CMakeFiles/servo_service__rosidl_generator_c.dir/rosidl_generator_c/servo_service/msg/detail/set_posture__type_support.c.o[0m
[2.129s] [ 12%] [32mBuilding C object CMakeFiles/servo_service__rosidl_generator_c.dir/rosidl_generator_c/servo_service/msg/detail/set_posture__functions.c.o[0m
[2.141s] [ 13%] [32mBuilding C object CMakeFiles/servo_service__rosidl_generator_c.dir/rosidl_generator_c/servo_service/srv/detail/joint_lock__description.c.o[0m
[2.165s] [ 14%] [32mBuilding C object CMakeFiles/servo_service__rosidl_generator_c.dir/rosidl_generator_c/servo_service/srv/detail/joint_lock__type_support.c.o[0m
[2.169s] [ 14%] [32mBuilding C object CMakeFiles/servo_service__rosidl_generator_c.dir/rosidl_generator_c/servo_service/srv/detail/joint_lock__functions.c.o[0m
[2.201s] [ 15%] [32mBuilding C object CMakeFiles/servo_service__rosidl_generator_c.dir/rosidl_generator_c/servo_service/srv/detail/servo_temp__functions.c.o[0m
[2.202s] [ 16%] [32mBuilding C object CMakeFiles/servo_service__rosidl_generator_c.dir/rosidl_generator_c/servo_service/srv/detail/servo_temp__description.c.o[0m
[2.232s] [ 16%] [32mBuilding C object CMakeFiles/servo_service__rosidl_generator_c.dir/rosidl_generator_c/servo_service/srv/detail/servo_temp__type_support.c.o[0m
[2.247s] running egg_info
[2.254s] [ 17%] [32mBuilding C object CMakeFiles/servo_service__rosidl_generator_c.dir/rosidl_generator_c/servo_service/srv/detail/servo_deviation__type_support.c.o[0m
[2.255s] [ 18%] [32mBuilding C object CMakeFiles/servo_service__rosidl_generator_c.dir/rosidl_generator_c/servo_service/srv/detail/servo_deviation__functions.c.o[0m
[2.257s] [ 19%] [32mBuilding C object CMakeFiles/servo_service__rosidl_generator_c.dir/rosidl_generator_c/servo_service/srv/detail/servo_deviation__description.c.o[0m
[2.305s] writing servo_service.egg-info/PKG-INFO
[2.306s] writing dependency_links to servo_service.egg-info/dependency_links.txt
[2.306s] writing top-level names to servo_service.egg-info/top_level.txt
[2.306s] [ 19%] [32mBuilding C object CMakeFiles/servo_service__rosidl_generator_c.dir/rosidl_generator_c/servo_service/srv/detail/servo_voltage__description.c.o[0m
[2.318s] [ 20%] [32mBuilding C object CMakeFiles/servo_service__rosidl_generator_c.dir/rosidl_generator_c/servo_service/srv/detail/servo_voltage__functions.c.o[0m
[2.330s] [ 21%] [32mBuilding C object CMakeFiles/servo_service__rosidl_generator_c.dir/rosidl_generator_c/servo_service/srv/detail/servo_voltage__type_support.c.o[0m
[2.335s] [ 22%] [32mBuilding C object CMakeFiles/servo_service__rosidl_generator_c.dir/rosidl_generator_c/servo_service/srv/detail/joint_position__description.c.o[0m
[2.346s] [ 22%] [32mBuilding C object CMakeFiles/servo_service__rosidl_generator_c.dir/rosidl_generator_c/servo_service/srv/detail/joint_position__functions.c.o[0m
[2.355s] [ 23%] [32mBuilding C object CMakeFiles/servo_service__rosidl_generator_c.dir/rosidl_generator_c/servo_service/srv/detail/joint_position__type_support.c.o[0m
[2.391s] [ 24%] [32mBuilding C object CMakeFiles/servo_service__rosidl_generator_c.dir/rosidl_generator_c/servo_service/srv/detail/joint_range__description.c.o[0m
[2.401s] [ 25%] [32mBuilding C object CMakeFiles/servo_service__rosidl_generator_c.dir/rosidl_generator_c/servo_service/srv/detail/joint_range__functions.c.o[0m
[2.402s] [ 25%] [32mBuilding C object CMakeFiles/servo_service__rosidl_generator_c.dir/rosidl_generator_c/servo_service/srv/detail/joint_range__type_support.c.o[0m
[2.425s] reading manifest file 'servo_service.egg-info/SOURCES.txt'
[2.426s] writing manifest file 'servo_service.egg-info/SOURCES.txt'
[2.460s] [ 25%] Built target ament_cmake_python_build_servo_service_egg
[2.486s] [ 26%] [32m[1mLinking C shared library libservo_service__rosidl_generator_c.so[0m
[2.553s] [ 27%] Built target servo_service__rosidl_generator_c
[2.586s] [ 28%] [32mBuilding C object CMakeFiles/servo_service__rosidl_typesupport_introspection_c.dir/rosidl_typesupport_introspection_c/servo_service/msg/detail/set_servo_positions__type_support.c.o[0m
[2.587s] [ 29%] [32mBuilding C object CMakeFiles/servo_service__rosidl_typesupport_introspection_c.dir/rosidl_typesupport_introspection_c/servo_service/msg/detail/set_joint_lock__type_support.c.o[0m
[2.587s] [ 30%] [32mBuilding C object CMakeFiles/servo_service__rosidl_typesupport_introspection_c.dir/rosidl_typesupport_introspection_c/servo_service/msg/detail/change_servo_positions__type_support.c.o[0m
[2.600s] [ 30%] [32mBuilding CXX object CMakeFiles/servo_service__rosidl_typesupport_c.dir/rosidl_typesupport_c/servo_service/msg/change_servo_positions__type_support.cpp.o[0m
[2.604s] [ 31%] [32mBuilding CXX object CMakeFiles/servo_service__rosidl_typesupport_cpp.dir/rosidl_typesupport_cpp/servo_service/msg/change_servo_positions__type_support.cpp.o[0m
[2.608s] [ 32%] [32mBuilding CXX object CMakeFiles/servo_service__rosidl_typesupport_introspection_cpp.dir/rosidl_typesupport_introspection_cpp/servo_service/msg/detail/change_servo_positions__type_support.cpp.o[0m
[2.613s] [ 32%] [32mBuilding CXX object CMakeFiles/servo_service__rosidl_typesupport_fastrtps_cpp.dir/rosidl_typesupport_fastrtps_cpp/servo_service/msg/detail/dds_fastrtps/change_servo_positions__type_support.cpp.o[0m
[2.613s] [ 33%] [32mBuilding CXX object CMakeFiles/servo_service__rosidl_typesupport_fastrtps_c.dir/rosidl_typesupport_fastrtps_c/servo_service/msg/detail/change_servo_positions__type_support_c.cpp.o[0m
[2.653s] [ 33%] [32mBuilding C object CMakeFiles/servo_service__rosidl_typesupport_introspection_c.dir/rosidl_typesupport_introspection_c/servo_service/msg/detail/get_servo_positions__type_support.c.o[0m
[2.657s] [ 34%] [32mBuilding CXX object CMakeFiles/servo_service__rosidl_typesupport_cpp.dir/rosidl_typesupport_cpp/servo_service/msg/set_servo_positions__type_support.cpp.o[0m
[2.659s] [ 35%] [32mBuilding CXX object CMakeFiles/servo_service__rosidl_typesupport_cpp.dir/rosidl_typesupport_cpp/servo_service/msg/set_joint_lock__type_support.cpp.o[0m
[2.725s] [ 36%] [32mBuilding C object CMakeFiles/servo_service__rosidl_typesupport_introspection_c.dir/rosidl_typesupport_introspection_c/servo_service/msg/detail/set_posture__type_support.c.o[0m
[2.785s] [ 37%] [32mBuilding CXX object CMakeFiles/servo_service__rosidl_typesupport_c.dir/rosidl_typesupport_c/servo_service/msg/set_servo_positions__type_support.cpp.o[0m
[2.790s] [ 38%] [32mBuilding C object CMakeFiles/servo_service__rosidl_typesupport_introspection_c.dir/rosidl_typesupport_introspection_c/servo_service/srv/detail/joint_lock__type_support.c.o[0m
[2.865s] [ 39%] [32mBuilding CXX object CMakeFiles/servo_service__rosidl_typesupport_c.dir/rosidl_typesupport_c/servo_service/msg/set_joint_lock__type_support.cpp.o[0m
[2.881s] [ 40%] [32mBuilding C object CMakeFiles/servo_service__rosidl_typesupport_introspection_c.dir/rosidl_typesupport_introspection_c/servo_service/srv/detail/servo_temp__type_support.c.o[0m
[2.937s] [ 41%] [32mBuilding CXX object CMakeFiles/servo_service__rosidl_typesupport_c.dir/rosidl_typesupport_c/servo_service/msg/get_servo_positions__type_support.cpp.o[0m
[2.975s] [ 41%] [32mBuilding C object CMakeFiles/servo_service__rosidl_typesupport_introspection_c.dir/rosidl_typesupport_introspection_c/servo_service/srv/detail/servo_deviation__type_support.c.o[0m
[3.015s] [ 41%] [32mBuilding CXX object CMakeFiles/servo_service__rosidl_typesupport_c.dir/rosidl_typesupport_c/servo_service/msg/set_posture__type_support.cpp.o[0m
[3.069s] [ 42%] [32mBuilding C object CMakeFiles/servo_service__rosidl_typesupport_introspection_c.dir/rosidl_typesupport_introspection_c/servo_service/srv/detail/servo_voltage__type_support.c.o[0m
[3.093s] [ 43%] [32mBuilding CXX object CMakeFiles/servo_service__rosidl_typesupport_c.dir/rosidl_typesupport_c/servo_service/srv/joint_lock__type_support.cpp.o[0m
[3.165s] [ 44%] [32mBuilding C object CMakeFiles/servo_service__rosidl_typesupport_introspection_c.dir/rosidl_typesupport_introspection_c/servo_service/srv/detail/joint_position__type_support.c.o[0m
[3.178s] [ 45%] [32mBuilding CXX object CMakeFiles/servo_service__rosidl_typesupport_c.dir/rosidl_typesupport_c/servo_service/srv/servo_temp__type_support.cpp.o[0m
[3.193s] [ 46%] [32mBuilding C object CMakeFiles/servo_service__rosidl_typesupport_introspection_c.dir/rosidl_typesupport_introspection_c/servo_service/srv/detail/joint_range__type_support.c.o[0m
[3.193s] [ 46%] [32mBuilding CXX object CMakeFiles/servo_service__rosidl_typesupport_cpp.dir/rosidl_typesupport_cpp/servo_service/msg/get_servo_positions__type_support.cpp.o[0m
[3.205s] [ 47%] [32mBuilding CXX object CMakeFiles/servo_service__rosidl_typesupport_cpp.dir/rosidl_typesupport_cpp/servo_service/msg/set_posture__type_support.cpp.o[0m
[3.250s] [ 48%] [32mBuilding CXX object CMakeFiles/servo_service__rosidl_typesupport_fastrtps_cpp.dir/rosidl_typesupport_fastrtps_cpp/servo_service/msg/detail/dds_fastrtps/set_servo_positions__type_support.cpp.o[0m
[3.262s] [ 49%] [32mBuilding CXX object CMakeFiles/servo_service__rosidl_typesupport_c.dir/rosidl_typesupport_c/servo_service/srv/servo_deviation__type_support.cpp.o[0m
[3.299s] [ 49%] [32m[1mLinking C shared library libservo_service__rosidl_typesupport_introspection_c.so[0m
[3.334s] [ 50%] [32mBuilding CXX object CMakeFiles/servo_service__rosidl_typesupport_introspection_cpp.dir/rosidl_typesupport_introspection_cpp/servo_service/msg/detail/set_servo_positions__type_support.cpp.o[0m
[3.350s] [ 50%] [32mBuilding CXX object CMakeFiles/servo_service__rosidl_typesupport_c.dir/rosidl_typesupport_c/servo_service/srv/servo_voltage__type_support.cpp.o[0m
[3.360s] [ 50%] Built target servo_service__rosidl_typesupport_introspection_c
[3.374s] [ 51%] [32mBuilding CXX object CMakeFiles/servo_service__rosidl_typesupport_cpp.dir/rosidl_typesupport_cpp/servo_service/srv/joint_lock__type_support.cpp.o[0m
[3.434s] [ 52%] [32mBuilding CXX object CMakeFiles/servo_service__rosidl_typesupport_c.dir/rosidl_typesupport_c/servo_service/srv/joint_position__type_support.cpp.o[0m
[3.474s] [ 52%] [32mBuilding CXX object CMakeFiles/servo_service__rosidl_typesupport_fastrtps_c.dir/rosidl_typesupport_fastrtps_c/servo_service/msg/detail/set_servo_positions__type_support_c.cpp.o[0m
[3.517s] [ 53%] [32mBuilding CXX object CMakeFiles/servo_service__rosidl_typesupport_c.dir/rosidl_typesupport_c/servo_service/srv/joint_range__type_support.cpp.o[0m
[3.589s] [ 53%] [32mBuilding CXX object CMakeFiles/servo_service__rosidl_typesupport_introspection_cpp.dir/rosidl_typesupport_introspection_cpp/servo_service/msg/detail/set_joint_lock__type_support.cpp.o[0m
[3.602s] [ 54%] [32m[1mLinking CXX shared library libservo_service__rosidl_typesupport_c.so[0m
[3.682s] [ 55%] Built target servo_service__rosidl_typesupport_c
[3.697s] [ 55%] [32mBuilding CXX object CMakeFiles/servo_service__rosidl_typesupport_cpp.dir/rosidl_typesupport_cpp/servo_service/srv/servo_temp__type_support.cpp.o[0m
[3.739s] [ 56%] [32mBuilding CXX object CMakeFiles/servo_service__rosidl_typesupport_fastrtps_c.dir/rosidl_typesupport_fastrtps_c/servo_service/msg/detail/set_joint_lock__type_support_c.cpp.o[0m
[3.741s] [ 57%] [32mBuilding CXX object CMakeFiles/servo_service__rosidl_typesupport_fastrtps_cpp.dir/rosidl_typesupport_fastrtps_cpp/servo_service/msg/detail/dds_fastrtps/set_joint_lock__type_support.cpp.o[0m
[3.965s] [ 58%] [32mBuilding CXX object CMakeFiles/servo_service__rosidl_typesupport_fastrtps_c.dir/rosidl_typesupport_fastrtps_c/servo_service/msg/detail/get_servo_positions__type_support_c.cpp.o[0m
[4.110s] [ 59%] [32mBuilding CXX object CMakeFiles/servo_service__rosidl_typesupport_fastrtps_cpp.dir/rosidl_typesupport_fastrtps_cpp/servo_service/msg/detail/dds_fastrtps/get_servo_positions__type_support.cpp.o[0m
[4.172s] [ 60%] [32mBuilding CXX object CMakeFiles/servo_service__rosidl_typesupport_introspection_cpp.dir/rosidl_typesupport_introspection_cpp/servo_service/msg/detail/get_servo_positions__type_support.cpp.o[0m
[4.181s] [ 61%] [32mBuilding CXX object CMakeFiles/servo_service__rosidl_typesupport_fastrtps_c.dir/rosidl_typesupport_fastrtps_c/servo_service/msg/detail/set_posture__type_support_c.cpp.o[0m
[4.288s] [ 62%] [32mBuilding CXX object CMakeFiles/servo_service__rosidl_typesupport_introspection_cpp.dir/rosidl_typesupport_introspection_cpp/servo_service/msg/detail/set_posture__type_support.cpp.o[0m
[4.458s] [ 63%] [32mBuilding CXX object CMakeFiles/servo_service__rosidl_typesupport_cpp.dir/rosidl_typesupport_cpp/servo_service/srv/servo_deviation__type_support.cpp.o[0m
[4.544s] [ 64%] [32mBuilding CXX object CMakeFiles/servo_service__rosidl_typesupport_introspection_cpp.dir/rosidl_typesupport_introspection_cpp/servo_service/srv/detail/joint_lock__type_support.cpp.o[0m
[4.590s] [ 65%] [32mBuilding CXX object CMakeFiles/servo_service__rosidl_typesupport_cpp.dir/rosidl_typesupport_cpp/servo_service/srv/servo_voltage__type_support.cpp.o[0m
[4.763s] [ 65%] [32mBuilding CXX object CMakeFiles/servo_service__rosidl_typesupport_fastrtps_cpp.dir/rosidl_typesupport_fastrtps_cpp/servo_service/msg/detail/dds_fastrtps/set_posture__type_support.cpp.o[0m
[4.806s] [ 66%] [32mBuilding CXX object CMakeFiles/servo_service__rosidl_typesupport_fastrtps_cpp.dir/rosidl_typesupport_fastrtps_cpp/servo_service/srv/detail/dds_fastrtps/joint_lock__type_support.cpp.o[0m
[4.830s] [ 67%] [32mBuilding CXX object CMakeFiles/servo_service__rosidl_typesupport_cpp.dir/rosidl_typesupport_cpp/servo_service/srv/joint_position__type_support.cpp.o[0m
[4.973s] [ 67%] [32mBuilding CXX object CMakeFiles/servo_service__rosidl_typesupport_fastrtps_c.dir/rosidl_typesupport_fastrtps_c/servo_service/srv/detail/joint_lock__type_support_c.cpp.o[0m
[5.044s] [ 67%] [32mBuilding CXX object CMakeFiles/servo_service__rosidl_typesupport_cpp.dir/rosidl_typesupport_cpp/servo_service/srv/joint_range__type_support.cpp.o[0m
[5.226s] [ 68%] [32mBuilding CXX object CMakeFiles/servo_service__rosidl_typesupport_fastrtps_cpp.dir/rosidl_typesupport_fastrtps_cpp/servo_service/srv/detail/dds_fastrtps/servo_temp__type_support.cpp.o[0m
[5.348s] [ 69%] [32mBuilding CXX object CMakeFiles/servo_service__rosidl_typesupport_fastrtps_cpp.dir/rosidl_typesupport_fastrtps_cpp/servo_service/srv/detail/dds_fastrtps/servo_deviation__type_support.cpp.o[0m
[5.370s] [ 69%] [32mBuilding CXX object CMakeFiles/servo_service__rosidl_typesupport_introspection_cpp.dir/rosidl_typesupport_introspection_cpp/servo_service/srv/detail/servo_temp__type_support.cpp.o[0m
[5.595s] [ 70%] [32mBuilding CXX object CMakeFiles/servo_service__rosidl_typesupport_introspection_cpp.dir/rosidl_typesupport_introspection_cpp/servo_service/srv/detail/servo_deviation__type_support.cpp.o[0m
[5.607s] [ 71%] [32mBuilding CXX object CMakeFiles/servo_service__rosidl_typesupport_introspection_cpp.dir/rosidl_typesupport_introspection_cpp/servo_service/srv/detail/servo_voltage__type_support.cpp.o[0m
[5.816s] [ 72%] [32m[1mLinking CXX shared library libservo_service__rosidl_typesupport_cpp.so[0m
[5.835s] [ 73%] [32mBuilding CXX object CMakeFiles/servo_service__rosidl_typesupport_fastrtps_c.dir/rosidl_typesupport_fastrtps_c/servo_service/srv/detail/servo_temp__type_support_c.cpp.o[0m
[5.935s] [ 74%] [32mBuilding CXX object CMakeFiles/servo_service__rosidl_typesupport_introspection_cpp.dir/rosidl_typesupport_introspection_cpp/servo_service/srv/detail/joint_position__type_support.cpp.o[0m
[6.013s] [ 74%] Built target servo_service__rosidl_typesupport_cpp
[6.030s] [ 75%] [32mBuilding CXX object CMakeFiles/servo_service__rosidl_typesupport_fastrtps_c.dir/rosidl_typesupport_fastrtps_c/servo_service/srv/detail/servo_deviation__type_support_c.cpp.o[0m
[6.314s] [ 76%] [32mBuilding CXX object CMakeFiles/servo_service__rosidl_typesupport_fastrtps_c.dir/rosidl_typesupport_fastrtps_c/servo_service/srv/detail/servo_voltage__type_support_c.cpp.o[0m
[6.436s] [ 76%] [32mBuilding CXX object CMakeFiles/servo_service__rosidl_typesupport_fastrtps_c.dir/rosidl_typesupport_fastrtps_c/servo_service/srv/detail/joint_position__type_support_c.cpp.o[0m
[6.506s] [ 76%] [32mBuilding CXX object CMakeFiles/servo_service__rosidl_typesupport_fastrtps_cpp.dir/rosidl_typesupport_fastrtps_cpp/servo_service/srv/detail/dds_fastrtps/servo_voltage__type_support.cpp.o[0m
[6.550s] [ 77%] [32mBuilding CXX object CMakeFiles/servo_service__rosidl_typesupport_fastrtps_c.dir/rosidl_typesupport_fastrtps_c/servo_service/srv/detail/joint_range__type_support_c.cpp.o[0m
[6.581s] [ 77%] [32mBuilding CXX object CMakeFiles/servo_service__rosidl_typesupport_introspection_cpp.dir/rosidl_typesupport_introspection_cpp/servo_service/srv/detail/joint_range__type_support.cpp.o[0m
[6.716s] [ 78%] [32mBuilding CXX object CMakeFiles/servo_service__rosidl_typesupport_fastrtps_cpp.dir/rosidl_typesupport_fastrtps_cpp/servo_service/srv/detail/dds_fastrtps/joint_position__type_support.cpp.o[0m
[6.859s] [ 79%] [32mBuilding CXX object CMakeFiles/servo_service__rosidl_typesupport_fastrtps_cpp.dir/rosidl_typesupport_fastrtps_cpp/servo_service/srv/detail/dds_fastrtps/joint_range__type_support.cpp.o[0m
[7.309s] [ 80%] [32m[1mLinking CXX shared library libservo_service__rosidl_typesupport_fastrtps_c.so[0m
[7.421s] [ 81%] Built target servo_service__rosidl_typesupport_fastrtps_c
[7.472s] [ 82%] [32m[1mLinking CXX shared library libservo_service__rosidl_typesupport_introspection_cpp.so[0m
[7.597s] [ 83%] Built target servo_service__rosidl_typesupport_introspection_cpp
[7.660s] [ 84%] [32m[1mLinking CXX shared library libservo_service__rosidl_typesupport_fastrtps_cpp.so[0m
[7.766s] [ 85%] Built target servo_service__rosidl_typesupport_fastrtps_cpp
[7.786s] [ 85%] Built target servo_service
[7.808s] [ 86%] Built target servo_service__py
[7.852s] [ 88%] [32mBuilding C object CMakeFiles/servo_service__rosidl_generator_py.dir/rosidl_generator_py/servo_service/msg/_set_servo_positions_s.c.o[0m
[7.852s] [ 88%] [32mBuilding C object CMakeFiles/servo_service__rosidl_generator_py.dir/rosidl_generator_py/servo_service/msg/_change_servo_positions_s.c.o[0m
[7.852s] [ 88%] [32mBuilding C object CMakeFiles/servo_service__rosidl_generator_py.dir/rosidl_generator_py/servo_service/msg/_set_joint_lock_s.c.o[0m
[7.852s] [ 89%] [32mBuilding C object CMakeFiles/servo_service__rosidl_generator_py.dir/rosidl_generator_py/servo_service/msg/_get_servo_positions_s.c.o[0m
[7.853s] [ 90%] [32mBuilding C object CMakeFiles/servo_service__rosidl_generator_py.dir/rosidl_generator_py/servo_service/msg/_set_posture_s.c.o[0m
[7.853s] [ 91%] [32mBuilding C object CMakeFiles/servo_service__rosidl_generator_py.dir/rosidl_generator_py/servo_service/srv/_joint_lock_s.c.o[0m
[7.853s] [ 91%] [32mBuilding C object CMakeFiles/servo_service__rosidl_generator_py.dir/rosidl_generator_py/servo_service/srv/_servo_temp_s.c.o[0m
[7.853s] [ 92%] [32mBuilding C object CMakeFiles/servo_service__rosidl_generator_py.dir/rosidl_generator_py/servo_service/srv/_servo_deviation_s.c.o[0m
[8.123s] [ 93%] [32mBuilding C object CMakeFiles/servo_service__rosidl_generator_py.dir/rosidl_generator_py/servo_service/srv/_servo_voltage_s.c.o[0m
[8.155s] [ 93%] [32mBuilding C object CMakeFiles/servo_service__rosidl_generator_py.dir/rosidl_generator_py/servo_service/srv/_joint_range_s.c.o[0m
[8.155s] [ 94%] [32mBuilding C object CMakeFiles/servo_service__rosidl_generator_py.dir/rosidl_generator_py/servo_service/srv/_joint_position_s.c.o[0m
[8.346s] [ 95%] [32m[1mLinking C shared library libservo_service__rosidl_generator_py.so[0m
[8.402s] [ 95%] Built target servo_service__rosidl_generator_py
[8.427s] [ 97%] [32mBuilding C object CMakeFiles/servo_service_s__rosidl_typesupport_fastrtps_c.dir/rosidl_generator_py/servo_service/_servo_service_s.ep.rosidl_typesupport_fastrtps_c.c.o[0m
[8.427s] [ 97%] [32mBuilding C object CMakeFiles/servo_service_s__rosidl_typesupport_introspection_c.dir/rosidl_generator_py/servo_service/_servo_service_s.ep.rosidl_typesupport_introspection_c.c.o[0m
[8.427s] [ 97%] [32mBuilding C object CMakeFiles/servo_service_s__rosidl_typesupport_c.dir/rosidl_generator_py/servo_service/_servo_service_s.ep.rosidl_typesupport_c.c.o[0m
[8.603s] [ 98%] [32m[1mLinking C shared module rosidl_generator_py/servo_service/servo_service_s__rosidl_typesupport_c.so[0m
[8.606s] [ 99%] [32m[1mLinking C shared module rosidl_generator_py/servo_service/servo_service_s__rosidl_typesupport_introspection_c.so[0m
[8.612s] [100%] [32m[1mLinking C shared module rosidl_generator_py/servo_service/servo_service_s__rosidl_typesupport_fastrtps_c.so[0m
[8.641s] [100%] Built target servo_service_s__rosidl_typesupport_c
[8.645s] [100%] Built target servo_service_s__rosidl_typesupport_introspection_c
[8.651s] [100%] Built target servo_service_s__rosidl_typesupport_fastrtps_c
[8.664s] Invoked command in '/home/bilhr2025/Downloads/template_tB/ainex_bilhr_ws/build/servo_service' returned '0': CMAKE_PREFIX_PATH=${CMAKE_PREFIX_PATH}:/opt/ros/jazzy DEBUGINFOD_URLS=https://debuginfod.ubuntu.com /usr/bin/cmake --build /home/bilhr2025/Downloads/template_tB/ainex_bilhr_ws/build/servo_service -- -j8 -l8
[8.674s] Invoking command in '/home/bilhr2025/Downloads/template_tB/ainex_bilhr_ws/build/servo_service': CMAKE_PREFIX_PATH=${CMAKE_PREFIX_PATH}:/opt/ros/jazzy DEBUGINFOD_URLS=https://debuginfod.ubuntu.com /usr/bin/cmake --install /home/bilhr2025/Downloads/template_tB/ainex_bilhr_ws/build/servo_service
[8.683s] -- Install configuration: ""
[8.683s] -- Execute custom install script
[8.684s] -- Up-to-date symlink: /home/bilhr2025/Downloads/template_tB/ainex_bilhr_ws/install/servo_service/share/ament_index/resource_index/rosidl_interfaces/servo_service
[8.684s] -- Up-to-date symlink: /home/bilhr2025/Downloads/template_tB/ainex_bilhr_ws/install/servo_service/share/servo_service/msg/ChangeServoPositions.json
[8.684s] -- Up-to-date symlink: /home/bilhr2025/Downloads/template_tB/ainex_bilhr_ws/install/servo_service/share/servo_service/msg/SetServoPositions.json
[8.684s] -- Up-to-date symlink: /home/bilhr2025/Downloads/template_tB/ainex_bilhr_ws/install/servo_service/share/servo_service/msg/SetJointLock.json
[8.684s] -- Up-to-date symlink: /home/bilhr2025/Downloads/template_tB/ainex_bilhr_ws/install/servo_service/share/servo_service/msg/GetServoPositions.json
[8.685s] -- Up-to-date symlink: /home/bilhr2025/Downloads/template_tB/ainex_bilhr_ws/install/servo_service/share/servo_service/msg/SetPosture.json
[8.685s] -- Up-to-date symlink: /home/bilhr2025/Downloads/template_tB/ainex_bilhr_ws/install/servo_service/share/servo_service/srv/JointLock.json
[8.685s] -- Up-to-date symlink: /home/bilhr2025/Downloads/template_tB/ainex_bilhr_ws/install/servo_service/share/servo_service/srv/ServoTemp.json
[8.685s] -- Up-to-date symlink: /home/bilhr2025/Downloads/template_tB/ainex_bilhr_ws/install/servo_service/share/servo_service/srv/ServoDeviation.json
[8.686s] -- Up-to-date symlink: /home/bilhr2025/Downloads/template_tB/ainex_bilhr_ws/install/servo_service/share/servo_service/srv/ServoVoltage.json
[8.686s] -- Up-to-date symlink: /home/bilhr2025/Downloads/template_tB/ainex_bilhr_ws/install/servo_service/share/servo_service/srv/JointPosition.json
[8.686s] -- Up-to-date symlink: /home/bilhr2025/Downloads/template_tB/ainex_bilhr_ws/install/servo_service/share/servo_service/srv/JointRange.json
[8.687s] -- Up-to-date symlink: /home/bilhr2025/Downloads/template_tB/ainex_bilhr_ws/install/servo_service/include/servo_service/servo_service/msg/change_servo_positions.h
[8.687s] -- Up-to-date symlink: /home/bilhr2025/Downloads/template_tB/ainex_bilhr_ws/install/servo_service/include/servo_service/servo_service/msg/detail/change_servo_positions__functions.h
[8.687s] -- Up-to-date symlink: /home/bilhr2025/Downloads/template_tB/ainex_bilhr_ws/install/servo_service/include/servo_service/servo_service/msg/detail/change_servo_positions__struct.h
[8.688s] -- Up-to-date symlink: /home/bilhr2025/Downloads/template_tB/ainex_bilhr_ws/install/servo_service/include/servo_service/servo_service/msg/detail/change_servo_positions__type_support.h
[8.688s] -- Up-to-date symlink: /home/bilhr2025/Downloads/template_tB/ainex_bilhr_ws/install/servo_service/include/servo_service/servo_service/msg/detail/get_servo_positions__functions.h
[8.688s] -- Up-to-date symlink: /home/bilhr2025/Downloads/template_tB/ainex_bilhr_ws/install/servo_service/include/servo_service/servo_service/msg/detail/get_servo_positions__struct.h
[8.688s] -- Up-to-date symlink: /home/bilhr2025/Downloads/template_tB/ainex_bilhr_ws/install/servo_service/include/servo_service/servo_service/msg/detail/get_servo_positions__type_support.h
[8.688s] -- Up-to-date symlink: /home/bilhr2025/Downloads/template_tB/ainex_bilhr_ws/install/servo_service/include/servo_service/servo_service/msg/detail/set_joint_lock__functions.h
[8.688s] -- Up-to-date symlink: /home/bilhr2025/Downloads/template_tB/ainex_bilhr_ws/install/servo_service/include/servo_service/servo_service/msg/detail/set_joint_lock__struct.h
[8.688s] -- Up-to-date symlink: /home/bilhr2025/Downloads/template_tB/ainex_bilhr_ws/install/servo_service/include/servo_service/servo_service/msg/detail/set_joint_lock__type_support.h
[8.689s] -- Up-to-date symlink: /home/bilhr2025/Downloads/template_tB/ainex_bilhr_ws/install/servo_service/include/servo_service/servo_service/msg/detail/set_posture__functions.h
[8.689s] -- Up-to-date symlink: /home/bilhr2025/Downloads/template_tB/ainex_bilhr_ws/install/servo_service/include/servo_service/servo_service/msg/detail/set_posture__struct.h
[8.689s] -- Up-to-date symlink: /home/bilhr2025/Downloads/template_tB/ainex_bilhr_ws/install/servo_service/include/servo_service/servo_service/msg/detail/set_posture__type_support.h
[8.689s] -- Up-to-date symlink: /home/bilhr2025/Downloads/template_tB/ainex_bilhr_ws/install/servo_service/include/servo_service/servo_service/msg/detail/set_servo_positions__functions.h
[8.689s] -- Up-to-date symlink: /home/bilhr2025/Downloads/template_tB/ainex_bilhr_ws/install/servo_service/include/servo_service/servo_service/msg/detail/set_servo_positions__struct.h
[8.690s] -- Up-to-date symlink: /home/bilhr2025/Downloads/template_tB/ainex_bilhr_ws/install/servo_service/include/servo_service/servo_service/msg/detail/set_servo_positions__type_support.h
[8.690s] -- Up-to-date symlink: /home/bilhr2025/Downloads/template_tB/ainex_bilhr_ws/install/servo_service/include/servo_service/servo_service/msg/get_servo_positions.h
[8.690s] -- Up-to-date symlink: /home/bilhr2025/Downloads/template_tB/ainex_bilhr_ws/install/servo_service/include/servo_service/servo_service/msg/rosidl_generator_c__visibility_control.h
[8.690s] -- Up-to-date symlink: /home/bilhr2025/Downloads/template_tB/ainex_bilhr_ws/install/servo_service/include/servo_service/servo_service/msg/set_joint_lock.h
[8.690s] -- Up-to-date symlink: /home/bilhr2025/Downloads/template_tB/ainex_bilhr_ws/install/servo_service/include/servo_service/servo_service/msg/set_posture.h
[8.690s] -- Up-to-date symlink: /home/bilhr2025/Downloads/template_tB/ainex_bilhr_ws/install/servo_service/include/servo_service/servo_service/msg/set_servo_positions.h
[8.690s] -- Up-to-date symlink: /home/bilhr2025/Downloads/template_tB/ainex_bilhr_ws/install/servo_service/include/servo_service/servo_service/srv/detail/joint_lock__functions.h
[8.691s] -- Up-to-date symlink: /home/bilhr2025/Downloads/template_tB/ainex_bilhr_ws/install/servo_service/include/servo_service/servo_service/srv/detail/joint_lock__struct.h
[8.691s] -- Up-to-date symlink: /home/bilhr2025/Downloads/template_tB/ainex_bilhr_ws/install/servo_service/include/servo_service/servo_service/srv/detail/joint_lock__type_support.h
[8.691s] -- Up-to-date symlink: /home/bilhr2025/Downloads/template_tB/ainex_bilhr_ws/install/servo_service/include/servo_service/servo_service/srv/detail/joint_position__functions.h
[8.691s] -- Up-to-date symlink: /home/bilhr2025/Downloads/template_tB/ainex_bilhr_ws/install/servo_service/include/servo_service/servo_service/srv/detail/joint_position__struct.h
[8.691s] -- Up-to-date symlink: /home/bilhr2025/Downloads/template_tB/ainex_bilhr_ws/install/servo_service/include/servo_service/servo_service/srv/detail/joint_position__type_support.h
[8.692s] -- Up-to-date symlink: /home/bilhr2025/Downloads/template_tB/ainex_bilhr_ws/install/servo_service/include/servo_service/servo_service/srv/detail/joint_range__functions.h
[8.692s] -- Up-to-date symlink: /home/bilhr2025/Downloads/template_tB/ainex_bilhr_ws/install/servo_service/include/servo_service/servo_service/srv/detail/joint_range__struct.h
[8.692s] -- Up-to-date symlink: /home/bilhr2025/Downloads/template_tB/ainex_bilhr_ws/install/servo_service/include/servo_service/servo_service/srv/detail/joint_range__type_support.h
[8.692s] -- Up-to-date symlink: /home/bilhr2025/Downloads/template_tB/ainex_bilhr_ws/install/servo_service/include/servo_service/servo_service/srv/detail/servo_deviation__functions.h
[8.692s] -- Up-to-date symlink: /home/bilhr2025/Downloads/template_tB/ainex_bilhr_ws/install/servo_service/include/servo_service/servo_service/srv/detail/servo_deviation__struct.h
[8.692s] -- Up-to-date symlink: /home/bilhr2025/Downloads/template_tB/ainex_bilhr_ws/install/servo_service/include/servo_service/servo_service/srv/detail/servo_deviation__type_support.h
[8.693s] -- Up-to-date symlink: /home/bilhr2025/Downloads/template_tB/ainex_bilhr_ws/install/servo_service/include/servo_service/servo_service/srv/detail/servo_temp__functions.h
[8.693s] -- Up-to-date symlink: /home/bilhr2025/Downloads/template_tB/ainex_bilhr_ws/install/servo_service/include/servo_service/servo_service/srv/detail/servo_temp__struct.h
[8.693s] -- Up-to-date symlink: /home/bilhr2025/Downloads/template_tB/ainex_bilhr_ws/install/servo_service/include/servo_service/servo_service/srv/detail/servo_temp__type_support.h
[8.693s] -- Up-to-date symlink: /home/bilhr2025/Downloads/template_tB/ainex_bilhr_ws/install/servo_service/include/servo_service/servo_service/srv/detail/servo_voltage__functions.h
[8.693s] -- Up-to-date symlink: /home/bilhr2025/Downloads/template_tB/ainex_bilhr_ws/install/servo_service/include/servo_service/servo_service/srv/detail/servo_voltage__struct.h
[8.693s] -- Up-to-date symlink: /home/bilhr2025/Downloads/template_tB/ainex_bilhr_ws/install/servo_service/include/servo_service/servo_service/srv/detail/servo_voltage__type_support.h
[8.694s] -- Up-to-date symlink: /home/bilhr2025/Downloads/template_tB/ainex_bilhr_ws/install/servo_service/include/servo_service/servo_service/srv/joint_lock.h
[8.694s] -- Up-to-date symlink: /home/bilhr2025/Downloads/template_tB/ainex_bilhr_ws/install/servo_service/include/servo_service/servo_service/srv/joint_position.h
[8.694s] -- Up-to-date symlink: /home/bilhr2025/Downloads/template_tB/ainex_bilhr_ws/install/servo_service/include/servo_service/servo_service/srv/joint_range.h
[8.694s] -- Up-to-date symlink: /home/bilhr2025/Downloads/template_tB/ainex_bilhr_ws/install/servo_service/include/servo_service/servo_service/srv/servo_deviation.h
[8.694s] -- Up-to-date symlink: /home/bilhr2025/Downloads/template_tB/ainex_bilhr_ws/install/servo_service/include/servo_service/servo_service/srv/servo_temp.h
[8.694s] -- Up-to-date symlink: /home/bilhr2025/Downloads/template_tB/ainex_bilhr_ws/install/servo_service/include/servo_service/servo_service/srv/servo_voltage.h
[8.694s] -- Up-to-date symlink: /home/bilhr2025/Downloads/template_tB/ainex_bilhr_ws/install/servo_service/share/servo_service/environment/library_path.sh
[8.695s] -- Up-to-date symlink: /home/bilhr2025/Downloads/template_tB/ainex_bilhr_ws/install/servo_service/share/servo_service/environment/library_path.dsv
[8.696s] -- Up-to-date symlink: /home/bilhr2025/Downloads/template_tB/ainex_bilhr_ws/install/servo_service/include/servo_service/servo_service/msg/detail/change_servo_positions__rosidl_typesupport_fastrtps_c.h
[8.696s] -- Up-to-date symlink: /home/bilhr2025/Downloads/template_tB/ainex_bilhr_ws/install/servo_service/include/servo_service/servo_service/msg/detail/get_servo_positions__rosidl_typesupport_fastrtps_c.h
[8.696s] -- Up-to-date symlink: /home/bilhr2025/Downloads/template_tB/ainex_bilhr_ws/install/servo_service/include/servo_service/servo_service/msg/detail/set_joint_lock__rosidl_typesupport_fastrtps_c.h
[8.696s] -- Up-to-date symlink: /home/bilhr2025/Downloads/template_tB/ainex_bilhr_ws/install/servo_service/include/servo_service/servo_service/msg/detail/set_posture__rosidl_typesupport_fastrtps_c.h
[8.696s] -- Up-to-date symlink: /home/bilhr2025/Downloads/template_tB/ainex_bilhr_ws/install/servo_service/include/servo_service/servo_service/msg/detail/set_servo_positions__rosidl_typesupport_fastrtps_c.h
[8.696s] -- Up-to-date symlink: /home/bilhr2025/Downloads/template_tB/ainex_bilhr_ws/install/servo_service/include/servo_service/servo_service/msg/rosidl_typesupport_fastrtps_c__visibility_control.h
[8.697s] -- Up-to-date symlink: /home/bilhr2025/Downloads/template_tB/ainex_bilhr_ws/install/servo_service/include/servo_service/servo_service/srv/detail/joint_lock__rosidl_typesupport_fastrtps_c.h
[8.697s] -- Up-to-date symlink: /home/bilhr2025/Downloads/template_tB/ainex_bilhr_ws/install/servo_service/include/servo_service/servo_service/srv/detail/joint_position__rosidl_typesupport_fastrtps_c.h
[8.697s] -- Up-to-date symlink: /home/bilhr2025/Downloads/template_tB/ainex_bilhr_ws/install/servo_service/include/servo_service/servo_service/srv/detail/joint_range__rosidl_typesupport_fastrtps_c.h
[8.697s] -- Up-to-date symlink: /home/bilhr2025/Downloads/template_tB/ainex_bilhr_ws/install/servo_service/include/servo_service/servo_service/srv/detail/servo_deviation__rosidl_typesupport_fastrtps_c.h
[8.697s] -- Up-to-date symlink: /home/bilhr2025/Downloads/template_tB/ainex_bilhr_ws/install/servo_service/include/servo_service/servo_service/srv/detail/servo_temp__rosidl_typesupport_fastrtps_c.h
[8.697s] -- Up-to-date symlink: /home/bilhr2025/Downloads/template_tB/ainex_bilhr_ws/install/servo_service/include/servo_service/servo_service/srv/detail/servo_voltage__rosidl_typesupport_fastrtps_c.h
[8.698s] -- Up-to-date symlink: /home/bilhr2025/Downloads/template_tB/ainex_bilhr_ws/install/servo_service/include/servo_service/servo_service/msg/change_servo_positions.hpp
[8.699s] -- Up-to-date symlink: /home/bilhr2025/Downloads/template_tB/ainex_bilhr_ws/install/servo_service/include/servo_service/servo_service/msg/detail/change_servo_positions__builder.hpp
[8.699s] -- Up-to-date symlink: /home/bilhr2025/Downloads/template_tB/ainex_bilhr_ws/install/servo_service/include/servo_service/servo_service/msg/detail/change_servo_positions__struct.hpp
[8.699s] -- Up-to-date symlink: /home/bilhr2025/Downloads/template_tB/ainex_bilhr_ws/install/servo_service/include/servo_service/servo_service/msg/detail/change_servo_positions__traits.hpp
[8.699s] -- Up-to-date symlink: /home/bilhr2025/Downloads/template_tB/ainex_bilhr_ws/install/servo_service/include/servo_service/servo_service/msg/detail/change_servo_positions__type_support.hpp
[8.699s] -- Up-to-date symlink: /home/bilhr2025/Downloads/template_tB/ainex_bilhr_ws/install/servo_service/include/servo_service/servo_service/msg/detail/get_servo_positions__builder.hpp
[8.699s] -- Up-to-date symlink: /home/bilhr2025/Downloads/template_tB/ainex_bilhr_ws/install/servo_service/include/servo_service/servo_service/msg/detail/get_servo_positions__struct.hpp
[8.699s] -- Up-to-date symlink: /home/bilhr2025/Downloads/template_tB/ainex_bilhr_ws/install/servo_service/include/servo_service/servo_service/msg/detail/get_servo_positions__traits.hpp
[8.700s] -- Up-to-date symlink: /home/bilhr2025/Downloads/template_tB/ainex_bilhr_ws/install/servo_service/include/servo_service/servo_service/msg/detail/get_servo_positions__type_support.hpp
[8.700s] -- Up-to-date symlink: /home/bilhr2025/Downloads/template_tB/ainex_bilhr_ws/install/servo_service/include/servo_service/servo_service/msg/detail/set_joint_lock__builder.hpp
[8.700s] -- Up-to-date symlink: /home/bilhr2025/Downloads/template_tB/ainex_bilhr_ws/install/servo_service/include/servo_service/servo_service/msg/detail/set_joint_lock__struct.hpp
[8.700s] -- Up-to-date symlink: /home/bilhr2025/Downloads/template_tB/ainex_bilhr_ws/install/servo_service/include/servo_service/servo_service/msg/detail/set_joint_lock__traits.hpp
[8.700s] -- Up-to-date symlink: /home/bilhr2025/Downloads/template_tB/ainex_bilhr_ws/install/servo_service/include/servo_service/servo_service/msg/detail/set_joint_lock__type_support.hpp
[8.701s] -- Up-to-date symlink: /home/bilhr2025/Downloads/template_tB/ainex_bilhr_ws/install/servo_service/include/servo_service/servo_service/msg/detail/set_posture__builder.hpp
[8.701s] -- Up-to-date symlink: /home/bilhr2025/Downloads/template_tB/ainex_bilhr_ws/install/servo_service/include/servo_service/servo_service/msg/detail/set_posture__struct.hpp
[8.701s] -- Up-to-date symlink: /home/bilhr2025/Downloads/template_tB/ainex_bilhr_ws/install/servo_service/include/servo_service/servo_service/msg/detail/set_posture__traits.hpp
[8.701s] -- Up-to-date symlink: /home/bilhr2025/Downloads/template_tB/ainex_bilhr_ws/install/servo_service/include/servo_service/servo_service/msg/detail/set_posture__type_support.hpp
[8.701s] -- Up-to-date symlink: /home/bilhr2025/Downloads/template_tB/ainex_bilhr_ws/install/servo_service/include/servo_service/servo_service/msg/detail/set_servo_positions__builder.hpp
[8.701s] -- Up-to-date symlink: /home/bilhr2025/Downloads/template_tB/ainex_bilhr_ws/install/servo_service/include/servo_service/servo_service/msg/detail/set_servo_positions__struct.hpp
[8.702s] -- Up-to-date symlink: /home/bilhr2025/Downloads/template_tB/ainex_bilhr_ws/install/servo_service/include/servo_service/servo_service/msg/detail/set_servo_positions__traits.hpp
[8.702s] -- Up-to-date symlink: /home/bilhr2025/Downloads/template_tB/ainex_bilhr_ws/install/servo_service/include/servo_service/servo_service/msg/detail/set_servo_positions__type_support.hpp
[8.702s] -- Up-to-date symlink: /home/bilhr2025/Downloads/template_tB/ainex_bilhr_ws/install/servo_service/include/servo_service/servo_service/msg/get_servo_positions.hpp
[8.702s] -- Up-to-date symlink: /home/bilhr2025/Downloads/template_tB/ainex_bilhr_ws/install/servo_service/include/servo_service/servo_service/msg/rosidl_generator_cpp__visibility_control.hpp
[8.702s] -- Up-to-date symlink: /home/bilhr2025/Downloads/template_tB/ainex_bilhr_ws/install/servo_service/include/servo_service/servo_service/msg/set_joint_lock.hpp
[8.702s] -- Up-to-date symlink: /home/bilhr2025/Downloads/template_tB/ainex_bilhr_ws/install/servo_service/include/servo_service/servo_service/msg/set_posture.hpp
[8.702s] -- Up-to-date symlink: /home/bilhr2025/Downloads/template_tB/ainex_bilhr_ws/install/servo_service/include/servo_service/servo_service/msg/set_servo_positions.hpp
[8.703s] -- Up-to-date symlink: /home/bilhr2025/Downloads/template_tB/ainex_bilhr_ws/install/servo_service/include/servo_service/servo_service/srv/detail/joint_lock__builder.hpp
[8.703s] -- Up-to-date symlink: /home/bilhr2025/Downloads/template_tB/ainex_bilhr_ws/install/servo_service/include/servo_service/servo_service/srv/detail/joint_lock__struct.hpp
[8.703s] -- Up-to-date symlink: /home/bilhr2025/Downloads/template_tB/ainex_bilhr_ws/install/servo_service/include/servo_service/servo_service/srv/detail/joint_lock__traits.hpp
[8.703s] -- Up-to-date symlink: /home/bilhr2025/Downloads/template_tB/ainex_bilhr_ws/install/servo_service/include/servo_service/servo_service/srv/detail/joint_lock__type_support.hpp
[8.703s] -- Up-to-date symlink: /home/bilhr2025/Downloads/template_tB/ainex_bilhr_ws/install/servo_service/include/servo_service/servo_service/srv/detail/joint_position__builder.hpp
[8.704s] -- Up-to-date symlink: /home/bilhr2025/Downloads/template_tB/ainex_bilhr_ws/install/servo_service/include/servo_service/servo_service/srv/detail/joint_position__struct.hpp
[8.704s] -- Up-to-date symlink: /home/bilhr2025/Downloads/template_tB/ainex_bilhr_ws/install/servo_service/include/servo_service/servo_service/srv/detail/joint_position__traits.hpp
[8.704s] -- Up-to-date symlink: /home/bilhr2025/Downloads/template_tB/ainex_bilhr_ws/install/servo_service/include/servo_service/servo_service/srv/detail/joint_position__type_support.hpp
[8.704s] -- Up-to-date symlink: /home/bilhr2025/Downloads/template_tB/ainex_bilhr_ws/install/servo_service/include/servo_service/servo_service/srv/detail/joint_range__builder.hpp
[8.704s] -- Up-to-date symlink: /home/bilhr2025/Downloads/template_tB/ainex_bilhr_ws/install/servo_service/include/servo_service/servo_service/srv/detail/joint_range__struct.hpp
[8.704s] -- Up-to-date symlink: /home/bilhr2025/Downloads/template_tB/ainex_bilhr_ws/install/servo_service/include/servo_service/servo_service/srv/detail/joint_range__traits.hpp
[8.705s] -- Up-to-date symlink: /home/bilhr2025/Downloads/template_tB/ainex_bilhr_ws/install/servo_service/include/servo_service/servo_service/srv/detail/joint_range__type_support.hpp
[8.705s] -- Up-to-date symlink: /home/bilhr2025/Downloads/template_tB/ainex_bilhr_ws/install/servo_service/include/servo_service/servo_service/srv/detail/servo_deviation__builder.hpp
[8.705s] -- Up-to-date symlink: /home/bilhr2025/Downloads/template_tB/ainex_bilhr_ws/install/servo_service/include/servo_service/servo_service/srv/detail/servo_deviation__struct.hpp
[8.705s] -- Up-to-date symlink: /home/bilhr2025/Downloads/template_tB/ainex_bilhr_ws/install/servo_service/include/servo_service/servo_service/srv/detail/servo_deviation__traits.hpp
[8.705s] -- Up-to-date symlink: /home/bilhr2025/Downloads/template_tB/ainex_bilhr_ws/install/servo_service/include/servo_service/servo_service/srv/detail/servo_deviation__type_support.hpp
[8.705s] -- Up-to-date symlink: /home/bilhr2025/Downloads/template_tB/ainex_bilhr_ws/install/servo_service/include/servo_service/servo_service/srv/detail/servo_temp__builder.hpp
[8.706s] -- Up-to-date symlink: /home/bilhr2025/Downloads/template_tB/ainex_bilhr_ws/install/servo_service/include/servo_service/servo_service/srv/detail/servo_temp__struct.hpp
[8.706s] -- Up-to-date symlink: /home/bilhr2025/Downloads/template_tB/ainex_bilhr_ws/install/servo_service/include/servo_service/servo_service/srv/detail/servo_temp__traits.hpp
[8.706s] -- Up-to-date symlink: /home/bilhr2025/Downloads/template_tB/ainex_bilhr_ws/install/servo_service/include/servo_service/servo_service/srv/detail/servo_temp__type_support.hpp
[8.706s] -- Up-to-date symlink: /home/bilhr2025/Downloads/template_tB/ainex_bilhr_ws/install/servo_service/include/servo_service/servo_service/srv/detail/servo_voltage__builder.hpp
[8.706s] -- Up-to-date symlink: /home/bilhr2025/Downloads/template_tB/ainex_bilhr_ws/install/servo_service/include/servo_service/servo_service/srv/detail/servo_voltage__struct.hpp
[8.706s] -- Up-to-date symlink: /home/bilhr2025/Downloads/template_tB/ainex_bilhr_ws/install/servo_service/include/servo_service/servo_service/srv/detail/servo_voltage__traits.hpp
[8.707s] -- Up-to-date symlink: /home/bilhr2025/Downloads/template_tB/ainex_bilhr_ws/install/servo_service/include/servo_service/servo_service/srv/detail/servo_voltage__type_support.hpp
[8.707s] -- Up-to-date symlink: /home/bilhr2025/Downloads/template_tB/ainex_bilhr_ws/install/servo_service/include/servo_service/servo_service/srv/joint_lock.hpp
[8.707s] -- Up-to-date symlink: /home/bilhr2025/Downloads/template_tB/ainex_bilhr_ws/install/servo_service/include/servo_service/servo_service/srv/joint_position.hpp
[8.707s] -- Up-to-date symlink: /home/bilhr2025/Downloads/template_tB/ainex_bilhr_ws/install/servo_service/include/servo_service/servo_service/srv/joint_range.hpp
[8.707s] -- Up-to-date symlink: /home/bilhr2025/Downloads/template_tB/ainex_bilhr_ws/install/servo_service/include/servo_service/servo_service/srv/servo_deviation.hpp
[8.707s] -- Up-to-date symlink: /home/bilhr2025/Downloads/template_tB/ainex_bilhr_ws/install/servo_service/include/servo_service/servo_service/srv/servo_temp.hpp
[8.707s] -- Up-to-date symlink: /home/bilhr2025/Downloads/template_tB/ainex_bilhr_ws/install/servo_service/include/servo_service/servo_service/srv/servo_voltage.hpp
[8.708s] -- Up-to-date symlink: /home/bilhr2025/Downloads/template_tB/ainex_bilhr_ws/install/servo_service/include/servo_service/servo_service/msg/detail/change_servo_positions__rosidl_typesupport_fastrtps_cpp.hpp
[8.709s] -- Up-to-date symlink: /home/bilhr2025/Downloads/template_tB/ainex_bilhr_ws/install/servo_service/include/servo_service/servo_service/msg/detail/get_servo_positions__rosidl_typesupport_fastrtps_cpp.hpp
[8.709s] -- Up-to-date symlink: /home/bilhr2025/Downloads/template_tB/ainex_bilhr_ws/install/servo_service/include/servo_service/servo_service/msg/detail/set_joint_lock__rosidl_typesupport_fastrtps_cpp.hpp
[8.709s] -- Up-to-date symlink: /home/bilhr2025/Downloads/template_tB/ainex_bilhr_ws/install/servo_service/include/servo_service/servo_service/msg/detail/set_posture__rosidl_typesupport_fastrtps_cpp.hpp
[8.709s] -- Up-to-date symlink: /home/bilhr2025/Downloads/template_tB/ainex_bilhr_ws/install/servo_service/include/servo_service/servo_service/msg/detail/set_servo_positions__rosidl_typesupport_fastrtps_cpp.hpp
[8.709s] -- Up-to-date symlink: /home/bilhr2025/Downloads/template_tB/ainex_bilhr_ws/install/servo_service/include/servo_service/servo_service/msg/rosidl_typesupport_fastrtps_cpp__visibility_control.h
[8.709s] -- Up-to-date symlink: /home/bilhr2025/Downloads/template_tB/ainex_bilhr_ws/install/servo_service/include/servo_service/servo_service/srv/detail/joint_lock__rosidl_typesupport_fastrtps_cpp.hpp
[8.710s] -- Up-to-date symlink: /home/bilhr2025/Downloads/template_tB/ainex_bilhr_ws/install/servo_service/include/servo_service/servo_service/srv/detail/joint_position__rosidl_typesupport_fastrtps_cpp.hpp
[8.710s] -- Up-to-date symlink: /home/bilhr2025/Downloads/template_tB/ainex_bilhr_ws/install/servo_service/include/servo_service/servo_service/srv/detail/joint_range__rosidl_typesupport_fastrtps_cpp.hpp
[8.710s] -- Up-to-date symlink: /home/bilhr2025/Downloads/template_tB/ainex_bilhr_ws/install/servo_service/include/servo_service/servo_service/srv/detail/servo_deviation__rosidl_typesupport_fastrtps_cpp.hpp
[8.710s] -- Up-to-date symlink: /home/bilhr2025/Downloads/template_tB/ainex_bilhr_ws/install/servo_service/include/servo_service/servo_service/srv/detail/servo_temp__rosidl_typesupport_fastrtps_cpp.hpp
[8.710s] -- Up-to-date symlink: /home/bilhr2025/Downloads/template_tB/ainex_bilhr_ws/install/servo_service/include/servo_service/servo_service/srv/detail/servo_voltage__rosidl_typesupport_fastrtps_cpp.hpp
[8.711s] -- Up-to-date symlink: /home/bilhr2025/Downloads/template_tB/ainex_bilhr_ws/install/servo_service/include/servo_service/servo_service/msg/detail/change_servo_positions__rosidl_typesupport_introspection_c.h
[8.711s] -- Up-to-date symlink: /home/bilhr2025/Downloads/template_tB/ainex_bilhr_ws/install/servo_service/include/servo_service/servo_service/msg/detail/get_servo_positions__rosidl_typesupport_introspection_c.h
[8.711s] -- Up-to-date symlink: /home/bilhr2025/Downloads/template_tB/ainex_bilhr_ws/install/servo_service/include/servo_service/servo_service/msg/detail/set_joint_lock__rosidl_typesupport_introspection_c.h
[8.712s] -- Up-to-date symlink: /home/bilhr2025/Downloads/template_tB/ainex_bilhr_ws/install/servo_service/include/servo_service/servo_service/msg/detail/set_posture__rosidl_typesupport_introspection_c.h
[8.712s] -- Up-to-date symlink: /home/bilhr2025/Downloads/template_tB/ainex_bilhr_ws/install/servo_service/include/servo_service/servo_service/msg/detail/set_servo_positions__rosidl_typesupport_introspection_c.h
[8.712s] -- Up-to-date symlink: /home/bilhr2025/Downloads/template_tB/ainex_bilhr_ws/install/servo_service/include/servo_service/servo_service/msg/rosidl_typesupport_introspection_c__visibility_control.h
[8.712s] -- Up-to-date symlink: /home/bilhr2025/Downloads/template_tB/ainex_bilhr_ws/install/servo_service/include/servo_service/servo_service/srv/detail/joint_lock__rosidl_typesupport_introspection_c.h
[8.712s] -- Up-to-date symlink: /home/bilhr2025/Downloads/template_tB/ainex_bilhr_ws/install/servo_service/include/servo_service/servo_service/srv/detail/joint_position__rosidl_typesupport_introspection_c.h
[8.712s] -- Up-to-date symlink: /home/bilhr2025/Downloads/template_tB/ainex_bilhr_ws/install/servo_service/include/servo_service/servo_service/srv/detail/joint_range__rosidl_typesupport_introspection_c.h
[8.713s] -- Up-to-date symlink: /home/bilhr2025/Downloads/template_tB/ainex_bilhr_ws/install/servo_service/include/servo_service/servo_service/srv/detail/servo_deviation__rosidl_typesupport_introspection_c.h
[8.713s] -- Up-to-date symlink: /home/bilhr2025/Downloads/template_tB/ainex_bilhr_ws/install/servo_service/include/servo_service/servo_service/srv/detail/servo_temp__rosidl_typesupport_introspection_c.h
[8.713s] -- Up-to-date symlink: /home/bilhr2025/Downloads/template_tB/ainex_bilhr_ws/install/servo_service/include/servo_service/servo_service/srv/detail/servo_voltage__rosidl_typesupport_introspection_c.h
[8.713s] -- Up-to-date symlink: /home/bilhr2025/Downloads/template_tB/ainex_bilhr_ws/install/servo_service/include/servo_service/servo_service/msg/detail/change_servo_positions__rosidl_typesupport_introspection_cpp.hpp
[8.714s] -- Up-to-date symlink: /home/bilhr2025/Downloads/template_tB/ainex_bilhr_ws/install/servo_service/include/servo_service/servo_service/msg/detail/get_servo_positions__rosidl_typesupport_introspection_cpp.hpp
[8.714s] -- Up-to-date symlink: /home/bilhr2025/Downloads/template_tB/ainex_bilhr_ws/install/servo_service/include/servo_service/servo_service/msg/detail/set_joint_lock__rosidl_typesupport_introspection_cpp.hpp
[8.714s] -- Up-to-date symlink: /home/bilhr2025/Downloads/template_tB/ainex_bilhr_ws/install/servo_service/include/servo_service/servo_service/msg/detail/set_posture__rosidl_typesupport_introspection_cpp.hpp
[8.714s] -- Up-to-date symlink: /home/bilhr2025/Downloads/template_tB/ainex_bilhr_ws/install/servo_service/include/servo_service/servo_service/msg/detail/set_servo_positions__rosidl_typesupport_introspection_cpp.hpp
[8.714s] -- Up-to-date symlink: /home/bilhr2025/Downloads/template_tB/ainex_bilhr_ws/install/servo_service/include/servo_service/servo_service/srv/detail/joint_lock__rosidl_typesupport_introspection_cpp.hpp
[8.714s] -- Up-to-date symlink: /home/bilhr2025/Downloads/template_tB/ainex_bilhr_ws/install/servo_service/include/servo_service/servo_service/srv/detail/joint_position__rosidl_typesupport_introspection_cpp.hpp
[8.715s] -- Up-to-date symlink: /home/bilhr2025/Downloads/template_tB/ainex_bilhr_ws/install/servo_service/include/servo_service/servo_service/srv/detail/joint_range__rosidl_typesupport_introspection_cpp.hpp
[8.715s] -- Up-to-date symlink: /home/bilhr2025/Downloads/template_tB/ainex_bilhr_ws/install/servo_service/include/servo_service/servo_service/srv/detail/servo_deviation__rosidl_typesupport_introspection_cpp.hpp
[8.715s] -- Up-to-date symlink: /home/bilhr2025/Downloads/template_tB/ainex_bilhr_ws/install/servo_service/include/servo_service/servo_service/srv/detail/servo_temp__rosidl_typesupport_introspection_cpp.hpp
[8.715s] -- Up-to-date symlink: /home/bilhr2025/Downloads/template_tB/ainex_bilhr_ws/install/servo_service/include/servo_service/servo_service/srv/detail/servo_voltage__rosidl_typesupport_introspection_cpp.hpp
[8.715s] -- Up-to-date symlink: /home/bilhr2025/Downloads/template_tB/ainex_bilhr_ws/install/servo_service/share/servo_service/environment/pythonpath.sh
[8.715s] -- Up-to-date symlink: /home/bilhr2025/Downloads/template_tB/ainex_bilhr_ws/install/servo_service/share/servo_service/environment/pythonpath.dsv
[8.716s] -- Up-to-date symlink: /home/bilhr2025/Downloads/template_tB/ainex_bilhr_ws/install/servo_service/lib/python3.12/site-packages/servo_service-0.0.0-py3.12.egg-info/PKG-INFO
[8.716s] -- Up-to-date symlink: /home/bilhr2025/Downloads/template_tB/ainex_bilhr_ws/install/servo_service/lib/python3.12/site-packages/servo_service-0.0.0-py3.12.egg-info/SOURCES.txt
[8.716s] -- Up-to-date symlink: /home/bilhr2025/Downloads/template_tB/ainex_bilhr_ws/install/servo_service/lib/python3.12/site-packages/servo_service-0.0.0-py3.12.egg-info/dependency_links.txt
[8.716s] -- Up-to-date symlink: /home/bilhr2025/Downloads/template_tB/ainex_bilhr_ws/install/servo_service/lib/python3.12/site-packages/servo_service-0.0.0-py3.12.egg-info/top_level.txt
[8.717s] -- Up-to-date symlink: /home/bilhr2025/Downloads/template_tB/ainex_bilhr_ws/install/servo_service/lib/python3.12/site-packages/servo_service/__init__.py
[8.718s] -- Up-to-date symlink: /home/bilhr2025/Downloads/template_tB/ainex_bilhr_ws/install/servo_service/lib/python3.12/site-packages/servo_service/_servo_service_s.ep.rosidl_typesupport_c.c
[8.718s] -- Up-to-date symlink: /home/bilhr2025/Downloads/template_tB/ainex_bilhr_ws/install/servo_service/lib/python3.12/site-packages/servo_service/_servo_service_s.ep.rosidl_typesupport_fastrtps_c.c
[8.718s] -- Up-to-date symlink: /home/bilhr2025/Downloads/template_tB/ainex_bilhr_ws/install/servo_service/lib/python3.12/site-packages/servo_service/_servo_service_s.ep.rosidl_typesupport_introspection_c.c
[8.718s] -- Up-to-date symlink: /home/bilhr2025/Downloads/template_tB/ainex_bilhr_ws/install/servo_service/lib/python3.12/site-packages/servo_service/msg/__init__.py
[8.718s] -- Up-to-date symlink: /home/bilhr2025/Downloads/template_tB/ainex_bilhr_ws/install/servo_service/lib/python3.12/site-packages/servo_service/msg/_change_servo_positions.py
[8.718s] -- Up-to-date symlink: /home/bilhr2025/Downloads/template_tB/ainex_bilhr_ws/install/servo_service/lib/python3.12/site-packages/servo_service/msg/_change_servo_positions_s.c
[8.719s] -- Up-to-date symlink: /home/bilhr2025/Downloads/template_tB/ainex_bilhr_ws/install/servo_service/lib/python3.12/site-packages/servo_service/msg/_get_servo_positions.py
[8.719s] -- Up-to-date symlink: /home/bilhr2025/Downloads/template_tB/ainex_bilhr_ws/install/servo_service/lib/python3.12/site-packages/servo_service/msg/_get_servo_positions_s.c
[8.719s] -- Up-to-date symlink: /home/bilhr2025/Downloads/template_tB/ainex_bilhr_ws/install/servo_service/lib/python3.12/site-packages/servo_service/msg/_set_joint_lock.py
[8.719s] -- Up-to-date symlink: /home/bilhr2025/Downloads/template_tB/ainex_bilhr_ws/install/servo_service/lib/python3.12/site-packages/servo_service/msg/_set_joint_lock_s.c
[8.719s] -- Up-to-date symlink: /home/bilhr2025/Downloads/template_tB/ainex_bilhr_ws/install/servo_service/lib/python3.12/site-packages/servo_service/msg/_set_posture.py
[8.720s] -- Up-to-date symlink: /home/bilhr2025/Downloads/template_tB/ainex_bilhr_ws/install/servo_service/lib/python3.12/site-packages/servo_service/msg/_set_posture_s.c
[8.720s] -- Up-to-date symlink: /home/bilhr2025/Downloads/template_tB/ainex_bilhr_ws/install/servo_service/lib/python3.12/site-packages/servo_service/msg/_set_servo_positions.py
[8.720s] -- Up-to-date symlink: /home/bilhr2025/Downloads/template_tB/ainex_bilhr_ws/install/servo_service/lib/python3.12/site-packages/servo_service/msg/_set_servo_positions_s.c
[8.720s] -- Up-to-date symlink: /home/bilhr2025/Downloads/template_tB/ainex_bilhr_ws/install/servo_service/lib/python3.12/site-packages/servo_service/servo_service_s__rosidl_typesupport_c.so
[8.720s] -- Up-to-date symlink: /home/bilhr2025/Downloads/template_tB/ainex_bilhr_ws/install/servo_service/lib/python3.12/site-packages/servo_service/servo_service_s__rosidl_typesupport_fastrtps_c.so
[8.720s] -- Up-to-date symlink: /home/bilhr2025/Downloads/template_tB/ainex_bilhr_ws/install/servo_service/lib/python3.12/site-packages/servo_service/servo_service_s__rosidl_typesupport_introspection_c.so
[8.720s] -- Up-to-date symlink: /home/bilhr2025/Downloads/template_tB/ainex_bilhr_ws/install/servo_service/lib/python3.12/site-packages/servo_service/srv/__init__.py
[8.721s] -- Up-to-date symlink: /home/bilhr2025/Downloads/template_tB/ainex_bilhr_ws/install/servo_service/lib/python3.12/site-packages/servo_service/srv/_joint_lock.py
[8.721s] -- Up-to-date symlink: /home/bilhr2025/Downloads/template_tB/ainex_bilhr_ws/install/servo_service/lib/python3.12/site-packages/servo_service/srv/_joint_lock_s.c
[8.721s] -- Up-to-date symlink: /home/bilhr2025/Downloads/template_tB/ainex_bilhr_ws/install/servo_service/lib/python3.12/site-packages/servo_service/srv/_joint_position.py
[8.721s] -- Up-to-date symlink: /home/bilhr2025/Downloads/template_tB/ainex_bilhr_ws/install/servo_service/lib/python3.12/site-packages/servo_service/srv/_joint_position_s.c
[8.721s] -- Up-to-date symlink: /home/bilhr2025/Downloads/template_tB/ainex_bilhr_ws/install/servo_service/lib/python3.12/site-packages/servo_service/srv/_joint_range.py
[8.721s] -- Up-to-date symlink: /home/bilhr2025/Downloads/template_tB/ainex_bilhr_ws/install/servo_service/lib/python3.12/site-packages/servo_service/srv/_joint_range_s.c
[8.722s] -- Up-to-date symlink: /home/bilhr2025/Downloads/template_tB/ainex_bilhr_ws/install/servo_service/lib/python3.12/site-packages/servo_service/srv/_servo_deviation.py
[8.722s] -- Up-to-date symlink: /home/bilhr2025/Downloads/template_tB/ainex_bilhr_ws/install/servo_service/lib/python3.12/site-packages/servo_service/srv/_servo_deviation_s.c
[8.722s] -- Up-to-date symlink: /home/bilhr2025/Downloads/template_tB/ainex_bilhr_ws/install/servo_service/lib/python3.12/site-packages/servo_service/srv/_servo_temp.py
[8.722s] -- Up-to-date symlink: /home/bilhr2025/Downloads/template_tB/ainex_bilhr_ws/install/servo_service/lib/python3.12/site-packages/servo_service/srv/_servo_temp_s.c
[8.722s] -- Up-to-date symlink: /home/bilhr2025/Downloads/template_tB/ainex_bilhr_ws/install/servo_service/lib/python3.12/site-packages/servo_service/srv/_servo_voltage.py
[8.722s] -- Up-to-date symlink: /home/bilhr2025/Downloads/template_tB/ainex_bilhr_ws/install/servo_service/lib/python3.12/site-packages/servo_service/srv/_servo_voltage_s.c
[8.723s] -- Up-to-date symlink: /home/bilhr2025/Downloads/template_tB/ainex_bilhr_ws/install/servo_service/lib/python3.12/site-packages/servo_service/servo_service_s__rosidl_typesupport_fastrtps_c.so
[8.723s] -- Up-to-date symlink: /home/bilhr2025/Downloads/template_tB/ainex_bilhr_ws/install/servo_service/lib/python3.12/site-packages/servo_service/servo_service_s__rosidl_typesupport_introspection_c.so
[8.723s] -- Up-to-date symlink: /home/bilhr2025/Downloads/template_tB/ainex_bilhr_ws/install/servo_service/lib/python3.12/site-packages/servo_service/servo_service_s__rosidl_typesupport_c.so
[8.723s] -- Up-to-date symlink: /home/bilhr2025/Downloads/template_tB/ainex_bilhr_ws/install/servo_service/share/servo_service/msg/ChangeServoPositions.idl
[8.724s] -- Up-to-date symlink: /home/bilhr2025/Downloads/template_tB/ainex_bilhr_ws/install/servo_service/share/servo_service/msg/SetServoPositions.idl
[8.724s] -- Up-to-date symlink: /home/bilhr2025/Downloads/template_tB/ainex_bilhr_ws/install/servo_service/share/servo_service/msg/SetJointLock.idl
[8.724s] -- Up-to-date symlink: /home/bilhr2025/Downloads/template_tB/ainex_bilhr_ws/install/servo_service/share/servo_service/msg/GetServoPositions.idl
[8.724s] -- Up-to-date symlink: /home/bilhr2025/Downloads/template_tB/ainex_bilhr_ws/install/servo_service/share/servo_service/msg/SetPosture.idl
[8.724s] -- Up-to-date symlink: /home/bilhr2025/Downloads/template_tB/ainex_bilhr_ws/install/servo_service/share/servo_service/srv/JointLock.idl
[8.725s] -- Up-to-date symlink: /home/bilhr2025/Downloads/template_tB/ainex_bilhr_ws/install/servo_service/share/servo_service/srv/ServoTemp.idl
[8.725s] -- Up-to-date symlink: /home/bilhr2025/Downloads/template_tB/ainex_bilhr_ws/install/servo_service/share/servo_service/srv/ServoDeviation.idl
[8.725s] -- Up-to-date symlink: /home/bilhr2025/Downloads/template_tB/ainex_bilhr_ws/install/servo_service/share/servo_service/srv/ServoVoltage.idl
[8.725s] -- Up-to-date symlink: /home/bilhr2025/Downloads/template_tB/ainex_bilhr_ws/install/servo_service/share/servo_service/srv/JointPosition.idl
[8.726s] -- Up-to-date symlink: /home/bilhr2025/Downloads/template_tB/ainex_bilhr_ws/install/servo_service/share/servo_service/srv/JointRange.idl
[8.726s] -- Up-to-date symlink: /home/bilhr2025/Downloads/template_tB/ainex_bilhr_ws/install/servo_service/share/servo_service/msg/ChangeServoPositions.msg
[8.726s] -- Up-to-date symlink: /home/bilhr2025/Downloads/template_tB/ainex_bilhr_ws/install/servo_service/share/servo_service/msg/SetServoPositions.msg
[8.726s] -- Up-to-date symlink: /home/bilhr2025/Downloads/template_tB/ainex_bilhr_ws/install/servo_service/share/servo_service/msg/SetJointLock.msg
[8.726s] -- Up-to-date symlink: /home/bilhr2025/Downloads/template_tB/ainex_bilhr_ws/install/servo_service/share/servo_service/msg/GetServoPositions.msg
[8.726s] -- Up-to-date symlink: /home/bilhr2025/Downloads/template_tB/ainex_bilhr_ws/install/servo_service/share/servo_service/msg/SetPosture.msg
[8.727s] -- Up-to-date symlink: /home/bilhr2025/Downloads/template_tB/ainex_bilhr_ws/install/servo_service/share/servo_service/srv/JointLock.srv
[8.727s] -- Up-to-date symlink: /home/bilhr2025/Downloads/template_tB/ainex_bilhr_ws/install/servo_service/share/servo_service/srv/ServoTemp.srv
[8.727s] -- Up-to-date symlink: /home/bilhr2025/Downloads/template_tB/ainex_bilhr_ws/install/servo_service/share/servo_service/srv/ServoDeviation.srv
[8.727s] -- Up-to-date symlink: /home/bilhr2025/Downloads/template_tB/ainex_bilhr_ws/install/servo_service/share/servo_service/srv/ServoVoltage.srv
[8.728s] -- Up-to-date symlink: /home/bilhr2025/Downloads/template_tB/ainex_bilhr_ws/install/servo_service/share/servo_service/srv/JointPosition.srv
[8.728s] -- Up-to-date symlink: /home/bilhr2025/Downloads/template_tB/ainex_bilhr_ws/install/servo_service/share/servo_service/srv/JointRange.srv
[8.728s] -- Up-to-date symlink: /home/bilhr2025/Downloads/template_tB/ainex_bilhr_ws/install/servo_service/share/ament_index/resource_index/package_run_dependencies/servo_service
[8.728s] -- Up-to-date symlink: /home/bilhr2025/Downloads/template_tB/ainex_bilhr_ws/install/servo_service/share/ament_index/resource_index/parent_prefix_path/servo_service
[8.728s] -- Up-to-date symlink: /home/bilhr2025/Downloads/template_tB/ainex_bilhr_ws/install/servo_service/share/servo_service/environment/ament_prefix_path.sh
[8.729s] -- Up-to-date symlink: /home/bilhr2025/Downloads/template_tB/ainex_bilhr_ws/install/servo_service/share/servo_service/environment/ament_prefix_path.dsv
[8.729s] -- Up-to-date symlink: /home/bilhr2025/Downloads/template_tB/ainex_bilhr_ws/install/servo_service/share/servo_service/environment/path.sh
[8.729s] -- Up-to-date symlink: /home/bilhr2025/Downloads/template_tB/ainex_bilhr_ws/install/servo_service/share/servo_service/environment/path.dsv
[8.729s] -- Up-to-date symlink: /home/bilhr2025/Downloads/template_tB/ainex_bilhr_ws/install/servo_service/share/servo_service/local_setup.bash
[8.729s] -- Up-to-date symlink: /home/bilhr2025/Downloads/template_tB/ainex_bilhr_ws/install/servo_service/share/servo_service/local_setup.sh
[8.729s] -- Up-to-date symlink: /home/bilhr2025/Downloads/template_tB/ainex_bilhr_ws/install/servo_service/share/servo_service/local_setup.zsh
[8.730s] -- Up-to-date symlink: /home/bilhr2025/Downloads/template_tB/ainex_bilhr_ws/install/servo_service/share/servo_service/local_setup.dsv
[8.730s] -- Symlinking: /home/bilhr2025/Downloads/template_tB/ainex_bilhr_ws/install/servo_service/share/servo_service/package.dsv
[8.739s] -- Up-to-date symlink: /home/bilhr2025/Downloads/template_tB/ainex_bilhr_ws/install/servo_service/share/ament_index/resource_index/packages/servo_service
[8.740s] -- Up-to-date symlink: /home/bilhr2025/Downloads/template_tB/ainex_bilhr_ws/install/servo_service/share/servo_service/cmake/rosidl_cmake-extras.cmake
[8.740s] -- Up-to-date symlink: /home/bilhr2025/Downloads/template_tB/ainex_bilhr_ws/install/servo_service/share/servo_service/cmake/ament_cmake_export_dependencies-extras.cmake
[8.740s] -- Up-to-date symlink: /home/bilhr2025/Downloads/template_tB/ainex_bilhr_ws/install/servo_service/share/servo_service/cmake/ament_cmake_export_include_directories-extras.cmake
[8.740s] -- Up-to-date symlink: /home/bilhr2025/Downloads/template_tB/ainex_bilhr_ws/install/servo_service/share/servo_service/cmake/ament_cmake_export_libraries-extras.cmake
[8.741s] -- Up-to-date symlink: /home/bilhr2025/Downloads/template_tB/ainex_bilhr_ws/install/servo_service/share/servo_service/cmake/ament_cmake_export_targets-extras.cmake
[8.741s] -- Up-to-date symlink: /home/bilhr2025/Downloads/template_tB/ainex_bilhr_ws/install/servo_service/share/servo_service/cmake/rosidl_cmake_export_typesupport_targets-extras.cmake
[8.741s] -- Up-to-date symlink: /home/bilhr2025/Downloads/template_tB/ainex_bilhr_ws/install/servo_service/share/servo_service/cmake/rosidl_cmake_export_typesupport_libraries-extras.cmake
[8.741s] -- Up-to-date symlink: /home/bilhr2025/Downloads/template_tB/ainex_bilhr_ws/install/servo_service/share/servo_service/cmake/servo_serviceConfig.cmake
[8.741s] -- Up-to-date symlink: /home/bilhr2025/Downloads/template_tB/ainex_bilhr_ws/install/servo_service/share/servo_service/cmake/servo_serviceConfig-version.cmake
[8.742s] -- Up-to-date symlink: /home/bilhr2025/Downloads/template_tB/ainex_bilhr_ws/install/servo_service/share/servo_service/package.xml
[8.742s] -- Installing: /home/bilhr2025/Downloads/template_tB/ainex_bilhr_ws/install/servo_service/lib/libservo_service__rosidl_generator_c.so
[8.743s] -- Set non-toolchain portion of runtime path of "/home/bilhr2025/Downloads/template_tB/ainex_bilhr_ws/install/servo_service/lib/libservo_service__rosidl_generator_c.so" to ""
[8.743s] -- Installing: /home/bilhr2025/Downloads/template_tB/ainex_bilhr_ws/install/servo_service/lib/libservo_service__rosidl_typesupport_fastrtps_c.so
[8.744s] -- Set non-toolchain portion of runtime path of "/home/bilhr2025/Downloads/template_tB/ainex_bilhr_ws/install/servo_service/lib/libservo_service__rosidl_typesupport_fastrtps_c.so" to ""
[8.744s] -- Installing: /home/bilhr2025/Downloads/template_tB/ainex_bilhr_ws/install/servo_service/lib/libservo_service__rosidl_typesupport_fastrtps_cpp.so
[8.745s] -- Set non-toolchain portion of runtime path of "/home/bilhr2025/Downloads/template_tB/ainex_bilhr_ws/install/servo_service/lib/libservo_service__rosidl_typesupport_fastrtps_cpp.so" to ""
[8.746s] -- Installing: /home/bilhr2025/Downloads/template_tB/ainex_bilhr_ws/install/servo_service/lib/libservo_service__rosidl_typesupport_introspection_c.so
[8.746s] -- Set non-toolchain portion of runtime path of "/home/bilhr2025/Downloads/template_tB/ainex_bilhr_ws/install/servo_service/lib/libservo_service__rosidl_typesupport_introspection_c.so" to ""
[8.747s] -- Installing: /home/bilhr2025/Downloads/template_tB/ainex_bilhr_ws/install/servo_service/lib/libservo_service__rosidl_typesupport_c.so
[8.747s] -- Set non-toolchain portion of runtime path of "/home/bilhr2025/Downloads/template_tB/ainex_bilhr_ws/install/servo_service/lib/libservo_service__rosidl_typesupport_c.so" to ""
[8.747s] -- Installing: /home/bilhr2025/Downloads/template_tB/ainex_bilhr_ws/install/servo_service/lib/libservo_service__rosidl_typesupport_introspection_cpp.so
[8.748s] -- Set non-toolchain portion of runtime path of "/home/bilhr2025/Downloads/template_tB/ainex_bilhr_ws/install/servo_service/lib/libservo_service__rosidl_typesupport_introspection_cpp.so" to ""
[8.749s] -- Installing: /home/bilhr2025/Downloads/template_tB/ainex_bilhr_ws/install/servo_service/lib/libservo_service__rosidl_typesupport_cpp.so
[8.750s] -- Set non-toolchain portion of runtime path of "/home/bilhr2025/Downloads/template_tB/ainex_bilhr_ws/install/servo_service/lib/libservo_service__rosidl_typesupport_cpp.so" to ""
[8.811s] Listing '/home/bilhr2025/Downloads/template_tB/ainex_bilhr_ws/install/servo_service/lib/python3.12/site-packages/servo_service'...
[8.811s] Compiling '/home/bilhr2025/Downloads/template_tB/ainex_bilhr_ws/install/servo_service/lib/python3.12/site-packages/servo_service/__init__.py'...
[8.811s] Listing '/home/bilhr2025/Downloads/template_tB/ainex_bilhr_ws/install/servo_service/lib/python3.12/site-packages/servo_service/msg'...
[8.811s] Compiling '/home/bilhr2025/Downloads/template_tB/ainex_bilhr_ws/install/servo_service/lib/python3.12/site-packages/servo_service/msg/__init__.py'...
[8.811s] Compiling '/home/bilhr2025/Downloads/template_tB/ainex_bilhr_ws/install/servo_service/lib/python3.12/site-packages/servo_service/msg/_change_servo_positions.py'...
[8.812s] Compiling '/home/bilhr2025/Downloads/template_tB/ainex_bilhr_ws/install/servo_service/lib/python3.12/site-packages/servo_service/msg/_get_servo_positions.py'...
[8.812s] Compiling '/home/bilhr2025/Downloads/template_tB/ainex_bilhr_ws/install/servo_service/lib/python3.12/site-packages/servo_service/msg/_set_joint_lock.py'...
[8.812s] Compiling '/home/bilhr2025/Downloads/template_tB/ainex_bilhr_ws/install/servo_service/lib/python3.12/site-packages/servo_service/msg/_set_posture.py'...
[8.812s] Compiling '/home/bilhr2025/Downloads/template_tB/ainex_bilhr_ws/install/servo_service/lib/python3.12/site-packages/servo_service/msg/_set_servo_positions.py'...
[8.812s] Listing '/home/bilhr2025/Downloads/template_tB/ainex_bilhr_ws/install/servo_service/lib/python3.12/site-packages/servo_service/srv'...
[8.812s] Compiling '/home/bilhr2025/Downloads/template_tB/ainex_bilhr_ws/install/servo_service/lib/python3.12/site-packages/servo_service/srv/__init__.py'...
[8.812s] Compiling '/home/bilhr2025/Downloads/template_tB/ainex_bilhr_ws/install/servo_service/lib/python3.12/site-packages/servo_service/srv/_joint_lock.py'...
[8.812s] Compiling '/home/bilhr2025/Downloads/template_tB/ainex_bilhr_ws/install/servo_service/lib/python3.12/site-packages/servo_service/srv/_joint_position.py'...
[8.812s] Compiling '/home/bilhr2025/Downloads/template_tB/ainex_bilhr_ws/install/servo_service/lib/python3.12/site-packages/servo_service/srv/_joint_range.py'...
[8.812s] Compiling '/home/bilhr2025/Downloads/template_tB/ainex_bilhr_ws/install/servo_service/lib/python3.12/site-packages/servo_service/srv/_servo_deviation.py'...
[8.812s] Compiling '/home/bilhr2025/Downloads/template_tB/ainex_bilhr_ws/install/servo_service/lib/python3.12/site-packages/servo_service/srv/_servo_temp.py'...
[8.812s] Compiling '/home/bilhr2025/Downloads/template_tB/ainex_bilhr_ws/install/servo_service/lib/python3.12/site-packages/servo_service/srv/_servo_voltage.py'...
[8.817s] -- Installing: /home/bilhr2025/Downloads/template_tB/ainex_bilhr_ws/install/servo_service/lib/libservo_service__rosidl_generator_py.so
[8.818s] -- Set non-toolchain portion of runtime path of "/home/bilhr2025/Downloads/template_tB/ainex_bilhr_ws/install/servo_service/lib/libservo_service__rosidl_generator_py.so" to ""
[8.818s] -- Up-to-date: /home/bilhr2025/Downloads/template_tB/ainex_bilhr_ws/install/servo_service/share/servo_service/cmake/export_servo_service__rosidl_generator_cExport.cmake
[8.818s] -- Up-to-date: /home/bilhr2025/Downloads/template_tB/ainex_bilhr_ws/install/servo_service/share/servo_service/cmake/export_servo_service__rosidl_generator_cExport-noconfig.cmake
[8.819s] -- Up-to-date: /home/bilhr2025/Downloads/template_tB/ainex_bilhr_ws/install/servo_service/share/servo_service/cmake/export_servo_service__rosidl_typesupport_fastrtps_cExport.cmake
[8.819s] -- Up-to-date: /home/bilhr2025/Downloads/template_tB/ainex_bilhr_ws/install/servo_service/share/servo_service/cmake/export_servo_service__rosidl_typesupport_fastrtps_cExport-noconfig.cmake
[8.819s] -- Up-to-date: /home/bilhr2025/Downloads/template_tB/ainex_bilhr_ws/install/servo_service/share/servo_service/cmake/export_servo_service__rosidl_generator_cppExport.cmake
[8.819s] -- Up-to-date: /home/bilhr2025/Downloads/template_tB/ainex_bilhr_ws/install/servo_service/share/servo_service/cmake/export_servo_service__rosidl_typesupport_fastrtps_cppExport.cmake
[8.819s] -- Up-to-date: /home/bilhr2025/Downloads/template_tB/ainex_bilhr_ws/install/servo_service/share/servo_service/cmake/export_servo_service__rosidl_typesupport_fastrtps_cppExport-noconfig.cmake
[8.819s] -- Up-to-date: /home/bilhr2025/Downloads/template_tB/ainex_bilhr_ws/install/servo_service/share/servo_service/cmake/servo_service__rosidl_typesupport_introspection_cExport.cmake
[8.819s] -- Up-to-date: /home/bilhr2025/Downloads/template_tB/ainex_bilhr_ws/install/servo_service/share/servo_service/cmake/servo_service__rosidl_typesupport_introspection_cExport-noconfig.cmake
[8.819s] -- Up-to-date: /home/bilhr2025/Downloads/template_tB/ainex_bilhr_ws/install/servo_service/share/servo_service/cmake/servo_service__rosidl_typesupport_cExport.cmake
[8.819s] -- Up-to-date: /home/bilhr2025/Downloads/template_tB/ainex_bilhr_ws/install/servo_service/share/servo_service/cmake/servo_service__rosidl_typesupport_cExport-noconfig.cmake
[8.819s] -- Up-to-date: /home/bilhr2025/Downloads/template_tB/ainex_bilhr_ws/install/servo_service/share/servo_service/cmake/servo_service__rosidl_typesupport_introspection_cppExport.cmake
[8.820s] -- Up-to-date: /home/bilhr2025/Downloads/template_tB/ainex_bilhr_ws/install/servo_service/share/servo_service/cmake/servo_service__rosidl_typesupport_introspection_cppExport-noconfig.cmake
[8.820s] -- Up-to-date: /home/bilhr2025/Downloads/template_tB/ainex_bilhr_ws/install/servo_service/share/servo_service/cmake/servo_service__rosidl_typesupport_cppExport.cmake
[8.820s] -- Up-to-date: /home/bilhr2025/Downloads/template_tB/ainex_bilhr_ws/install/servo_service/share/servo_service/cmake/servo_service__rosidl_typesupport_cppExport-noconfig.cmake
[8.820s] -- Up-to-date: /home/bilhr2025/Downloads/template_tB/ainex_bilhr_ws/install/servo_service/share/servo_service/cmake/export_servo_service__rosidl_generator_pyExport.cmake
[8.820s] -- Up-to-date: /home/bilhr2025/Downloads/template_tB/ainex_bilhr_ws/install/servo_service/share/servo_service/cmake/export_servo_service__rosidl_generator_pyExport-noconfig.cmake
[8.822s] Invoked command in '/home/bilhr2025/Downloads/template_tB/ainex_bilhr_ws/build/servo_service' returned '0': CMAKE_PREFIX_PATH=${CMAKE_PREFIX_PATH}:/opt/ros/jazzy DEBUGINFOD_URLS=https://debuginfod.ubuntu.com /usr/bin/cmake --install /home/bilhr2025/Downloads/template_tB/ainex_bilhr_ws/build/servo_service
