[0.107s] DEBUG:colcon:Command line arguments: ['/usr/bin/colcon', 'build']
[0.107s] DEBUG:colcon:Parsed command line arguments: Namespace(log_base=None, log_level=None, verb_name='build', build_base='build', install_base='install', merge_install=False, symlink_install=False, test_result_base=None, continue_on_error=False, executor='parallel', parallel_workers=8, event_handlers=None, ignore_user_meta=False, metas=['./colcon.meta'], base_paths=['.'], packages_ignore=None, packages_ignore_regex=None, paths=None, packages_up_to=None, packages_up_to_regex=None, packages_above=None, packages_above_and_dependencies=None, packages_above_depth=None, packages_select_by_dep=None, packages_skip_by_dep=None, packages_skip_up_to=None, packages_select_build_failed=False, packages_skip_build_finished=False, packages_select_test_failures=False, packages_skip_test_passed=False, packages_select=None, packages_skip=None, packages_select_regex=None, packages_skip_regex=None, packages_start=None, packages_end=None, allow_overriding=[], cmake_args=None, cmake_target=None, cmake_target_skip_unavailable=False, cmake_clean_cache=False, cmake_clean_first=False, cmake_force_configure=False, ament_cmake_args=None, catkin_cmake_args=None, catkin_skip_building_tests=False, mixin_files=None, mixin=None, verb_parser=<colcon_mixin.mixin.mixin_argument.MixinArgumentDecorator object at 0x71bbcbbad3a0>, verb_extension=<colcon_core.verb.build.BuildVerb object at 0x71bbcbbad070>, main=<bound method BuildVerb.main of <colcon_core.verb.build.BuildVerb object at 0x71bbcbbad070>>, mixin_verb=('build',))
[0.144s] Level 1:colcon.colcon_core.package_discovery:discover_packages(colcon_meta) check parameters
[0.144s] Level 1:colcon.colcon_core.package_discovery:discover_packages(recursive) check parameters
[0.144s] Level 1:colcon.colcon_core.package_discovery:discover_packages(ignore) check parameters
[0.144s] Level 1:colcon.colcon_core.package_discovery:discover_packages(path) check parameters
[0.144s] Level 1:colcon.colcon_core.package_discovery:discover_packages(colcon_meta) discover
[0.144s] Level 1:colcon.colcon_core.package_discovery:discover_packages(recursive) discover
[0.145s] INFO:colcon.colcon_core.package_discovery:Crawling recursively for packages in '/home/bilhr2025/Downloads/template_tB/ainex_bilhr_ws/src/ainex_vision'
[0.145s] Level 1:colcon.colcon_core.package_identification:_identify(.) by extensions ['ignore', 'ignore_ament_install']
[0.145s] Level 1:colcon.colcon_core.package_identification:_identify(.) by extension 'ignore'
[0.145s] Level 1:colcon.colcon_core.package_identification:_identify(.) by extension 'ignore_ament_install'
[0.145s] Level 1:colcon.colcon_core.package_identification:_identify(.) by extensions ['colcon_pkg']
[0.145s] Level 1:colcon.colcon_core.package_identification:_identify(.) by extension 'colcon_pkg'
[0.145s] Level 1:colcon.colcon_core.package_identification:_identify(.) by extensions ['colcon_meta']
[0.145s] Level 1:colcon.colcon_core.package_identification:_identify(.) by extension 'colcon_meta'
[0.145s] Level 1:colcon.colcon_core.package_identification:_identify(.) by extensions ['ros']
[0.145s] Level 1:colcon.colcon_core.package_identification:_identify(.) by extension 'ros'
[0.170s] DEBUG:colcon.colcon_core.package_identification:Package '.' with type 'ros.ament_python' and name 'ainex_vision'
[0.170s] Level 1:colcon.colcon_core.package_discovery:discover_packages(recursive) using defaults
[0.170s] Level 1:colcon.colcon_core.package_discovery:discover_packages(ignore) discover
[0.170s] Level 1:colcon.colcon_core.package_discovery:discover_packages(ignore) using defaults
[0.171s] Level 1:colcon.colcon_core.package_discovery:discover_packages(path) discover
[0.171s] Level 1:colcon.colcon_core.package_discovery:discover_packages(path) using defaults
[0.189s] Level 1:colcon.colcon_core.package_discovery:discover_packages(prefix_path) check parameters
[0.189s] Level 1:colcon.colcon_core.package_discovery:discover_packages(prefix_path) discover
[0.191s] DEBUG:colcon.colcon_installed_package_information.package_discovery:Found 4 installed packages in /home/bilhr2025/Downloads/template_tB/ainex_bilhr_ws/install
[0.192s] DEBUG:colcon.colcon_installed_package_information.package_discovery:Found 325 installed packages in /opt/ros/jazzy
[0.194s] Level 1:colcon.colcon_core.package_discovery:discover_packages(prefix_path) using defaults
[0.242s] Level 5:colcon.colcon_core.verb:set package 'ainex_vision' build argument 'cmake_args' from command line to 'None'
[0.242s] Level 5:colcon.colcon_core.verb:set package 'ainex_vision' build argument 'cmake_target' from command line to 'None'
[0.242s] Level 5:colcon.colcon_core.verb:set package 'ainex_vision' build argument 'cmake_target_skip_unavailable' from command line to 'False'
[0.242s] Level 5:colcon.colcon_core.verb:set package 'ainex_vision' build argument 'cmake_clean_cache' from command line to 'False'
[0.242s] Level 5:colcon.colcon_core.verb:set package 'ainex_vision' build argument 'cmake_clean_first' from command line to 'False'
[0.242s] Level 5:colcon.colcon_core.verb:set package 'ainex_vision' build argument 'cmake_force_configure' from command line to 'False'
[0.242s] Level 5:colcon.colcon_core.verb:set package 'ainex_vision' build argument 'ament_cmake_args' from command line to 'None'
[0.242s] Level 5:colcon.colcon_core.verb:set package 'ainex_vision' build argument 'catkin_cmake_args' from command line to 'None'
[0.242s] Level 5:colcon.colcon_core.verb:set package 'ainex_vision' build argument 'catkin_skip_building_tests' from command line to 'False'
[0.242s] DEBUG:colcon.colcon_core.verb:Building package 'ainex_vision' with the following arguments: {'ament_cmake_args': None, 'build_base': '/home/bilhr2025/Downloads/template_tB/ainex_bilhr_ws/src/ainex_vision/build/ainex_vision', 'catkin_cmake_args': None, 'catkin_skip_building_tests': False, 'cmake_args': None, 'cmake_clean_cache': False, 'cmake_clean_first': False, 'cmake_force_configure': False, 'cmake_target': None, 'cmake_target_skip_unavailable': False, 'install_base': '/home/bilhr2025/Downloads/template_tB/ainex_bilhr_ws/src/ainex_vision/install/ainex_vision', 'merge_install': False, 'path': '/home/bilhr2025/Downloads/template_tB/ainex_bilhr_ws/src/ainex_vision', 'symlink_install': False, 'test_result_base': None}
[0.243s] INFO:colcon.colcon_core.executor:Executing jobs using 'parallel' executor
[0.243s] DEBUG:colcon.colcon_parallel_executor.executor.parallel:run_until_complete
[0.243s] INFO:colcon.colcon_ros.task.ament_python.build:Building ROS package in '/home/bilhr2025/Downloads/template_tB/ainex_bilhr_ws/src/ainex_vision' with build type 'ament_python'
[0.244s] Level 1:colcon.colcon_core.shell:create_environment_hook('ainex_vision', 'ament_prefix_path')
[0.246s] INFO:colcon.colcon_core.plugin_system:Skipping extension 'colcon_core.shell.bat': Not used on non-Windows systems
[0.246s] INFO:colcon.colcon_core.shell:Creating environment hook '/home/bilhr2025/Downloads/template_tB/ainex_bilhr_ws/src/ainex_vision/install/ainex_vision/share/ainex_vision/hook/ament_prefix_path.ps1'
[0.247s] INFO:colcon.colcon_core.shell:Creating environment descriptor '/home/bilhr2025/Downloads/template_tB/ainex_bilhr_ws/src/ainex_vision/install/ainex_vision/share/ainex_vision/hook/ament_prefix_path.dsv'
[0.247s] INFO:colcon.colcon_core.shell:Creating environment hook '/home/bilhr2025/Downloads/template_tB/ainex_bilhr_ws/src/ainex_vision/install/ainex_vision/share/ainex_vision/hook/ament_prefix_path.sh'
[0.248s] INFO:colcon.colcon_core.shell:Skip shell extension 'powershell' for command environment: Not usable outside of PowerShell
[0.248s] DEBUG:colcon.colcon_core.shell:Skip shell extension 'dsv' for command environment
[0.468s] INFO:colcon.colcon_core.task.python.build:Building Python package in '/home/bilhr2025/Downloads/template_tB/ainex_bilhr_ws/src/ainex_vision'
[0.468s] INFO:colcon.colcon_core.shell:Skip shell extension 'powershell' for command environment: Not usable outside of PowerShell
[0.468s] DEBUG:colcon.colcon_core.shell:Skip shell extension 'dsv' for command environment
[1.109s] DEBUG:colcon.colcon_core.event_handler.log_command:Invoking command in '/home/bilhr2025/Downloads/template_tB/ainex_bilhr_ws/src/ainex_vision': DEBUGINFOD_URLS=https://debuginfod.ubuntu.com PYTHONPATH=/home/bilhr2025/Downloads/template_tB/ainex_bilhr_ws/src/ainex_vision/build/ainex_vision/prefix_override:/usr/lib/python3/dist-packages/colcon_core/task/python/colcon_distutils_commands:/home/bilhr2025/Downloads/template_tB/ainex_bilhr_ws/src/ainex_vision/install/ainex_vision/lib/python3.12/site-packages:${PYTHONPATH} /usr/bin/python3 -W ignore:setup.py install is deprecated -W ignore:easy_install command is deprecated setup.py egg_info --egg-base build/ainex_vision build --build-base /home/bilhr2025/Downloads/template_tB/ainex_bilhr_ws/src/ainex_vision/build/ainex_vision/build install --record /home/bilhr2025/Downloads/template_tB/ainex_bilhr_ws/src/ainex_vision/build/ainex_vision/install.log --single-version-externally-managed install_data
[1.697s] DEBUG:colcon.colcon_core.event_handler.log_command:Invoked command in '/home/bilhr2025/Downloads/template_tB/ainex_bilhr_ws/src/ainex_vision' returned '0': DEBUGINFOD_URLS=https://debuginfod.ubuntu.com PYTHONPATH=/home/bilhr2025/Downloads/template_tB/ainex_bilhr_ws/src/ainex_vision/build/ainex_vision/prefix_override:/usr/lib/python3/dist-packages/colcon_core/task/python/colcon_distutils_commands:/home/bilhr2025/Downloads/template_tB/ainex_bilhr_ws/src/ainex_vision/install/ainex_vision/lib/python3.12/site-packages:${PYTHONPATH} /usr/bin/python3 -W ignore:setup.py install is deprecated -W ignore:easy_install command is deprecated setup.py egg_info --egg-base build/ainex_vision build --build-base /home/bilhr2025/Downloads/template_tB/ainex_bilhr_ws/src/ainex_vision/build/ainex_vision/build install --record /home/bilhr2025/Downloads/template_tB/ainex_bilhr_ws/src/ainex_vision/build/ainex_vision/install.log --single-version-externally-managed install_data
[1.699s] Level 1:colcon.colcon_core.environment:checking '/home/bilhr2025/Downloads/template_tB/ainex_bilhr_ws/src/ainex_vision/install/ainex_vision' for CMake module files
[1.699s] Level 1:colcon.colcon_core.environment:checking '/home/bilhr2025/Downloads/template_tB/ainex_bilhr_ws/src/ainex_vision/install/ainex_vision' for CMake config files
[1.700s] Level 1:colcon.colcon_core.environment:checking '/home/bilhr2025/Downloads/template_tB/ainex_bilhr_ws/src/ainex_vision/install/ainex_vision/lib'
[1.700s] Level 1:colcon.colcon_core.environment:checking '/home/bilhr2025/Downloads/template_tB/ainex_bilhr_ws/src/ainex_vision/install/ainex_vision/bin'
[1.700s] Level 1:colcon.colcon_core.environment:checking '/home/bilhr2025/Downloads/template_tB/ainex_bilhr_ws/src/ainex_vision/install/ainex_vision/lib/pkgconfig/ainex_vision.pc'
[1.700s] Level 1:colcon.colcon_core.environment:checking '/home/bilhr2025/Downloads/template_tB/ainex_bilhr_ws/src/ainex_vision/install/ainex_vision/lib/python3.12/site-packages'
[1.700s] Level 1:colcon.colcon_core.shell:create_environment_hook('ainex_vision', 'pythonpath')
[1.701s] INFO:colcon.colcon_core.shell:Creating environment hook '/home/bilhr2025/Downloads/template_tB/ainex_bilhr_ws/src/ainex_vision/install/ainex_vision/share/ainex_vision/hook/pythonpath.ps1'
[1.701s] INFO:colcon.colcon_core.shell:Creating environment descriptor '/home/bilhr2025/Downloads/template_tB/ainex_bilhr_ws/src/ainex_vision/install/ainex_vision/share/ainex_vision/hook/pythonpath.dsv'
[1.701s] INFO:colcon.colcon_core.shell:Creating environment hook '/home/bilhr2025/Downloads/template_tB/ainex_bilhr_ws/src/ainex_vision/install/ainex_vision/share/ainex_vision/hook/pythonpath.sh'
[1.702s] Level 1:colcon.colcon_core.environment:checking '/home/bilhr2025/Downloads/template_tB/ainex_bilhr_ws/src/ainex_vision/install/ainex_vision/bin'
[1.702s] Level 1:colcon.colcon_core.environment:create_environment_scripts_only(ainex_vision)
[1.702s] INFO:colcon.colcon_core.shell:Creating package script '/home/bilhr2025/Downloads/template_tB/ainex_bilhr_ws/src/ainex_vision/install/ainex_vision/share/ainex_vision/package.ps1'
[1.703s] INFO:colcon.colcon_core.shell:Creating package descriptor '/home/bilhr2025/Downloads/template_tB/ainex_bilhr_ws/src/ainex_vision/install/ainex_vision/share/ainex_vision/package.dsv'
[1.703s] INFO:colcon.colcon_core.shell:Creating package script '/home/bilhr2025/Downloads/template_tB/ainex_bilhr_ws/src/ainex_vision/install/ainex_vision/share/ainex_vision/package.sh'
[1.704s] INFO:colcon.colcon_core.shell:Creating package script '/home/bilhr2025/Downloads/template_tB/ainex_bilhr_ws/src/ainex_vision/install/ainex_vision/share/ainex_vision/package.bash'
[1.704s] INFO:colcon.colcon_core.shell:Creating package script '/home/bilhr2025/Downloads/template_tB/ainex_bilhr_ws/src/ainex_vision/install/ainex_vision/share/ainex_vision/package.zsh'
[1.705s] Level 1:colcon.colcon_core.environment:create_file_with_runtime_dependencies(/home/bilhr2025/Downloads/template_tB/ainex_bilhr_ws/src/ainex_vision/install/ainex_vision/share/colcon-core/packages/ainex_vision)
[1.705s] DEBUG:colcon.colcon_parallel_executor.executor.parallel:closing loop
[1.705s] DEBUG:colcon.colcon_parallel_executor.executor.parallel:loop closed
[1.705s] DEBUG:colcon.colcon_parallel_executor.executor.parallel:run_until_complete finished with '0'
[1.705s] DEBUG:colcon.colcon_core.event_reactor:joining thread
[1.712s] INFO:colcon.colcon_core.plugin_system:Skipping extension 'colcon_notification.desktop_notification.terminal_notifier': Not used on non-Darwin systems
[1.712s] INFO:colcon.colcon_core.plugin_system:Skipping extension 'colcon_notification.desktop_notification.win32': Not used on non-Windows systems
[1.712s] INFO:colcon.colcon_notification.desktop_notification:Sending desktop notification using 'notify2'
[1.751s] DEBUG:colcon.colcon_core.event_reactor:joined thread
[1.752s] INFO:colcon.colcon_core.shell:Creating prefix script '/home/bilhr2025/Downloads/template_tB/ainex_bilhr_ws/src/ainex_vision/install/local_setup.ps1'
[1.753s] INFO:colcon.colcon_core.shell:Creating prefix util module '/home/bilhr2025/Downloads/template_tB/ainex_bilhr_ws/src/ainex_vision/install/_local_setup_util_ps1.py'
[1.754s] INFO:colcon.colcon_core.shell:Creating prefix chain script '/home/bilhr2025/Downloads/template_tB/ainex_bilhr_ws/src/ainex_vision/install/setup.ps1'
[1.755s] INFO:colcon.colcon_core.shell:Creating prefix script '/home/bilhr2025/Downloads/template_tB/ainex_bilhr_ws/src/ainex_vision/install/local_setup.sh'
[1.755s] INFO:colcon.colcon_core.shell:Creating prefix util module '/home/bilhr2025/Downloads/template_tB/ainex_bilhr_ws/src/ainex_vision/install/_local_setup_util_sh.py'
[1.755s] INFO:colcon.colcon_core.shell:Creating prefix chain script '/home/bilhr2025/Downloads/template_tB/ainex_bilhr_ws/src/ainex_vision/install/setup.sh'
[1.756s] INFO:colcon.colcon_core.shell:Creating prefix script '/home/bilhr2025/Downloads/template_tB/ainex_bilhr_ws/src/ainex_vision/install/local_setup.bash'
[1.757s] INFO:colcon.colcon_core.shell:Creating prefix chain script '/home/bilhr2025/Downloads/template_tB/ainex_bilhr_ws/src/ainex_vision/install/setup.bash'
[1.758s] INFO:colcon.colcon_core.shell:Creating prefix script '/home/bilhr2025/Downloads/template_tB/ainex_bilhr_ws/src/ainex_vision/install/local_setup.zsh'
[1.758s] INFO:colcon.colcon_core.shell:Creating prefix chain script '/home/bilhr2025/Downloads/template_tB/ainex_bilhr_ws/src/ainex_vision/install/setup.zsh'
