[1.285s] Invoking command in '/home/bilhr2025/Downloads/BILHR_T5/build/ainex_neural_control': DEBUGINFOD_URLS=https://debuginfod.ubuntu.com PYTHONPATH=/home/bilhr2025/Downloads/BILHR_T5/build/ainex_neural_control/prefix_override:/usr/lib/python3/dist-packages/colcon_core/task/python/colcon_distutils_commands:/home/bilhr2025/Downloads/BILHR_T5/install/ainex_neural_control/lib/python3.12/site-packages:${PYTHONPATH} /usr/bin/python3 -W ignore:setup.py install is deprecated -W ignore:easy_install command is deprecated setup.py develop --editable --build-directory /home/bilhr2025/Downloads/BILHR_T5/build/ainex_neural_control/build --no-deps symlink_data
[1.657s] running develop
[1.908s] running egg_info
[1.932s] writing ainex_neural_control.egg-info/PKG-INFO
[1.933s] writing dependency_links to ainex_neural_control.egg-info/dependency_links.txt
[1.933s] writing entry points to ainex_neural_control.egg-info/entry_points.txt
[1.933s] writing requirements to ainex_neural_control.egg-info/requires.txt
[1.933s] writing top-level names to ainex_neural_control.egg-info/top_level.txt
[1.981s] reading manifest file 'ainex_neural_control.egg-info/SOURCES.txt'
[1.982s] writing manifest file 'ainex_neural_control.egg-info/SOURCES.txt'
[2.008s] running build_ext
[2.008s] Creating /home/bilhr2025/Downloads/BILHR_T5/install/ainex_neural_control/lib/python3.12/site-packages/ainex-neural-control.egg-link (link to .)
[2.009s] Installing manual_reward_node script to /home/bilhr2025/Downloads/BILHR_T5/install/ainex_neural_control/lib/ainex_neural_control
[2.009s] Installing rl_dt_penalty_node script to /home/bilhr2025/Downloads/BILHR_T5/install/ainex_neural_control/lib/ainex_neural_control
[2.009s] Installing robot_cmac_controller script to /home/bilhr2025/Downloads/BILHR_T5/install/ainex_neural_control/lib/ainex_neural_control
[2.010s] Installing robot_neural_controller script to /home/bilhr2025/Downloads/BILHR_T5/install/ainex_neural_control/lib/ainex_neural_control
[2.010s] 
[2.010s] Installed /home/bilhr2025/Downloads/BILHR_T5/build/ainex_neural_control
[2.010s] running symlink_data
[2.044s] Invoked command in '/home/bilhr2025/Downloads/BILHR_T5/build/ainex_neural_control' returned '0': DEBUGINFOD_URLS=https://debuginfod.ubuntu.com PYTHONPATH=/home/bilhr2025/Downloads/BILHR_T5/build/ainex_neural_control/prefix_override:/usr/lib/python3/dist-packages/colcon_core/task/python/colcon_distutils_commands:/home/bilhr2025/Downloads/BILHR_T5/install/ainex_neural_control/lib/python3.12/site-packages:${PYTHONPATH} /usr/bin/python3 -W ignore:setup.py install is deprecated -W ignore:easy_install command is deprecated setup.py develop --editable --build-directory /home/bilhr2025/Downloads/BILHR_T5/build/ainex_neural_control/build --no-deps symlink_data
