[0.018s] Invoking command in '/home/bilhr2025/Downloads/BILHR_T5/build/servo_service': CMAKE_PREFIX_PATH=${CMAKE_PREFIX_PATH}:/home/bilhr2025/Downloads/BILHR_T5/install/ainex_motion:/home/bilhr2025/Downloads/BILHR_T5/install/ainex_vision:/home/bilhr2025/Downloads/BILHR_T5/install/ainex_neural_control:/opt/ros/jazzy DEBUGINFOD_URLS=https://debuginfod.ubuntu.com /usr/bin/cmake /home/bilhr2025/Downloads/BILHR_T5/src/servo_service -DAMENT_CMAKE_SYMLINK_INSTALL=1 -DCMAKE_INSTALL_PREFIX=/home/bilhr2025/Downloads/BILHR_T5/install/servo_service
[0.258s] -- The C compiler identification is GNU 13.3.0
[0.382s] -- The CXX compiler identification is GNU 13.3.0
[0.407s] -- Detecting C compiler ABI info
[0.508s] -- Detecting C compiler ABI info - done
[0.527s] -- Check for working C compiler: /usr/bin/cc - skipped
[0.527s] -- Detecting C compile features
[0.528s] -- Detecting C compile features - done
[0.539s] -- Detecting CXX compiler ABI info
[0.645s] -- Detecting CXX compiler ABI info - done
[0.654s] -- Check for working CXX compiler: /usr/bin/c++ - skipped
[0.655s] -- Detecting CXX compile features
[0.655s] -- Detecting CXX compile features - done
[0.660s] -- Found ament_cmake: 2.5.3 (/opt/ros/jazzy/share/ament_cmake/cmake)
[0.821s] -- Found Python3: /usr/bin/python3 (found version "3.12.3") found components: Interpreter 
[0.905s] -- Override CMake install command with custom implementation using symlinks instead of copying resources
[0.951s] -- Found geometry_msgs: 5.3.6 (/opt/ros/jazzy/share/geometry_msgs/cmake)
[1.010s] -- Found rosidl_generator_c: 4.6.5 (/opt/ros/jazzy/share/rosidl_generator_c/cmake)
[1.030s] -- Found rosidl_generator_cpp: 4.6.5 (/opt/ros/jazzy/share/rosidl_generator_cpp/cmake)
[1.058s] -- Using all available rosidl_typesupport_c: rosidl_typesupport_fastrtps_c;rosidl_typesupport_introspection_c
[1.084s] -- Using all available rosidl_typesupport_cpp: rosidl_typesupport_fastrtps_cpp;rosidl_typesupport_introspection_cpp
[1.150s] -- Found rosidl_default_generators: 1.6.0 (/opt/ros/jazzy/share/rosidl_default_generators/cmake)
[1.173s] -- Found rosidl_adapter: 4.6.5 (/opt/ros/jazzy/share/rosidl_adapter/cmake)
[1.907s] -- Found ament_cmake_ros: 0.12.0 (/opt/ros/jazzy/share/ament_cmake_ros/cmake)
[2.782s] -- Using all available rosidl_typesupport_c: rosidl_typesupport_fastrtps_c;rosidl_typesupport_introspection_c
[3.147s] -- Using all available rosidl_typesupport_cpp: rosidl_typesupport_fastrtps_cpp;rosidl_typesupport_introspection_cpp
[3.152s] -- Found python_cmake_module: 0.11.1 (/opt/ros/jazzy/share/python_cmake_module/cmake)
[3.288s] -- Found PythonExtra: /usr/bin/python3  
[3.713s] -- Found Python3: /usr/bin/python3 (found version "3.12.3") found components: Interpreter Development NumPy Development.Module Development.Embed 
[3.810s] -- Found ament_lint_auto: 0.17.2 (/opt/ros/jazzy/share/ament_lint_auto/cmake)
[3.851s] -- Added test 'lint_cmake' to check CMake code style
[3.853s] -- Added test 'xmllint' to check XML markup files
[3.858s] -- Configuring done (3.8s)
[3.921s] -- Generating done (0.0s)
[3.933s] -- Build files have been written to: /home/bilhr2025/Downloads/BILHR_T5/build/servo_service
[3.942s] Invoked command in '/home/bilhr2025/Downloads/BILHR_T5/build/servo_service' returned '0': CMAKE_PREFIX_PATH=${CMAKE_PREFIX_PATH}:/home/bilhr2025/Downloads/BILHR_T5/install/ainex_motion:/home/bilhr2025/Downloads/BILHR_T5/install/ainex_vision:/home/bilhr2025/Downloads/BILHR_T5/install/ainex_neural_control:/opt/ros/jazzy DEBUGINFOD_URLS=https://debuginfod.ubuntu.com /usr/bin/cmake /home/bilhr2025/Downloads/BILHR_T5/src/servo_service -DAMENT_CMAKE_SYMLINK_INSTALL=1 -DCMAKE_INSTALL_PREFIX=/home/bilhr2025/Downloads/BILHR_T5/install/servo_service
[3.944s] Invoking command in '/home/bilhr2025/Downloads/BILHR_T5/build/servo_service': CMAKE_PREFIX_PATH=${CMAKE_PREFIX_PATH}:/home/bilhr2025/Downloads/BILHR_T5/install/ainex_motion:/home/bilhr2025/Downloads/BILHR_T5/install/ainex_vision:/home/bilhr2025/Downloads/BILHR_T5/install/ainex_neural_control:/opt/ros/jazzy DEBUGINFOD_URLS=https://debuginfod.ubuntu.com /usr/bin/cmake --build /home/bilhr2025/Downloads/BILHR_T5/build/servo_service -- -j8 -l8
[3.998s] [  1%] [34m[1mGenerating type hashes for ROS interfaces[0m
[4.006s] [  1%] Built target ament_cmake_python_symlink_servo_service
[4.236s] running egg_info
[4.237s] creating servo_service.egg-info
[4.267s] writing servo_service.egg-info/PKG-INFO
[4.267s] writing dependency_links to servo_service.egg-info/dependency_links.txt
[4.267s] writing top-level names to servo_service.egg-info/top_level.txt
[4.268s] writing manifest file 'servo_service.egg-info/SOURCES.txt'
[4.282s] [  1%] Built target servo_service__rosidl_generator_type_description
[4.294s] [  2%] [34m[1mGenerating C code for ROS interfaces[0m
[4.305s] [  2%] [34m[1mGenerating C++ code for ROS interfaces[0m
[4.340s] reading manifest file 'servo_service.egg-info/SOURCES.txt'
[4.341s] writing manifest file 'servo_service.egg-info/SOURCES.txt'
[4.371s] [  2%] Built target ament_cmake_python_build_servo_service_egg
[5.154s] [  2%] Built target servo_service__cpp
[5.423s] [  3%] [32mBuilding C object CMakeFiles/servo_service__rosidl_generator_c.dir/rosidl_generator_c/servo_service/msg/detail/change_servo_positions__type_support.c.o[0m
[5.423s] [  5%] [32mBuilding C object CMakeFiles/servo_service__rosidl_generator_c.dir/rosidl_generator_c/servo_service/msg/detail/change_servo_positions__description.c.o[0m
[5.424s] [  5%] [32mBuilding C object CMakeFiles/servo_service__rosidl_generator_c.dir/rosidl_generator_c/servo_service/msg/detail/change_servo_positions__functions.c.o[0m
[5.424s] [  5%] [32mBuilding C object CMakeFiles/servo_service__rosidl_generator_c.dir/rosidl_generator_c/servo_service/msg/detail/set_servo_positions__description.c.o[0m
[5.424s] [  5%] [32mBuilding C object CMakeFiles/servo_service__rosidl_generator_c.dir/rosidl_generator_c/servo_service/msg/detail/set_servo_positions__functions.c.o[0m
[5.424s] [  6%] [32mBuilding C object CMakeFiles/servo_service__rosidl_generator_c.dir/rosidl_generator_c/servo_service/msg/detail/set_servo_positions__type_support.c.o[0m
[5.424s] [  7%] [32mBuilding C object CMakeFiles/servo_service__rosidl_generator_c.dir/rosidl_generator_c/servo_service/msg/detail/set_joint_lock__description.c.o[0m
[5.424s] [  8%] [32mBuilding C object CMakeFiles/servo_service__rosidl_generator_c.dir/rosidl_generator_c/servo_service/msg/detail/set_joint_lock__functions.c.o[0m
[5.483s] [  8%] [32mBuilding C object CMakeFiles/servo_service__rosidl_generator_c.dir/rosidl_generator_c/servo_service/msg/detail/set_joint_lock__type_support.c.o[0m
[5.484s] [  9%] [32mBuilding C object CMakeFiles/servo_service__rosidl_generator_c.dir/rosidl_generator_c/servo_service/msg/detail/get_servo_positions__description.c.o[0m
[5.497s] [ 10%] [32mBuilding C object CMakeFiles/servo_service__rosidl_generator_c.dir/rosidl_generator_c/servo_service/msg/detail/get_servo_positions__functions.c.o[0m
[5.497s] [ 10%] [32mBuilding C object CMakeFiles/servo_service__rosidl_generator_c.dir/rosidl_generator_c/servo_service/msg/detail/set_posture__description.c.o[0m
[5.501s] [ 11%] [32mBuilding C object CMakeFiles/servo_service__rosidl_generator_c.dir/rosidl_generator_c/servo_service/msg/detail/get_servo_positions__type_support.c.o[0m
[5.530s] [ 12%] [32mBuilding C object CMakeFiles/servo_service__rosidl_generator_c.dir/rosidl_generator_c/servo_service/msg/detail/set_posture__type_support.c.o[0m
[5.530s] [ 13%] [32mBuilding C object CMakeFiles/servo_service__rosidl_generator_c.dir/rosidl_generator_c/servo_service/msg/detail/set_posture__functions.c.o[0m
[5.532s] [ 14%] [32mBuilding C object CMakeFiles/servo_service__rosidl_generator_c.dir/rosidl_generator_c/servo_service/srv/detail/joint_lock__description.c.o[0m
[5.542s] [ 14%] [32mBuilding C object CMakeFiles/servo_service__rosidl_generator_c.dir/rosidl_generator_c/servo_service/srv/detail/joint_lock__functions.c.o[0m
[5.549s] [ 15%] [32mBuilding C object CMakeFiles/servo_service__rosidl_generator_c.dir/rosidl_generator_c/servo_service/srv/detail/joint_lock__type_support.c.o[0m
[5.553s] [ 16%] [32mBuilding C object CMakeFiles/servo_service__rosidl_generator_c.dir/rosidl_generator_c/servo_service/srv/detail/servo_temp__description.c.o[0m
[5.567s] [ 17%] [32mBuilding C object CMakeFiles/servo_service__rosidl_generator_c.dir/rosidl_generator_c/servo_service/srv/detail/servo_temp__functions.c.o[0m
[5.581s] [ 18%] [32mBuilding C object CMakeFiles/servo_service__rosidl_generator_c.dir/rosidl_generator_c/servo_service/srv/detail/servo_temp__type_support.c.o[0m
[5.582s] [ 18%] [32mBuilding C object CMakeFiles/servo_service__rosidl_generator_c.dir/rosidl_generator_c/servo_service/srv/detail/servo_deviation__description.c.o[0m
[5.614s] [ 19%] [32mBuilding C object CMakeFiles/servo_service__rosidl_generator_c.dir/rosidl_generator_c/servo_service/srv/detail/servo_deviation__functions.c.o[0m
[5.617s] [ 20%] [32mBuilding C object CMakeFiles/servo_service__rosidl_generator_c.dir/rosidl_generator_c/servo_service/srv/detail/servo_deviation__type_support.c.o[0m
[5.622s] [ 20%] [32mBuilding C object CMakeFiles/servo_service__rosidl_generator_c.dir/rosidl_generator_c/servo_service/srv/detail/servo_voltage__description.c.o[0m
[5.641s] [ 21%] [32mBuilding C object CMakeFiles/servo_service__rosidl_generator_c.dir/rosidl_generator_c/servo_service/srv/detail/servo_voltage__functions.c.o[0m
[5.653s] [ 22%] [32mBuilding C object CMakeFiles/servo_service__rosidl_generator_c.dir/rosidl_generator_c/servo_service/srv/detail/servo_voltage__type_support.c.o[0m
[5.667s] [ 23%] [32mBuilding C object CMakeFiles/servo_service__rosidl_generator_c.dir/rosidl_generator_c/servo_service/srv/detail/joint_position__description.c.o[0m
[5.669s] [ 23%] [32mBuilding C object CMakeFiles/servo_service__rosidl_generator_c.dir/rosidl_generator_c/servo_service/srv/detail/joint_position__functions.c.o[0m
[5.685s] [ 24%] [32mBuilding C object CMakeFiles/servo_service__rosidl_generator_c.dir/rosidl_generator_c/servo_service/srv/detail/joint_position__type_support.c.o[0m
[5.694s] [ 25%] [32mBuilding C object CMakeFiles/servo_service__rosidl_generator_c.dir/rosidl_generator_c/servo_service/srv/detail/joint_range__description.c.o[0m
[5.706s] [ 26%] [32mBuilding C object CMakeFiles/servo_service__rosidl_generator_c.dir/rosidl_generator_c/servo_service/srv/detail/joint_range__functions.c.o[0m
[5.718s] [ 26%] [32mBuilding C object CMakeFiles/servo_service__rosidl_generator_c.dir/rosidl_generator_c/servo_service/srv/detail/joint_range__type_support.c.o[0m
[5.798s] [ 27%] [32m[1mLinking C shared library libservo_service__rosidl_generator_c.so[0m
[5.846s] [ 27%] Built target servo_service__rosidl_generator_c
[5.857s] [ 27%] [34m[1mGenerating C++ type support dispatch for ROS interfaces[0m
[5.859s] [ 27%] [34m[1mGenerating C introspection for ROS interfaces[0m
[5.862s] [ 29%] [34m[1mGenerating C++ type support for eProsima Fast-RTPS[0m
[5.862s] [ 29%] [34m[1mGenerating C type support for eProsima Fast-RTPS[0m
[5.862s] [ 30%] [34m[1mGenerating C type support dispatch for ROS interfaces[0m
[5.863s] [ 31%] [34m[1mGenerating C++ introspection for ROS interfaces[0m
[6.558s] [ 32%] [32mBuilding CXX object CMakeFiles/servo_service__rosidl_typesupport_introspection_cpp.dir/rosidl_typesupport_introspection_cpp/servo_service/msg/detail/change_servo_positions__type_support.cpp.o[0m
[6.563s] [ 32%] [32mBuilding CXX object CMakeFiles/servo_service__rosidl_typesupport_introspection_cpp.dir/rosidl_typesupport_introspection_cpp/servo_service/msg/detail/set_joint_lock__type_support.cpp.o[0m
[6.563s] [ 33%] [32mBuilding CXX object CMakeFiles/servo_service__rosidl_typesupport_introspection_cpp.dir/rosidl_typesupport_introspection_cpp/servo_service/msg/detail/set_servo_positions__type_support.cpp.o[0m
[6.755s] [ 34%] [32mBuilding C object CMakeFiles/servo_service__rosidl_typesupport_introspection_c.dir/rosidl_typesupport_introspection_c/servo_service/msg/detail/change_servo_positions__type_support.c.o[0m
[6.768s] [ 34%] [32mBuilding CXX object CMakeFiles/servo_service__rosidl_typesupport_c.dir/rosidl_typesupport_c/servo_service/msg/change_servo_positions__type_support.cpp.o[0m
[6.791s] [ 35%] [32mBuilding CXX object CMakeFiles/servo_service__rosidl_typesupport_cpp.dir/rosidl_typesupport_cpp/servo_service/msg/change_servo_positions__type_support.cpp.o[0m
[6.826s] [ 36%] [32mBuilding C object CMakeFiles/servo_service__rosidl_typesupport_introspection_c.dir/rosidl_typesupport_introspection_c/servo_service/msg/detail/set_servo_positions__type_support.c.o[0m
[6.854s] [ 37%] [32mBuilding CXX object CMakeFiles/servo_service__rosidl_typesupport_c.dir/rosidl_typesupport_c/servo_service/msg/set_servo_positions__type_support.cpp.o[0m
[6.903s] [ 38%] [32mBuilding C object CMakeFiles/servo_service__rosidl_typesupport_introspection_c.dir/rosidl_typesupport_introspection_c/servo_service/msg/detail/set_joint_lock__type_support.c.o[0m
[6.930s] [ 39%] [32mBuilding CXX object CMakeFiles/servo_service__rosidl_typesupport_c.dir/rosidl_typesupport_c/servo_service/msg/set_joint_lock__type_support.cpp.o[0m
[6.979s] [ 39%] [32mBuilding C object CMakeFiles/servo_service__rosidl_typesupport_introspection_c.dir/rosidl_typesupport_introspection_c/servo_service/msg/detail/get_servo_positions__type_support.c.o[0m
[7.009s] [ 40%] [32mBuilding CXX object CMakeFiles/servo_service__rosidl_typesupport_c.dir/rosidl_typesupport_c/servo_service/msg/get_servo_positions__type_support.cpp.o[0m
[7.052s] [ 41%] [32mBuilding C object CMakeFiles/servo_service__rosidl_typesupport_introspection_c.dir/rosidl_typesupport_introspection_c/servo_service/msg/detail/set_posture__type_support.c.o[0m
[7.089s] [ 41%] [32mBuilding CXX object CMakeFiles/servo_service__rosidl_typesupport_c.dir/rosidl_typesupport_c/servo_service/msg/set_posture__type_support.cpp.o[0m
[7.119s] [ 42%] [32mBuilding C object CMakeFiles/servo_service__rosidl_typesupport_introspection_c.dir/rosidl_typesupport_introspection_c/servo_service/srv/detail/joint_lock__type_support.c.o[0m
[7.162s] [ 43%] [32mBuilding CXX object CMakeFiles/servo_service__rosidl_typesupport_c.dir/rosidl_typesupport_c/servo_service/srv/joint_lock__type_support.cpp.o[0m
[7.200s] [ 44%] [32mBuilding C object CMakeFiles/servo_service__rosidl_typesupport_introspection_c.dir/rosidl_typesupport_introspection_c/servo_service/srv/detail/servo_temp__type_support.c.o[0m
[7.213s] [ 45%] [32mBuilding CXX object CMakeFiles/servo_service__rosidl_typesupport_cpp.dir/rosidl_typesupport_cpp/servo_service/msg/set_servo_positions__type_support.cpp.o[0m
[7.217s] [ 45%] [32mBuilding C object CMakeFiles/servo_service__rosidl_typesupport_introspection_c.dir/rosidl_typesupport_introspection_c/servo_service/srv/detail/servo_deviation__type_support.c.o[0m
[7.229s] [ 46%] [32mBuilding CXX object CMakeFiles/servo_service__rosidl_typesupport_introspection_cpp.dir/rosidl_typesupport_introspection_cpp/servo_service/msg/detail/get_servo_positions__type_support.cpp.o[0m
[7.248s] [ 47%] [32mBuilding CXX object CMakeFiles/servo_service__rosidl_typesupport_c.dir/rosidl_typesupport_c/servo_service/srv/servo_temp__type_support.cpp.o[0m
[7.284s] [ 48%] [32mBuilding CXX object CMakeFiles/servo_service__rosidl_typesupport_cpp.dir/rosidl_typesupport_cpp/servo_service/msg/set_joint_lock__type_support.cpp.o[0m
[7.301s] [ 49%] [32mBuilding C object CMakeFiles/servo_service__rosidl_typesupport_introspection_c.dir/rosidl_typesupport_introspection_c/servo_service/srv/detail/servo_voltage__type_support.c.o[0m
[7.304s] [ 50%] [32mBuilding CXX object CMakeFiles/servo_service__rosidl_typesupport_introspection_cpp.dir/rosidl_typesupport_introspection_cpp/servo_service/msg/detail/set_posture__type_support.cpp.o[0m
[7.335s] [ 51%] [32mBuilding CXX object CMakeFiles/servo_service__rosidl_typesupport_c.dir/rosidl_typesupport_c/servo_service/srv/servo_deviation__type_support.cpp.o[0m
[7.388s] [ 52%] [32mBuilding C object CMakeFiles/servo_service__rosidl_typesupport_introspection_c.dir/rosidl_typesupport_introspection_c/servo_service/srv/detail/joint_position__type_support.c.o[0m
[7.418s] [ 52%] [32mBuilding CXX object CMakeFiles/servo_service__rosidl_typesupport_c.dir/rosidl_typesupport_c/servo_service/srv/servo_voltage__type_support.cpp.o[0m
[7.477s] [ 53%] [32mBuilding C object CMakeFiles/servo_service__rosidl_typesupport_introspection_c.dir/rosidl_typesupport_introspection_c/servo_service/srv/detail/joint_range__type_support.c.o[0m
[7.501s] [ 54%] [32mBuilding CXX object CMakeFiles/servo_service__rosidl_typesupport_c.dir/rosidl_typesupport_c/servo_service/srv/joint_position__type_support.cpp.o[0m
[7.580s] [ 54%] [32m[1mLinking C shared library libservo_service__rosidl_typesupport_introspection_c.so[0m
[7.585s] [ 55%] [32mBuilding CXX object CMakeFiles/servo_service__rosidl_typesupport_c.dir/rosidl_typesupport_c/servo_service/srv/joint_range__type_support.cpp.o[0m
[7.634s] [ 55%] Built target servo_service__rosidl_typesupport_introspection_c
[7.648s] [ 55%] [32mBuilding CXX object CMakeFiles/servo_service__rosidl_typesupport_cpp.dir/rosidl_typesupport_cpp/servo_service/msg/get_servo_positions__type_support.cpp.o[0m
[7.671s] [ 56%] [32m[1mLinking CXX shared library libservo_service__rosidl_typesupport_c.so[0m
[7.747s] [ 56%] Built target servo_service__rosidl_typesupport_c
[7.765s] [ 57%] [32mBuilding CXX object CMakeFiles/servo_service__rosidl_typesupport_cpp.dir/rosidl_typesupport_cpp/servo_service/msg/set_posture__type_support.cpp.o[0m
[7.770s] [ 58%] [32mBuilding CXX object CMakeFiles/servo_service__rosidl_typesupport_introspection_cpp.dir/rosidl_typesupport_introspection_cpp/servo_service/srv/detail/joint_lock__type_support.cpp.o[0m
[7.817s] [ 58%] [32mBuilding CXX object CMakeFiles/servo_service__rosidl_typesupport_introspection_cpp.dir/rosidl_typesupport_introspection_cpp/servo_service/srv/detail/servo_temp__type_support.cpp.o[0m
[7.835s] [ 59%] [32mBuilding CXX object CMakeFiles/servo_service__rosidl_typesupport_cpp.dir/rosidl_typesupport_cpp/servo_service/srv/joint_lock__type_support.cpp.o[0m
[7.837s] [ 59%] [32mBuilding CXX object CMakeFiles/servo_service__rosidl_typesupport_fastrtps_cpp.dir/rosidl_typesupport_fastrtps_cpp/servo_service/msg/detail/dds_fastrtps/change_servo_positions__type_support.cpp.o[0m
[7.897s] [ 59%] [32mBuilding CXX object CMakeFiles/servo_service__rosidl_typesupport_cpp.dir/rosidl_typesupport_cpp/servo_service/srv/servo_temp__type_support.cpp.o[0m
[8.060s] [ 60%] [32mBuilding CXX object CMakeFiles/servo_service__rosidl_typesupport_fastrtps_c.dir/rosidl_typesupport_fastrtps_c/servo_service/msg/detail/change_servo_positions__type_support_c.cpp.o[0m
[8.181s] [ 61%] [32mBuilding CXX object CMakeFiles/servo_service__rosidl_typesupport_introspection_cpp.dir/rosidl_typesupport_introspection_cpp/servo_service/srv/detail/servo_deviation__type_support.cpp.o[0m
[8.298s] [ 62%] [32mBuilding CXX object CMakeFiles/servo_service__rosidl_typesupport_fastrtps_cpp.dir/rosidl_typesupport_fastrtps_cpp/servo_service/msg/detail/dds_fastrtps/set_servo_positions__type_support.cpp.o[0m
[8.552s] [ 62%] [32mBuilding CXX object CMakeFiles/servo_service__rosidl_typesupport_fastrtps_c.dir/rosidl_typesupport_fastrtps_c/servo_service/msg/detail/set_servo_positions__type_support_c.cpp.o[0m
[8.588s] [ 63%] [32mBuilding CXX object CMakeFiles/servo_service__rosidl_typesupport_cpp.dir/rosidl_typesupport_cpp/servo_service/srv/servo_deviation__type_support.cpp.o[0m
[8.675s] [ 64%] [32mBuilding CXX object CMakeFiles/servo_service__rosidl_typesupport_introspection_cpp.dir/rosidl_typesupport_introspection_cpp/servo_service/srv/detail/servo_voltage__type_support.cpp.o[0m
[8.756s] [ 65%] [32mBuilding CXX object CMakeFiles/servo_service__rosidl_typesupport_fastrtps_cpp.dir/rosidl_typesupport_fastrtps_cpp/servo_service/msg/detail/dds_fastrtps/set_joint_lock__type_support.cpp.o[0m
[8.765s] [ 66%] [32mBuilding CXX object CMakeFiles/servo_service__rosidl_typesupport_introspection_cpp.dir/rosidl_typesupport_introspection_cpp/servo_service/srv/detail/joint_position__type_support.cpp.o[0m
[8.884s] [ 67%] [32mBuilding CXX object CMakeFiles/servo_service__rosidl_typesupport_fastrtps_cpp.dir/rosidl_typesupport_fastrtps_cpp/servo_service/msg/detail/dds_fastrtps/get_servo_positions__type_support.cpp.o[0m
[9.116s] [ 68%] [32mBuilding CXX object CMakeFiles/servo_service__rosidl_typesupport_cpp.dir/rosidl_typesupport_cpp/servo_service/srv/servo_voltage__type_support.cpp.o[0m
[9.202s] [ 68%] [32mBuilding CXX object CMakeFiles/servo_service__rosidl_typesupport_introspection_cpp.dir/rosidl_typesupport_introspection_cpp/servo_service/srv/detail/joint_range__type_support.cpp.o[0m
[9.346s] [ 69%] [32mBuilding CXX object CMakeFiles/servo_service__rosidl_typesupport_fastrtps_c.dir/rosidl_typesupport_fastrtps_c/servo_service/msg/detail/set_joint_lock__type_support_c.cpp.o[0m
[9.349s] [ 69%] [32mBuilding CXX object CMakeFiles/servo_service__rosidl_typesupport_fastrtps_cpp.dir/rosidl_typesupport_fastrtps_cpp/servo_service/msg/detail/dds_fastrtps/set_posture__type_support.cpp.o[0m
[9.606s] [ 70%] [32mBuilding CXX object CMakeFiles/servo_service__rosidl_typesupport_cpp.dir/rosidl_typesupport_cpp/servo_service/srv/joint_position__type_support.cpp.o[0m
[9.609s] [ 70%] [32mBuilding CXX object CMakeFiles/servo_service__rosidl_typesupport_cpp.dir/rosidl_typesupport_cpp/servo_service/srv/joint_range__type_support.cpp.o[0m
[9.699s] [ 71%] [32mBuilding CXX object CMakeFiles/servo_service__rosidl_typesupport_fastrtps_cpp.dir/rosidl_typesupport_fastrtps_cpp/servo_service/srv/detail/dds_fastrtps/joint_lock__type_support.cpp.o[0m
[9.816s] [ 72%] [32mBuilding CXX object CMakeFiles/servo_service__rosidl_typesupport_fastrtps_c.dir/rosidl_typesupport_fastrtps_c/servo_service/msg/detail/get_servo_positions__type_support_c.cpp.o[0m
[9.879s] [ 73%] [32mBuilding CXX object CMakeFiles/servo_service__rosidl_typesupport_fastrtps_c.dir/rosidl_typesupport_fastrtps_c/servo_service/msg/detail/set_posture__type_support_c.cpp.o[0m
[10.135s] [ 74%] [32m[1mLinking CXX shared library libservo_service__rosidl_typesupport_introspection_cpp.so[0m
[10.137s] [ 75%] [32mBuilding CXX object CMakeFiles/servo_service__rosidl_typesupport_fastrtps_cpp.dir/rosidl_typesupport_fastrtps_cpp/servo_service/srv/detail/dds_fastrtps/servo_temp__type_support.cpp.o[0m
[10.147s] [ 76%] [32mBuilding CXX object CMakeFiles/servo_service__rosidl_typesupport_fastrtps_cpp.dir/rosidl_typesupport_fastrtps_cpp/servo_service/srv/detail/dds_fastrtps/servo_deviation__type_support.cpp.o[0m
[10.344s] [ 76%] Built target servo_service__rosidl_typesupport_introspection_cpp
[10.359s] [ 76%] [32mBuilding CXX object CMakeFiles/servo_service__rosidl_typesupport_fastrtps_cpp.dir/rosidl_typesupport_fastrtps_cpp/servo_service/srv/detail/dds_fastrtps/servo_voltage__type_support.cpp.o[0m
[10.377s] [ 76%] [32mBuilding CXX object CMakeFiles/servo_service__rosidl_typesupport_fastrtps_c.dir/rosidl_typesupport_fastrtps_c/servo_service/srv/detail/joint_lock__type_support_c.cpp.o[0m
[10.382s] [ 77%] [32m[1mLinking CXX shared library libservo_service__rosidl_typesupport_cpp.so[0m
[10.566s] [ 77%] Built target servo_service__rosidl_typesupport_cpp
[10.580s] [ 78%] [32mBuilding CXX object CMakeFiles/servo_service__rosidl_typesupport_fastrtps_c.dir/rosidl_typesupport_fastrtps_c/servo_service/srv/detail/servo_temp__type_support_c.cpp.o[0m
[10.637s] [ 79%] [32mBuilding CXX object CMakeFiles/servo_service__rosidl_typesupport_fastrtps_cpp.dir/rosidl_typesupport_fastrtps_cpp/servo_service/srv/detail/dds_fastrtps/joint_position__type_support.cpp.o[0m
[10.709s] [ 80%] [32mBuilding CXX object CMakeFiles/servo_service__rosidl_typesupport_fastrtps_cpp.dir/rosidl_typesupport_fastrtps_cpp/servo_service/srv/detail/dds_fastrtps/joint_range__type_support.cpp.o[0m
[10.834s] [ 81%] [32mBuilding CXX object CMakeFiles/servo_service__rosidl_typesupport_fastrtps_c.dir/rosidl_typesupport_fastrtps_c/servo_service/srv/detail/servo_deviation__type_support_c.cpp.o[0m
[11.246s] [ 82%] [32mBuilding CXX object CMakeFiles/servo_service__rosidl_typesupport_fastrtps_c.dir/rosidl_typesupport_fastrtps_c/servo_service/srv/detail/servo_voltage__type_support_c.cpp.o[0m
[11.336s] [ 82%] [32mBuilding CXX object CMakeFiles/servo_service__rosidl_typesupport_fastrtps_c.dir/rosidl_typesupport_fastrtps_c/servo_service/srv/detail/joint_position__type_support_c.cpp.o[0m
[11.344s] [ 83%] [32mBuilding CXX object CMakeFiles/servo_service__rosidl_typesupport_fastrtps_c.dir/rosidl_typesupport_fastrtps_c/servo_service/srv/detail/joint_range__type_support_c.cpp.o[0m
[11.850s] [ 84%] [32m[1mLinking CXX shared library libservo_service__rosidl_typesupport_fastrtps_cpp.so[0m
[11.977s] [ 84%] Built target servo_service__rosidl_typesupport_fastrtps_cpp
[11.984s] [ 85%] [32m[1mLinking CXX shared library libservo_service__rosidl_typesupport_fastrtps_c.so[0m
[12.065s] [ 85%] Built target servo_service__rosidl_typesupport_fastrtps_c
[12.086s] [ 85%] Built target servo_service
[12.108s] [ 86%] [34m[1mGenerating Python code for ROS interfaces[0m
[13.414s] [ 86%] Built target servo_service__py
[13.440s] [ 88%] [32mBuilding C object CMakeFiles/servo_service__rosidl_generator_py.dir/rosidl_generator_py/servo_service/msg/_set_joint_lock_s.c.o[0m
[13.440s] [ 88%] [32mBuilding C object CMakeFiles/servo_service__rosidl_generator_py.dir/rosidl_generator_py/servo_service/msg/_set_servo_positions_s.c.o[0m
[13.440s] [ 88%] [32mBuilding C object CMakeFiles/servo_service__rosidl_generator_py.dir/rosidl_generator_py/servo_service/msg/_change_servo_positions_s.c.o[0m
[13.440s] [ 90%] [32mBuilding C object CMakeFiles/servo_service__rosidl_generator_py.dir/rosidl_generator_py/servo_service/msg/_set_posture_s.c.o[0m
[13.441s] [ 90%] [32mBuilding C object CMakeFiles/servo_service__rosidl_generator_py.dir/rosidl_generator_py/servo_service/msg/_get_servo_positions_s.c.o[0m
[13.441s] [ 91%] [32mBuilding C object CMakeFiles/servo_service__rosidl_generator_py.dir/rosidl_generator_py/servo_service/srv/_joint_lock_s.c.o[0m
[13.441s] [ 91%] [32mBuilding C object CMakeFiles/servo_service__rosidl_generator_py.dir/rosidl_generator_py/servo_service/srv/_servo_temp_s.c.o[0m
[13.441s] [ 92%] [32mBuilding C object CMakeFiles/servo_service__rosidl_generator_py.dir/rosidl_generator_py/servo_service/srv/_servo_deviation_s.c.o[0m
[13.708s] [ 93%] [32mBuilding C object CMakeFiles/servo_service__rosidl_generator_py.dir/rosidl_generator_py/servo_service/srv/_servo_voltage_s.c.o[0m
[13.742s] [ 94%] [32mBuilding C object CMakeFiles/servo_service__rosidl_generator_py.dir/rosidl_generator_py/servo_service/srv/_joint_position_s.c.o[0m
[13.743s] [ 94%] [32mBuilding C object CMakeFiles/servo_service__rosidl_generator_py.dir/rosidl_generator_py/servo_service/srv/_joint_range_s.c.o[0m
[13.949s] [ 95%] [32m[1mLinking C shared library libservo_service__rosidl_generator_py.so[0m
[14.003s] [ 95%] Built target servo_service__rosidl_generator_py
[14.026s] [ 97%] [32mBuilding C object CMakeFiles/servo_service_s__rosidl_typesupport_introspection_c.dir/rosidl_generator_py/servo_service/_servo_service_s.ep.rosidl_typesupport_introspection_c.c.o[0m
[14.026s] [ 97%] [32mBuilding C object CMakeFiles/servo_service_s__rosidl_typesupport_c.dir/rosidl_generator_py/servo_service/_servo_service_s.ep.rosidl_typesupport_c.c.o[0m
[14.026s] [ 97%] [32mBuilding C object CMakeFiles/servo_service_s__rosidl_typesupport_fastrtps_c.dir/rosidl_generator_py/servo_service/_servo_service_s.ep.rosidl_typesupport_fastrtps_c.c.o[0m
[14.214s] [ 98%] [32m[1mLinking C shared module rosidl_generator_py/servo_service/servo_service_s__rosidl_typesupport_c.so[0m
[14.214s] [ 99%] [32m[1mLinking C shared module rosidl_generator_py/servo_service/servo_service_s__rosidl_typesupport_introspection_c.so[0m
[14.221s] [100%] [32m[1mLinking C shared module rosidl_generator_py/servo_service/servo_service_s__rosidl_typesupport_fastrtps_c.so[0m
[14.250s] [100%] Built target servo_service_s__rosidl_typesupport_c
[14.251s] [100%] Built target servo_service_s__rosidl_typesupport_introspection_c
[14.260s] [100%] Built target servo_service_s__rosidl_typesupport_fastrtps_c
[14.274s] Invoked command in '/home/bilhr2025/Downloads/BILHR_T5/build/servo_service' returned '0': CMAKE_PREFIX_PATH=${CMAKE_PREFIX_PATH}:/home/bilhr2025/Downloads/BILHR_T5/install/ainex_motion:/home/bilhr2025/Downloads/BILHR_T5/install/ainex_vision:/home/bilhr2025/Downloads/BILHR_T5/install/ainex_neural_control:/opt/ros/jazzy DEBUGINFOD_URLS=https://debuginfod.ubuntu.com /usr/bin/cmake --build /home/bilhr2025/Downloads/BILHR_T5/build/servo_service -- -j8 -l8
[14.284s] Invoking command in '/home/bilhr2025/Downloads/BILHR_T5/build/servo_service': CMAKE_PREFIX_PATH=${CMAKE_PREFIX_PATH}:/home/bilhr2025/Downloads/BILHR_T5/install/ainex_motion:/home/bilhr2025/Downloads/BILHR_T5/install/ainex_vision:/home/bilhr2025/Downloads/BILHR_T5/install/ainex_neural_control:/opt/ros/jazzy DEBUGINFOD_URLS=https://debuginfod.ubuntu.com /usr/bin/cmake --install /home/bilhr2025/Downloads/BILHR_T5/build/servo_service
[14.292s] -- Install configuration: ""
[14.292s] -- Execute custom install script
[14.293s] -- Symlinking: /home/bilhr2025/Downloads/BILHR_T5/install/servo_service/share/ament_index/resource_index/rosidl_interfaces/servo_service
[14.302s] -- Symlinking: /home/bilhr2025/Downloads/BILHR_T5/install/servo_service/share/servo_service/msg/ChangeServoPositions.json
[14.311s] -- Symlinking: /home/bilhr2025/Downloads/BILHR_T5/install/servo_service/share/servo_service/msg/SetServoPositions.json
[14.320s] -- Symlinking: /home/bilhr2025/Downloads/BILHR_T5/install/servo_service/share/servo_service/msg/SetJointLock.json
[14.329s] -- Symlinking: /home/bilhr2025/Downloads/BILHR_T5/install/servo_service/share/servo_service/msg/GetServoPositions.json
[14.337s] -- Symlinking: /home/bilhr2025/Downloads/BILHR_T5/install/servo_service/share/servo_service/msg/SetPosture.json
[14.347s] -- Symlinking: /home/bilhr2025/Downloads/BILHR_T5/install/servo_service/share/servo_service/srv/JointLock.json
[14.356s] -- Symlinking: /home/bilhr2025/Downloads/BILHR_T5/install/servo_service/share/servo_service/srv/ServoTemp.json
[14.365s] -- Symlinking: /home/bilhr2025/Downloads/BILHR_T5/install/servo_service/share/servo_service/srv/ServoDeviation.json
[14.374s] -- Symlinking: /home/bilhr2025/Downloads/BILHR_T5/install/servo_service/share/servo_service/srv/ServoVoltage.json
[14.383s] -- Symlinking: /home/bilhr2025/Downloads/BILHR_T5/install/servo_service/share/servo_service/srv/JointPosition.json
[14.391s] -- Symlinking: /home/bilhr2025/Downloads/BILHR_T5/install/servo_service/share/servo_service/srv/JointRange.json
[14.401s] -- Symlinking: /home/bilhr2025/Downloads/BILHR_T5/install/servo_service/include/servo_service/servo_service/msg/change_servo_positions.h
[14.410s] -- Symlinking: /home/bilhr2025/Downloads/BILHR_T5/install/servo_service/include/servo_service/servo_service/msg/detail/change_servo_positions__functions.h
[14.419s] -- Symlinking: /home/bilhr2025/Downloads/BILHR_T5/install/servo_service/include/servo_service/servo_service/msg/detail/change_servo_positions__struct.h
[14.428s] -- Symlinking: /home/bilhr2025/Downloads/BILHR_T5/install/servo_service/include/servo_service/servo_service/msg/detail/change_servo_positions__type_support.h
[14.437s] -- Symlinking: /home/bilhr2025/Downloads/BILHR_T5/install/servo_service/include/servo_service/servo_service/msg/detail/get_servo_positions__functions.h
[14.445s] -- Symlinking: /home/bilhr2025/Downloads/BILHR_T5/install/servo_service/include/servo_service/servo_service/msg/detail/get_servo_positions__struct.h
[14.455s] -- Symlinking: /home/bilhr2025/Downloads/BILHR_T5/install/servo_service/include/servo_service/servo_service/msg/detail/get_servo_positions__type_support.h
[14.463s] -- Symlinking: /home/bilhr2025/Downloads/BILHR_T5/install/servo_service/include/servo_service/servo_service/msg/detail/set_joint_lock__functions.h
[14.473s] -- Symlinking: /home/bilhr2025/Downloads/BILHR_T5/install/servo_service/include/servo_service/servo_service/msg/detail/set_joint_lock__struct.h
[14.481s] -- Symlinking: /home/bilhr2025/Downloads/BILHR_T5/install/servo_service/include/servo_service/servo_service/msg/detail/set_joint_lock__type_support.h
[14.490s] -- Symlinking: /home/bilhr2025/Downloads/BILHR_T5/install/servo_service/include/servo_service/servo_service/msg/detail/set_posture__functions.h
[14.499s] -- Symlinking: /home/bilhr2025/Downloads/BILHR_T5/install/servo_service/include/servo_service/servo_service/msg/detail/set_posture__struct.h
[14.508s] -- Symlinking: /home/bilhr2025/Downloads/BILHR_T5/install/servo_service/include/servo_service/servo_service/msg/detail/set_posture__type_support.h
[14.517s] -- Symlinking: /home/bilhr2025/Downloads/BILHR_T5/install/servo_service/include/servo_service/servo_service/msg/detail/set_servo_positions__functions.h
[14.526s] -- Symlinking: /home/bilhr2025/Downloads/BILHR_T5/install/servo_service/include/servo_service/servo_service/msg/detail/set_servo_positions__struct.h
[14.535s] -- Symlinking: /home/bilhr2025/Downloads/BILHR_T5/install/servo_service/include/servo_service/servo_service/msg/detail/set_servo_positions__type_support.h
[14.543s] -- Symlinking: /home/bilhr2025/Downloads/BILHR_T5/install/servo_service/include/servo_service/servo_service/msg/get_servo_positions.h
[14.553s] -- Symlinking: /home/bilhr2025/Downloads/BILHR_T5/install/servo_service/include/servo_service/servo_service/msg/rosidl_generator_c__visibility_control.h
[14.562s] -- Symlinking: /home/bilhr2025/Downloads/BILHR_T5/install/servo_service/include/servo_service/servo_service/msg/set_joint_lock.h
[14.571s] -- Symlinking: /home/bilhr2025/Downloads/BILHR_T5/install/servo_service/include/servo_service/servo_service/msg/set_posture.h
[14.580s] -- Symlinking: /home/bilhr2025/Downloads/BILHR_T5/install/servo_service/include/servo_service/servo_service/msg/set_servo_positions.h
[14.589s] -- Symlinking: /home/bilhr2025/Downloads/BILHR_T5/install/servo_service/include/servo_service/servo_service/srv/detail/joint_lock__functions.h
[14.598s] -- Symlinking: /home/bilhr2025/Downloads/BILHR_T5/install/servo_service/include/servo_service/servo_service/srv/detail/joint_lock__struct.h
[14.607s] -- Symlinking: /home/bilhr2025/Downloads/BILHR_T5/install/servo_service/include/servo_service/servo_service/srv/detail/joint_lock__type_support.h
[14.615s] -- Symlinking: /home/bilhr2025/Downloads/BILHR_T5/install/servo_service/include/servo_service/servo_service/srv/detail/joint_position__functions.h
[14.624s] -- Symlinking: /home/bilhr2025/Downloads/BILHR_T5/install/servo_service/include/servo_service/servo_service/srv/detail/joint_position__struct.h
[14.633s] -- Symlinking: /home/bilhr2025/Downloads/BILHR_T5/install/servo_service/include/servo_service/servo_service/srv/detail/joint_position__type_support.h
[14.641s] -- Symlinking: /home/bilhr2025/Downloads/BILHR_T5/install/servo_service/include/servo_service/servo_service/srv/detail/joint_range__functions.h
[14.651s] -- Symlinking: /home/bilhr2025/Downloads/BILHR_T5/install/servo_service/include/servo_service/servo_service/srv/detail/joint_range__struct.h
[14.660s] -- Symlinking: /home/bilhr2025/Downloads/BILHR_T5/install/servo_service/include/servo_service/servo_service/srv/detail/joint_range__type_support.h
[14.669s] -- Symlinking: /home/bilhr2025/Downloads/BILHR_T5/install/servo_service/include/servo_service/servo_service/srv/detail/servo_deviation__functions.h
[14.678s] -- Symlinking: /home/bilhr2025/Downloads/BILHR_T5/install/servo_service/include/servo_service/servo_service/srv/detail/servo_deviation__struct.h
[14.687s] -- Symlinking: /home/bilhr2025/Downloads/BILHR_T5/install/servo_service/include/servo_service/servo_service/srv/detail/servo_deviation__type_support.h
[14.696s] -- Symlinking: /home/bilhr2025/Downloads/BILHR_T5/install/servo_service/include/servo_service/servo_service/srv/detail/servo_temp__functions.h
[14.705s] -- Symlinking: /home/bilhr2025/Downloads/BILHR_T5/install/servo_service/include/servo_service/servo_service/srv/detail/servo_temp__struct.h
[14.713s] -- Symlinking: /home/bilhr2025/Downloads/BILHR_T5/install/servo_service/include/servo_service/servo_service/srv/detail/servo_temp__type_support.h
[14.722s] -- Symlinking: /home/bilhr2025/Downloads/BILHR_T5/install/servo_service/include/servo_service/servo_service/srv/detail/servo_voltage__functions.h
[14.731s] -- Symlinking: /home/bilhr2025/Downloads/BILHR_T5/install/servo_service/include/servo_service/servo_service/srv/detail/servo_voltage__struct.h
[14.740s] -- Symlinking: /home/bilhr2025/Downloads/BILHR_T5/install/servo_service/include/servo_service/servo_service/srv/detail/servo_voltage__type_support.h
[14.749s] -- Symlinking: /home/bilhr2025/Downloads/BILHR_T5/install/servo_service/include/servo_service/servo_service/srv/joint_lock.h
[14.758s] -- Symlinking: /home/bilhr2025/Downloads/BILHR_T5/install/servo_service/include/servo_service/servo_service/srv/joint_position.h
[14.767s] -- Symlinking: /home/bilhr2025/Downloads/BILHR_T5/install/servo_service/include/servo_service/servo_service/srv/joint_range.h
[14.776s] -- Symlinking: /home/bilhr2025/Downloads/BILHR_T5/install/servo_service/include/servo_service/servo_service/srv/servo_deviation.h
[14.785s] -- Symlinking: /home/bilhr2025/Downloads/BILHR_T5/install/servo_service/include/servo_service/servo_service/srv/servo_temp.h
[14.794s] -- Symlinking: /home/bilhr2025/Downloads/BILHR_T5/install/servo_service/include/servo_service/servo_service/srv/servo_voltage.h
[14.803s] -- Symlinking: /home/bilhr2025/Downloads/BILHR_T5/install/servo_service/share/servo_service/environment/library_path.sh
[14.812s] -- Symlinking: /home/bilhr2025/Downloads/BILHR_T5/install/servo_service/share/servo_service/environment/library_path.dsv
[14.822s] -- Symlinking: /home/bilhr2025/Downloads/BILHR_T5/install/servo_service/include/servo_service/servo_service/msg/detail/change_servo_positions__rosidl_typesupport_fastrtps_c.h
[14.831s] -- Symlinking: /home/bilhr2025/Downloads/BILHR_T5/install/servo_service/include/servo_service/servo_service/msg/detail/get_servo_positions__rosidl_typesupport_fastrtps_c.h
[14.839s] -- Symlinking: /home/bilhr2025/Downloads/BILHR_T5/install/servo_service/include/servo_service/servo_service/msg/detail/set_joint_lock__rosidl_typesupport_fastrtps_c.h
[14.849s] -- Symlinking: /home/bilhr2025/Downloads/BILHR_T5/install/servo_service/include/servo_service/servo_service/msg/detail/set_posture__rosidl_typesupport_fastrtps_c.h
[14.858s] -- Symlinking: /home/bilhr2025/Downloads/BILHR_T5/install/servo_service/include/servo_service/servo_service/msg/detail/set_servo_positions__rosidl_typesupport_fastrtps_c.h
[14.867s] -- Symlinking: /home/bilhr2025/Downloads/BILHR_T5/install/servo_service/include/servo_service/servo_service/msg/rosidl_typesupport_fastrtps_c__visibility_control.h
[14.876s] -- Symlinking: /home/bilhr2025/Downloads/BILHR_T5/install/servo_service/include/servo_service/servo_service/srv/detail/joint_lock__rosidl_typesupport_fastrtps_c.h
[14.885s] -- Symlinking: /home/bilhr2025/Downloads/BILHR_T5/install/servo_service/include/servo_service/servo_service/srv/detail/joint_position__rosidl_typesupport_fastrtps_c.h
[14.894s] -- Symlinking: /home/bilhr2025/Downloads/BILHR_T5/install/servo_service/include/servo_service/servo_service/srv/detail/joint_range__rosidl_typesupport_fastrtps_c.h
[14.903s] -- Symlinking: /home/bilhr2025/Downloads/BILHR_T5/install/servo_service/include/servo_service/servo_service/srv/detail/servo_deviation__rosidl_typesupport_fastrtps_c.h
[14.911s] -- Symlinking: /home/bilhr2025/Downloads/BILHR_T5/install/servo_service/include/servo_service/servo_service/srv/detail/servo_temp__rosidl_typesupport_fastrtps_c.h
[14.920s] -- Symlinking: /home/bilhr2025/Downloads/BILHR_T5/install/servo_service/include/servo_service/servo_service/srv/detail/servo_voltage__rosidl_typesupport_fastrtps_c.h
[14.930s] -- Symlinking: /home/bilhr2025/Downloads/BILHR_T5/install/servo_service/include/servo_service/servo_service/msg/change_servo_positions.hpp
[14.939s] -- Symlinking: /home/bilhr2025/Downloads/BILHR_T5/install/servo_service/include/servo_service/servo_service/msg/detail/change_servo_positions__builder.hpp
[14.948s] -- Symlinking: /home/bilhr2025/Downloads/BILHR_T5/install/servo_service/include/servo_service/servo_service/msg/detail/change_servo_positions__struct.hpp
[14.957s] -- Symlinking: /home/bilhr2025/Downloads/BILHR_T5/install/servo_service/include/servo_service/servo_service/msg/detail/change_servo_positions__traits.hpp
[14.966s] -- Symlinking: /home/bilhr2025/Downloads/BILHR_T5/install/servo_service/include/servo_service/servo_service/msg/detail/change_servo_positions__type_support.hpp
[14.975s] -- Symlinking: /home/bilhr2025/Downloads/BILHR_T5/install/servo_service/include/servo_service/servo_service/msg/detail/get_servo_positions__builder.hpp
[14.984s] -- Symlinking: /home/bilhr2025/Downloads/BILHR_T5/install/servo_service/include/servo_service/servo_service/msg/detail/get_servo_positions__struct.hpp
[14.993s] -- Symlinking: /home/bilhr2025/Downloads/BILHR_T5/install/servo_service/include/servo_service/servo_service/msg/detail/get_servo_positions__traits.hpp
[15.002s] -- Symlinking: /home/bilhr2025/Downloads/BILHR_T5/install/servo_service/include/servo_service/servo_service/msg/detail/get_servo_positions__type_support.hpp
[15.011s] -- Symlinking: /home/bilhr2025/Downloads/BILHR_T5/install/servo_service/include/servo_service/servo_service/msg/detail/set_joint_lock__builder.hpp
[15.020s] -- Symlinking: /home/bilhr2025/Downloads/BILHR_T5/install/servo_service/include/servo_service/servo_service/msg/detail/set_joint_lock__struct.hpp
[15.028s] -- Symlinking: /home/bilhr2025/Downloads/BILHR_T5/install/servo_service/include/servo_service/servo_service/msg/detail/set_joint_lock__traits.hpp
[15.037s] -- Symlinking: /home/bilhr2025/Downloads/BILHR_T5/install/servo_service/include/servo_service/servo_service/msg/detail/set_joint_lock__type_support.hpp
[15.046s] -- Symlinking: /home/bilhr2025/Downloads/BILHR_T5/install/servo_service/include/servo_service/servo_service/msg/detail/set_posture__builder.hpp
[15.056s] -- Symlinking: /home/bilhr2025/Downloads/BILHR_T5/install/servo_service/include/servo_service/servo_service/msg/detail/set_posture__struct.hpp
[15.064s] -- Symlinking: /home/bilhr2025/Downloads/BILHR_T5/install/servo_service/include/servo_service/servo_service/msg/detail/set_posture__traits.hpp
[15.074s] -- Symlinking: /home/bilhr2025/Downloads/BILHR_T5/install/servo_service/include/servo_service/servo_service/msg/detail/set_posture__type_support.hpp
[15.083s] -- Symlinking: /home/bilhr2025/Downloads/BILHR_T5/install/servo_service/include/servo_service/servo_service/msg/detail/set_servo_positions__builder.hpp
[15.092s] -- Symlinking: /home/bilhr2025/Downloads/BILHR_T5/install/servo_service/include/servo_service/servo_service/msg/detail/set_servo_positions__struct.hpp
[15.101s] -- Symlinking: /home/bilhr2025/Downloads/BILHR_T5/install/servo_service/include/servo_service/servo_service/msg/detail/set_servo_positions__traits.hpp
[15.109s] -- Symlinking: /home/bilhr2025/Downloads/BILHR_T5/install/servo_service/include/servo_service/servo_service/msg/detail/set_servo_positions__type_support.hpp
[15.118s] -- Symlinking: /home/bilhr2025/Downloads/BILHR_T5/install/servo_service/include/servo_service/servo_service/msg/get_servo_positions.hpp
[15.127s] -- Symlinking: /home/bilhr2025/Downloads/BILHR_T5/install/servo_service/include/servo_service/servo_service/msg/rosidl_generator_cpp__visibility_control.hpp
[15.136s] -- Symlinking: /home/bilhr2025/Downloads/BILHR_T5/install/servo_service/include/servo_service/servo_service/msg/set_joint_lock.hpp
[15.144s] -- Symlinking: /home/bilhr2025/Downloads/BILHR_T5/install/servo_service/include/servo_service/servo_service/msg/set_posture.hpp
[15.154s] -- Symlinking: /home/bilhr2025/Downloads/BILHR_T5/install/servo_service/include/servo_service/servo_service/msg/set_servo_positions.hpp
[15.163s] -- Symlinking: /home/bilhr2025/Downloads/BILHR_T5/install/servo_service/include/servo_service/servo_service/srv/detail/joint_lock__builder.hpp
[15.172s] -- Symlinking: /home/bilhr2025/Downloads/BILHR_T5/install/servo_service/include/servo_service/servo_service/srv/detail/joint_lock__struct.hpp
[15.180s] -- Symlinking: /home/bilhr2025/Downloads/BILHR_T5/install/servo_service/include/servo_service/servo_service/srv/detail/joint_lock__traits.hpp
[15.189s] -- Symlinking: /home/bilhr2025/Downloads/BILHR_T5/install/servo_service/include/servo_service/servo_service/srv/detail/joint_lock__type_support.hpp
[15.198s] -- Symlinking: /home/bilhr2025/Downloads/BILHR_T5/install/servo_service/include/servo_service/servo_service/srv/detail/joint_position__builder.hpp
[15.207s] -- Symlinking: /home/bilhr2025/Downloads/BILHR_T5/install/servo_service/include/servo_service/servo_service/srv/detail/joint_position__struct.hpp
[15.216s] -- Symlinking: /home/bilhr2025/Downloads/BILHR_T5/install/servo_service/include/servo_service/servo_service/srv/detail/joint_position__traits.hpp
[15.225s] -- Symlinking: /home/bilhr2025/Downloads/BILHR_T5/install/servo_service/include/servo_service/servo_service/srv/detail/joint_position__type_support.hpp
[15.234s] -- Symlinking: /home/bilhr2025/Downloads/BILHR_T5/install/servo_service/include/servo_service/servo_service/srv/detail/joint_range__builder.hpp
[15.243s] -- Symlinking: /home/bilhr2025/Downloads/BILHR_T5/install/servo_service/include/servo_service/servo_service/srv/detail/joint_range__struct.hpp
[15.252s] -- Symlinking: /home/bilhr2025/Downloads/BILHR_T5/install/servo_service/include/servo_service/servo_service/srv/detail/joint_range__traits.hpp
[15.261s] -- Symlinking: /home/bilhr2025/Downloads/BILHR_T5/install/servo_service/include/servo_service/servo_service/srv/detail/joint_range__type_support.hpp
[15.270s] -- Symlinking: /home/bilhr2025/Downloads/BILHR_T5/install/servo_service/include/servo_service/servo_service/srv/detail/servo_deviation__builder.hpp
[15.279s] -- Symlinking: /home/bilhr2025/Downloads/BILHR_T5/install/servo_service/include/servo_service/servo_service/srv/detail/servo_deviation__struct.hpp
[15.288s] -- Symlinking: /home/bilhr2025/Downloads/BILHR_T5/install/servo_service/include/servo_service/servo_service/srv/detail/servo_deviation__traits.hpp
[15.297s] -- Symlinking: /home/bilhr2025/Downloads/BILHR_T5/install/servo_service/include/servo_service/servo_service/srv/detail/servo_deviation__type_support.hpp
[15.306s] -- Symlinking: /home/bilhr2025/Downloads/BILHR_T5/install/servo_service/include/servo_service/servo_service/srv/detail/servo_temp__builder.hpp
[15.314s] -- Symlinking: /home/bilhr2025/Downloads/BILHR_T5/install/servo_service/include/servo_service/servo_service/srv/detail/servo_temp__struct.hpp
[15.323s] -- Symlinking: /home/bilhr2025/Downloads/BILHR_T5/install/servo_service/include/servo_service/servo_service/srv/detail/servo_temp__traits.hpp
[15.332s] -- Symlinking: /home/bilhr2025/Downloads/BILHR_T5/install/servo_service/include/servo_service/servo_service/srv/detail/servo_temp__type_support.hpp
[15.341s] -- Symlinking: /home/bilhr2025/Downloads/BILHR_T5/install/servo_service/include/servo_service/servo_service/srv/detail/servo_voltage__builder.hpp
[15.351s] -- Symlinking: /home/bilhr2025/Downloads/BILHR_T5/install/servo_service/include/servo_service/servo_service/srv/detail/servo_voltage__struct.hpp
[15.360s] -- Symlinking: /home/bilhr2025/Downloads/BILHR_T5/install/servo_service/include/servo_service/servo_service/srv/detail/servo_voltage__traits.hpp
[15.369s] -- Symlinking: /home/bilhr2025/Downloads/BILHR_T5/install/servo_service/include/servo_service/servo_service/srv/detail/servo_voltage__type_support.hpp
[15.378s] -- Symlinking: /home/bilhr2025/Downloads/BILHR_T5/install/servo_service/include/servo_service/servo_service/srv/joint_lock.hpp
[15.386s] -- Symlinking: /home/bilhr2025/Downloads/BILHR_T5/install/servo_service/include/servo_service/servo_service/srv/joint_position.hpp
[15.399s] -- Symlinking: /home/bilhr2025/Downloads/BILHR_T5/install/servo_service/include/servo_service/servo_service/srv/joint_range.hpp
[15.408s] -- Symlinking: /home/bilhr2025/Downloads/BILHR_T5/install/servo_service/include/servo_service/servo_service/srv/servo_deviation.hpp
[15.417s] -- Symlinking: /home/bilhr2025/Downloads/BILHR_T5/install/servo_service/include/servo_service/servo_service/srv/servo_temp.hpp
[15.426s] -- Symlinking: /home/bilhr2025/Downloads/BILHR_T5/install/servo_service/include/servo_service/servo_service/srv/servo_voltage.hpp
[15.435s] -- Symlinking: /home/bilhr2025/Downloads/BILHR_T5/install/servo_service/include/servo_service/servo_service/msg/detail/change_servo_positions__rosidl_typesupport_fastrtps_cpp.hpp
[15.444s] -- Symlinking: /home/bilhr2025/Downloads/BILHR_T5/install/servo_service/include/servo_service/servo_service/msg/detail/get_servo_positions__rosidl_typesupport_fastrtps_cpp.hpp
[15.453s] -- Symlinking: /home/bilhr2025/Downloads/BILHR_T5/install/servo_service/include/servo_service/servo_service/msg/detail/set_joint_lock__rosidl_typesupport_fastrtps_cpp.hpp
[15.462s] -- Symlinking: /home/bilhr2025/Downloads/BILHR_T5/install/servo_service/include/servo_service/servo_service/msg/detail/set_posture__rosidl_typesupport_fastrtps_cpp.hpp
[15.471s] -- Symlinking: /home/bilhr2025/Downloads/BILHR_T5/install/servo_service/include/servo_service/servo_service/msg/detail/set_servo_positions__rosidl_typesupport_fastrtps_cpp.hpp
[15.480s] -- Symlinking: /home/bilhr2025/Downloads/BILHR_T5/install/servo_service/include/servo_service/servo_service/msg/rosidl_typesupport_fastrtps_cpp__visibility_control.h
[15.489s] -- Symlinking: /home/bilhr2025/Downloads/BILHR_T5/install/servo_service/include/servo_service/servo_service/srv/detail/joint_lock__rosidl_typesupport_fastrtps_cpp.hpp
[15.498s] -- Symlinking: /home/bilhr2025/Downloads/BILHR_T5/install/servo_service/include/servo_service/servo_service/srv/detail/joint_position__rosidl_typesupport_fastrtps_cpp.hpp
[15.506s] -- Symlinking: /home/bilhr2025/Downloads/BILHR_T5/install/servo_service/include/servo_service/servo_service/srv/detail/joint_range__rosidl_typesupport_fastrtps_cpp.hpp
[15.515s] -- Symlinking: /home/bilhr2025/Downloads/BILHR_T5/install/servo_service/include/servo_service/servo_service/srv/detail/servo_deviation__rosidl_typesupport_fastrtps_cpp.hpp
[15.524s] -- Symlinking: /home/bilhr2025/Downloads/BILHR_T5/install/servo_service/include/servo_service/servo_service/srv/detail/servo_temp__rosidl_typesupport_fastrtps_cpp.hpp
[15.533s] -- Symlinking: /home/bilhr2025/Downloads/BILHR_T5/install/servo_service/include/servo_service/servo_service/srv/detail/servo_voltage__rosidl_typesupport_fastrtps_cpp.hpp
[15.542s] -- Symlinking: /home/bilhr2025/Downloads/BILHR_T5/install/servo_service/include/servo_service/servo_service/msg/detail/change_servo_positions__rosidl_typesupport_introspection_c.h
[15.552s] -- Symlinking: /home/bilhr2025/Downloads/BILHR_T5/install/servo_service/include/servo_service/servo_service/msg/detail/get_servo_positions__rosidl_typesupport_introspection_c.h
[15.561s] -- Symlinking: /home/bilhr2025/Downloads/BILHR_T5/install/servo_service/include/servo_service/servo_service/msg/detail/set_joint_lock__rosidl_typesupport_introspection_c.h
[15.570s] -- Symlinking: /home/bilhr2025/Downloads/BILHR_T5/install/servo_service/include/servo_service/servo_service/msg/detail/set_posture__rosidl_typesupport_introspection_c.h
[15.579s] -- Symlinking: /home/bilhr2025/Downloads/BILHR_T5/install/servo_service/include/servo_service/servo_service/msg/detail/set_servo_positions__rosidl_typesupport_introspection_c.h
[15.588s] -- Symlinking: /home/bilhr2025/Downloads/BILHR_T5/install/servo_service/include/servo_service/servo_service/msg/rosidl_typesupport_introspection_c__visibility_control.h
[15.597s] -- Symlinking: /home/bilhr2025/Downloads/BILHR_T5/install/servo_service/include/servo_service/servo_service/srv/detail/joint_lock__rosidl_typesupport_introspection_c.h
[15.605s] -- Symlinking: /home/bilhr2025/Downloads/BILHR_T5/install/servo_service/include/servo_service/servo_service/srv/detail/joint_position__rosidl_typesupport_introspection_c.h
[15.614s] -- Symlinking: /home/bilhr2025/Downloads/BILHR_T5/install/servo_service/include/servo_service/servo_service/srv/detail/joint_range__rosidl_typesupport_introspection_c.h
[15.623s] -- Symlinking: /home/bilhr2025/Downloads/BILHR_T5/install/servo_service/include/servo_service/servo_service/srv/detail/servo_deviation__rosidl_typesupport_introspection_c.h
[15.632s] -- Symlinking: /home/bilhr2025/Downloads/BILHR_T5/install/servo_service/include/servo_service/servo_service/srv/detail/servo_temp__rosidl_typesupport_introspection_c.h
[15.641s] -- Symlinking: /home/bilhr2025/Downloads/BILHR_T5/install/servo_service/include/servo_service/servo_service/srv/detail/servo_voltage__rosidl_typesupport_introspection_c.h
[15.651s] -- Symlinking: /home/bilhr2025/Downloads/BILHR_T5/install/servo_service/include/servo_service/servo_service/msg/detail/change_servo_positions__rosidl_typesupport_introspection_cpp.hpp
[15.660s] -- Symlinking: /home/bilhr2025/Downloads/BILHR_T5/install/servo_service/include/servo_service/servo_service/msg/detail/get_servo_positions__rosidl_typesupport_introspection_cpp.hpp
[15.669s] -- Symlinking: /home/bilhr2025/Downloads/BILHR_T5/install/servo_service/include/servo_service/servo_service/msg/detail/set_joint_lock__rosidl_typesupport_introspection_cpp.hpp
[15.678s] -- Symlinking: /home/bilhr2025/Downloads/BILHR_T5/install/servo_service/include/servo_service/servo_service/msg/detail/set_posture__rosidl_typesupport_introspection_cpp.hpp
[15.687s] -- Symlinking: /home/bilhr2025/Downloads/BILHR_T5/install/servo_service/include/servo_service/servo_service/msg/detail/set_servo_positions__rosidl_typesupport_introspection_cpp.hpp
[15.696s] -- Symlinking: /home/bilhr2025/Downloads/BILHR_T5/install/servo_service/include/servo_service/servo_service/srv/detail/joint_lock__rosidl_typesupport_introspection_cpp.hpp
[15.704s] -- Symlinking: /home/bilhr2025/Downloads/BILHR_T5/install/servo_service/include/servo_service/servo_service/srv/detail/joint_position__rosidl_typesupport_introspection_cpp.hpp
[15.713s] -- Symlinking: /home/bilhr2025/Downloads/BILHR_T5/install/servo_service/include/servo_service/servo_service/srv/detail/joint_range__rosidl_typesupport_introspection_cpp.hpp
[15.722s] -- Symlinking: /home/bilhr2025/Downloads/BILHR_T5/install/servo_service/include/servo_service/servo_service/srv/detail/servo_deviation__rosidl_typesupport_introspection_cpp.hpp
[15.731s] -- Symlinking: /home/bilhr2025/Downloads/BILHR_T5/install/servo_service/include/servo_service/servo_service/srv/detail/servo_temp__rosidl_typesupport_introspection_cpp.hpp
[15.740s] -- Symlinking: /home/bilhr2025/Downloads/BILHR_T5/install/servo_service/include/servo_service/servo_service/srv/detail/servo_voltage__rosidl_typesupport_introspection_cpp.hpp
[15.749s] -- Symlinking: /home/bilhr2025/Downloads/BILHR_T5/install/servo_service/share/servo_service/environment/pythonpath.sh
[15.759s] -- Symlinking: /home/bilhr2025/Downloads/BILHR_T5/install/servo_service/share/servo_service/environment/pythonpath.dsv
[15.768s] -- Symlinking: /home/bilhr2025/Downloads/BILHR_T5/install/servo_service/lib/python3.12/site-packages/servo_service-0.0.0-py3.12.egg-info/PKG-INFO
[15.777s] -- Symlinking: /home/bilhr2025/Downloads/BILHR_T5/install/servo_service/lib/python3.12/site-packages/servo_service-0.0.0-py3.12.egg-info/SOURCES.txt
[15.786s] -- Symlinking: /home/bilhr2025/Downloads/BILHR_T5/install/servo_service/lib/python3.12/site-packages/servo_service-0.0.0-py3.12.egg-info/dependency_links.txt
[15.795s] -- Symlinking: /home/bilhr2025/Downloads/BILHR_T5/install/servo_service/lib/python3.12/site-packages/servo_service-0.0.0-py3.12.egg-info/top_level.txt
[15.805s] -- Symlinking: /home/bilhr2025/Downloads/BILHR_T5/install/servo_service/lib/python3.12/site-packages/servo_service/__init__.py
[15.814s] -- Symlinking: /home/bilhr2025/Downloads/BILHR_T5/install/servo_service/lib/python3.12/site-packages/servo_service/_servo_service_s.ep.rosidl_typesupport_c.c
[15.823s] -- Symlinking: /home/bilhr2025/Downloads/BILHR_T5/install/servo_service/lib/python3.12/site-packages/servo_service/_servo_service_s.ep.rosidl_typesupport_fastrtps_c.c
[15.832s] -- Symlinking: /home/bilhr2025/Downloads/BILHR_T5/install/servo_service/lib/python3.12/site-packages/servo_service/_servo_service_s.ep.rosidl_typesupport_introspection_c.c
[15.840s] -- Symlinking: /home/bilhr2025/Downloads/BILHR_T5/install/servo_service/lib/python3.12/site-packages/servo_service/msg/__init__.py
[15.850s] -- Symlinking: /home/bilhr2025/Downloads/BILHR_T5/install/servo_service/lib/python3.12/site-packages/servo_service/msg/_change_servo_positions.py
[15.859s] -- Symlinking: /home/bilhr2025/Downloads/BILHR_T5/install/servo_service/lib/python3.12/site-packages/servo_service/msg/_change_servo_positions_s.c
[15.868s] -- Symlinking: /home/bilhr2025/Downloads/BILHR_T5/install/servo_service/lib/python3.12/site-packages/servo_service/msg/_get_servo_positions.py
[15.877s] -- Symlinking: /home/bilhr2025/Downloads/BILHR_T5/install/servo_service/lib/python3.12/site-packages/servo_service/msg/_get_servo_positions_s.c
[15.885s] -- Symlinking: /home/bilhr2025/Downloads/BILHR_T5/install/servo_service/lib/python3.12/site-packages/servo_service/msg/_set_joint_lock.py
[15.894s] -- Symlinking: /home/bilhr2025/Downloads/BILHR_T5/install/servo_service/lib/python3.12/site-packages/servo_service/msg/_set_joint_lock_s.c
[15.903s] -- Symlinking: /home/bilhr2025/Downloads/BILHR_T5/install/servo_service/lib/python3.12/site-packages/servo_service/msg/_set_posture.py
[15.912s] -- Symlinking: /home/bilhr2025/Downloads/BILHR_T5/install/servo_service/lib/python3.12/site-packages/servo_service/msg/_set_posture_s.c
[15.921s] -- Symlinking: /home/bilhr2025/Downloads/BILHR_T5/install/servo_service/lib/python3.12/site-packages/servo_service/msg/_set_servo_positions.py
[15.930s] -- Symlinking: /home/bilhr2025/Downloads/BILHR_T5/install/servo_service/lib/python3.12/site-packages/servo_service/msg/_set_servo_positions_s.c
[15.939s] -- Symlinking: /home/bilhr2025/Downloads/BILHR_T5/install/servo_service/lib/python3.12/site-packages/servo_service/servo_service_s__rosidl_typesupport_c.so
[15.948s] -- Symlinking: /home/bilhr2025/Downloads/BILHR_T5/install/servo_service/lib/python3.12/site-packages/servo_service/servo_service_s__rosidl_typesupport_fastrtps_c.so
[15.958s] -- Symlinking: /home/bilhr2025/Downloads/BILHR_T5/install/servo_service/lib/python3.12/site-packages/servo_service/servo_service_s__rosidl_typesupport_introspection_c.so
[15.967s] -- Symlinking: /home/bilhr2025/Downloads/BILHR_T5/install/servo_service/lib/python3.12/site-packages/servo_service/srv/__init__.py
[15.976s] -- Symlinking: /home/bilhr2025/Downloads/BILHR_T5/install/servo_service/lib/python3.12/site-packages/servo_service/srv/_joint_lock.py
[15.984s] -- Symlinking: /home/bilhr2025/Downloads/BILHR_T5/install/servo_service/lib/python3.12/site-packages/servo_service/srv/_joint_lock_s.c
[15.993s] -- Symlinking: /home/bilhr2025/Downloads/BILHR_T5/install/servo_service/lib/python3.12/site-packages/servo_service/srv/_joint_position.py
[16.002s] -- Symlinking: /home/bilhr2025/Downloads/BILHR_T5/install/servo_service/lib/python3.12/site-packages/servo_service/srv/_joint_position_s.c
[16.011s] -- Symlinking: /home/bilhr2025/Downloads/BILHR_T5/install/servo_service/lib/python3.12/site-packages/servo_service/srv/_joint_range.py
[16.019s] -- Symlinking: /home/bilhr2025/Downloads/BILHR_T5/install/servo_service/lib/python3.12/site-packages/servo_service/srv/_joint_range_s.c
[16.028s] -- Symlinking: /home/bilhr2025/Downloads/BILHR_T5/install/servo_service/lib/python3.12/site-packages/servo_service/srv/_servo_deviation.py
[16.037s] -- Symlinking: /home/bilhr2025/Downloads/BILHR_T5/install/servo_service/lib/python3.12/site-packages/servo_service/srv/_servo_deviation_s.c
[16.046s] -- Symlinking: /home/bilhr2025/Downloads/BILHR_T5/install/servo_service/lib/python3.12/site-packages/servo_service/srv/_servo_temp.py
[16.056s] -- Symlinking: /home/bilhr2025/Downloads/BILHR_T5/install/servo_service/lib/python3.12/site-packages/servo_service/srv/_servo_temp_s.c
[16.064s] -- Symlinking: /home/bilhr2025/Downloads/BILHR_T5/install/servo_service/lib/python3.12/site-packages/servo_service/srv/_servo_voltage.py
[16.074s] -- Symlinking: /home/bilhr2025/Downloads/BILHR_T5/install/servo_service/lib/python3.12/site-packages/servo_service/srv/_servo_voltage_s.c
[16.083s] -- Up-to-date symlink: /home/bilhr2025/Downloads/BILHR_T5/install/servo_service/lib/python3.12/site-packages/servo_service/servo_service_s__rosidl_typesupport_fastrtps_c.so
[16.083s] -- Up-to-date symlink: /home/bilhr2025/Downloads/BILHR_T5/install/servo_service/lib/python3.12/site-packages/servo_service/servo_service_s__rosidl_typesupport_introspection_c.so
[16.084s] -- Up-to-date symlink: /home/bilhr2025/Downloads/BILHR_T5/install/servo_service/lib/python3.12/site-packages/servo_service/servo_service_s__rosidl_typesupport_c.so
[16.084s] -- Symlinking: /home/bilhr2025/Downloads/BILHR_T5/install/servo_service/share/servo_service/msg/ChangeServoPositions.idl
[16.093s] -- Symlinking: /home/bilhr2025/Downloads/BILHR_T5/install/servo_service/share/servo_service/msg/SetServoPositions.idl
[16.102s] -- Symlinking: /home/bilhr2025/Downloads/BILHR_T5/install/servo_service/share/servo_service/msg/SetJointLock.idl
[16.111s] -- Symlinking: /home/bilhr2025/Downloads/BILHR_T5/install/servo_service/share/servo_service/msg/GetServoPositions.idl
[16.120s] -- Symlinking: /home/bilhr2025/Downloads/BILHR_T5/install/servo_service/share/servo_service/msg/SetPosture.idl
[16.129s] -- Symlinking: /home/bilhr2025/Downloads/BILHR_T5/install/servo_service/share/servo_service/srv/JointLock.idl
[16.138s] -- Symlinking: /home/bilhr2025/Downloads/BILHR_T5/install/servo_service/share/servo_service/srv/ServoTemp.idl
[16.146s] -- Symlinking: /home/bilhr2025/Downloads/BILHR_T5/install/servo_service/share/servo_service/srv/ServoDeviation.idl
[16.156s] -- Symlinking: /home/bilhr2025/Downloads/BILHR_T5/install/servo_service/share/servo_service/srv/ServoVoltage.idl
[16.165s] -- Symlinking: /home/bilhr2025/Downloads/BILHR_T5/install/servo_service/share/servo_service/srv/JointPosition.idl
[16.174s] -- Symlinking: /home/bilhr2025/Downloads/BILHR_T5/install/servo_service/share/servo_service/srv/JointRange.idl
[16.183s] -- Symlinking: /home/bilhr2025/Downloads/BILHR_T5/install/servo_service/share/servo_service/msg/ChangeServoPositions.msg
[16.192s] -- Symlinking: /home/bilhr2025/Downloads/BILHR_T5/install/servo_service/share/servo_service/msg/SetServoPositions.msg
[16.201s] -- Symlinking: /home/bilhr2025/Downloads/BILHR_T5/install/servo_service/share/servo_service/msg/SetJointLock.msg
[16.210s] -- Symlinking: /home/bilhr2025/Downloads/BILHR_T5/install/servo_service/share/servo_service/msg/GetServoPositions.msg
[16.220s] -- Symlinking: /home/bilhr2025/Downloads/BILHR_T5/install/servo_service/share/servo_service/msg/SetPosture.msg
[16.228s] -- Symlinking: /home/bilhr2025/Downloads/BILHR_T5/install/servo_service/share/servo_service/srv/JointLock.srv
[16.237s] -- Symlinking: /home/bilhr2025/Downloads/BILHR_T5/install/servo_service/share/servo_service/srv/ServoTemp.srv
[16.247s] -- Symlinking: /home/bilhr2025/Downloads/BILHR_T5/install/servo_service/share/servo_service/srv/ServoDeviation.srv
[16.256s] -- Symlinking: /home/bilhr2025/Downloads/BILHR_T5/install/servo_service/share/servo_service/srv/ServoVoltage.srv
[16.265s] -- Symlinking: /home/bilhr2025/Downloads/BILHR_T5/install/servo_service/share/servo_service/srv/JointPosition.srv
[16.274s] -- Symlinking: /home/bilhr2025/Downloads/BILHR_T5/install/servo_service/share/servo_service/srv/JointRange.srv
[16.283s] -- Symlinking: /home/bilhr2025/Downloads/BILHR_T5/install/servo_service/share/ament_index/resource_index/package_run_dependencies/servo_service
[16.292s] -- Symlinking: /home/bilhr2025/Downloads/BILHR_T5/install/servo_service/share/ament_index/resource_index/parent_prefix_path/servo_service
[16.301s] -- Symlinking: /home/bilhr2025/Downloads/BILHR_T5/install/servo_service/share/servo_service/environment/ament_prefix_path.sh
[16.310s] -- Symlinking: /home/bilhr2025/Downloads/BILHR_T5/install/servo_service/share/servo_service/environment/ament_prefix_path.dsv
[16.319s] -- Symlinking: /home/bilhr2025/Downloads/BILHR_T5/install/servo_service/share/servo_service/environment/path.sh
[16.328s] -- Symlinking: /home/bilhr2025/Downloads/BILHR_T5/install/servo_service/share/servo_service/environment/path.dsv
[16.337s] -- Symlinking: /home/bilhr2025/Downloads/BILHR_T5/install/servo_service/share/servo_service/local_setup.bash
[16.346s] -- Symlinking: /home/bilhr2025/Downloads/BILHR_T5/install/servo_service/share/servo_service/local_setup.sh
[16.356s] -- Symlinking: /home/bilhr2025/Downloads/BILHR_T5/install/servo_service/share/servo_service/local_setup.zsh
[16.365s] -- Symlinking: /home/bilhr2025/Downloads/BILHR_T5/install/servo_service/share/servo_service/local_setup.dsv
[16.374s] -- Symlinking: /home/bilhr2025/Downloads/BILHR_T5/install/servo_service/share/servo_service/package.dsv
[16.383s] -- Symlinking: /home/bilhr2025/Downloads/BILHR_T5/install/servo_service/share/ament_index/resource_index/packages/servo_service
[16.391s] -- Symlinking: /home/bilhr2025/Downloads/BILHR_T5/install/servo_service/share/servo_service/cmake/rosidl_cmake-extras.cmake
[16.400s] -- Symlinking: /home/bilhr2025/Downloads/BILHR_T5/install/servo_service/share/servo_service/cmake/ament_cmake_export_dependencies-extras.cmake
[16.410s] -- Symlinking: /home/bilhr2025/Downloads/BILHR_T5/install/servo_service/share/servo_service/cmake/ament_cmake_export_include_directories-extras.cmake
[16.419s] -- Symlinking: /home/bilhr2025/Downloads/BILHR_T5/install/servo_service/share/servo_service/cmake/ament_cmake_export_libraries-extras.cmake
[16.428s] -- Symlinking: /home/bilhr2025/Downloads/BILHR_T5/install/servo_service/share/servo_service/cmake/ament_cmake_export_targets-extras.cmake
[16.437s] -- Symlinking: /home/bilhr2025/Downloads/BILHR_T5/install/servo_service/share/servo_service/cmake/rosidl_cmake_export_typesupport_targets-extras.cmake
[16.446s] -- Symlinking: /home/bilhr2025/Downloads/BILHR_T5/install/servo_service/share/servo_service/cmake/rosidl_cmake_export_typesupport_libraries-extras.cmake
[16.455s] -- Symlinking: /home/bilhr2025/Downloads/BILHR_T5/install/servo_service/share/servo_service/cmake/servo_serviceConfig.cmake
[16.464s] -- Symlinking: /home/bilhr2025/Downloads/BILHR_T5/install/servo_service/share/servo_service/cmake/servo_serviceConfig-version.cmake
[16.473s] -- Symlinking: /home/bilhr2025/Downloads/BILHR_T5/install/servo_service/share/servo_service/package.xml
[16.482s] -- Installing: /home/bilhr2025/Downloads/BILHR_T5/install/servo_service/lib/libservo_service__rosidl_generator_c.so
[16.483s] -- Set non-toolchain portion of runtime path of "/home/bilhr2025/Downloads/BILHR_T5/install/servo_service/lib/libservo_service__rosidl_generator_c.so" to ""
[16.483s] -- Installing: /home/bilhr2025/Downloads/BILHR_T5/install/servo_service/lib/libservo_service__rosidl_typesupport_fastrtps_c.so
[16.484s] -- Set non-toolchain portion of runtime path of "/home/bilhr2025/Downloads/BILHR_T5/install/servo_service/lib/libservo_service__rosidl_typesupport_fastrtps_c.so" to ""
[16.484s] -- Installing: /home/bilhr2025/Downloads/BILHR_T5/install/servo_service/lib/libservo_service__rosidl_typesupport_fastrtps_cpp.so
[16.485s] -- Set non-toolchain portion of runtime path of "/home/bilhr2025/Downloads/BILHR_T5/install/servo_service/lib/libservo_service__rosidl_typesupport_fastrtps_cpp.so" to ""
[16.485s] -- Installing: /home/bilhr2025/Downloads/BILHR_T5/install/servo_service/lib/libservo_service__rosidl_typesupport_introspection_c.so
[16.486s] -- Set non-toolchain portion of runtime path of "/home/bilhr2025/Downloads/BILHR_T5/install/servo_service/lib/libservo_service__rosidl_typesupport_introspection_c.so" to ""
[16.486s] -- Installing: /home/bilhr2025/Downloads/BILHR_T5/install/servo_service/lib/libservo_service__rosidl_typesupport_c.so
[16.486s] -- Set non-toolchain portion of runtime path of "/home/bilhr2025/Downloads/BILHR_T5/install/servo_service/lib/libservo_service__rosidl_typesupport_c.so" to ""
[16.486s] -- Installing: /home/bilhr2025/Downloads/BILHR_T5/install/servo_service/lib/libservo_service__rosidl_typesupport_introspection_cpp.so
[16.487s] -- Set non-toolchain portion of runtime path of "/home/bilhr2025/Downloads/BILHR_T5/install/servo_service/lib/libservo_service__rosidl_typesupport_introspection_cpp.so" to ""
[16.487s] -- Installing: /home/bilhr2025/Downloads/BILHR_T5/install/servo_service/lib/libservo_service__rosidl_typesupport_cpp.so
[16.488s] -- Set non-toolchain portion of runtime path of "/home/bilhr2025/Downloads/BILHR_T5/install/servo_service/lib/libservo_service__rosidl_typesupport_cpp.so" to ""
[16.552s] Listing '/home/bilhr2025/Downloads/BILHR_T5/install/servo_service/lib/python3.12/site-packages/servo_service'...
[16.552s] Compiling '/home/bilhr2025/Downloads/BILHR_T5/install/servo_service/lib/python3.12/site-packages/servo_service/__init__.py'...
[16.552s] Listing '/home/bilhr2025/Downloads/BILHR_T5/install/servo_service/lib/python3.12/site-packages/servo_service/msg'...
[16.552s] Compiling '/home/bilhr2025/Downloads/BILHR_T5/install/servo_service/lib/python3.12/site-packages/servo_service/msg/__init__.py'...
[16.552s] Compiling '/home/bilhr2025/Downloads/BILHR_T5/install/servo_service/lib/python3.12/site-packages/servo_service/msg/_change_servo_positions.py'...
[16.552s] Compiling '/home/bilhr2025/Downloads/BILHR_T5/install/servo_service/lib/python3.12/site-packages/servo_service/msg/_get_servo_positions.py'...
[16.552s] Compiling '/home/bilhr2025/Downloads/BILHR_T5/install/servo_service/lib/python3.12/site-packages/servo_service/msg/_set_joint_lock.py'...
[16.552s] Compiling '/home/bilhr2025/Downloads/BILHR_T5/install/servo_service/lib/python3.12/site-packages/servo_service/msg/_set_posture.py'...
[16.552s] Compiling '/home/bilhr2025/Downloads/BILHR_T5/install/servo_service/lib/python3.12/site-packages/servo_service/msg/_set_servo_positions.py'...
[16.552s] Listing '/home/bilhr2025/Downloads/BILHR_T5/install/servo_service/lib/python3.12/site-packages/servo_service/srv'...
[16.552s] Compiling '/home/bilhr2025/Downloads/BILHR_T5/install/servo_service/lib/python3.12/site-packages/servo_service/srv/__init__.py'...
[16.552s] Compiling '/home/bilhr2025/Downloads/BILHR_T5/install/servo_service/lib/python3.12/site-packages/servo_service/srv/_joint_lock.py'...
[16.553s] Compiling '/home/bilhr2025/Downloads/BILHR_T5/install/servo_service/lib/python3.12/site-packages/servo_service/srv/_joint_position.py'...
[16.553s] Compiling '/home/bilhr2025/Downloads/BILHR_T5/install/servo_service/lib/python3.12/site-packages/servo_service/srv/_joint_range.py'...
[16.553s] Compiling '/home/bilhr2025/Downloads/BILHR_T5/install/servo_service/lib/python3.12/site-packages/servo_service/srv/_servo_deviation.py'...
[16.553s] Compiling '/home/bilhr2025/Downloads/BILHR_T5/install/servo_service/lib/python3.12/site-packages/servo_service/srv/_servo_temp.py'...
[16.553s] Compiling '/home/bilhr2025/Downloads/BILHR_T5/install/servo_service/lib/python3.12/site-packages/servo_service/srv/_servo_voltage.py'...
[16.557s] -- Installing: /home/bilhr2025/Downloads/BILHR_T5/install/servo_service/lib/libservo_service__rosidl_generator_py.so
[16.558s] -- Set non-toolchain portion of runtime path of "/home/bilhr2025/Downloads/BILHR_T5/install/servo_service/lib/libservo_service__rosidl_generator_py.so" to ""
[16.558s] -- Installing: /home/bilhr2025/Downloads/BILHR_T5/install/servo_service/share/servo_service/cmake/export_servo_service__rosidl_generator_cExport.cmake
[16.559s] -- Installing: /home/bilhr2025/Downloads/BILHR_T5/install/servo_service/share/servo_service/cmake/export_servo_service__rosidl_generator_cExport-noconfig.cmake
[16.559s] -- Installing: /home/bilhr2025/Downloads/BILHR_T5/install/servo_service/share/servo_service/cmake/export_servo_service__rosidl_typesupport_fastrtps_cExport.cmake
[16.559s] -- Installing: /home/bilhr2025/Downloads/BILHR_T5/install/servo_service/share/servo_service/cmake/export_servo_service__rosidl_typesupport_fastrtps_cExport-noconfig.cmake
[16.559s] -- Installing: /home/bilhr2025/Downloads/BILHR_T5/install/servo_service/share/servo_service/cmake/export_servo_service__rosidl_generator_cppExport.cmake
[16.559s] -- Installing: /home/bilhr2025/Downloads/BILHR_T5/install/servo_service/share/servo_service/cmake/export_servo_service__rosidl_typesupport_fastrtps_cppExport.cmake
[16.559s] -- Installing: /home/bilhr2025/Downloads/BILHR_T5/install/servo_service/share/servo_service/cmake/export_servo_service__rosidl_typesupport_fastrtps_cppExport-noconfig.cmake
[16.560s] -- Installing: /home/bilhr2025/Downloads/BILHR_T5/install/servo_service/share/servo_service/cmake/servo_service__rosidl_typesupport_introspection_cExport.cmake
[16.560s] -- Installing: /home/bilhr2025/Downloads/BILHR_T5/install/servo_service/share/servo_service/cmake/servo_service__rosidl_typesupport_introspection_cExport-noconfig.cmake
[16.560s] -- Installing: /home/bilhr2025/Downloads/BILHR_T5/install/servo_service/share/servo_service/cmake/servo_service__rosidl_typesupport_cExport.cmake
[16.560s] -- Installing: /home/bilhr2025/Downloads/BILHR_T5/install/servo_service/share/servo_service/cmake/servo_service__rosidl_typesupport_cExport-noconfig.cmake
[16.560s] -- Installing: /home/bilhr2025/Downloads/BILHR_T5/install/servo_service/share/servo_service/cmake/servo_service__rosidl_typesupport_introspection_cppExport.cmake
[16.560s] -- Installing: /home/bilhr2025/Downloads/BILHR_T5/install/servo_service/share/servo_service/cmake/servo_service__rosidl_typesupport_introspection_cppExport-noconfig.cmake
[16.560s] -- Installing: /home/bilhr2025/Downloads/BILHR_T5/install/servo_service/share/servo_service/cmake/servo_service__rosidl_typesupport_cppExport.cmake
[16.561s] -- Installing: /home/bilhr2025/Downloads/BILHR_T5/install/servo_service/share/servo_service/cmake/servo_service__rosidl_typesupport_cppExport-noconfig.cmake
[16.561s] -- Installing: /home/bilhr2025/Downloads/BILHR_T5/install/servo_service/share/servo_service/cmake/export_servo_service__rosidl_generator_pyExport.cmake
[16.561s] -- Installing: /home/bilhr2025/Downloads/BILHR_T5/install/servo_service/share/servo_service/cmake/export_servo_service__rosidl_generator_pyExport-noconfig.cmake
[16.564s] Invoked command in '/home/bilhr2025/Downloads/BILHR_T5/build/servo_service' returned '0': CMAKE_PREFIX_PATH=${CMAKE_PREFIX_PATH}:/home/bilhr2025/Downloads/BILHR_T5/install/ainex_motion:/home/bilhr2025/Downloads/BILHR_T5/install/ainex_vision:/home/bilhr2025/Downloads/BILHR_T5/install/ainex_neural_control:/opt/ros/jazzy DEBUGINFOD_URLS=https://debuginfod.ubuntu.com /usr/bin/cmake --install /home/bilhr2025/Downloads/BILHR_T5/build/servo_service
