[1.015s] Invoking command in '/home/bilhr2025/Downloads/BILHR_T5/build/ainex_motion': DEBUGINFOD_URLS=https://debuginfod.ubuntu.com PYTHONPATH=/home/bilhr2025/Downloads/BILHR_T5/build/ainex_motion/prefix_override:/usr/lib/python3/dist-packages/colcon_core/task/python/colcon_distutils_commands:/home/bilhr2025/Downloads/BILHR_T5/install/ainex_motion/lib/python3.12/site-packages:/home/bilhr2025/Downloads/BILHR_T5/install/servo_service/lib/python3.12/site-packages:/home/bilhr2025/Downloads/BILHR_T5/build/ainex_motion:/home/bilhr2025/Downloads/BILHR_T5/install/ainex_motion/lib/python3.12/site-packages:/home/bilhr2025/Downloads/BILHR_T5/build/ainex_vision:/home/bilhr2025/Downloads/BILHR_T5/install/ainex_vision/lib/python3.12/site-packages:/home/bilhr2025/Downloads/BILHR_T5/build/ainex_neural_control:/home/bilhr2025/Downloads/BILHR_T5/install/ainex_neural_control/lib/python3.12/site-packages:/opt/ros/jazzy/lib/python3.12/site-packages /usr/bin/python3 -W ignore:setup.py install is deprecated -W ignore:easy_install command is deprecated setup.py develop --editable --build-directory /home/bilhr2025/Downloads/BILHR_T5/build/ainex_motion/build --no-deps symlink_data
[1.424s] running develop
[1.723s] running egg_info
[1.747s] writing ainex_motion.egg-info/PKG-INFO
[1.747s] writing dependency_links to ainex_motion.egg-info/dependency_links.txt
[1.748s] writing entry points to ainex_motion.egg-info/entry_points.txt
[1.748s] writing requirements to ainex_motion.egg-info/requires.txt
[1.748s] writing top-level names to ainex_motion.egg-info/top_level.txt
[1.798s] reading manifest file 'ainex_motion.egg-info/SOURCES.txt'
[1.799s] writing manifest file 'ainex_motion.egg-info/SOURCES.txt'
[1.825s] running build_ext
[1.825s] Creating /home/bilhr2025/Downloads/BILHR_T5/install/ainex_motion/lib/python3.12/site-packages/ainex-motion.egg-link (link to .)
[1.826s] Installing ainex_motion_node script to /home/bilhr2025/Downloads/BILHR_T5/install/ainex_motion/lib/ainex_motion
[1.826s] Installing joint_controller script to /home/bilhr2025/Downloads/BILHR_T5/install/ainex_motion/lib/ainex_motion
[1.826s] Installing joint_visualization_node script to /home/bilhr2025/Downloads/BILHR_T5/install/ainex_motion/lib/ainex_motion
[1.826s] Installing keyboard_input_node script to /home/bilhr2025/Downloads/BILHR_T5/install/ainex_motion/lib/ainex_motion
[1.827s] 
[1.827s] Installed /home/bilhr2025/Downloads/BILHR_T5/build/ainex_motion
[1.827s] running symlink_data
[1.861s] Invoked command in '/home/bilhr2025/Downloads/BILHR_T5/build/ainex_motion' returned '0': DEBUGINFOD_URLS=https://debuginfod.ubuntu.com PYTHONPATH=/home/bilhr2025/Downloads/BILHR_T5/build/ainex_motion/prefix_override:/usr/lib/python3/dist-packages/colcon_core/task/python/colcon_distutils_commands:/home/bilhr2025/Downloads/BILHR_T5/install/ainex_motion/lib/python3.12/site-packages:/home/bilhr2025/Downloads/BILHR_T5/install/servo_service/lib/python3.12/site-packages:/home/bilhr2025/Downloads/BILHR_T5/build/ainex_motion:/home/bilhr2025/Downloads/BILHR_T5/install/ainex_motion/lib/python3.12/site-packages:/home/bilhr2025/Downloads/BILHR_T5/build/ainex_vision:/home/bilhr2025/Downloads/BILHR_T5/install/ainex_vision/lib/python3.12/site-packages:/home/bilhr2025/Downloads/BILHR_T5/build/ainex_neural_control:/home/bilhr2025/Downloads/BILHR_T5/install/ainex_neural_control/lib/python3.12/site-packages:/opt/ros/jazzy/lib/python3.12/site-packages /usr/bin/python3 -W ignore:setup.py install is deprecated -W ignore:easy_install command is deprecated setup.py develop --editable --build-directory /home/bilhr2025/Downloads/BILHR_T5/build/ainex_motion/build --no-deps symlink_data
