[1.231s] Invoking command in '/home/bilhr2025/Downloads/template_tB/ainex_bilhr_ws/build/ainex_neural_control': DEBUGINFOD_URLS=https://debuginfod.ubuntu.com PYTHONPATH=/home/bilhr2025/Downloads/template_tB/ainex_bilhr_ws/build/ainex_neural_control/prefix_override:/usr/lib/python3/dist-packages/colcon_core/task/python/colcon_distutils_commands:/home/bilhr2025/Downloads/template_tB/ainex_bilhr_ws/install/ainex_neural_control/lib/python3.12/site-packages:${PYTHONPATH} /usr/bin/python3 -W ignore:setup.py install is deprecated -W ignore:easy_install command is deprecated setup.py develop --editable --build-directory /home/bilhr2025/Downloads/template_tB/ainex_bilhr_ws/build/ainex_neural_control/build --no-deps symlink_data --force
[1.614s] running develop
[2.028s] running egg_info
[2.067s] writing ainex_neural_control.egg-info/PKG-INFO
[2.067s] writing dependency_links to ainex_neural_control.egg-info/dependency_links.txt
[2.067s] writing entry points to ainex_neural_control.egg-info/entry_points.txt
[2.067s] writing requirements to ainex_neural_control.egg-info/requires.txt
[2.067s] writing top-level names to ainex_neural_control.egg-info/top_level.txt
[2.148s] reading manifest file 'ainex_neural_control.egg-info/SOURCES.txt'
[2.153s] writing manifest file 'ainex_neural_control.egg-info/SOURCES.txt'
[2.193s] running build_ext
[2.193s] Creating /home/bilhr2025/Downloads/template_tB/ainex_bilhr_ws/install/ainex_neural_control/lib/python3.12/site-packages/ainex-neural-control.egg-link (link to .)
[2.194s] Installing manual_reward_node script to /home/bilhr2025/Downloads/template_tB/ainex_bilhr_ws/install/ainex_neural_control/lib/ainex_neural_control
[2.194s] Installing rl_dt_penalty_node script to /home/bilhr2025/Downloads/template_tB/ainex_bilhr_ws/install/ainex_neural_control/lib/ainex_neural_control
[2.195s] Installing robot_cmac_controller script to /home/bilhr2025/Downloads/template_tB/ainex_bilhr_ws/install/ainex_neural_control/lib/ainex_neural_control
[2.195s] Installing robot_neural_controller script to /home/bilhr2025/Downloads/template_tB/ainex_bilhr_ws/install/ainex_neural_control/lib/ainex_neural_control
[2.195s] 
[2.195s] Installed /home/bilhr2025/Downloads/template_tB/ainex_bilhr_ws/build/ainex_neural_control
[2.195s] running symlink_data
[2.195s] symbolically linking /home/bilhr2025/Downloads/template_tB/ainex_bilhr_ws/build/ainex_neural_control/resource/ainex_neural_control -> /home/bilhr2025/Downloads/template_tB/ainex_bilhr_ws/install/ainex_neural_control/share/ament_index/resource_index/packages
[2.195s] symbolically linking /home/bilhr2025/Downloads/template_tB/ainex_bilhr_ws/build/ainex_neural_control/package.xml -> /home/bilhr2025/Downloads/template_tB/ainex_bilhr_ws/install/ainex_neural_control/share/ainex_neural_control
[2.276s] Invoked command in '/home/bilhr2025/Downloads/template_tB/ainex_bilhr_ws/build/ainex_neural_control' returned '0': DEBUGINFOD_URLS=https://debuginfod.ubuntu.com PYTHONPATH=/home/bilhr2025/Downloads/template_tB/ainex_bilhr_ws/build/ainex_neural_control/prefix_override:/usr/lib/python3/dist-packages/colcon_core/task/python/colcon_distutils_commands:/home/bilhr2025/Downloads/template_tB/ainex_bilhr_ws/install/ainex_neural_control/lib/python3.12/site-packages:${PYTHONPATH} /usr/bin/python3 -W ignore:setup.py install is deprecated -W ignore:easy_install command is deprecated setup.py develop --editable --build-directory /home/bilhr2025/Downloads/template_tB/ainex_bilhr_ws/build/ainex_neural_control/build --no-deps symlink_data --force
