[0.105s] DEBUG:colcon:Command line arguments: ['/usr/bin/colcon', 'build', '--symlink-install']
[0.106s] DEBUG:colcon:Parsed command line arguments: Namespace(log_base=None, log_level=None, verb_name='build', build_base='build', install_base='install', merge_install=False, symlink_install=True, test_result_base=None, continue_on_error=False, executor='parallel', parallel_workers=8, event_handlers=None, ignore_user_meta=False, metas=['./colcon.meta'], base_paths=['.'], packages_ignore=None, packages_ignore_regex=None, paths=None, packages_up_to=None, packages_up_to_regex=None, packages_above=None, packages_above_and_dependencies=None, packages_above_depth=None, packages_select_by_dep=None, packages_skip_by_dep=None, packages_skip_up_to=None, packages_select_build_failed=False, packages_skip_build_finished=False, packages_select_test_failures=False, packages_skip_test_passed=False, packages_select=None, packages_skip=None, packages_select_regex=None, packages_skip_regex=None, packages_start=None, packages_end=None, allow_overriding=[], cmake_args=None, cmake_target=None, cmake_target_skip_unavailable=False, cmake_clean_cache=False, cmake_clean_first=False, cmake_force_configure=False, ament_cmake_args=None, catkin_cmake_args=None, catkin_skip_building_tests=False, mixin_files=None, mixin=None, verb_parser=<colcon_mixin.mixin.mixin_argument.MixinArgumentDecorator object at 0x71a2272a0740>, verb_extension=<colcon_core.verb.build.BuildVerb object at 0x71a2272a0440>, main=<bound method BuildVerb.main of <colcon_core.verb.build.BuildVerb object at 0x71a2272a0440>>, mixin_verb=('build',))
[0.143s] Level 1:colcon.colcon_core.package_discovery:discover_packages(colcon_meta) check parameters
[0.143s] Level 1:colcon.colcon_core.package_discovery:discover_packages(recursive) check parameters
[0.143s] Level 1:colcon.colcon_core.package_discovery:discover_packages(ignore) check parameters
[0.143s] Level 1:colcon.colcon_core.package_discovery:discover_packages(path) check parameters
[0.143s] Level 1:colcon.colcon_core.package_discovery:discover_packages(colcon_meta) discover
[0.143s] Level 1:colcon.colcon_core.package_discovery:discover_packages(recursive) discover
[0.143s] INFO:colcon.colcon_core.package_discovery:Crawling recursively for packages in '/home/bilhr2025/Downloads/template_tB/ainex_bilhr_ws'
[0.143s] Level 1:colcon.colcon_core.package_identification:_identify(.) by extensions ['ignore', 'ignore_ament_install']
[0.143s] Level 1:colcon.colcon_core.package_identification:_identify(.) by extension 'ignore'
[0.143s] Level 1:colcon.colcon_core.package_identification:_identify(.) by extension 'ignore_ament_install'
[0.144s] Level 1:colcon.colcon_core.package_identification:_identify(.) by extensions ['colcon_pkg']
[0.144s] Level 1:colcon.colcon_core.package_identification:_identify(.) by extension 'colcon_pkg'
[0.144s] Level 1:colcon.colcon_core.package_identification:_identify(.) by extensions ['colcon_meta']
[0.144s] Level 1:colcon.colcon_core.package_identification:_identify(.) by extension 'colcon_meta'
[0.144s] Level 1:colcon.colcon_core.package_identification:_identify(.) by extensions ['ros']
[0.144s] Level 1:colcon.colcon_core.package_identification:_identify(.) by extension 'ros'
[0.167s] Level 1:colcon.colcon_core.package_identification:_identify(.) by extensions ['cmake', 'python']
[0.167s] Level 1:colcon.colcon_core.package_identification:_identify(.) by extension 'cmake'
[0.167s] Level 1:colcon.colcon_core.package_identification:_identify(.) by extension 'python'
[0.167s] Level 1:colcon.colcon_core.package_identification:_identify(.) by extensions ['python_setup_py']
[0.167s] Level 1:colcon.colcon_core.package_identification:_identify(.) by extension 'python_setup_py'
[0.167s] Level 1:colcon.colcon_core.package_identification:_identify(build) by extensions ['ignore', 'ignore_ament_install']
[0.168s] Level 1:colcon.colcon_core.package_identification:_identify(build) by extension 'ignore'
[0.168s] Level 1:colcon.colcon_core.package_identification:_identify(build) ignored
[0.168s] Level 1:colcon.colcon_core.package_identification:_identify(install) by extensions ['ignore', 'ignore_ament_install']
[0.168s] Level 1:colcon.colcon_core.package_identification:_identify(install) by extension 'ignore'
[0.168s] Level 1:colcon.colcon_core.package_identification:_identify(install) ignored
[0.168s] Level 1:colcon.colcon_core.package_identification:_identify(log) by extensions ['ignore', 'ignore_ament_install']
[0.168s] Level 1:colcon.colcon_core.package_identification:_identify(log) by extension 'ignore'
[0.168s] Level 1:colcon.colcon_core.package_identification:_identify(log) ignored
[0.168s] Level 1:colcon.colcon_core.package_identification:_identify(src) by extensions ['ignore', 'ignore_ament_install']
[0.168s] Level 1:colcon.colcon_core.package_identification:_identify(src) by extension 'ignore'
[0.168s] Level 1:colcon.colcon_core.package_identification:_identify(src) by extension 'ignore_ament_install'
[0.168s] Level 1:colcon.colcon_core.package_identification:_identify(src) by extensions ['colcon_pkg']
[0.168s] Level 1:colcon.colcon_core.package_identification:_identify(src) by extension 'colcon_pkg'
[0.168s] Level 1:colcon.colcon_core.package_identification:_identify(src) by extensions ['colcon_meta']
[0.169s] Level 1:colcon.colcon_core.package_identification:_identify(src) by extension 'colcon_meta'
[0.169s] Level 1:colcon.colcon_core.package_identification:_identify(src) by extensions ['ros']
[0.169s] Level 1:colcon.colcon_core.package_identification:_identify(src) by extension 'ros'
[0.169s] Level 1:colcon.colcon_core.package_identification:_identify(src) by extensions ['cmake', 'python']
[0.169s] Level 1:colcon.colcon_core.package_identification:_identify(src) by extension 'cmake'
[0.169s] Level 1:colcon.colcon_core.package_identification:_identify(src) by extension 'python'
[0.169s] Level 1:colcon.colcon_core.package_identification:_identify(src) by extensions ['python_setup_py']
[0.169s] Level 1:colcon.colcon_core.package_identification:_identify(src) by extension 'python_setup_py'
[0.169s] Level 1:colcon.colcon_core.package_identification:_identify(src/ainex_motion) by extensions ['ignore', 'ignore_ament_install']
[0.169s] Level 1:colcon.colcon_core.package_identification:_identify(src/ainex_motion) by extension 'ignore'
[0.169s] Level 1:colcon.colcon_core.package_identification:_identify(src/ainex_motion) by extension 'ignore_ament_install'
[0.169s] Level 1:colcon.colcon_core.package_identification:_identify(src/ainex_motion) by extensions ['colcon_pkg']
[0.169s] Level 1:colcon.colcon_core.package_identification:_identify(src/ainex_motion) by extension 'colcon_pkg'
[0.169s] Level 1:colcon.colcon_core.package_identification:_identify(src/ainex_motion) by extensions ['colcon_meta']
[0.169s] Level 1:colcon.colcon_core.package_identification:_identify(src/ainex_motion) by extension 'colcon_meta'
[0.169s] Level 1:colcon.colcon_core.package_identification:_identify(src/ainex_motion) by extensions ['ros']
[0.169s] Level 1:colcon.colcon_core.package_identification:_identify(src/ainex_motion) by extension 'ros'
[0.172s] DEBUG:colcon.colcon_core.package_identification:Package 'src/ainex_motion' with type 'ros.ament_python' and name 'ainex_motion'
[0.172s] Level 1:colcon.colcon_core.package_identification:_identify(src/ainex_neural_control) by extensions ['ignore', 'ignore_ament_install']
[0.172s] Level 1:colcon.colcon_core.package_identification:_identify(src/ainex_neural_control) by extension 'ignore'
[0.172s] Level 1:colcon.colcon_core.package_identification:_identify(src/ainex_neural_control) by extension 'ignore_ament_install'
[0.172s] Level 1:colcon.colcon_core.package_identification:_identify(src/ainex_neural_control) by extensions ['colcon_pkg']
[0.172s] Level 1:colcon.colcon_core.package_identification:_identify(src/ainex_neural_control) by extension 'colcon_pkg'
[0.172s] Level 1:colcon.colcon_core.package_identification:_identify(src/ainex_neural_control) by extensions ['colcon_meta']
[0.172s] Level 1:colcon.colcon_core.package_identification:_identify(src/ainex_neural_control) by extension 'colcon_meta'
[0.172s] Level 1:colcon.colcon_core.package_identification:_identify(src/ainex_neural_control) by extensions ['ros']
[0.172s] Level 1:colcon.colcon_core.package_identification:_identify(src/ainex_neural_control) by extension 'ros'
[0.173s] DEBUG:colcon.colcon_core.package_identification:Package 'src/ainex_neural_control' with type 'ros.ament_python' and name 'ainex_neural_control'
[0.173s] Level 1:colcon.colcon_core.package_identification:_identify(src/ainex_vision) by extensions ['ignore', 'ignore_ament_install']
[0.173s] Level 1:colcon.colcon_core.package_identification:_identify(src/ainex_vision) by extension 'ignore'
[0.173s] Level 1:colcon.colcon_core.package_identification:_identify(src/ainex_vision) by extension 'ignore_ament_install'
[0.173s] Level 1:colcon.colcon_core.package_identification:_identify(src/ainex_vision) by extensions ['colcon_pkg']
[0.173s] Level 1:colcon.colcon_core.package_identification:_identify(src/ainex_vision) by extension 'colcon_pkg'
[0.173s] Level 1:colcon.colcon_core.package_identification:_identify(src/ainex_vision) by extensions ['colcon_meta']
[0.173s] Level 1:colcon.colcon_core.package_identification:_identify(src/ainex_vision) by extension 'colcon_meta'
[0.173s] Level 1:colcon.colcon_core.package_identification:_identify(src/ainex_vision) by extensions ['ros']
[0.173s] Level 1:colcon.colcon_core.package_identification:_identify(src/ainex_vision) by extension 'ros'
[0.174s] DEBUG:colcon.colcon_core.package_identification:Package 'src/ainex_vision' with type 'ros.ament_python' and name 'ainex_vision'
[0.174s] Level 1:colcon.colcon_core.package_identification:_identify(src/build) by extensions ['ignore', 'ignore_ament_install']
[0.174s] Level 1:colcon.colcon_core.package_identification:_identify(src/build) by extension 'ignore'
[0.174s] Level 1:colcon.colcon_core.package_identification:_identify(src/build) ignored
[0.174s] Level 1:colcon.colcon_core.package_identification:_identify(src/install) by extensions ['ignore', 'ignore_ament_install']
[0.174s] Level 1:colcon.colcon_core.package_identification:_identify(src/install) by extension 'ignore'
[0.174s] Level 1:colcon.colcon_core.package_identification:_identify(src/install) ignored
[0.174s] Level 1:colcon.colcon_core.package_identification:_identify(src/log) by extensions ['ignore', 'ignore_ament_install']
[0.175s] Level 1:colcon.colcon_core.package_identification:_identify(src/log) by extension 'ignore'
[0.175s] Level 1:colcon.colcon_core.package_identification:_identify(src/log) ignored
[0.175s] Level 1:colcon.colcon_core.package_identification:_identify(src/servo_service) by extensions ['ignore', 'ignore_ament_install']
[0.175s] Level 1:colcon.colcon_core.package_identification:_identify(src/servo_service) by extension 'ignore'
[0.175s] Level 1:colcon.colcon_core.package_identification:_identify(src/servo_service) by extension 'ignore_ament_install'
[0.175s] Level 1:colcon.colcon_core.package_identification:_identify(src/servo_service) by extensions ['colcon_pkg']
[0.175s] Level 1:colcon.colcon_core.package_identification:_identify(src/servo_service) by extension 'colcon_pkg'
[0.175s] Level 1:colcon.colcon_core.package_identification:_identify(src/servo_service) by extensions ['colcon_meta']
[0.175s] Level 1:colcon.colcon_core.package_identification:_identify(src/servo_service) by extension 'colcon_meta'
[0.175s] Level 1:colcon.colcon_core.package_identification:_identify(src/servo_service) by extensions ['ros']
[0.175s] Level 1:colcon.colcon_core.package_identification:_identify(src/servo_service) by extension 'ros'
[0.176s] DEBUG:colcon.colcon_core.package_identification:Package 'src/servo_service' with type 'ros.ament_cmake' and name 'servo_service'
[0.176s] Level 1:colcon.colcon_core.package_discovery:discover_packages(recursive) using defaults
[0.176s] Level 1:colcon.colcon_core.package_discovery:discover_packages(ignore) discover
[0.176s] Level 1:colcon.colcon_core.package_discovery:discover_packages(ignore) using defaults
[0.176s] Level 1:colcon.colcon_core.package_discovery:discover_packages(path) discover
[0.176s] Level 1:colcon.colcon_core.package_discovery:discover_packages(path) using defaults
[0.193s] Level 1:colcon.colcon_core.package_discovery:discover_packages(prefix_path) check parameters
[0.194s] Level 1:colcon.colcon_core.package_discovery:discover_packages(prefix_path) discover
[0.196s] DEBUG:colcon.colcon_installed_package_information.package_discovery:Found 325 installed packages in /opt/ros/jazzy
[0.198s] Level 1:colcon.colcon_core.package_discovery:discover_packages(prefix_path) using defaults
[0.246s] Level 5:colcon.colcon_core.verb:set package 'ainex_neural_control' build argument 'cmake_args' from command line to 'None'
[0.247s] Level 5:colcon.colcon_core.verb:set package 'ainex_neural_control' build argument 'cmake_target' from command line to 'None'
[0.247s] Level 5:colcon.colcon_core.verb:set package 'ainex_neural_control' build argument 'cmake_target_skip_unavailable' from command line to 'False'
[0.247s] Level 5:colcon.colcon_core.verb:set package 'ainex_neural_control' build argument 'cmake_clean_cache' from command line to 'False'
[0.247s] Level 5:colcon.colcon_core.verb:set package 'ainex_neural_control' build argument 'cmake_clean_first' from command line to 'False'
[0.247s] Level 5:colcon.colcon_core.verb:set package 'ainex_neural_control' build argument 'cmake_force_configure' from command line to 'False'
[0.247s] Level 5:colcon.colcon_core.verb:set package 'ainex_neural_control' build argument 'ament_cmake_args' from command line to 'None'
[0.247s] Level 5:colcon.colcon_core.verb:set package 'ainex_neural_control' build argument 'catkin_cmake_args' from command line to 'None'
[0.247s] Level 5:colcon.colcon_core.verb:set package 'ainex_neural_control' build argument 'catkin_skip_building_tests' from command line to 'False'
[0.247s] DEBUG:colcon.colcon_core.verb:Building package 'ainex_neural_control' with the following arguments: {'ament_cmake_args': None, 'build_base': '/home/bilhr2025/Downloads/template_tB/ainex_bilhr_ws/build/ainex_neural_control', 'catkin_cmake_args': None, 'catkin_skip_building_tests': False, 'cmake_args': None, 'cmake_clean_cache': False, 'cmake_clean_first': False, 'cmake_force_configure': False, 'cmake_target': None, 'cmake_target_skip_unavailable': False, 'install_base': '/home/bilhr2025/Downloads/template_tB/ainex_bilhr_ws/install/ainex_neural_control', 'merge_install': False, 'path': '/home/bilhr2025/Downloads/template_tB/ainex_bilhr_ws/src/ainex_neural_control', 'symlink_install': True, 'test_result_base': None}
[0.247s] Level 5:colcon.colcon_core.verb:set package 'ainex_vision' build argument 'cmake_args' from command line to 'None'
[0.247s] Level 5:colcon.colcon_core.verb:set package 'ainex_vision' build argument 'cmake_target' from command line to 'None'
[0.247s] Level 5:colcon.colcon_core.verb:set package 'ainex_vision' build argument 'cmake_target_skip_unavailable' from command line to 'False'
[0.247s] Level 5:colcon.colcon_core.verb:set package 'ainex_vision' build argument 'cmake_clean_cache' from command line to 'False'
[0.247s] Level 5:colcon.colcon_core.verb:set package 'ainex_vision' build argument 'cmake_clean_first' from command line to 'False'
[0.247s] Level 5:colcon.colcon_core.verb:set package 'ainex_vision' build argument 'cmake_force_configure' from command line to 'False'
[0.247s] Level 5:colcon.colcon_core.verb:set package 'ainex_vision' build argument 'ament_cmake_args' from command line to 'None'
[0.247s] Level 5:colcon.colcon_core.verb:set package 'ainex_vision' build argument 'catkin_cmake_args' from command line to 'None'
[0.247s] Level 5:colcon.colcon_core.verb:set package 'ainex_vision' build argument 'catkin_skip_building_tests' from command line to 'False'
[0.247s] DEBUG:colcon.colcon_core.verb:Building package 'ainex_vision' with the following arguments: {'ament_cmake_args': None, 'build_base': '/home/bilhr2025/Downloads/template_tB/ainex_bilhr_ws/build/ainex_vision', 'catkin_cmake_args': None, 'catkin_skip_building_tests': False, 'cmake_args': None, 'cmake_clean_cache': False, 'cmake_clean_first': False, 'cmake_force_configure': False, 'cmake_target': None, 'cmake_target_skip_unavailable': False, 'install_base': '/home/bilhr2025/Downloads/template_tB/ainex_bilhr_ws/install/ainex_vision', 'merge_install': False, 'path': '/home/bilhr2025/Downloads/template_tB/ainex_bilhr_ws/src/ainex_vision', 'symlink_install': True, 'test_result_base': None}
[0.248s] Level 5:colcon.colcon_core.verb:set package 'servo_service' build argument 'cmake_args' from command line to 'None'
[0.248s] Level 5:colcon.colcon_core.verb:set package 'servo_service' build argument 'cmake_target' from command line to 'None'
[0.248s] Level 5:colcon.colcon_core.verb:set package 'servo_service' build argument 'cmake_target_skip_unavailable' from command line to 'False'
[0.248s] Level 5:colcon.colcon_core.verb:set package 'servo_service' build argument 'cmake_clean_cache' from command line to 'False'
[0.248s] Level 5:colcon.colcon_core.verb:set package 'servo_service' build argument 'cmake_clean_first' from command line to 'False'
[0.248s] Level 5:colcon.colcon_core.verb:set package 'servo_service' build argument 'cmake_force_configure' from command line to 'False'
[0.248s] Level 5:colcon.colcon_core.verb:set package 'servo_service' build argument 'ament_cmake_args' from command line to 'None'
[0.248s] Level 5:colcon.colcon_core.verb:set package 'servo_service' build argument 'catkin_cmake_args' from command line to 'None'
[0.248s] Level 5:colcon.colcon_core.verb:set package 'servo_service' build argument 'catkin_skip_building_tests' from command line to 'False'
[0.248s] DEBUG:colcon.colcon_core.verb:Building package 'servo_service' with the following arguments: {'ament_cmake_args': None, 'build_base': '/home/bilhr2025/Downloads/template_tB/ainex_bilhr_ws/build/servo_service', 'catkin_cmake_args': None, 'catkin_skip_building_tests': False, 'cmake_args': None, 'cmake_clean_cache': False, 'cmake_clean_first': False, 'cmake_force_configure': False, 'cmake_target': None, 'cmake_target_skip_unavailable': False, 'install_base': '/home/bilhr2025/Downloads/template_tB/ainex_bilhr_ws/install/servo_service', 'merge_install': False, 'path': '/home/bilhr2025/Downloads/template_tB/ainex_bilhr_ws/src/servo_service', 'symlink_install': True, 'test_result_base': None}
[0.248s] Level 5:colcon.colcon_core.verb:set package 'ainex_motion' build argument 'cmake_args' from command line to 'None'
[0.248s] Level 5:colcon.colcon_core.verb:set package 'ainex_motion' build argument 'cmake_target' from command line to 'None'
[0.248s] Level 5:colcon.colcon_core.verb:set package 'ainex_motion' build argument 'cmake_target_skip_unavailable' from command line to 'False'
[0.248s] Level 5:colcon.colcon_core.verb:set package 'ainex_motion' build argument 'cmake_clean_cache' from command line to 'False'
[0.248s] Level 5:colcon.colcon_core.verb:set package 'ainex_motion' build argument 'cmake_clean_first' from command line to 'False'
[0.248s] Level 5:colcon.colcon_core.verb:set package 'ainex_motion' build argument 'cmake_force_configure' from command line to 'False'
[0.248s] Level 5:colcon.colcon_core.verb:set package 'ainex_motion' build argument 'ament_cmake_args' from command line to 'None'
[0.248s] Level 5:colcon.colcon_core.verb:set package 'ainex_motion' build argument 'catkin_cmake_args' from command line to 'None'
[0.248s] Level 5:colcon.colcon_core.verb:set package 'ainex_motion' build argument 'catkin_skip_building_tests' from command line to 'False'
[0.248s] DEBUG:colcon.colcon_core.verb:Building package 'ainex_motion' with the following arguments: {'ament_cmake_args': None, 'build_base': '/home/bilhr2025/Downloads/template_tB/ainex_bilhr_ws/build/ainex_motion', 'catkin_cmake_args': None, 'catkin_skip_building_tests': False, 'cmake_args': None, 'cmake_clean_cache': False, 'cmake_clean_first': False, 'cmake_force_configure': False, 'cmake_target': None, 'cmake_target_skip_unavailable': False, 'install_base': '/home/bilhr2025/Downloads/template_tB/ainex_bilhr_ws/install/ainex_motion', 'merge_install': False, 'path': '/home/bilhr2025/Downloads/template_tB/ainex_bilhr_ws/src/ainex_motion', 'symlink_install': True, 'test_result_base': None}
[0.248s] INFO:colcon.colcon_core.executor:Executing jobs using 'parallel' executor
[0.249s] DEBUG:colcon.colcon_parallel_executor.executor.parallel:run_until_complete
[0.250s] INFO:colcon.colcon_ros.task.ament_cmake.build:Building ROS package in '/home/bilhr2025/Downloads/template_tB/ainex_bilhr_ws/src/servo_service' with build type 'ament_cmake'
[0.250s] INFO:colcon.colcon_cmake.task.cmake.build:Building CMake package in '/home/bilhr2025/Downloads/template_tB/ainex_bilhr_ws/src/servo_service'
[0.252s] INFO:colcon.colcon_core.plugin_system:Skipping extension 'colcon_core.shell.bat': Not used on non-Windows systems
[0.252s] INFO:colcon.colcon_core.shell:Skip shell extension 'powershell' for command environment: Not usable outside of PowerShell
[0.252s] DEBUG:colcon.colcon_core.shell:Skip shell extension 'dsv' for command environment
[0.255s] INFO:colcon.colcon_ros.task.ament_python.build:Building ROS package in '/home/bilhr2025/Downloads/template_tB/ainex_bilhr_ws/src/ainex_neural_control' with build type 'ament_python'
[0.255s] Level 1:colcon.colcon_core.shell:create_environment_hook('ainex_neural_control', 'ament_prefix_path')
[0.255s] INFO:colcon.colcon_core.shell:Creating environment hook '/home/bilhr2025/Downloads/template_tB/ainex_bilhr_ws/install/ainex_neural_control/share/ainex_neural_control/hook/ament_prefix_path.ps1'
[0.256s] INFO:colcon.colcon_core.shell:Creating environment descriptor '/home/bilhr2025/Downloads/template_tB/ainex_bilhr_ws/install/ainex_neural_control/share/ainex_neural_control/hook/ament_prefix_path.dsv'
[0.256s] INFO:colcon.colcon_core.shell:Creating environment hook '/home/bilhr2025/Downloads/template_tB/ainex_bilhr_ws/install/ainex_neural_control/share/ainex_neural_control/hook/ament_prefix_path.sh'
[0.257s] INFO:colcon.colcon_core.shell:Skip shell extension 'powershell' for command environment: Not usable outside of PowerShell
[0.257s] DEBUG:colcon.colcon_core.shell:Skip shell extension 'dsv' for command environment
[0.260s] INFO:colcon.colcon_ros.task.ament_python.build:Building ROS package in '/home/bilhr2025/Downloads/template_tB/ainex_bilhr_ws/src/ainex_vision' with build type 'ament_python'
[0.260s] Level 1:colcon.colcon_core.shell:create_environment_hook('ainex_vision', 'ament_prefix_path')
[0.260s] INFO:colcon.colcon_core.shell:Creating environment hook '/home/bilhr2025/Downloads/template_tB/ainex_bilhr_ws/install/ainex_vision/share/ainex_vision/hook/ament_prefix_path.ps1'
[0.261s] INFO:colcon.colcon_core.shell:Creating environment descriptor '/home/bilhr2025/Downloads/template_tB/ainex_bilhr_ws/install/ainex_vision/share/ainex_vision/hook/ament_prefix_path.dsv'
[0.261s] INFO:colcon.colcon_core.shell:Creating environment hook '/home/bilhr2025/Downloads/template_tB/ainex_bilhr_ws/install/ainex_vision/share/ainex_vision/hook/ament_prefix_path.sh'
[0.262s] INFO:colcon.colcon_core.shell:Skip shell extension 'powershell' for command environment: Not usable outside of PowerShell
[0.262s] DEBUG:colcon.colcon_core.shell:Skip shell extension 'dsv' for command environment
[0.268s] DEBUG:colcon.colcon_core.event_handler.log_command:Invoking command in '/home/bilhr2025/Downloads/template_tB/ainex_bilhr_ws/build/servo_service': CMAKE_PREFIX_PATH=${CMAKE_PREFIX_PATH}:/opt/ros/jazzy DEBUGINFOD_URLS=https://debuginfod.ubuntu.com /usr/bin/cmake /home/bilhr2025/Downloads/template_tB/ainex_bilhr_ws/src/servo_service -DAMENT_CMAKE_SYMLINK_INSTALL=1 -DCMAKE_INSTALL_PREFIX=/home/bilhr2025/Downloads/template_tB/ainex_bilhr_ws/install/servo_service
[0.504s] INFO:colcon.colcon_core.task.python.build:Building Python package in '/home/bilhr2025/Downloads/template_tB/ainex_bilhr_ws/src/ainex_neural_control'
[0.504s] INFO:colcon.colcon_core.shell:Skip shell extension 'powershell' for command environment: Not usable outside of PowerShell
[0.504s] DEBUG:colcon.colcon_core.shell:Skip shell extension 'dsv' for command environment
[0.778s] INFO:colcon.colcon_core.task.python.build:Building Python package in '/home/bilhr2025/Downloads/template_tB/ainex_bilhr_ws/src/ainex_vision'
[0.778s] INFO:colcon.colcon_core.shell:Skip shell extension 'powershell' for command environment: Not usable outside of PowerShell
[0.778s] DEBUG:colcon.colcon_core.shell:Skip shell extension 'dsv' for command environment
[1.474s] DEBUG:colcon.colcon_core.task.python.build:While undoing a previous installation files outside the Python library path are being ignored: /home/bilhr2025/Downloads/template_tB/ainex_bilhr_ws/install/ainex_vision/share/ament_index/resource_index/packages/ainex_vision
[1.474s] DEBUG:colcon.colcon_core.task.python.build:While undoing a previous installation files outside the Python library path are being ignored: /home/bilhr2025/Downloads/template_tB/ainex_bilhr_ws/install/ainex_vision/share/ainex_vision/package.xml
[1.474s] DEBUG:colcon.colcon_core.task.python.build:While undoing a previous installation files outside the Python library path are being ignored: /home/bilhr2025/Downloads/template_tB/ainex_bilhr_ws/install/ainex_vision/lib/ainex_vision/camera_sub
[1.477s] DEBUG:colcon.colcon_core.event_handler.log_command:Invoking command in '/home/bilhr2025/Downloads/template_tB/ainex_bilhr_ws/build/ainex_vision': DEBUGINFOD_URLS=https://debuginfod.ubuntu.com PYTHONPATH=/home/bilhr2025/Downloads/template_tB/ainex_bilhr_ws/build/ainex_vision/prefix_override:/usr/lib/python3/dist-packages/colcon_core/task/python/colcon_distutils_commands:/home/bilhr2025/Downloads/template_tB/ainex_bilhr_ws/install/ainex_vision/lib/python3.12/site-packages:${PYTHONPATH} /usr/bin/python3 -W ignore:setup.py install is deprecated -W ignore:easy_install command is deprecated setup.py develop --editable --build-directory /home/bilhr2025/Downloads/template_tB/ainex_bilhr_ws/build/ainex_vision/build --no-deps symlink_data --force
[1.483s] DEBUG:colcon.colcon_core.task.python.build:While undoing a previous installation files outside the Python library path are being ignored: /home/bilhr2025/Downloads/template_tB/ainex_bilhr_ws/install/ainex_neural_control/share/ament_index/resource_index/packages/ainex_neural_control
[1.483s] DEBUG:colcon.colcon_core.task.python.build:While undoing a previous installation files outside the Python library path are being ignored: /home/bilhr2025/Downloads/template_tB/ainex_bilhr_ws/install/ainex_neural_control/share/ainex_neural_control/package.xml
[1.483s] DEBUG:colcon.colcon_core.task.python.build:While undoing a previous installation files outside the Python library path are being ignored: /home/bilhr2025/Downloads/template_tB/ainex_bilhr_ws/install/ainex_neural_control/lib/ainex_neural_control/manual_reward_node
[1.484s] DEBUG:colcon.colcon_core.task.python.build:While undoing a previous installation files outside the Python library path are being ignored: /home/bilhr2025/Downloads/template_tB/ainex_bilhr_ws/install/ainex_neural_control/lib/ainex_neural_control/rl_dt_penalty_node
[1.484s] DEBUG:colcon.colcon_core.task.python.build:While undoing a previous installation files outside the Python library path are being ignored: /home/bilhr2025/Downloads/template_tB/ainex_bilhr_ws/install/ainex_neural_control/lib/ainex_neural_control/robot_cmac_controller
[1.484s] DEBUG:colcon.colcon_core.task.python.build:While undoing a previous installation files outside the Python library path are being ignored: /home/bilhr2025/Downloads/template_tB/ainex_bilhr_ws/install/ainex_neural_control/lib/ainex_neural_control/robot_neural_controller
[1.486s] DEBUG:colcon.colcon_core.event_handler.log_command:Invoking command in '/home/bilhr2025/Downloads/template_tB/ainex_bilhr_ws/build/ainex_neural_control': DEBUGINFOD_URLS=https://debuginfod.ubuntu.com PYTHONPATH=/home/bilhr2025/Downloads/template_tB/ainex_bilhr_ws/build/ainex_neural_control/prefix_override:/usr/lib/python3/dist-packages/colcon_core/task/python/colcon_distutils_commands:/home/bilhr2025/Downloads/template_tB/ainex_bilhr_ws/install/ainex_neural_control/lib/python3.12/site-packages:${PYTHONPATH} /usr/bin/python3 -W ignore:setup.py install is deprecated -W ignore:easy_install command is deprecated setup.py develop --editable --build-directory /home/bilhr2025/Downloads/template_tB/ainex_bilhr_ws/build/ainex_neural_control/build --no-deps symlink_data --force
[1.904s] DEBUG:colcon.colcon_core.event_handler.log_command:Invoked command in '/home/bilhr2025/Downloads/template_tB/ainex_bilhr_ws/build/servo_service' returned '0': CMAKE_PREFIX_PATH=${CMAKE_PREFIX_PATH}:/opt/ros/jazzy DEBUGINFOD_URLS=https://debuginfod.ubuntu.com /usr/bin/cmake /home/bilhr2025/Downloads/template_tB/ainex_bilhr_ws/src/servo_service -DAMENT_CMAKE_SYMLINK_INSTALL=1 -DCMAKE_INSTALL_PREFIX=/home/bilhr2025/Downloads/template_tB/ainex_bilhr_ws/install/servo_service
[1.907s] DEBUG:colcon.colcon_core.event_handler.log_command:Invoking command in '/home/bilhr2025/Downloads/template_tB/ainex_bilhr_ws/build/servo_service': CMAKE_PREFIX_PATH=${CMAKE_PREFIX_PATH}:/opt/ros/jazzy DEBUGINFOD_URLS=https://debuginfod.ubuntu.com /usr/bin/cmake --build /home/bilhr2025/Downloads/template_tB/ainex_bilhr_ws/build/servo_service -- -j8 -l8
[2.489s] Level 1:colcon.colcon_core.shell:create_environment_hook('ainex_vision', 'pythonpath_develop')
[2.489s] INFO:colcon.colcon_core.shell:Creating environment hook '/home/bilhr2025/Downloads/template_tB/ainex_bilhr_ws/build/ainex_vision/share/ainex_vision/hook/pythonpath_develop.ps1'
[2.490s] DEBUG:colcon.colcon_core.event_handler.log_command:Invoked command in '/home/bilhr2025/Downloads/template_tB/ainex_bilhr_ws/build/ainex_vision' returned '0': DEBUGINFOD_URLS=https://debuginfod.ubuntu.com PYTHONPATH=/home/bilhr2025/Downloads/template_tB/ainex_bilhr_ws/build/ainex_vision/prefix_override:/usr/lib/python3/dist-packages/colcon_core/task/python/colcon_distutils_commands:/home/bilhr2025/Downloads/template_tB/ainex_bilhr_ws/install/ainex_vision/lib/python3.12/site-packages:${PYTHONPATH} /usr/bin/python3 -W ignore:setup.py install is deprecated -W ignore:easy_install command is deprecated setup.py develop --editable --build-directory /home/bilhr2025/Downloads/template_tB/ainex_bilhr_ws/build/ainex_vision/build --no-deps symlink_data --force
[2.490s] INFO:colcon.colcon_core.shell:Creating environment descriptor '/home/bilhr2025/Downloads/template_tB/ainex_bilhr_ws/build/ainex_vision/share/ainex_vision/hook/pythonpath_develop.dsv'
[2.491s] INFO:colcon.colcon_core.shell:Creating environment hook '/home/bilhr2025/Downloads/template_tB/ainex_bilhr_ws/build/ainex_vision/share/ainex_vision/hook/pythonpath_develop.sh'
[2.493s] Level 1:colcon.colcon_core.environment:checking '/home/bilhr2025/Downloads/template_tB/ainex_bilhr_ws/install/ainex_vision' for CMake module files
[2.494s] Level 1:colcon.colcon_core.environment:checking '/home/bilhr2025/Downloads/template_tB/ainex_bilhr_ws/install/ainex_vision' for CMake config files
[2.495s] Level 1:colcon.colcon_core.environment:checking '/home/bilhr2025/Downloads/template_tB/ainex_bilhr_ws/install/ainex_vision/lib'
[2.495s] Level 1:colcon.colcon_core.environment:checking '/home/bilhr2025/Downloads/template_tB/ainex_bilhr_ws/install/ainex_vision/bin'
[2.495s] Level 1:colcon.colcon_core.environment:checking '/home/bilhr2025/Downloads/template_tB/ainex_bilhr_ws/install/ainex_vision/lib/pkgconfig/ainex_vision.pc'
[2.495s] Level 1:colcon.colcon_core.environment:checking '/home/bilhr2025/Downloads/template_tB/ainex_bilhr_ws/install/ainex_vision/lib/python3.12/site-packages'
[2.495s] Level 1:colcon.colcon_core.shell:create_environment_hook('ainex_vision', 'pythonpath')
[2.496s] INFO:colcon.colcon_core.shell:Creating environment hook '/home/bilhr2025/Downloads/template_tB/ainex_bilhr_ws/install/ainex_vision/share/ainex_vision/hook/pythonpath.ps1'
[2.496s] INFO:colcon.colcon_core.shell:Creating environment descriptor '/home/bilhr2025/Downloads/template_tB/ainex_bilhr_ws/install/ainex_vision/share/ainex_vision/hook/pythonpath.dsv'
[2.497s] INFO:colcon.colcon_core.shell:Creating environment hook '/home/bilhr2025/Downloads/template_tB/ainex_bilhr_ws/install/ainex_vision/share/ainex_vision/hook/pythonpath.sh'
[2.497s] Level 1:colcon.colcon_core.environment:checking '/home/bilhr2025/Downloads/template_tB/ainex_bilhr_ws/install/ainex_vision/bin'
[2.497s] Level 1:colcon.colcon_core.environment:create_environment_scripts_only(ainex_vision)
[2.498s] INFO:colcon.colcon_core.shell:Creating package script '/home/bilhr2025/Downloads/template_tB/ainex_bilhr_ws/install/ainex_vision/share/ainex_vision/package.ps1'
[2.498s] INFO:colcon.colcon_core.shell:Creating package descriptor '/home/bilhr2025/Downloads/template_tB/ainex_bilhr_ws/install/ainex_vision/share/ainex_vision/package.dsv'
[2.499s] INFO:colcon.colcon_core.shell:Creating package script '/home/bilhr2025/Downloads/template_tB/ainex_bilhr_ws/install/ainex_vision/share/ainex_vision/package.sh'
[2.500s] INFO:colcon.colcon_core.shell:Creating package script '/home/bilhr2025/Downloads/template_tB/ainex_bilhr_ws/install/ainex_vision/share/ainex_vision/package.bash'
[2.501s] INFO:colcon.colcon_core.shell:Creating package script '/home/bilhr2025/Downloads/template_tB/ainex_bilhr_ws/install/ainex_vision/share/ainex_vision/package.zsh'
[2.502s] Level 1:colcon.colcon_core.environment:create_file_with_runtime_dependencies(/home/bilhr2025/Downloads/template_tB/ainex_bilhr_ws/install/ainex_vision/share/colcon-core/packages/ainex_vision)
[2.531s] Level 1:colcon.colcon_core.shell:create_environment_hook('ainex_neural_control', 'pythonpath_develop')
[2.531s] INFO:colcon.colcon_core.shell:Creating environment hook '/home/bilhr2025/Downloads/template_tB/ainex_bilhr_ws/build/ainex_neural_control/share/ainex_neural_control/hook/pythonpath_develop.ps1'
[2.532s] DEBUG:colcon.colcon_core.event_handler.log_command:Invoked command in '/home/bilhr2025/Downloads/template_tB/ainex_bilhr_ws/build/ainex_neural_control' returned '0': DEBUGINFOD_URLS=https://debuginfod.ubuntu.com PYTHONPATH=/home/bilhr2025/Downloads/template_tB/ainex_bilhr_ws/build/ainex_neural_control/prefix_override:/usr/lib/python3/dist-packages/colcon_core/task/python/colcon_distutils_commands:/home/bilhr2025/Downloads/template_tB/ainex_bilhr_ws/install/ainex_neural_control/lib/python3.12/site-packages:${PYTHONPATH} /usr/bin/python3 -W ignore:setup.py install is deprecated -W ignore:easy_install command is deprecated setup.py develop --editable --build-directory /home/bilhr2025/Downloads/template_tB/ainex_bilhr_ws/build/ainex_neural_control/build --no-deps symlink_data --force
[2.532s] INFO:colcon.colcon_core.shell:Creating environment descriptor '/home/bilhr2025/Downloads/template_tB/ainex_bilhr_ws/build/ainex_neural_control/share/ainex_neural_control/hook/pythonpath_develop.dsv'
[2.533s] INFO:colcon.colcon_core.shell:Creating environment hook '/home/bilhr2025/Downloads/template_tB/ainex_bilhr_ws/build/ainex_neural_control/share/ainex_neural_control/hook/pythonpath_develop.sh'
[2.533s] Level 1:colcon.colcon_core.environment:checking '/home/bilhr2025/Downloads/template_tB/ainex_bilhr_ws/install/ainex_neural_control' for CMake module files
[2.534s] Level 1:colcon.colcon_core.environment:checking '/home/bilhr2025/Downloads/template_tB/ainex_bilhr_ws/install/ainex_neural_control' for CMake config files
[2.534s] Level 1:colcon.colcon_core.environment:checking '/home/bilhr2025/Downloads/template_tB/ainex_bilhr_ws/install/ainex_neural_control/lib'
[2.534s] Level 1:colcon.colcon_core.environment:checking '/home/bilhr2025/Downloads/template_tB/ainex_bilhr_ws/install/ainex_neural_control/bin'
[2.534s] Level 1:colcon.colcon_core.environment:checking '/home/bilhr2025/Downloads/template_tB/ainex_bilhr_ws/install/ainex_neural_control/lib/pkgconfig/ainex_neural_control.pc'
[2.535s] Level 1:colcon.colcon_core.environment:checking '/home/bilhr2025/Downloads/template_tB/ainex_bilhr_ws/install/ainex_neural_control/lib/python3.12/site-packages'
[2.535s] Level 1:colcon.colcon_core.shell:create_environment_hook('ainex_neural_control', 'pythonpath')
[2.535s] INFO:colcon.colcon_core.shell:Creating environment hook '/home/bilhr2025/Downloads/template_tB/ainex_bilhr_ws/install/ainex_neural_control/share/ainex_neural_control/hook/pythonpath.ps1'
[2.536s] INFO:colcon.colcon_core.shell:Creating environment descriptor '/home/bilhr2025/Downloads/template_tB/ainex_bilhr_ws/install/ainex_neural_control/share/ainex_neural_control/hook/pythonpath.dsv'
[2.536s] INFO:colcon.colcon_core.shell:Creating environment hook '/home/bilhr2025/Downloads/template_tB/ainex_bilhr_ws/install/ainex_neural_control/share/ainex_neural_control/hook/pythonpath.sh'
[2.537s] Level 1:colcon.colcon_core.environment:checking '/home/bilhr2025/Downloads/template_tB/ainex_bilhr_ws/install/ainex_neural_control/bin'
[2.537s] Level 1:colcon.colcon_core.environment:create_environment_scripts_only(ainex_neural_control)
[2.538s] INFO:colcon.colcon_core.shell:Creating package script '/home/bilhr2025/Downloads/template_tB/ainex_bilhr_ws/install/ainex_neural_control/share/ainex_neural_control/package.ps1'
[2.539s] INFO:colcon.colcon_core.shell:Creating package descriptor '/home/bilhr2025/Downloads/template_tB/ainex_bilhr_ws/install/ainex_neural_control/share/ainex_neural_control/package.dsv'
[2.539s] INFO:colcon.colcon_core.shell:Creating package script '/home/bilhr2025/Downloads/template_tB/ainex_bilhr_ws/install/ainex_neural_control/share/ainex_neural_control/package.sh'
[2.540s] INFO:colcon.colcon_core.shell:Creating package script '/home/bilhr2025/Downloads/template_tB/ainex_bilhr_ws/install/ainex_neural_control/share/ainex_neural_control/package.bash'
[2.541s] INFO:colcon.colcon_core.shell:Creating package script '/home/bilhr2025/Downloads/template_tB/ainex_bilhr_ws/install/ainex_neural_control/share/ainex_neural_control/package.zsh'
[2.541s] Level 1:colcon.colcon_core.environment:create_file_with_runtime_dependencies(/home/bilhr2025/Downloads/template_tB/ainex_bilhr_ws/install/ainex_neural_control/share/colcon-core/packages/ainex_neural_control)
[2.587s] DEBUG:colcon.colcon_core.event_handler.log_command:Invoked command in '/home/bilhr2025/Downloads/template_tB/ainex_bilhr_ws/build/servo_service' returned '0': CMAKE_PREFIX_PATH=${CMAKE_PREFIX_PATH}:/opt/ros/jazzy DEBUGINFOD_URLS=https://debuginfod.ubuntu.com /usr/bin/cmake --build /home/bilhr2025/Downloads/template_tB/ainex_bilhr_ws/build/servo_service -- -j8 -l8
[2.602s] DEBUG:colcon.colcon_core.event_handler.log_command:Invoking command in '/home/bilhr2025/Downloads/template_tB/ainex_bilhr_ws/build/servo_service': CMAKE_PREFIX_PATH=${CMAKE_PREFIX_PATH}:/opt/ros/jazzy DEBUGINFOD_URLS=https://debuginfod.ubuntu.com /usr/bin/cmake --install /home/bilhr2025/Downloads/template_tB/ainex_bilhr_ws/build/servo_service
[2.780s] Level 1:colcon.colcon_core.environment:create_environment_scripts_only(servo_service)
[2.781s] DEBUG:colcon.colcon_core.event_handler.log_command:Invoked command in '/home/bilhr2025/Downloads/template_tB/ainex_bilhr_ws/build/servo_service' returned '0': CMAKE_PREFIX_PATH=${CMAKE_PREFIX_PATH}:/opt/ros/jazzy DEBUGINFOD_URLS=https://debuginfod.ubuntu.com /usr/bin/cmake --install /home/bilhr2025/Downloads/template_tB/ainex_bilhr_ws/build/servo_service
[2.781s] Level 1:colcon.colcon_core.environment:checking '/home/bilhr2025/Downloads/template_tB/ainex_bilhr_ws/install/servo_service' for CMake module files
[2.782s] Level 1:colcon.colcon_core.environment:checking '/home/bilhr2025/Downloads/template_tB/ainex_bilhr_ws/install/servo_service' for CMake config files
[2.783s] Level 1:colcon.colcon_core.shell:create_environment_hook('servo_service', 'cmake_prefix_path')
[2.783s] INFO:colcon.colcon_core.shell:Creating environment hook '/home/bilhr2025/Downloads/template_tB/ainex_bilhr_ws/install/servo_service/share/servo_service/hook/cmake_prefix_path.ps1'
[2.783s] INFO:colcon.colcon_core.shell:Creating environment descriptor '/home/bilhr2025/Downloads/template_tB/ainex_bilhr_ws/install/servo_service/share/servo_service/hook/cmake_prefix_path.dsv'
[2.784s] INFO:colcon.colcon_core.shell:Creating environment hook '/home/bilhr2025/Downloads/template_tB/ainex_bilhr_ws/install/servo_service/share/servo_service/hook/cmake_prefix_path.sh'
[2.784s] Level 1:colcon.colcon_core.environment:checking '/home/bilhr2025/Downloads/template_tB/ainex_bilhr_ws/install/servo_service/lib'
[2.784s] Level 1:colcon.colcon_core.shell:create_environment_hook('servo_service', 'ld_library_path_lib')
[2.785s] INFO:colcon.colcon_core.shell:Creating environment hook '/home/bilhr2025/Downloads/template_tB/ainex_bilhr_ws/install/servo_service/share/servo_service/hook/ld_library_path_lib.ps1'
[2.785s] INFO:colcon.colcon_core.shell:Creating environment descriptor '/home/bilhr2025/Downloads/template_tB/ainex_bilhr_ws/install/servo_service/share/servo_service/hook/ld_library_path_lib.dsv'
[2.785s] INFO:colcon.colcon_core.shell:Creating environment hook '/home/bilhr2025/Downloads/template_tB/ainex_bilhr_ws/install/servo_service/share/servo_service/hook/ld_library_path_lib.sh'
[2.786s] Level 1:colcon.colcon_core.environment:checking '/home/bilhr2025/Downloads/template_tB/ainex_bilhr_ws/install/servo_service/bin'
[2.786s] Level 1:colcon.colcon_core.environment:checking '/home/bilhr2025/Downloads/template_tB/ainex_bilhr_ws/install/servo_service/lib/pkgconfig/servo_service.pc'
[2.786s] Level 1:colcon.colcon_core.environment:checking '/home/bilhr2025/Downloads/template_tB/ainex_bilhr_ws/install/servo_service/lib/python3.12/site-packages'
[2.786s] Level 1:colcon.colcon_core.shell:create_environment_hook('servo_service', 'pythonpath')
[2.786s] INFO:colcon.colcon_core.shell:Creating environment hook '/home/bilhr2025/Downloads/template_tB/ainex_bilhr_ws/install/servo_service/share/servo_service/hook/pythonpath.ps1'
[2.787s] INFO:colcon.colcon_core.shell:Creating environment descriptor '/home/bilhr2025/Downloads/template_tB/ainex_bilhr_ws/install/servo_service/share/servo_service/hook/pythonpath.dsv'
[2.787s] INFO:colcon.colcon_core.shell:Creating environment hook '/home/bilhr2025/Downloads/template_tB/ainex_bilhr_ws/install/servo_service/share/servo_service/hook/pythonpath.sh'
[2.787s] Level 1:colcon.colcon_core.environment:checking '/home/bilhr2025/Downloads/template_tB/ainex_bilhr_ws/install/servo_service/bin'
[2.788s] INFO:colcon.colcon_core.shell:Creating package script '/home/bilhr2025/Downloads/template_tB/ainex_bilhr_ws/install/servo_service/share/servo_service/package.ps1'
[2.788s] INFO:colcon.colcon_core.shell:Creating package descriptor '/home/bilhr2025/Downloads/template_tB/ainex_bilhr_ws/install/servo_service/share/servo_service/package.dsv'
[2.789s] INFO:colcon.colcon_core.shell:Creating package script '/home/bilhr2025/Downloads/template_tB/ainex_bilhr_ws/install/servo_service/share/servo_service/package.sh'
[2.789s] INFO:colcon.colcon_core.shell:Creating package script '/home/bilhr2025/Downloads/template_tB/ainex_bilhr_ws/install/servo_service/share/servo_service/package.bash'
[2.789s] INFO:colcon.colcon_core.shell:Creating package script '/home/bilhr2025/Downloads/template_tB/ainex_bilhr_ws/install/servo_service/share/servo_service/package.zsh'
[2.790s] Level 1:colcon.colcon_core.environment:create_file_with_runtime_dependencies(/home/bilhr2025/Downloads/template_tB/ainex_bilhr_ws/install/servo_service/share/colcon-core/packages/servo_service)
[2.790s] Level 1:colcon.colcon_core.environment:create_environment_scripts_only(servo_service)
[2.790s] Level 1:colcon.colcon_core.environment:checking '/home/bilhr2025/Downloads/template_tB/ainex_bilhr_ws/install/servo_service' for CMake module files
[2.791s] Level 1:colcon.colcon_core.environment:checking '/home/bilhr2025/Downloads/template_tB/ainex_bilhr_ws/install/servo_service' for CMake config files
[2.792s] Level 1:colcon.colcon_core.shell:create_environment_hook('servo_service', 'cmake_prefix_path')
[2.792s] INFO:colcon.colcon_core.shell:Creating environment hook '/home/bilhr2025/Downloads/template_tB/ainex_bilhr_ws/install/servo_service/share/servo_service/hook/cmake_prefix_path.ps1'
[2.792s] INFO:colcon.colcon_core.shell:Creating environment descriptor '/home/bilhr2025/Downloads/template_tB/ainex_bilhr_ws/install/servo_service/share/servo_service/hook/cmake_prefix_path.dsv'
[2.793s] INFO:colcon.colcon_core.shell:Creating environment hook '/home/bilhr2025/Downloads/template_tB/ainex_bilhr_ws/install/servo_service/share/servo_service/hook/cmake_prefix_path.sh'
[2.793s] Level 1:colcon.colcon_core.environment:checking '/home/bilhr2025/Downloads/template_tB/ainex_bilhr_ws/install/servo_service/lib'
[2.793s] Level 1:colcon.colcon_core.shell:create_environment_hook('servo_service', 'ld_library_path_lib')
[2.794s] INFO:colcon.colcon_core.shell:Creating environment hook '/home/bilhr2025/Downloads/template_tB/ainex_bilhr_ws/install/servo_service/share/servo_service/hook/ld_library_path_lib.ps1'
[2.794s] INFO:colcon.colcon_core.shell:Creating environment descriptor '/home/bilhr2025/Downloads/template_tB/ainex_bilhr_ws/install/servo_service/share/servo_service/hook/ld_library_path_lib.dsv'
[2.794s] INFO:colcon.colcon_core.shell:Creating environment hook '/home/bilhr2025/Downloads/template_tB/ainex_bilhr_ws/install/servo_service/share/servo_service/hook/ld_library_path_lib.sh'
[2.795s] Level 1:colcon.colcon_core.environment:checking '/home/bilhr2025/Downloads/template_tB/ainex_bilhr_ws/install/servo_service/bin'
[2.795s] Level 1:colcon.colcon_core.environment:checking '/home/bilhr2025/Downloads/template_tB/ainex_bilhr_ws/install/servo_service/lib/pkgconfig/servo_service.pc'
[2.795s] Level 1:colcon.colcon_core.environment:checking '/home/bilhr2025/Downloads/template_tB/ainex_bilhr_ws/install/servo_service/lib/python3.12/site-packages'
[2.795s] Level 1:colcon.colcon_core.shell:create_environment_hook('servo_service', 'pythonpath')
[2.795s] INFO:colcon.colcon_core.shell:Creating environment hook '/home/bilhr2025/Downloads/template_tB/ainex_bilhr_ws/install/servo_service/share/servo_service/hook/pythonpath.ps1'
[2.796s] INFO:colcon.colcon_core.shell:Creating environment descriptor '/home/bilhr2025/Downloads/template_tB/ainex_bilhr_ws/install/servo_service/share/servo_service/hook/pythonpath.dsv'
[2.796s] INFO:colcon.colcon_core.shell:Creating environment hook '/home/bilhr2025/Downloads/template_tB/ainex_bilhr_ws/install/servo_service/share/servo_service/hook/pythonpath.sh'
[2.796s] Level 1:colcon.colcon_core.environment:checking '/home/bilhr2025/Downloads/template_tB/ainex_bilhr_ws/install/servo_service/bin'
[2.797s] INFO:colcon.colcon_core.shell:Creating package script '/home/bilhr2025/Downloads/template_tB/ainex_bilhr_ws/install/servo_service/share/servo_service/package.ps1'
[2.797s] INFO:colcon.colcon_core.shell:Creating package descriptor '/home/bilhr2025/Downloads/template_tB/ainex_bilhr_ws/install/servo_service/share/servo_service/package.dsv'
[2.798s] INFO:colcon.colcon_core.shell:Creating package script '/home/bilhr2025/Downloads/template_tB/ainex_bilhr_ws/install/servo_service/share/servo_service/package.sh'
[2.798s] INFO:colcon.colcon_core.shell:Creating package script '/home/bilhr2025/Downloads/template_tB/ainex_bilhr_ws/install/servo_service/share/servo_service/package.bash'
[2.799s] INFO:colcon.colcon_core.shell:Creating package script '/home/bilhr2025/Downloads/template_tB/ainex_bilhr_ws/install/servo_service/share/servo_service/package.zsh'
[2.799s] Level 1:colcon.colcon_core.environment:create_file_with_runtime_dependencies(/home/bilhr2025/Downloads/template_tB/ainex_bilhr_ws/install/servo_service/share/colcon-core/packages/servo_service)
[2.799s] INFO:colcon.colcon_ros.task.ament_python.build:Building ROS package in '/home/bilhr2025/Downloads/template_tB/ainex_bilhr_ws/src/ainex_motion' with build type 'ament_python'
[2.799s] Level 1:colcon.colcon_core.shell:create_environment_hook('ainex_motion', 'ament_prefix_path')
[2.800s] INFO:colcon.colcon_core.shell:Creating environment hook '/home/bilhr2025/Downloads/template_tB/ainex_bilhr_ws/install/ainex_motion/share/ainex_motion/hook/ament_prefix_path.ps1'
[2.801s] INFO:colcon.colcon_core.shell:Creating environment descriptor '/home/bilhr2025/Downloads/template_tB/ainex_bilhr_ws/install/ainex_motion/share/ainex_motion/hook/ament_prefix_path.dsv'
[2.801s] INFO:colcon.colcon_core.shell:Creating environment hook '/home/bilhr2025/Downloads/template_tB/ainex_bilhr_ws/install/ainex_motion/share/ainex_motion/hook/ament_prefix_path.sh'
[2.802s] INFO:colcon.colcon_core.shell:Skip shell extension 'powershell' for command environment: Not usable outside of PowerShell
[2.802s] DEBUG:colcon.colcon_core.shell:Skip shell extension 'dsv' for command environment
[3.096s] INFO:colcon.colcon_core.task.python.build:Building Python package in '/home/bilhr2025/Downloads/template_tB/ainex_bilhr_ws/src/ainex_motion'
[3.097s] INFO:colcon.colcon_core.shell:Skip shell extension 'powershell' for command environment: Not usable outside of PowerShell
[3.097s] DEBUG:colcon.colcon_core.shell:Skip shell extension 'dsv' for command environment
[3.902s] DEBUG:colcon.colcon_core.task.python.build:While undoing a previous installation files outside the Python library path are being ignored: /home/bilhr2025/Downloads/template_tB/ainex_bilhr_ws/install/ainex_motion/share/ament_index/resource_index/packages/ainex_motion
[3.902s] DEBUG:colcon.colcon_core.task.python.build:While undoing a previous installation files outside the Python library path are being ignored: /home/bilhr2025/Downloads/template_tB/ainex_bilhr_ws/install/ainex_motion/share/ainex_motion/package.xml
[3.902s] DEBUG:colcon.colcon_core.task.python.build:While undoing a previous installation files outside the Python library path are being ignored: /home/bilhr2025/Downloads/template_tB/ainex_bilhr_ws/install/ainex_motion/lib/ainex_motion/ainex_motion_node
[3.902s] DEBUG:colcon.colcon_core.task.python.build:While undoing a previous installation files outside the Python library path are being ignored: /home/bilhr2025/Downloads/template_tB/ainex_bilhr_ws/install/ainex_motion/lib/ainex_motion/joint_controller
[3.902s] DEBUG:colcon.colcon_core.task.python.build:While undoing a previous installation files outside the Python library path are being ignored: /home/bilhr2025/Downloads/template_tB/ainex_bilhr_ws/install/ainex_motion/lib/ainex_motion/joint_visualization_node
[3.902s] DEBUG:colcon.colcon_core.task.python.build:While undoing a previous installation files outside the Python library path are being ignored: /home/bilhr2025/Downloads/template_tB/ainex_bilhr_ws/install/ainex_motion/lib/ainex_motion/keyboard_input_node
[3.904s] DEBUG:colcon.colcon_core.event_handler.log_command:Invoking command in '/home/bilhr2025/Downloads/template_tB/ainex_bilhr_ws/build/ainex_motion': AMENT_PREFIX_PATH=/home/bilhr2025/Downloads/template_tB/ainex_bilhr_ws/install/servo_service:${AMENT_PREFIX_PATH} CMAKE_PREFIX_PATH=/home/bilhr2025/Downloads/template_tB/ainex_bilhr_ws/install/servo_service:${CMAKE_PREFIX_PATH} DEBUGINFOD_URLS=https://debuginfod.ubuntu.com LD_LIBRARY_PATH=/home/bilhr2025/Downloads/template_tB/ainex_bilhr_ws/install/servo_service/lib:${LD_LIBRARY_PATH} PYTHONPATH=/home/bilhr2025/Downloads/template_tB/ainex_bilhr_ws/build/ainex_motion/prefix_override:/usr/lib/python3/dist-packages/colcon_core/task/python/colcon_distutils_commands:/home/bilhr2025/Downloads/template_tB/ainex_bilhr_ws/install/ainex_motion/lib/python3.12/site-packages:/home/bilhr2025/Downloads/template_tB/ainex_bilhr_ws/install/servo_service/lib/python3.12/site-packages:${PYTHONPATH} /usr/bin/python3 -W ignore:setup.py install is deprecated -W ignore:easy_install command is deprecated setup.py develop --editable --build-directory /home/bilhr2025/Downloads/template_tB/ainex_bilhr_ws/build/ainex_motion/build --no-deps symlink_data --force
[4.773s] Level 1:colcon.colcon_core.shell:create_environment_hook('ainex_motion', 'pythonpath_develop')
[4.773s] INFO:colcon.colcon_core.shell:Creating environment hook '/home/bilhr2025/Downloads/template_tB/ainex_bilhr_ws/build/ainex_motion/share/ainex_motion/hook/pythonpath_develop.ps1'
[4.774s] DEBUG:colcon.colcon_core.event_handler.log_command:Invoked command in '/home/bilhr2025/Downloads/template_tB/ainex_bilhr_ws/build/ainex_motion' returned '0': AMENT_PREFIX_PATH=/home/bilhr2025/Downloads/template_tB/ainex_bilhr_ws/install/servo_service:${AMENT_PREFIX_PATH} CMAKE_PREFIX_PATH=/home/bilhr2025/Downloads/template_tB/ainex_bilhr_ws/install/servo_service:${CMAKE_PREFIX_PATH} DEBUGINFOD_URLS=https://debuginfod.ubuntu.com LD_LIBRARY_PATH=/home/bilhr2025/Downloads/template_tB/ainex_bilhr_ws/install/servo_service/lib:${LD_LIBRARY_PATH} PYTHONPATH=/home/bilhr2025/Downloads/template_tB/ainex_bilhr_ws/build/ainex_motion/prefix_override:/usr/lib/python3/dist-packages/colcon_core/task/python/colcon_distutils_commands:/home/bilhr2025/Downloads/template_tB/ainex_bilhr_ws/install/ainex_motion/lib/python3.12/site-packages:/home/bilhr2025/Downloads/template_tB/ainex_bilhr_ws/install/servo_service/lib/python3.12/site-packages:${PYTHONPATH} /usr/bin/python3 -W ignore:setup.py install is deprecated -W ignore:easy_install command is deprecated setup.py develop --editable --build-directory /home/bilhr2025/Downloads/template_tB/ainex_bilhr_ws/build/ainex_motion/build --no-deps symlink_data --force
[4.774s] INFO:colcon.colcon_core.shell:Creating environment descriptor '/home/bilhr2025/Downloads/template_tB/ainex_bilhr_ws/build/ainex_motion/share/ainex_motion/hook/pythonpath_develop.dsv'
[4.775s] INFO:colcon.colcon_core.shell:Creating environment hook '/home/bilhr2025/Downloads/template_tB/ainex_bilhr_ws/build/ainex_motion/share/ainex_motion/hook/pythonpath_develop.sh'
[4.775s] Level 1:colcon.colcon_core.environment:checking '/home/bilhr2025/Downloads/template_tB/ainex_bilhr_ws/install/ainex_motion' for CMake module files
[4.776s] Level 1:colcon.colcon_core.environment:checking '/home/bilhr2025/Downloads/template_tB/ainex_bilhr_ws/install/ainex_motion' for CMake config files
[4.777s] Level 1:colcon.colcon_core.environment:checking '/home/bilhr2025/Downloads/template_tB/ainex_bilhr_ws/install/ainex_motion/lib'
[4.777s] Level 1:colcon.colcon_core.environment:checking '/home/bilhr2025/Downloads/template_tB/ainex_bilhr_ws/install/ainex_motion/bin'
[4.777s] Level 1:colcon.colcon_core.environment:checking '/home/bilhr2025/Downloads/template_tB/ainex_bilhr_ws/install/ainex_motion/lib/pkgconfig/ainex_motion.pc'
[4.777s] Level 1:colcon.colcon_core.environment:checking '/home/bilhr2025/Downloads/template_tB/ainex_bilhr_ws/install/ainex_motion/lib/python3.12/site-packages'
[4.777s] Level 1:colcon.colcon_core.shell:create_environment_hook('ainex_motion', 'pythonpath')
[4.778s] INFO:colcon.colcon_core.shell:Creating environment hook '/home/bilhr2025/Downloads/template_tB/ainex_bilhr_ws/install/ainex_motion/share/ainex_motion/hook/pythonpath.ps1'
[4.778s] INFO:colcon.colcon_core.shell:Creating environment descriptor '/home/bilhr2025/Downloads/template_tB/ainex_bilhr_ws/install/ainex_motion/share/ainex_motion/hook/pythonpath.dsv'
[4.779s] INFO:colcon.colcon_core.shell:Creating environment hook '/home/bilhr2025/Downloads/template_tB/ainex_bilhr_ws/install/ainex_motion/share/ainex_motion/hook/pythonpath.sh'
[4.779s] Level 1:colcon.colcon_core.environment:checking '/home/bilhr2025/Downloads/template_tB/ainex_bilhr_ws/install/ainex_motion/bin'
[4.779s] Level 1:colcon.colcon_core.environment:create_environment_scripts_only(ainex_motion)
[4.780s] INFO:colcon.colcon_core.shell:Creating package script '/home/bilhr2025/Downloads/template_tB/ainex_bilhr_ws/install/ainex_motion/share/ainex_motion/package.ps1'
[4.780s] INFO:colcon.colcon_core.shell:Creating package descriptor '/home/bilhr2025/Downloads/template_tB/ainex_bilhr_ws/install/ainex_motion/share/ainex_motion/package.dsv'
[4.781s] INFO:colcon.colcon_core.shell:Creating package script '/home/bilhr2025/Downloads/template_tB/ainex_bilhr_ws/install/ainex_motion/share/ainex_motion/package.sh'
[4.782s] INFO:colcon.colcon_core.shell:Creating package script '/home/bilhr2025/Downloads/template_tB/ainex_bilhr_ws/install/ainex_motion/share/ainex_motion/package.bash'
[4.782s] INFO:colcon.colcon_core.shell:Creating package script '/home/bilhr2025/Downloads/template_tB/ainex_bilhr_ws/install/ainex_motion/share/ainex_motion/package.zsh'
[4.783s] Level 1:colcon.colcon_core.environment:create_file_with_runtime_dependencies(/home/bilhr2025/Downloads/template_tB/ainex_bilhr_ws/install/ainex_motion/share/colcon-core/packages/ainex_motion)
[4.783s] DEBUG:colcon.colcon_parallel_executor.executor.parallel:closing loop
[4.784s] DEBUG:colcon.colcon_parallel_executor.executor.parallel:loop closed
[4.784s] DEBUG:colcon.colcon_parallel_executor.executor.parallel:run_until_complete finished with '0'
[4.784s] DEBUG:colcon.colcon_core.event_reactor:joining thread
[4.791s] INFO:colcon.colcon_core.plugin_system:Skipping extension 'colcon_notification.desktop_notification.terminal_notifier': Not used on non-Darwin systems
[4.791s] INFO:colcon.colcon_core.plugin_system:Skipping extension 'colcon_notification.desktop_notification.win32': Not used on non-Windows systems
[4.791s] INFO:colcon.colcon_notification.desktop_notification:Sending desktop notification using 'notify2'
[4.810s] DEBUG:colcon.colcon_core.event_reactor:joined thread
[4.810s] INFO:colcon.colcon_core.shell:Creating prefix script '/home/bilhr2025/Downloads/template_tB/ainex_bilhr_ws/install/local_setup.ps1'
[4.812s] INFO:colcon.colcon_core.shell:Creating prefix util module '/home/bilhr2025/Downloads/template_tB/ainex_bilhr_ws/install/_local_setup_util_ps1.py'
[4.813s] INFO:colcon.colcon_core.shell:Creating prefix chain script '/home/bilhr2025/Downloads/template_tB/ainex_bilhr_ws/install/setup.ps1'
[4.814s] INFO:colcon.colcon_core.shell:Creating prefix script '/home/bilhr2025/Downloads/template_tB/ainex_bilhr_ws/install/local_setup.sh'
[4.815s] INFO:colcon.colcon_core.shell:Creating prefix util module '/home/bilhr2025/Downloads/template_tB/ainex_bilhr_ws/install/_local_setup_util_sh.py'
[4.816s] INFO:colcon.colcon_core.shell:Creating prefix chain script '/home/bilhr2025/Downloads/template_tB/ainex_bilhr_ws/install/setup.sh'
[4.817s] INFO:colcon.colcon_core.shell:Creating prefix script '/home/bilhr2025/Downloads/template_tB/ainex_bilhr_ws/install/local_setup.bash'
[4.817s] INFO:colcon.colcon_core.shell:Creating prefix chain script '/home/bilhr2025/Downloads/template_tB/ainex_bilhr_ws/install/setup.bash'
[4.819s] INFO:colcon.colcon_core.shell:Creating prefix script '/home/bilhr2025/Downloads/template_tB/ainex_bilhr_ws/install/local_setup.zsh'
[4.819s] INFO:colcon.colcon_core.shell:Creating prefix chain script '/home/bilhr2025/Downloads/template_tB/ainex_bilhr_ws/install/setup.zsh'
