[0.019s] Invoking command in '/home/bilhr2025/Downloads/BILHR_T5/build/servo_service': CMAKE_PREFIX_PATH=${CMAKE_PREFIX_PATH}:/opt/ros/jazzy DEBUGINFOD_URLS=https://debuginfod.ubuntu.com /usr/bin/cmake --build /home/bilhr2025/Downloads/BILHR_T5/build/servo_service -- -j8 -l8
[0.299s] [  1%] Built target servo_service__rosidl_generator_type_description
[0.300s] [  1%] Built target ament_cmake_python_symlink_servo_service
[0.300s] [  1%] Built target servo_service__cpp
[0.300s] [ 27%] Built target servo_service__rosidl_generator_c
[0.300s] [ 45%] Built target servo_service__rosidl_typesupport_c
[0.301s] [ 46%] Built target servo_service__rosidl_typesupport_introspection_c
[0.301s] [ 55%] Built target servo_service__rosidl_typesupport_cpp
[0.301s] [ 65%] Built target servo_service__rosidl_typesupport_introspection_cpp
[0.301s] [ 75%] Built target servo_service__rosidl_typesupport_fastrtps_cpp
[0.301s] [ 85%] Built target servo_service__rosidl_typesupport_fastrtps_c
[0.301s] [ 85%] Built target servo_service
[0.301s] [ 86%] Built target servo_service__py
[0.302s] [ 95%] Built target servo_service__rosidl_generator_py
[0.302s] [ 97%] Built target servo_service_s__rosidl_typesupport_introspection_c
[0.302s] [ 99%] Built target servo_service_s__rosidl_typesupport_c
[0.302s] [100%] Built target servo_service_s__rosidl_typesupport_fastrtps_c
[0.364s] running egg_info
[0.387s] writing servo_service.egg-info/PKG-INFO
[0.387s] writing dependency_links to servo_service.egg-info/dependency_links.txt
[0.388s] writing top-level names to servo_service.egg-info/top_level.txt
[0.478s] reading manifest file 'servo_service.egg-info/SOURCES.txt'
[0.478s] writing manifest file 'servo_service.egg-info/SOURCES.txt'
[0.516s] [100%] Built target ament_cmake_python_build_servo_service_egg
[0.552s] Invoked command in '/home/bilhr2025/Downloads/BILHR_T5/build/servo_service' returned '0': CMAKE_PREFIX_PATH=${CMAKE_PREFIX_PATH}:/opt/ros/jazzy DEBUGINFOD_URLS=https://debuginfod.ubuntu.com /usr/bin/cmake --build /home/bilhr2025/Downloads/BILHR_T5/build/servo_service -- -j8 -l8
[0.562s] Invoking command in '/home/bilhr2025/Downloads/BILHR_T5/build/servo_service': CMAKE_PREFIX_PATH=${CMAKE_PREFIX_PATH}:/opt/ros/jazzy DEBUGINFOD_URLS=https://debuginfod.ubuntu.com /usr/bin/cmake --install /home/bilhr2025/Downloads/BILHR_T5/build/servo_service
[0.571s] -- Install configuration: ""
[0.572s] -- Execute custom install script
[0.572s] -- Up-to-date symlink: /home/bilhr2025/Downloads/BILHR_T5/install/servo_service/share/ament_index/resource_index/rosidl_interfaces/servo_service
[0.572s] -- Up-to-date symlink: /home/bilhr2025/Downloads/BILHR_T5/install/servo_service/share/servo_service/msg/ChangeServoPositions.json
[0.572s] -- Up-to-date symlink: /home/bilhr2025/Downloads/BILHR_T5/install/servo_service/share/servo_service/msg/SetServoPositions.json
[0.572s] -- Up-to-date symlink: /home/bilhr2025/Downloads/BILHR_T5/install/servo_service/share/servo_service/msg/SetJointLock.json
[0.573s] -- Up-to-date symlink: /home/bilhr2025/Downloads/BILHR_T5/install/servo_service/share/servo_service/msg/GetServoPositions.json
[0.573s] -- Up-to-date symlink: /home/bilhr2025/Downloads/BILHR_T5/install/servo_service/share/servo_service/msg/SetPosture.json
[0.573s] -- Up-to-date symlink: /home/bilhr2025/Downloads/BILHR_T5/install/servo_service/share/servo_service/srv/JointLock.json
[0.573s] -- Up-to-date symlink: /home/bilhr2025/Downloads/BILHR_T5/install/servo_service/share/servo_service/srv/ServoTemp.json
[0.573s] -- Up-to-date symlink: /home/bilhr2025/Downloads/BILHR_T5/install/servo_service/share/servo_service/srv/ServoDeviation.json
[0.574s] -- Up-to-date symlink: /home/bilhr2025/Downloads/BILHR_T5/install/servo_service/share/servo_service/srv/ServoVoltage.json
[0.574s] -- Up-to-date symlink: /home/bilhr2025/Downloads/BILHR_T5/install/servo_service/share/servo_service/srv/JointPosition.json
[0.574s] -- Up-to-date symlink: /home/bilhr2025/Downloads/BILHR_T5/install/servo_service/share/servo_service/srv/JointRange.json
[0.576s] -- Up-to-date symlink: /home/bilhr2025/Downloads/BILHR_T5/install/servo_service/include/servo_service/servo_service/msg/change_servo_positions.h
[0.576s] -- Up-to-date symlink: /home/bilhr2025/Downloads/BILHR_T5/install/servo_service/include/servo_service/servo_service/msg/detail/change_servo_positions__functions.h
[0.576s] -- Up-to-date symlink: /home/bilhr2025/Downloads/BILHR_T5/install/servo_service/include/servo_service/servo_service/msg/detail/change_servo_positions__struct.h
[0.576s] -- Up-to-date symlink: /home/bilhr2025/Downloads/BILHR_T5/install/servo_service/include/servo_service/servo_service/msg/detail/change_servo_positions__type_support.h
[0.576s] -- Up-to-date symlink: /home/bilhr2025/Downloads/BILHR_T5/install/servo_service/include/servo_service/servo_service/msg/detail/get_servo_positions__functions.h
[0.576s] -- Up-to-date symlink: /home/bilhr2025/Downloads/BILHR_T5/install/servo_service/include/servo_service/servo_service/msg/detail/get_servo_positions__struct.h
[0.577s] -- Up-to-date symlink: /home/bilhr2025/Downloads/BILHR_T5/install/servo_service/include/servo_service/servo_service/msg/detail/get_servo_positions__type_support.h
[0.577s] -- Up-to-date symlink: /home/bilhr2025/Downloads/BILHR_T5/install/servo_service/include/servo_service/servo_service/msg/detail/set_joint_lock__functions.h
[0.577s] -- Up-to-date symlink: /home/bilhr2025/Downloads/BILHR_T5/install/servo_service/include/servo_service/servo_service/msg/detail/set_joint_lock__struct.h
[0.577s] -- Up-to-date symlink: /home/bilhr2025/Downloads/BILHR_T5/install/servo_service/include/servo_service/servo_service/msg/detail/set_joint_lock__type_support.h
[0.577s] -- Up-to-date symlink: /home/bilhr2025/Downloads/BILHR_T5/install/servo_service/include/servo_service/servo_service/msg/detail/set_posture__functions.h
[0.578s] -- Up-to-date symlink: /home/bilhr2025/Downloads/BILHR_T5/install/servo_service/include/servo_service/servo_service/msg/detail/set_posture__struct.h
[0.578s] -- Up-to-date symlink: /home/bilhr2025/Downloads/BILHR_T5/install/servo_service/include/servo_service/servo_service/msg/detail/set_posture__type_support.h
[0.578s] -- Up-to-date symlink: /home/bilhr2025/Downloads/BILHR_T5/install/servo_service/include/servo_service/servo_service/msg/detail/set_servo_positions__functions.h
[0.578s] -- Up-to-date symlink: /home/bilhr2025/Downloads/BILHR_T5/install/servo_service/include/servo_service/servo_service/msg/detail/set_servo_positions__struct.h
[0.578s] -- Up-to-date symlink: /home/bilhr2025/Downloads/BILHR_T5/install/servo_service/include/servo_service/servo_service/msg/detail/set_servo_positions__type_support.h
[0.578s] -- Up-to-date symlink: /home/bilhr2025/Downloads/BILHR_T5/install/servo_service/include/servo_service/servo_service/msg/get_servo_positions.h
[0.579s] -- Up-to-date symlink: /home/bilhr2025/Downloads/BILHR_T5/install/servo_service/include/servo_service/servo_service/msg/rosidl_generator_c__visibility_control.h
[0.579s] -- Up-to-date symlink: /home/bilhr2025/Downloads/BILHR_T5/install/servo_service/include/servo_service/servo_service/msg/set_joint_lock.h
[0.579s] -- Up-to-date symlink: /home/bilhr2025/Downloads/BILHR_T5/install/servo_service/include/servo_service/servo_service/msg/set_posture.h
[0.579s] -- Up-to-date symlink: /home/bilhr2025/Downloads/BILHR_T5/install/servo_service/include/servo_service/servo_service/msg/set_servo_positions.h
[0.579s] -- Up-to-date symlink: /home/bilhr2025/Downloads/BILHR_T5/install/servo_service/include/servo_service/servo_service/srv/detail/joint_lock__functions.h
[0.579s] -- Up-to-date symlink: /home/bilhr2025/Downloads/BILHR_T5/install/servo_service/include/servo_service/servo_service/srv/detail/joint_lock__struct.h
[0.580s] -- Up-to-date symlink: /home/bilhr2025/Downloads/BILHR_T5/install/servo_service/include/servo_service/servo_service/srv/detail/joint_lock__type_support.h
[0.580s] -- Up-to-date symlink: /home/bilhr2025/Downloads/BILHR_T5/install/servo_service/include/servo_service/servo_service/srv/detail/joint_position__functions.h
[0.580s] -- Up-to-date symlink: /home/bilhr2025/Downloads/BILHR_T5/install/servo_service/include/servo_service/servo_service/srv/detail/joint_position__struct.h
[0.580s] -- Up-to-date symlink: /home/bilhr2025/Downloads/BILHR_T5/install/servo_service/include/servo_service/servo_service/srv/detail/joint_position__type_support.h
[0.580s] -- Up-to-date symlink: /home/bilhr2025/Downloads/BILHR_T5/install/servo_service/include/servo_service/servo_service/srv/detail/joint_range__functions.h
[0.580s] -- Up-to-date symlink: /home/bilhr2025/Downloads/BILHR_T5/install/servo_service/include/servo_service/servo_service/srv/detail/joint_range__struct.h
[0.581s] -- Up-to-date symlink: /home/bilhr2025/Downloads/BILHR_T5/install/servo_service/include/servo_service/servo_service/srv/detail/joint_range__type_support.h
[0.581s] -- Up-to-date symlink: /home/bilhr2025/Downloads/BILHR_T5/install/servo_service/include/servo_service/servo_service/srv/detail/servo_deviation__functions.h
[0.581s] -- Up-to-date symlink: /home/bilhr2025/Downloads/BILHR_T5/install/servo_service/include/servo_service/servo_service/srv/detail/servo_deviation__struct.h
[0.581s] -- Up-to-date symlink: /home/bilhr2025/Downloads/BILHR_T5/install/servo_service/include/servo_service/servo_service/srv/detail/servo_deviation__type_support.h
[0.581s] -- Up-to-date symlink: /home/bilhr2025/Downloads/BILHR_T5/install/servo_service/include/servo_service/servo_service/srv/detail/servo_temp__functions.h
[0.581s] -- Up-to-date symlink: /home/bilhr2025/Downloads/BILHR_T5/install/servo_service/include/servo_service/servo_service/srv/detail/servo_temp__struct.h
[0.582s] -- Up-to-date symlink: /home/bilhr2025/Downloads/BILHR_T5/install/servo_service/include/servo_service/servo_service/srv/detail/servo_temp__type_support.h
[0.582s] -- Up-to-date symlink: /home/bilhr2025/Downloads/BILHR_T5/install/servo_service/include/servo_service/servo_service/srv/detail/servo_voltage__functions.h
[0.582s] -- Up-to-date symlink: /home/bilhr2025/Downloads/BILHR_T5/install/servo_service/include/servo_service/servo_service/srv/detail/servo_voltage__struct.h
[0.582s] -- Up-to-date symlink: /home/bilhr2025/Downloads/BILHR_T5/install/servo_service/include/servo_service/servo_service/srv/detail/servo_voltage__type_support.h
[0.582s] -- Up-to-date symlink: /home/bilhr2025/Downloads/BILHR_T5/install/servo_service/include/servo_service/servo_service/srv/joint_lock.h
[0.583s] -- Up-to-date symlink: /home/bilhr2025/Downloads/BILHR_T5/install/servo_service/include/servo_service/servo_service/srv/joint_position.h
[0.583s] -- Up-to-date symlink: /home/bilhr2025/Downloads/BILHR_T5/install/servo_service/include/servo_service/servo_service/srv/joint_range.h
[0.583s] -- Up-to-date symlink: /home/bilhr2025/Downloads/BILHR_T5/install/servo_service/include/servo_service/servo_service/srv/servo_deviation.h
[0.583s] -- Up-to-date symlink: /home/bilhr2025/Downloads/BILHR_T5/install/servo_service/include/servo_service/servo_service/srv/servo_temp.h
[0.583s] -- Up-to-date symlink: /home/bilhr2025/Downloads/BILHR_T5/install/servo_service/include/servo_service/servo_service/srv/servo_voltage.h
[0.583s] -- Up-to-date symlink: /home/bilhr2025/Downloads/BILHR_T5/install/servo_service/share/servo_service/environment/library_path.sh
[0.583s] -- Up-to-date symlink: /home/bilhr2025/Downloads/BILHR_T5/install/servo_service/share/servo_service/environment/library_path.dsv
[0.584s] -- Up-to-date symlink: /home/bilhr2025/Downloads/BILHR_T5/install/servo_service/include/servo_service/servo_service/msg/detail/change_servo_positions__rosidl_typesupport_fastrtps_c.h
[0.584s] -- Up-to-date symlink: /home/bilhr2025/Downloads/BILHR_T5/install/servo_service/include/servo_service/servo_service/msg/detail/get_servo_positions__rosidl_typesupport_fastrtps_c.h
[0.585s] -- Up-to-date symlink: /home/bilhr2025/Downloads/BILHR_T5/install/servo_service/include/servo_service/servo_service/msg/detail/set_joint_lock__rosidl_typesupport_fastrtps_c.h
[0.585s] -- Up-to-date symlink: /home/bilhr2025/Downloads/BILHR_T5/install/servo_service/include/servo_service/servo_service/msg/detail/set_posture__rosidl_typesupport_fastrtps_c.h
[0.585s] -- Up-to-date symlink: /home/bilhr2025/Downloads/BILHR_T5/install/servo_service/include/servo_service/servo_service/msg/detail/set_servo_positions__rosidl_typesupport_fastrtps_c.h
[0.585s] -- Up-to-date symlink: /home/bilhr2025/Downloads/BILHR_T5/install/servo_service/include/servo_service/servo_service/msg/rosidl_typesupport_fastrtps_c__visibility_control.h
[0.585s] -- Up-to-date symlink: /home/bilhr2025/Downloads/BILHR_T5/install/servo_service/include/servo_service/servo_service/srv/detail/joint_lock__rosidl_typesupport_fastrtps_c.h
[0.585s] -- Up-to-date symlink: /home/bilhr2025/Downloads/BILHR_T5/install/servo_service/include/servo_service/servo_service/srv/detail/joint_position__rosidl_typesupport_fastrtps_c.h
[0.586s] -- Up-to-date symlink: /home/bilhr2025/Downloads/BILHR_T5/install/servo_service/include/servo_service/servo_service/srv/detail/joint_range__rosidl_typesupport_fastrtps_c.h
[0.586s] -- Up-to-date symlink: /home/bilhr2025/Downloads/BILHR_T5/install/servo_service/include/servo_service/servo_service/srv/detail/servo_deviation__rosidl_typesupport_fastrtps_c.h
[0.586s] -- Up-to-date symlink: /home/bilhr2025/Downloads/BILHR_T5/install/servo_service/include/servo_service/servo_service/srv/detail/servo_temp__rosidl_typesupport_fastrtps_c.h
[0.586s] -- Up-to-date symlink: /home/bilhr2025/Downloads/BILHR_T5/install/servo_service/include/servo_service/servo_service/srv/detail/servo_voltage__rosidl_typesupport_fastrtps_c.h
[0.587s] -- Up-to-date symlink: /home/bilhr2025/Downloads/BILHR_T5/install/servo_service/include/servo_service/servo_service/msg/change_servo_positions.hpp
[0.587s] -- Up-to-date symlink: /home/bilhr2025/Downloads/BILHR_T5/install/servo_service/include/servo_service/servo_service/msg/detail/change_servo_positions__builder.hpp
[0.587s] -- Up-to-date symlink: /home/bilhr2025/Downloads/BILHR_T5/install/servo_service/include/servo_service/servo_service/msg/detail/change_servo_positions__struct.hpp
[0.588s] -- Up-to-date symlink: /home/bilhr2025/Downloads/BILHR_T5/install/servo_service/include/servo_service/servo_service/msg/detail/change_servo_positions__traits.hpp
[0.588s] -- Up-to-date symlink: /home/bilhr2025/Downloads/BILHR_T5/install/servo_service/include/servo_service/servo_service/msg/detail/change_servo_positions__type_support.hpp
[0.588s] -- Up-to-date symlink: /home/bilhr2025/Downloads/BILHR_T5/install/servo_service/include/servo_service/servo_service/msg/detail/get_servo_positions__builder.hpp
[0.588s] -- Up-to-date symlink: /home/bilhr2025/Downloads/BILHR_T5/install/servo_service/include/servo_service/servo_service/msg/detail/get_servo_positions__struct.hpp
[0.588s] -- Up-to-date symlink: /home/bilhr2025/Downloads/BILHR_T5/install/servo_service/include/servo_service/servo_service/msg/detail/get_servo_positions__traits.hpp
[0.589s] -- Up-to-date symlink: /home/bilhr2025/Downloads/BILHR_T5/install/servo_service/include/servo_service/servo_service/msg/detail/get_servo_positions__type_support.hpp
[0.589s] -- Up-to-date symlink: /home/bilhr2025/Downloads/BILHR_T5/install/servo_service/include/servo_service/servo_service/msg/detail/set_joint_lock__builder.hpp
[0.589s] -- Up-to-date symlink: /home/bilhr2025/Downloads/BILHR_T5/install/servo_service/include/servo_service/servo_service/msg/detail/set_joint_lock__struct.hpp
[0.589s] -- Up-to-date symlink: /home/bilhr2025/Downloads/BILHR_T5/install/servo_service/include/servo_service/servo_service/msg/detail/set_joint_lock__traits.hpp
[0.589s] -- Up-to-date symlink: /home/bilhr2025/Downloads/BILHR_T5/install/servo_service/include/servo_service/servo_service/msg/detail/set_joint_lock__type_support.hpp
[0.589s] -- Up-to-date symlink: /home/bilhr2025/Downloads/BILHR_T5/install/servo_service/include/servo_service/servo_service/msg/detail/set_posture__builder.hpp
[0.589s] -- Up-to-date symlink: /home/bilhr2025/Downloads/BILHR_T5/install/servo_service/include/servo_service/servo_service/msg/detail/set_posture__struct.hpp
[0.590s] -- Up-to-date symlink: /home/bilhr2025/Downloads/BILHR_T5/install/servo_service/include/servo_service/servo_service/msg/detail/set_posture__traits.hpp
[0.590s] -- Up-to-date symlink: /home/bilhr2025/Downloads/BILHR_T5/install/servo_service/include/servo_service/servo_service/msg/detail/set_posture__type_support.hpp
[0.590s] -- Up-to-date symlink: /home/bilhr2025/Downloads/BILHR_T5/install/servo_service/include/servo_service/servo_service/msg/detail/set_servo_positions__builder.hpp
[0.590s] -- Up-to-date symlink: /home/bilhr2025/Downloads/BILHR_T5/install/servo_service/include/servo_service/servo_service/msg/detail/set_servo_positions__struct.hpp
[0.590s] -- Up-to-date symlink: /home/bilhr2025/Downloads/BILHR_T5/install/servo_service/include/servo_service/servo_service/msg/detail/set_servo_positions__traits.hpp
[0.590s] -- Up-to-date symlink: /home/bilhr2025/Downloads/BILHR_T5/install/servo_service/include/servo_service/servo_service/msg/detail/set_servo_positions__type_support.hpp
[0.591s] -- Up-to-date symlink: /home/bilhr2025/Downloads/BILHR_T5/install/servo_service/include/servo_service/servo_service/msg/get_servo_positions.hpp
[0.591s] -- Up-to-date symlink: /home/bilhr2025/Downloads/BILHR_T5/install/servo_service/include/servo_service/servo_service/msg/rosidl_generator_cpp__visibility_control.hpp
[0.591s] -- Up-to-date symlink: /home/bilhr2025/Downloads/BILHR_T5/install/servo_service/include/servo_service/servo_service/msg/set_joint_lock.hpp
[0.591s] -- Up-to-date symlink: /home/bilhr2025/Downloads/BILHR_T5/install/servo_service/include/servo_service/servo_service/msg/set_posture.hpp
[0.591s] -- Up-to-date symlink: /home/bilhr2025/Downloads/BILHR_T5/install/servo_service/include/servo_service/servo_service/msg/set_servo_positions.hpp
[0.592s] -- Up-to-date symlink: /home/bilhr2025/Downloads/BILHR_T5/install/servo_service/include/servo_service/servo_service/srv/detail/joint_lock__builder.hpp
[0.592s] -- Up-to-date symlink: /home/bilhr2025/Downloads/BILHR_T5/install/servo_service/include/servo_service/servo_service/srv/detail/joint_lock__struct.hpp
[0.592s] -- Up-to-date symlink: /home/bilhr2025/Downloads/BILHR_T5/install/servo_service/include/servo_service/servo_service/srv/detail/joint_lock__traits.hpp
[0.592s] -- Up-to-date symlink: /home/bilhr2025/Downloads/BILHR_T5/install/servo_service/include/servo_service/servo_service/srv/detail/joint_lock__type_support.hpp
[0.592s] -- Up-to-date symlink: /home/bilhr2025/Downloads/BILHR_T5/install/servo_service/include/servo_service/servo_service/srv/detail/joint_position__builder.hpp
[0.592s] -- Up-to-date symlink: /home/bilhr2025/Downloads/BILHR_T5/install/servo_service/include/servo_service/servo_service/srv/detail/joint_position__struct.hpp
[0.593s] -- Up-to-date symlink: /home/bilhr2025/Downloads/BILHR_T5/install/servo_service/include/servo_service/servo_service/srv/detail/joint_position__traits.hpp
[0.593s] -- Up-to-date symlink: /home/bilhr2025/Downloads/BILHR_T5/install/servo_service/include/servo_service/servo_service/srv/detail/joint_position__type_support.hpp
[0.593s] -- Up-to-date symlink: /home/bilhr2025/Downloads/BILHR_T5/install/servo_service/include/servo_service/servo_service/srv/detail/joint_range__builder.hpp
[0.593s] -- Up-to-date symlink: /home/bilhr2025/Downloads/BILHR_T5/install/servo_service/include/servo_service/servo_service/srv/detail/joint_range__struct.hpp
[0.593s] -- Up-to-date symlink: /home/bilhr2025/Downloads/BILHR_T5/install/servo_service/include/servo_service/servo_service/srv/detail/joint_range__traits.hpp
[0.593s] -- Up-to-date symlink: /home/bilhr2025/Downloads/BILHR_T5/install/servo_service/include/servo_service/servo_service/srv/detail/joint_range__type_support.hpp
[0.594s] -- Up-to-date symlink: /home/bilhr2025/Downloads/BILHR_T5/install/servo_service/include/servo_service/servo_service/srv/detail/servo_deviation__builder.hpp
[0.594s] -- Up-to-date symlink: /home/bilhr2025/Downloads/BILHR_T5/install/servo_service/include/servo_service/servo_service/srv/detail/servo_deviation__struct.hpp
[0.594s] -- Up-to-date symlink: /home/bilhr2025/Downloads/BILHR_T5/install/servo_service/include/servo_service/servo_service/srv/detail/servo_deviation__traits.hpp
[0.594s] -- Up-to-date symlink: /home/bilhr2025/Downloads/BILHR_T5/install/servo_service/include/servo_service/servo_service/srv/detail/servo_deviation__type_support.hpp
[0.594s] -- Up-to-date symlink: /home/bilhr2025/Downloads/BILHR_T5/install/servo_service/include/servo_service/servo_service/srv/detail/servo_temp__builder.hpp
[0.594s] -- Up-to-date symlink: /home/bilhr2025/Downloads/BILHR_T5/install/servo_service/include/servo_service/servo_service/srv/detail/servo_temp__struct.hpp
[0.595s] -- Up-to-date symlink: /home/bilhr2025/Downloads/BILHR_T5/install/servo_service/include/servo_service/servo_service/srv/detail/servo_temp__traits.hpp
[0.595s] -- Up-to-date symlink: /home/bilhr2025/Downloads/BILHR_T5/install/servo_service/include/servo_service/servo_service/srv/detail/servo_temp__type_support.hpp
[0.595s] -- Up-to-date symlink: /home/bilhr2025/Downloads/BILHR_T5/install/servo_service/include/servo_service/servo_service/srv/detail/servo_voltage__builder.hpp
[0.595s] -- Up-to-date symlink: /home/bilhr2025/Downloads/BILHR_T5/install/servo_service/include/servo_service/servo_service/srv/detail/servo_voltage__struct.hpp
[0.595s] -- Up-to-date symlink: /home/bilhr2025/Downloads/BILHR_T5/install/servo_service/include/servo_service/servo_service/srv/detail/servo_voltage__traits.hpp
[0.596s] -- Up-to-date symlink: /home/bilhr2025/Downloads/BILHR_T5/install/servo_service/include/servo_service/servo_service/srv/detail/servo_voltage__type_support.hpp
[0.596s] -- Up-to-date symlink: /home/bilhr2025/Downloads/BILHR_T5/install/servo_service/include/servo_service/servo_service/srv/joint_lock.hpp
[0.596s] -- Up-to-date symlink: /home/bilhr2025/Downloads/BILHR_T5/install/servo_service/include/servo_service/servo_service/srv/joint_position.hpp
[0.596s] -- Up-to-date symlink: /home/bilhr2025/Downloads/BILHR_T5/install/servo_service/include/servo_service/servo_service/srv/joint_range.hpp
[0.596s] -- Up-to-date symlink: /home/bilhr2025/Downloads/BILHR_T5/install/servo_service/include/servo_service/servo_service/srv/servo_deviation.hpp
[0.597s] -- Up-to-date symlink: /home/bilhr2025/Downloads/BILHR_T5/install/servo_service/include/servo_service/servo_service/srv/servo_temp.hpp
[0.597s] -- Up-to-date symlink: /home/bilhr2025/Downloads/BILHR_T5/install/servo_service/include/servo_service/servo_service/srv/servo_voltage.hpp
[0.597s] -- Up-to-date symlink: /home/bilhr2025/Downloads/BILHR_T5/install/servo_service/include/servo_service/servo_service/msg/detail/change_servo_positions__rosidl_typesupport_fastrtps_cpp.hpp
[0.597s] -- Up-to-date symlink: /home/bilhr2025/Downloads/BILHR_T5/install/servo_service/include/servo_service/servo_service/msg/detail/get_servo_positions__rosidl_typesupport_fastrtps_cpp.hpp
[0.598s] -- Up-to-date symlink: /home/bilhr2025/Downloads/BILHR_T5/install/servo_service/include/servo_service/servo_service/msg/detail/set_joint_lock__rosidl_typesupport_fastrtps_cpp.hpp
[0.598s] -- Up-to-date symlink: /home/bilhr2025/Downloads/BILHR_T5/install/servo_service/include/servo_service/servo_service/msg/detail/set_posture__rosidl_typesupport_fastrtps_cpp.hpp
[0.598s] -- Up-to-date symlink: /home/bilhr2025/Downloads/BILHR_T5/install/servo_service/include/servo_service/servo_service/msg/detail/set_servo_positions__rosidl_typesupport_fastrtps_cpp.hpp
[0.598s] -- Up-to-date symlink: /home/bilhr2025/Downloads/BILHR_T5/install/servo_service/include/servo_service/servo_service/msg/rosidl_typesupport_fastrtps_cpp__visibility_control.h
[0.598s] -- Up-to-date symlink: /home/bilhr2025/Downloads/BILHR_T5/install/servo_service/include/servo_service/servo_service/srv/detail/joint_lock__rosidl_typesupport_fastrtps_cpp.hpp
[0.598s] -- Up-to-date symlink: /home/bilhr2025/Downloads/BILHR_T5/install/servo_service/include/servo_service/servo_service/srv/detail/joint_position__rosidl_typesupport_fastrtps_cpp.hpp
[0.599s] -- Up-to-date symlink: /home/bilhr2025/Downloads/BILHR_T5/install/servo_service/include/servo_service/servo_service/srv/detail/joint_range__rosidl_typesupport_fastrtps_cpp.hpp
[0.599s] -- Up-to-date symlink: /home/bilhr2025/Downloads/BILHR_T5/install/servo_service/include/servo_service/servo_service/srv/detail/servo_deviation__rosidl_typesupport_fastrtps_cpp.hpp
[0.599s] -- Up-to-date symlink: /home/bilhr2025/Downloads/BILHR_T5/install/servo_service/include/servo_service/servo_service/srv/detail/servo_temp__rosidl_typesupport_fastrtps_cpp.hpp
[0.599s] -- Up-to-date symlink: /home/bilhr2025/Downloads/BILHR_T5/install/servo_service/include/servo_service/servo_service/srv/detail/servo_voltage__rosidl_typesupport_fastrtps_cpp.hpp
[0.599s] -- Up-to-date symlink: /home/bilhr2025/Downloads/BILHR_T5/install/servo_service/include/servo_service/servo_service/msg/detail/change_servo_positions__rosidl_typesupport_introspection_c.h
[0.600s] -- Up-to-date symlink: /home/bilhr2025/Downloads/BILHR_T5/install/servo_service/include/servo_service/servo_service/msg/detail/get_servo_positions__rosidl_typesupport_introspection_c.h
[0.600s] -- Up-to-date symlink: /home/bilhr2025/Downloads/BILHR_T5/install/servo_service/include/servo_service/servo_service/msg/detail/set_joint_lock__rosidl_typesupport_introspection_c.h
[0.600s] -- Up-to-date symlink: /home/bilhr2025/Downloads/BILHR_T5/install/servo_service/include/servo_service/servo_service/msg/detail/set_posture__rosidl_typesupport_introspection_c.h
[0.600s] -- Up-to-date symlink: /home/bilhr2025/Downloads/BILHR_T5/install/servo_service/include/servo_service/servo_service/msg/detail/set_servo_positions__rosidl_typesupport_introspection_c.h
[0.600s] -- Up-to-date symlink: /home/bilhr2025/Downloads/BILHR_T5/install/servo_service/include/servo_service/servo_service/msg/rosidl_typesupport_introspection_c__visibility_control.h
[0.601s] -- Up-to-date symlink: /home/bilhr2025/Downloads/BILHR_T5/install/servo_service/include/servo_service/servo_service/srv/detail/joint_lock__rosidl_typesupport_introspection_c.h
[0.601s] -- Up-to-date symlink: /home/bilhr2025/Downloads/BILHR_T5/install/servo_service/include/servo_service/servo_service/srv/detail/joint_position__rosidl_typesupport_introspection_c.h
[0.601s] -- Up-to-date symlink: /home/bilhr2025/Downloads/BILHR_T5/install/servo_service/include/servo_service/servo_service/srv/detail/joint_range__rosidl_typesupport_introspection_c.h
[0.601s] -- Up-to-date symlink: /home/bilhr2025/Downloads/BILHR_T5/install/servo_service/include/servo_service/servo_service/srv/detail/servo_deviation__rosidl_typesupport_introspection_c.h
[0.601s] -- Up-to-date symlink: /home/bilhr2025/Downloads/BILHR_T5/install/servo_service/include/servo_service/servo_service/srv/detail/servo_temp__rosidl_typesupport_introspection_c.h
[0.602s] -- Up-to-date symlink: /home/bilhr2025/Downloads/BILHR_T5/install/servo_service/include/servo_service/servo_service/srv/detail/servo_voltage__rosidl_typesupport_introspection_c.h
[0.602s] -- Up-to-date symlink: /home/bilhr2025/Downloads/BILHR_T5/install/servo_service/include/servo_service/servo_service/msg/detail/change_servo_positions__rosidl_typesupport_introspection_cpp.hpp
[0.602s] -- Up-to-date symlink: /home/bilhr2025/Downloads/BILHR_T5/install/servo_service/include/servo_service/servo_service/msg/detail/get_servo_positions__rosidl_typesupport_introspection_cpp.hpp
[0.602s] -- Up-to-date symlink: /home/bilhr2025/Downloads/BILHR_T5/install/servo_service/include/servo_service/servo_service/msg/detail/set_joint_lock__rosidl_typesupport_introspection_cpp.hpp
[0.603s] -- Up-to-date symlink: /home/bilhr2025/Downloads/BILHR_T5/install/servo_service/include/servo_service/servo_service/msg/detail/set_posture__rosidl_typesupport_introspection_cpp.hpp
[0.603s] -- Up-to-date symlink: /home/bilhr2025/Downloads/BILHR_T5/install/servo_service/include/servo_service/servo_service/msg/detail/set_servo_positions__rosidl_typesupport_introspection_cpp.hpp
[0.603s] -- Up-to-date symlink: /home/bilhr2025/Downloads/BILHR_T5/install/servo_service/include/servo_service/servo_service/srv/detail/joint_lock__rosidl_typesupport_introspection_cpp.hpp
[0.603s] -- Up-to-date symlink: /home/bilhr2025/Downloads/BILHR_T5/install/servo_service/include/servo_service/servo_service/srv/detail/joint_position__rosidl_typesupport_introspection_cpp.hpp
[0.603s] -- Up-to-date symlink: /home/bilhr2025/Downloads/BILHR_T5/install/servo_service/include/servo_service/servo_service/srv/detail/joint_range__rosidl_typesupport_introspection_cpp.hpp
[0.603s] -- Up-to-date symlink: /home/bilhr2025/Downloads/BILHR_T5/install/servo_service/include/servo_service/servo_service/srv/detail/servo_deviation__rosidl_typesupport_introspection_cpp.hpp
[0.604s] -- Up-to-date symlink: /home/bilhr2025/Downloads/BILHR_T5/install/servo_service/include/servo_service/servo_service/srv/detail/servo_temp__rosidl_typesupport_introspection_cpp.hpp
[0.604s] -- Up-to-date symlink: /home/bilhr2025/Downloads/BILHR_T5/install/servo_service/include/servo_service/servo_service/srv/detail/servo_voltage__rosidl_typesupport_introspection_cpp.hpp
[0.604s] -- Up-to-date symlink: /home/bilhr2025/Downloads/BILHR_T5/install/servo_service/share/servo_service/environment/pythonpath.sh
[0.604s] -- Up-to-date symlink: /home/bilhr2025/Downloads/BILHR_T5/install/servo_service/share/servo_service/environment/pythonpath.dsv
[0.604s] -- Up-to-date symlink: /home/bilhr2025/Downloads/BILHR_T5/install/servo_service/lib/python3.12/site-packages/servo_service-0.0.0-py3.12.egg-info/PKG-INFO
[0.605s] -- Up-to-date symlink: /home/bilhr2025/Downloads/BILHR_T5/install/servo_service/lib/python3.12/site-packages/servo_service-0.0.0-py3.12.egg-info/SOURCES.txt
[0.605s] -- Up-to-date symlink: /home/bilhr2025/Downloads/BILHR_T5/install/servo_service/lib/python3.12/site-packages/servo_service-0.0.0-py3.12.egg-info/dependency_links.txt
[0.605s] -- Up-to-date symlink: /home/bilhr2025/Downloads/BILHR_T5/install/servo_service/lib/python3.12/site-packages/servo_service-0.0.0-py3.12.egg-info/top_level.txt
[0.606s] -- Up-to-date symlink: /home/bilhr2025/Downloads/BILHR_T5/install/servo_service/lib/python3.12/site-packages/servo_service/__init__.py
[0.606s] -- Up-to-date symlink: /home/bilhr2025/Downloads/BILHR_T5/install/servo_service/lib/python3.12/site-packages/servo_service/_servo_service_s.ep.rosidl_typesupport_c.c
[0.607s] -- Up-to-date symlink: /home/bilhr2025/Downloads/BILHR_T5/install/servo_service/lib/python3.12/site-packages/servo_service/_servo_service_s.ep.rosidl_typesupport_fastrtps_c.c
[0.607s] -- Up-to-date symlink: /home/bilhr2025/Downloads/BILHR_T5/install/servo_service/lib/python3.12/site-packages/servo_service/_servo_service_s.ep.rosidl_typesupport_introspection_c.c
[0.607s] -- Up-to-date symlink: /home/bilhr2025/Downloads/BILHR_T5/install/servo_service/lib/python3.12/site-packages/servo_service/msg/__init__.py
[0.607s] -- Up-to-date symlink: /home/bilhr2025/Downloads/BILHR_T5/install/servo_service/lib/python3.12/site-packages/servo_service/msg/_change_servo_positions.py
[0.607s] -- Up-to-date symlink: /home/bilhr2025/Downloads/BILHR_T5/install/servo_service/lib/python3.12/site-packages/servo_service/msg/_change_servo_positions_s.c
[0.607s] -- Up-to-date symlink: /home/bilhr2025/Downloads/BILHR_T5/install/servo_service/lib/python3.12/site-packages/servo_service/msg/_get_servo_positions.py
[0.608s] -- Up-to-date symlink: /home/bilhr2025/Downloads/BILHR_T5/install/servo_service/lib/python3.12/site-packages/servo_service/msg/_get_servo_positions_s.c
[0.608s] -- Up-to-date symlink: /home/bilhr2025/Downloads/BILHR_T5/install/servo_service/lib/python3.12/site-packages/servo_service/msg/_set_joint_lock.py
[0.608s] -- Up-to-date symlink: /home/bilhr2025/Downloads/BILHR_T5/install/servo_service/lib/python3.12/site-packages/servo_service/msg/_set_joint_lock_s.c
[0.608s] -- Up-to-date symlink: /home/bilhr2025/Downloads/BILHR_T5/install/servo_service/lib/python3.12/site-packages/servo_service/msg/_set_posture.py
[0.608s] -- Up-to-date symlink: /home/bilhr2025/Downloads/BILHR_T5/install/servo_service/lib/python3.12/site-packages/servo_service/msg/_set_posture_s.c
[0.609s] -- Up-to-date symlink: /home/bilhr2025/Downloads/BILHR_T5/install/servo_service/lib/python3.12/site-packages/servo_service/msg/_set_servo_positions.py
[0.609s] -- Up-to-date symlink: /home/bilhr2025/Downloads/BILHR_T5/install/servo_service/lib/python3.12/site-packages/servo_service/msg/_set_servo_positions_s.c
[0.609s] -- Up-to-date symlink: /home/bilhr2025/Downloads/BILHR_T5/install/servo_service/lib/python3.12/site-packages/servo_service/servo_service_s__rosidl_typesupport_c.so
[0.609s] -- Up-to-date symlink: /home/bilhr2025/Downloads/BILHR_T5/install/servo_service/lib/python3.12/site-packages/servo_service/servo_service_s__rosidl_typesupport_fastrtps_c.so
[0.609s] -- Up-to-date symlink: /home/bilhr2025/Downloads/BILHR_T5/install/servo_service/lib/python3.12/site-packages/servo_service/servo_service_s__rosidl_typesupport_introspection_c.so
[0.609s] -- Up-to-date symlink: /home/bilhr2025/Downloads/BILHR_T5/install/servo_service/lib/python3.12/site-packages/servo_service/srv/__init__.py
[0.610s] -- Up-to-date symlink: /home/bilhr2025/Downloads/BILHR_T5/install/servo_service/lib/python3.12/site-packages/servo_service/srv/_joint_lock.py
[0.610s] -- Up-to-date symlink: /home/bilhr2025/Downloads/BILHR_T5/install/servo_service/lib/python3.12/site-packages/servo_service/srv/_joint_lock_s.c
[0.610s] -- Up-to-date symlink: /home/bilhr2025/Downloads/BILHR_T5/install/servo_service/lib/python3.12/site-packages/servo_service/srv/_joint_position.py
[0.610s] -- Up-to-date symlink: /home/bilhr2025/Downloads/BILHR_T5/install/servo_service/lib/python3.12/site-packages/servo_service/srv/_joint_position_s.c
[0.610s] -- Up-to-date symlink: /home/bilhr2025/Downloads/BILHR_T5/install/servo_service/lib/python3.12/site-packages/servo_service/srv/_joint_range.py
[0.610s] -- Up-to-date symlink: /home/bilhr2025/Downloads/BILHR_T5/install/servo_service/lib/python3.12/site-packages/servo_service/srv/_joint_range_s.c
[0.611s] -- Up-to-date symlink: /home/bilhr2025/Downloads/BILHR_T5/install/servo_service/lib/python3.12/site-packages/servo_service/srv/_servo_deviation.py
[0.611s] -- Up-to-date symlink: /home/bilhr2025/Downloads/BILHR_T5/install/servo_service/lib/python3.12/site-packages/servo_service/srv/_servo_deviation_s.c
[0.611s] -- Up-to-date symlink: /home/bilhr2025/Downloads/BILHR_T5/install/servo_service/lib/python3.12/site-packages/servo_service/srv/_servo_temp.py
[0.611s] -- Up-to-date symlink: /home/bilhr2025/Downloads/BILHR_T5/install/servo_service/lib/python3.12/site-packages/servo_service/srv/_servo_temp_s.c
[0.611s] -- Up-to-date symlink: /home/bilhr2025/Downloads/BILHR_T5/install/servo_service/lib/python3.12/site-packages/servo_service/srv/_servo_voltage.py
[0.611s] -- Up-to-date symlink: /home/bilhr2025/Downloads/BILHR_T5/install/servo_service/lib/python3.12/site-packages/servo_service/srv/_servo_voltage_s.c
[0.612s] -- Up-to-date symlink: /home/bilhr2025/Downloads/BILHR_T5/install/servo_service/lib/python3.12/site-packages/servo_service/servo_service_s__rosidl_typesupport_fastrtps_c.so
[0.612s] -- Up-to-date symlink: /home/bilhr2025/Downloads/BILHR_T5/install/servo_service/lib/python3.12/site-packages/servo_service/servo_service_s__rosidl_typesupport_introspection_c.so
[0.612s] -- Up-to-date symlink: /home/bilhr2025/Downloads/BILHR_T5/install/servo_service/lib/python3.12/site-packages/servo_service/servo_service_s__rosidl_typesupport_c.so
[0.612s] -- Up-to-date symlink: /home/bilhr2025/Downloads/BILHR_T5/install/servo_service/share/servo_service/msg/ChangeServoPositions.idl
[0.612s] -- Up-to-date symlink: /home/bilhr2025/Downloads/BILHR_T5/install/servo_service/share/servo_service/msg/SetServoPositions.idl
[0.613s] -- Up-to-date symlink: /home/bilhr2025/Downloads/BILHR_T5/install/servo_service/share/servo_service/msg/SetJointLock.idl
[0.613s] -- Up-to-date symlink: /home/bilhr2025/Downloads/BILHR_T5/install/servo_service/share/servo_service/msg/GetServoPositions.idl
[0.613s] -- Up-to-date symlink: /home/bilhr2025/Downloads/BILHR_T5/install/servo_service/share/servo_service/msg/SetPosture.idl
[0.613s] -- Up-to-date symlink: /home/bilhr2025/Downloads/BILHR_T5/install/servo_service/share/servo_service/srv/JointLock.idl
[0.613s] -- Up-to-date symlink: /home/bilhr2025/Downloads/BILHR_T5/install/servo_service/share/servo_service/srv/ServoTemp.idl
[0.614s] -- Up-to-date symlink: /home/bilhr2025/Downloads/BILHR_T5/install/servo_service/share/servo_service/srv/ServoDeviation.idl
[0.614s] -- Up-to-date symlink: /home/bilhr2025/Downloads/BILHR_T5/install/servo_service/share/servo_service/srv/ServoVoltage.idl
[0.614s] -- Up-to-date symlink: /home/bilhr2025/Downloads/BILHR_T5/install/servo_service/share/servo_service/srv/JointPosition.idl
[0.614s] -- Up-to-date symlink: /home/bilhr2025/Downloads/BILHR_T5/install/servo_service/share/servo_service/srv/JointRange.idl
[0.614s] -- Up-to-date symlink: /home/bilhr2025/Downloads/BILHR_T5/install/servo_service/share/servo_service/msg/ChangeServoPositions.msg
[0.615s] -- Up-to-date symlink: /home/bilhr2025/Downloads/BILHR_T5/install/servo_service/share/servo_service/msg/SetServoPositions.msg
[0.615s] -- Up-to-date symlink: /home/bilhr2025/Downloads/BILHR_T5/install/servo_service/share/servo_service/msg/SetJointLock.msg
[0.615s] -- Up-to-date symlink: /home/bilhr2025/Downloads/BILHR_T5/install/servo_service/share/servo_service/msg/GetServoPositions.msg
[0.615s] -- Up-to-date symlink: /home/bilhr2025/Downloads/BILHR_T5/install/servo_service/share/servo_service/msg/SetPosture.msg
[0.615s] -- Up-to-date symlink: /home/bilhr2025/Downloads/BILHR_T5/install/servo_service/share/servo_service/srv/JointLock.srv
[0.616s] -- Up-to-date symlink: /home/bilhr2025/Downloads/BILHR_T5/install/servo_service/share/servo_service/srv/ServoTemp.srv
[0.616s] -- Up-to-date symlink: /home/bilhr2025/Downloads/BILHR_T5/install/servo_service/share/servo_service/srv/ServoDeviation.srv
[0.616s] -- Up-to-date symlink: /home/bilhr2025/Downloads/BILHR_T5/install/servo_service/share/servo_service/srv/ServoVoltage.srv
[0.616s] -- Up-to-date symlink: /home/bilhr2025/Downloads/BILHR_T5/install/servo_service/share/servo_service/srv/JointPosition.srv
[0.616s] -- Up-to-date symlink: /home/bilhr2025/Downloads/BILHR_T5/install/servo_service/share/servo_service/srv/JointRange.srv
[0.617s] -- Up-to-date symlink: /home/bilhr2025/Downloads/BILHR_T5/install/servo_service/share/ament_index/resource_index/package_run_dependencies/servo_service
[0.617s] -- Up-to-date symlink: /home/bilhr2025/Downloads/BILHR_T5/install/servo_service/share/ament_index/resource_index/parent_prefix_path/servo_service
[0.617s] -- Up-to-date symlink: /home/bilhr2025/Downloads/BILHR_T5/install/servo_service/share/servo_service/environment/ament_prefix_path.sh
[0.617s] -- Up-to-date symlink: /home/bilhr2025/Downloads/BILHR_T5/install/servo_service/share/servo_service/environment/ament_prefix_path.dsv
[0.617s] -- Up-to-date symlink: /home/bilhr2025/Downloads/BILHR_T5/install/servo_service/share/servo_service/environment/path.sh
[0.618s] -- Up-to-date symlink: /home/bilhr2025/Downloads/BILHR_T5/install/servo_service/share/servo_service/environment/path.dsv
[0.618s] -- Up-to-date symlink: /home/bilhr2025/Downloads/BILHR_T5/install/servo_service/share/servo_service/local_setup.bash
[0.618s] -- Up-to-date symlink: /home/bilhr2025/Downloads/BILHR_T5/install/servo_service/share/servo_service/local_setup.sh
[0.618s] -- Up-to-date symlink: /home/bilhr2025/Downloads/BILHR_T5/install/servo_service/share/servo_service/local_setup.zsh
[0.618s] -- Up-to-date symlink: /home/bilhr2025/Downloads/BILHR_T5/install/servo_service/share/servo_service/local_setup.dsv
[0.619s] -- Symlinking: /home/bilhr2025/Downloads/BILHR_T5/install/servo_service/share/servo_service/package.dsv
[0.629s] -- Up-to-date symlink: /home/bilhr2025/Downloads/BILHR_T5/install/servo_service/share/ament_index/resource_index/packages/servo_service
[0.629s] -- Up-to-date symlink: /home/bilhr2025/Downloads/BILHR_T5/install/servo_service/share/servo_service/cmake/rosidl_cmake-extras.cmake
[0.629s] -- Up-to-date symlink: /home/bilhr2025/Downloads/BILHR_T5/install/servo_service/share/servo_service/cmake/ament_cmake_export_dependencies-extras.cmake
[0.629s] -- Up-to-date symlink: /home/bilhr2025/Downloads/BILHR_T5/install/servo_service/share/servo_service/cmake/ament_cmake_export_include_directories-extras.cmake
[0.630s] -- Up-to-date symlink: /home/bilhr2025/Downloads/BILHR_T5/install/servo_service/share/servo_service/cmake/ament_cmake_export_libraries-extras.cmake
[0.630s] -- Up-to-date symlink: /home/bilhr2025/Downloads/BILHR_T5/install/servo_service/share/servo_service/cmake/ament_cmake_export_targets-extras.cmake
[0.630s] -- Up-to-date symlink: /home/bilhr2025/Downloads/BILHR_T5/install/servo_service/share/servo_service/cmake/rosidl_cmake_export_typesupport_targets-extras.cmake
[0.630s] -- Up-to-date symlink: /home/bilhr2025/Downloads/BILHR_T5/install/servo_service/share/servo_service/cmake/rosidl_cmake_export_typesupport_libraries-extras.cmake
[0.630s] -- Up-to-date symlink: /home/bilhr2025/Downloads/BILHR_T5/install/servo_service/share/servo_service/cmake/servo_serviceConfig.cmake
[0.631s] -- Up-to-date symlink: /home/bilhr2025/Downloads/BILHR_T5/install/servo_service/share/servo_service/cmake/servo_serviceConfig-version.cmake
[0.631s] -- Up-to-date symlink: /home/bilhr2025/Downloads/BILHR_T5/install/servo_service/share/servo_service/package.xml
[0.631s] -- Up-to-date: /home/bilhr2025/Downloads/BILHR_T5/install/servo_service/lib/libservo_service__rosidl_generator_c.so
[0.632s] -- Up-to-date: /home/bilhr2025/Downloads/BILHR_T5/install/servo_service/lib/libservo_service__rosidl_typesupport_fastrtps_c.so
[0.632s] -- Up-to-date: /home/bilhr2025/Downloads/BILHR_T5/install/servo_service/lib/libservo_service__rosidl_typesupport_fastrtps_cpp.so
[0.633s] -- Up-to-date: /home/bilhr2025/Downloads/BILHR_T5/install/servo_service/lib/libservo_service__rosidl_typesupport_introspection_c.so
[0.633s] -- Up-to-date: /home/bilhr2025/Downloads/BILHR_T5/install/servo_service/lib/libservo_service__rosidl_typesupport_c.so
[0.634s] -- Up-to-date: /home/bilhr2025/Downloads/BILHR_T5/install/servo_service/lib/libservo_service__rosidl_typesupport_introspection_cpp.so
[0.634s] -- Up-to-date: /home/bilhr2025/Downloads/BILHR_T5/install/servo_service/lib/libservo_service__rosidl_typesupport_cpp.so
[0.669s] Listing '/home/bilhr2025/Downloads/BILHR_T5/install/servo_service/lib/python3.12/site-packages/servo_service'...
[0.670s] Listing '/home/bilhr2025/Downloads/BILHR_T5/install/servo_service/lib/python3.12/site-packages/servo_service/msg'...
[0.670s] Listing '/home/bilhr2025/Downloads/BILHR_T5/install/servo_service/lib/python3.12/site-packages/servo_service/srv'...
[0.675s] -- Up-to-date: /home/bilhr2025/Downloads/BILHR_T5/install/servo_service/lib/libservo_service__rosidl_generator_py.so
[0.675s] -- Up-to-date: /home/bilhr2025/Downloads/BILHR_T5/install/servo_service/share/servo_service/cmake/export_servo_service__rosidl_generator_cExport.cmake
[0.675s] -- Up-to-date: /home/bilhr2025/Downloads/BILHR_T5/install/servo_service/share/servo_service/cmake/export_servo_service__rosidl_generator_cExport-noconfig.cmake
[0.676s] -- Up-to-date: /home/bilhr2025/Downloads/BILHR_T5/install/servo_service/share/servo_service/cmake/export_servo_service__rosidl_typesupport_fastrtps_cExport.cmake
[0.676s] -- Up-to-date: /home/bilhr2025/Downloads/BILHR_T5/install/servo_service/share/servo_service/cmake/export_servo_service__rosidl_typesupport_fastrtps_cExport-noconfig.cmake
[0.676s] -- Up-to-date: /home/bilhr2025/Downloads/BILHR_T5/install/servo_service/share/servo_service/cmake/export_servo_service__rosidl_generator_cppExport.cmake
[0.676s] -- Up-to-date: /home/bilhr2025/Downloads/BILHR_T5/install/servo_service/share/servo_service/cmake/export_servo_service__rosidl_typesupport_fastrtps_cppExport.cmake
[0.676s] -- Up-to-date: /home/bilhr2025/Downloads/BILHR_T5/install/servo_service/share/servo_service/cmake/export_servo_service__rosidl_typesupport_fastrtps_cppExport-noconfig.cmake
[0.677s] -- Up-to-date: /home/bilhr2025/Downloads/BILHR_T5/install/servo_service/share/servo_service/cmake/servo_service__rosidl_typesupport_introspection_cExport.cmake
[0.677s] -- Up-to-date: /home/bilhr2025/Downloads/BILHR_T5/install/servo_service/share/servo_service/cmake/servo_service__rosidl_typesupport_introspection_cExport-noconfig.cmake
[0.677s] -- Up-to-date: /home/bilhr2025/Downloads/BILHR_T5/install/servo_service/share/servo_service/cmake/servo_service__rosidl_typesupport_cExport.cmake
[0.677s] -- Up-to-date: /home/bilhr2025/Downloads/BILHR_T5/install/servo_service/share/servo_service/cmake/servo_service__rosidl_typesupport_cExport-noconfig.cmake
[0.677s] -- Up-to-date: /home/bilhr2025/Downloads/BILHR_T5/install/servo_service/share/servo_service/cmake/servo_service__rosidl_typesupport_introspection_cppExport.cmake
[0.677s] -- Up-to-date: /home/bilhr2025/Downloads/BILHR_T5/install/servo_service/share/servo_service/cmake/servo_service__rosidl_typesupport_introspection_cppExport-noconfig.cmake
[0.677s] -- Up-to-date: /home/bilhr2025/Downloads/BILHR_T5/install/servo_service/share/servo_service/cmake/servo_service__rosidl_typesupport_cppExport.cmake
[0.677s] -- Up-to-date: /home/bilhr2025/Downloads/BILHR_T5/install/servo_service/share/servo_service/cmake/servo_service__rosidl_typesupport_cppExport-noconfig.cmake
[0.678s] -- Up-to-date: /home/bilhr2025/Downloads/BILHR_T5/install/servo_service/share/servo_service/cmake/export_servo_service__rosidl_generator_pyExport.cmake
[0.678s] -- Up-to-date: /home/bilhr2025/Downloads/BILHR_T5/install/servo_service/share/servo_service/cmake/export_servo_service__rosidl_generator_pyExport-noconfig.cmake
[0.679s] Invoked command in '/home/bilhr2025/Downloads/BILHR_T5/build/servo_service' returned '0': CMAKE_PREFIX_PATH=${CMAKE_PREFIX_PATH}:/opt/ros/jazzy DEBUGINFOD_URLS=https://debuginfod.ubuntu.com /usr/bin/cmake --install /home/bilhr2025/Downloads/BILHR_T5/build/servo_service
