/home/bilhr2025/Downloads/template_tB/ainex_bilhr_ws/src/install/ainex_neural_control/lib/python3.12/site-packages/ainex_neural_control/rl_dt_penalty_node.py
/home/bilhr2025/Downloads/template_tB/ainex_bilhr_ws/src/install/ainex_neural_control/lib/python3.12/site-packages/ainex_neural_control/robot_neural_controller.py
/home/bilhr2025/Downloads/template_tB/ainex_bilhr_ws/src/install/ainex_neural_control/lib/python3.12/site-packages/ainex_neural_control/rl_dt_penalty_kick.py
/home/bilhr2025/Downloads/template_tB/ainex_bilhr_ws/src/install/ainex_neural_control/lib/python3.12/site-packages/ainex_neural_control/robot_cmac_controller.py
/home/bilhr2025/Downloads/template_tB/ainex_bilhr_ws/src/install/ainex_neural_control/lib/python3.12/site-packages/ainex_neural_control/cmac.py
/home/bilhr2025/Downloads/template_tB/ainex_bilhr_ws/src/install/ainex_neural_control/lib/python3.12/site-packages/ainex_neural_control/__init__.py
/home/bilhr2025/Downloads/template_tB/ainex_bilhr_ws/src/install/ainex_neural_control/lib/python3.12/site-packages/ainex_neural_control/rl_dt_penalty_launch.py
/home/bilhr2025/Downloads/template_tB/ainex_bilhr_ws/src/install/ainex_neural_control/lib/python3.12/site-packages/ainex_neural_control/manual_reward_node.py
/home/bilhr2025/Downloads/template_tB/ainex_bilhr_ws/src/install/ainex_neural_control/lib/python3.12/site-packages/ainex_neural_control/cmac_network.py
/home/bilhr2025/Downloads/template_tB/ainex_bilhr_ws/src/install/ainex_neural_control/lib/python3.12/site-packages/ainex_neural_control/__pycache__/rl_dt_penalty_node.cpython-312.pyc
/home/bilhr2025/Downloads/template_tB/ainex_bilhr_ws/src/install/ainex_neural_control/lib/python3.12/site-packages/ainex_neural_control/__pycache__/robot_neural_controller.cpython-312.pyc
/home/bilhr2025/Downloads/template_tB/ainex_bilhr_ws/src/install/ainex_neural_control/lib/python3.12/site-packages/ainex_neural_control/__pycache__/rl_dt_penalty_kick.cpython-312.pyc
/home/bilhr2025/Downloads/template_tB/ainex_bilhr_ws/src/install/ainex_neural_control/lib/python3.12/site-packages/ainex_neural_control/__pycache__/robot_cmac_controller.cpython-312.pyc
/home/bilhr2025/Downloads/template_tB/ainex_bilhr_ws/src/install/ainex_neural_control/lib/python3.12/site-packages/ainex_neural_control/__pycache__/cmac.cpython-312.pyc
/home/bilhr2025/Downloads/template_tB/ainex_bilhr_ws/src/install/ainex_neural_control/lib/python3.12/site-packages/ainex_neural_control/__pycache__/__init__.cpython-312.pyc
/home/bilhr2025/Downloads/template_tB/ainex_bilhr_ws/src/install/ainex_neural_control/lib/python3.12/site-packages/ainex_neural_control/__pycache__/rl_dt_penalty_launch.cpython-312.pyc
/home/bilhr2025/Downloads/template_tB/ainex_bilhr_ws/src/install/ainex_neural_control/lib/python3.12/site-packages/ainex_neural_control/__pycache__/manual_reward_node.cpython-312.pyc
/home/bilhr2025/Downloads/template_tB/ainex_bilhr_ws/src/install/ainex_neural_control/lib/python3.12/site-packages/ainex_neural_control/__pycache__/cmac_network.cpython-312.pyc
/home/bilhr2025/Downloads/template_tB/ainex_bilhr_ws/src/install/ainex_neural_control/share/ament_index/resource_index/packages/ainex_neural_control
/home/bilhr2025/Downloads/template_tB/ainex_bilhr_ws/src/install/ainex_neural_control/share/ainex_neural_control/package.xml
/home/bilhr2025/Downloads/template_tB/ainex_bilhr_ws/src/install/ainex_neural_control/lib/python3.12/site-packages/ainex_neural_control-0.0.0-py3.12.egg-info/dependency_links.txt
/home/bilhr2025/Downloads/template_tB/ainex_bilhr_ws/src/install/ainex_neural_control/lib/python3.12/site-packages/ainex_neural_control-0.0.0-py3.12.egg-info/PKG-INFO
/home/bilhr2025/Downloads/template_tB/ainex_bilhr_ws/src/install/ainex_neural_control/lib/python3.12/site-packages/ainex_neural_control-0.0.0-py3.12.egg-info/requires.txt
/home/bilhr2025/Downloads/template_tB/ainex_bilhr_ws/src/install/ainex_neural_control/lib/python3.12/site-packages/ainex_neural_control-0.0.0-py3.12.egg-info/zip-safe
/home/bilhr2025/Downloads/template_tB/ainex_bilhr_ws/src/install/ainex_neural_control/lib/python3.12/site-packages/ainex_neural_control-0.0.0-py3.12.egg-info/entry_points.txt
/home/bilhr2025/Downloads/template_tB/ainex_bilhr_ws/src/install/ainex_neural_control/lib/python3.12/site-packages/ainex_neural_control-0.0.0-py3.12.egg-info/SOURCES.txt
/home/bilhr2025/Downloads/template_tB/ainex_bilhr_ws/src/install/ainex_neural_control/lib/python3.12/site-packages/ainex_neural_control-0.0.0-py3.12.egg-info/top_level.txt
/home/bilhr2025/Downloads/template_tB/ainex_bilhr_ws/src/install/ainex_neural_control/lib/ainex_neural_control/manual_reward_node
/home/bilhr2025/Downloads/template_tB/ainex_bilhr_ws/src/install/ainex_neural_control/lib/ainex_neural_control/rl_dt_penalty_node
/home/bilhr2025/Downloads/template_tB/ainex_bilhr_ws/src/install/ainex_neural_control/lib/ainex_neural_control/robot_cmac_controller
/home/bilhr2025/Downloads/template_tB/ainex_bilhr_ws/src/install/ainex_neural_control/lib/ainex_neural_control/robot_neural_controller
