[1.188s] Invoking command in '/home/bilhr2025/Downloads/template_tB/ainex_bilhr_ws/build/ainex_neural_control': DEBUGINFOD_URLS=https://debuginfod.ubuntu.com PYTHONPATH=/home/bilhr2025/Downloads/template_tB/ainex_bilhr_ws/build/ainex_neural_control/prefix_override:/usr/lib/python3/dist-packages/colcon_core/task/python/colcon_distutils_commands:/home/bilhr2025/Downloads/template_tB/ainex_bilhr_ws/install/ainex_neural_control/lib/python3.12/site-packages:${PYTHONPATH} /usr/bin/python3 -W ignore:setup.py install is deprecated -W ignore:easy_install command is deprecated setup.py develop --uninstall --editable --build-directory /home/bilhr2025/Downloads/template_tB/ainex_bilhr_ws/build/ainex_neural_control/build
[1.556s] running develop
[1.899s] Removing /home/bilhr2025/Downloads/template_tB/ainex_bilhr_ws/install/ainex_neural_control/lib/python3.12/site-packages/ainex-neural-control.egg-link (link to .)
[1.964s] Invoked command in '/home/bilhr2025/Downloads/template_tB/ainex_bilhr_ws/build/ainex_neural_control' returned '0': DEBUGINFOD_URLS=https://debuginfod.ubuntu.com PYTHONPATH=/home/bilhr2025/Downloads/template_tB/ainex_bilhr_ws/build/ainex_neural_control/prefix_override:/usr/lib/python3/dist-packages/colcon_core/task/python/colcon_distutils_commands:/home/bilhr2025/Downloads/template_tB/ainex_bilhr_ws/install/ainex_neural_control/lib/python3.12/site-packages:${PYTHONPATH} /usr/bin/python3 -W ignore:setup.py install is deprecated -W ignore:easy_install command is deprecated setup.py develop --uninstall --editable --build-directory /home/bilhr2025/Downloads/template_tB/ainex_bilhr_ws/build/ainex_neural_control/build
[1.964s] Invoking command in '/home/bilhr2025/Downloads/template_tB/ainex_bilhr_ws/src/ainex_neural_control': DEBUGINFOD_URLS=https://debuginfod.ubuntu.com PYTHONPATH=/home/bilhr2025/Downloads/template_tB/ainex_bilhr_ws/build/ainex_neural_control/prefix_override:/usr/lib/python3/dist-packages/colcon_core/task/python/colcon_distutils_commands:/home/bilhr2025/Downloads/template_tB/ainex_bilhr_ws/install/ainex_neural_control/lib/python3.12/site-packages:${PYTHONPATH} /usr/bin/python3 -W ignore:setup.py install is deprecated -W ignore:easy_install command is deprecated setup.py egg_info --egg-base ../../build/ainex_neural_control build --build-base /home/bilhr2025/Downloads/template_tB/ainex_bilhr_ws/build/ainex_neural_control/build install --record /home/bilhr2025/Downloads/template_tB/ainex_bilhr_ws/build/ainex_neural_control/install.log --single-version-externally-managed install_data --force
[2.312s] running egg_info
[2.342s] writing ../../build/ainex_neural_control/ainex_neural_control.egg-info/PKG-INFO
[2.342s] writing dependency_links to ../../build/ainex_neural_control/ainex_neural_control.egg-info/dependency_links.txt
[2.342s] writing entry points to ../../build/ainex_neural_control/ainex_neural_control.egg-info/entry_points.txt
[2.343s] writing requirements to ../../build/ainex_neural_control/ainex_neural_control.egg-info/requires.txt
[2.343s] writing top-level names to ../../build/ainex_neural_control/ainex_neural_control.egg-info/top_level.txt
[2.403s] reading manifest file '../../build/ainex_neural_control/ainex_neural_control.egg-info/SOURCES.txt'
[2.404s] writing manifest file '../../build/ainex_neural_control/ainex_neural_control.egg-info/SOURCES.txt'
[2.404s] running build
[2.404s] running build_py
[2.404s] copying ainex_neural_control/rl_dt_penalty_node.py -> /home/bilhr2025/Downloads/template_tB/ainex_bilhr_ws/build/ainex_neural_control/build/lib/ainex_neural_control
[2.404s] copying ainex_neural_control/cmac.py -> /home/bilhr2025/Downloads/template_tB/ainex_bilhr_ws/build/ainex_neural_control/build/lib/ainex_neural_control
[2.405s] running install
[2.420s] running install_lib
[2.464s] creating /home/bilhr2025/Downloads/template_tB/ainex_bilhr_ws/install/ainex_neural_control/lib/python3.12/site-packages/ainex_neural_control
[2.464s] copying /home/bilhr2025/Downloads/template_tB/ainex_bilhr_ws/build/ainex_neural_control/build/lib/ainex_neural_control/rl_dt_penalty_node.py -> /home/bilhr2025/Downloads/template_tB/ainex_bilhr_ws/install/ainex_neural_control/lib/python3.12/site-packages/ainex_neural_control
[2.464s] copying /home/bilhr2025/Downloads/template_tB/ainex_bilhr_ws/build/ainex_neural_control/build/lib/ainex_neural_control/robot_neural_controller.py -> /home/bilhr2025/Downloads/template_tB/ainex_bilhr_ws/install/ainex_neural_control/lib/python3.12/site-packages/ainex_neural_control
[2.464s] copying /home/bilhr2025/Downloads/template_tB/ainex_bilhr_ws/build/ainex_neural_control/build/lib/ainex_neural_control/rl_dt_penalty_kick.py -> /home/bilhr2025/Downloads/template_tB/ainex_bilhr_ws/install/ainex_neural_control/lib/python3.12/site-packages/ainex_neural_control
[2.464s] copying /home/bilhr2025/Downloads/template_tB/ainex_bilhr_ws/build/ainex_neural_control/build/lib/ainex_neural_control/robot_cmac_controller.py -> /home/bilhr2025/Downloads/template_tB/ainex_bilhr_ws/install/ainex_neural_control/lib/python3.12/site-packages/ainex_neural_control
[2.464s] copying /home/bilhr2025/Downloads/template_tB/ainex_bilhr_ws/build/ainex_neural_control/build/lib/ainex_neural_control/cmac.py -> /home/bilhr2025/Downloads/template_tB/ainex_bilhr_ws/install/ainex_neural_control/lib/python3.12/site-packages/ainex_neural_control
[2.464s] copying /home/bilhr2025/Downloads/template_tB/ainex_bilhr_ws/build/ainex_neural_control/build/lib/ainex_neural_control/__init__.py -> /home/bilhr2025/Downloads/template_tB/ainex_bilhr_ws/install/ainex_neural_control/lib/python3.12/site-packages/ainex_neural_control
[2.465s] copying /home/bilhr2025/Downloads/template_tB/ainex_bilhr_ws/build/ainex_neural_control/build/lib/ainex_neural_control/rl_dt_penalty_launch.py -> /home/bilhr2025/Downloads/template_tB/ainex_bilhr_ws/install/ainex_neural_control/lib/python3.12/site-packages/ainex_neural_control
[2.465s] copying /home/bilhr2025/Downloads/template_tB/ainex_bilhr_ws/build/ainex_neural_control/build/lib/ainex_neural_control/manual_reward_node.py -> /home/bilhr2025/Downloads/template_tB/ainex_bilhr_ws/install/ainex_neural_control/lib/python3.12/site-packages/ainex_neural_control
[2.465s] copying /home/bilhr2025/Downloads/template_tB/ainex_bilhr_ws/build/ainex_neural_control/build/lib/ainex_neural_control/cmac_network.py -> /home/bilhr2025/Downloads/template_tB/ainex_bilhr_ws/install/ainex_neural_control/lib/python3.12/site-packages/ainex_neural_control
[2.465s] byte-compiling /home/bilhr2025/Downloads/template_tB/ainex_bilhr_ws/install/ainex_neural_control/lib/python3.12/site-packages/ainex_neural_control/rl_dt_penalty_node.py to rl_dt_penalty_node.cpython-312.pyc
[2.466s] byte-compiling /home/bilhr2025/Downloads/template_tB/ainex_bilhr_ws/install/ainex_neural_control/lib/python3.12/site-packages/ainex_neural_control/robot_neural_controller.py to robot_neural_controller.cpython-312.pyc
[2.470s] byte-compiling /home/bilhr2025/Downloads/template_tB/ainex_bilhr_ws/install/ainex_neural_control/lib/python3.12/site-packages/ainex_neural_control/rl_dt_penalty_kick.py to rl_dt_penalty_kick.cpython-312.pyc
[2.474s] byte-compiling /home/bilhr2025/Downloads/template_tB/ainex_bilhr_ws/install/ainex_neural_control/lib/python3.12/site-packages/ainex_neural_control/robot_cmac_controller.py to robot_cmac_controller.cpython-312.pyc
[2.477s] byte-compiling /home/bilhr2025/Downloads/template_tB/ainex_bilhr_ws/install/ainex_neural_control/lib/python3.12/site-packages/ainex_neural_control/cmac.py to cmac.cpython-312.pyc
[2.481s] byte-compiling /home/bilhr2025/Downloads/template_tB/ainex_bilhr_ws/install/ainex_neural_control/lib/python3.12/site-packages/ainex_neural_control/__init__.py to __init__.cpython-312.pyc
[2.482s] byte-compiling /home/bilhr2025/Downloads/template_tB/ainex_bilhr_ws/install/ainex_neural_control/lib/python3.12/site-packages/ainex_neural_control/rl_dt_penalty_launch.py to rl_dt_penalty_launch.cpython-312.pyc
[2.482s] byte-compiling /home/bilhr2025/Downloads/template_tB/ainex_bilhr_ws/install/ainex_neural_control/lib/python3.12/site-packages/ainex_neural_control/manual_reward_node.py to manual_reward_node.cpython-312.pyc
[2.483s] byte-compiling /home/bilhr2025/Downloads/template_tB/ainex_bilhr_ws/install/ainex_neural_control/lib/python3.12/site-packages/ainex_neural_control/cmac_network.py to cmac_network.cpython-312.pyc
[2.485s] running install_data
[2.485s] copying resource/ainex_neural_control -> /home/bilhr2025/Downloads/template_tB/ainex_bilhr_ws/install/ainex_neural_control/share/ament_index/resource_index/packages
[2.486s] copying package.xml -> /home/bilhr2025/Downloads/template_tB/ainex_bilhr_ws/install/ainex_neural_control/share/ainex_neural_control
[2.486s] running install_egg_info
[2.527s] Copying ../../build/ainex_neural_control/ainex_neural_control.egg-info to /home/bilhr2025/Downloads/template_tB/ainex_bilhr_ws/install/ainex_neural_control/lib/python3.12/site-packages/ainex_neural_control-0.0.0-py3.12.egg-info
[2.529s] running install_scripts
[2.775s] Installing manual_reward_node script to /home/bilhr2025/Downloads/template_tB/ainex_bilhr_ws/install/ainex_neural_control/lib/ainex_neural_control
[2.776s] Installing rl_dt_penalty_node script to /home/bilhr2025/Downloads/template_tB/ainex_bilhr_ws/install/ainex_neural_control/lib/ainex_neural_control
[2.776s] Installing robot_cmac_controller script to /home/bilhr2025/Downloads/template_tB/ainex_bilhr_ws/install/ainex_neural_control/lib/ainex_neural_control
[2.776s] Installing robot_neural_controller script to /home/bilhr2025/Downloads/template_tB/ainex_bilhr_ws/install/ainex_neural_control/lib/ainex_neural_control
[2.778s] writing list of installed files to '/home/bilhr2025/Downloads/template_tB/ainex_bilhr_ws/build/ainex_neural_control/install.log'
[2.834s] Invoked command in '/home/bilhr2025/Downloads/template_tB/ainex_bilhr_ws/src/ainex_neural_control' returned '0': DEBUGINFOD_URLS=https://debuginfod.ubuntu.com PYTHONPATH=/home/bilhr2025/Downloads/template_tB/ainex_bilhr_ws/build/ainex_neural_control/prefix_override:/usr/lib/python3/dist-packages/colcon_core/task/python/colcon_distutils_commands:/home/bilhr2025/Downloads/template_tB/ainex_bilhr_ws/install/ainex_neural_control/lib/python3.12/site-packages:${PYTHONPATH} /usr/bin/python3 -W ignore:setup.py install is deprecated -W ignore:easy_install command is deprecated setup.py egg_info --egg-base ../../build/ainex_neural_control build --build-base /home/bilhr2025/Downloads/template_tB/ainex_bilhr_ws/build/ainex_neural_control/build install --record /home/bilhr2025/Downloads/template_tB/ainex_bilhr_ws/build/ainex_neural_control/install.log --single-version-externally-managed install_data --force
