[1.190s] Invoking command in '/home/bilhr2025/Downloads/BILHR_T5/build/ainex_neural_control': DEBUGINFOD_URLS=https://debuginfod.ubuntu.com PYTHONPATH=/home/bilhr2025/Downloads/BILHR_T5/build/ainex_neural_control/prefix_override:/usr/lib/python3/dist-packages/colcon_core/task/python/colcon_distutils_commands:/home/bilhr2025/Downloads/BILHR_T5/install/ainex_neural_control/lib/python3.12/site-packages:${PYTHONPATH} /usr/bin/python3 -W ignore:setup.py install is deprecated -W ignore:easy_install command is deprecated setup.py develop --editable --build-directory /home/bilhr2025/Downloads/BILHR_T5/build/ainex_neural_control/build --no-deps symlink_data
[1.559s] running develop
[1.803s] running egg_info
[1.803s] creating ainex_neural_control.egg-info
[1.830s] writing ainex_neural_control.egg-info/PKG-INFO
[1.831s] writing dependency_links to ainex_neural_control.egg-info/dependency_links.txt
[1.831s] writing entry points to ainex_neural_control.egg-info/entry_points.txt
[1.831s] writing requirements to ainex_neural_control.egg-info/requires.txt
[1.831s] writing top-level names to ainex_neural_control.egg-info/top_level.txt
[1.831s] writing manifest file 'ainex_neural_control.egg-info/SOURCES.txt'
[1.882s] reading manifest file 'ainex_neural_control.egg-info/SOURCES.txt'
[1.883s] writing manifest file 'ainex_neural_control.egg-info/SOURCES.txt'
[1.909s] running build_ext
[1.910s] Creating /home/bilhr2025/Downloads/BILHR_T5/install/ainex_neural_control/lib/python3.12/site-packages/ainex-neural-control.egg-link (link to .)
[1.910s] Installing manual_reward_node script to /home/bilhr2025/Downloads/BILHR_T5/install/ainex_neural_control/lib/ainex_neural_control
[1.910s] Installing rl_dt_penalty_node script to /home/bilhr2025/Downloads/BILHR_T5/install/ainex_neural_control/lib/ainex_neural_control
[1.911s] Installing robot_cmac_controller script to /home/bilhr2025/Downloads/BILHR_T5/install/ainex_neural_control/lib/ainex_neural_control
[1.911s] Installing robot_neural_controller script to /home/bilhr2025/Downloads/BILHR_T5/install/ainex_neural_control/lib/ainex_neural_control
[1.911s] 
[1.911s] Installed /home/bilhr2025/Downloads/BILHR_T5/build/ainex_neural_control
[1.911s] running symlink_data
[1.912s] creating /home/bilhr2025/Downloads/BILHR_T5/install/ainex_neural_control/share/ament_index
[1.912s] creating /home/bilhr2025/Downloads/BILHR_T5/install/ainex_neural_control/share/ament_index/resource_index
[1.912s] creating /home/bilhr2025/Downloads/BILHR_T5/install/ainex_neural_control/share/ament_index/resource_index/packages
[1.912s] symbolically linking /home/bilhr2025/Downloads/BILHR_T5/build/ainex_neural_control/resource/ainex_neural_control -> /home/bilhr2025/Downloads/BILHR_T5/install/ainex_neural_control/share/ament_index/resource_index/packages
[1.912s] symbolically linking /home/bilhr2025/Downloads/BILHR_T5/build/ainex_neural_control/package.xml -> /home/bilhr2025/Downloads/BILHR_T5/install/ainex_neural_control/share/ainex_neural_control
[1.952s] Invoked command in '/home/bilhr2025/Downloads/BILHR_T5/build/ainex_neural_control' returned '0': DEBUGINFOD_URLS=https://debuginfod.ubuntu.com PYTHONPATH=/home/bilhr2025/Downloads/BILHR_T5/build/ainex_neural_control/prefix_override:/usr/lib/python3/dist-packages/colcon_core/task/python/colcon_distutils_commands:/home/bilhr2025/Downloads/BILHR_T5/install/ainex_neural_control/lib/python3.12/site-packages:${PYTHONPATH} /usr/bin/python3 -W ignore:setup.py install is deprecated -W ignore:easy_install command is deprecated setup.py develop --editable --build-directory /home/bilhr2025/Downloads/BILHR_T5/build/ainex_neural_control/build --no-deps symlink_data
