running egg_info
writing ../build/ainex_motion/ainex_motion.egg-info/PKG-INFO
writing dependency_links to ../build/ainex_motion/ainex_motion.egg-info/dependency_links.txt
writing entry points to ../build/ainex_motion/ainex_motion.egg-info/entry_points.txt
writing requirements to ../build/ainex_motion/ainex_motion.egg-info/requires.txt
writing top-level names to ../build/ainex_motion/ainex_motion.egg-info/top_level.txt
reading manifest file '../build/ainex_motion/ainex_motion.egg-info/SOURCES.txt'
writing manifest file '../build/ainex_motion/ainex_motion.egg-info/SOURCES.txt'
running build
running build_py
running install
running install_lib
running install_data
running install_egg_info
removing '/home/bilhr2025/Downloads/template_tB/ainex_bilhr_ws/src/install/ainex_motion/lib/python3.12/site-packages/ainex_motion-0.0.0-py3.12.egg-info' (and everything under it)
Copying ../build/ainex_motion/ainex_motion.egg-info to /home/bilhr2025/Downloads/template_tB/ainex_bilhr_ws/src/install/ainex_motion/lib/python3.12/site-packages/ainex_motion-0.0.0-py3.12.egg-info
running install_scripts
Installing ainex_motion_node script to /home/bilhr2025/Downloads/template_tB/ainex_bilhr_ws/src/install/ainex_motion/lib/ainex_motion
Installing joint_controller script to /home/bilhr2025/Downloads/template_tB/ainex_bilhr_ws/src/install/ainex_motion/lib/ainex_motion
Installing joint_visualization_node script to /home/bilhr2025/Downloads/template_tB/ainex_bilhr_ws/src/install/ainex_motion/lib/ainex_motion
Installing keyboard_input_node script to /home/bilhr2025/Downloads/template_tB/ainex_bilhr_ws/src/install/ainex_motion/lib/ainex_motion
writing list of installed files to '/home/bilhr2025/Downloads/template_tB/ainex_bilhr_ws/src/build/ainex_motion/install.log'
