[1.186s] Invoking command in '/home/bilhr2025/Downloads/template_tB/ainex_bilhr_ws/build/ainex_vision': DEBUGINFOD_URLS=https://debuginfod.ubuntu.com PYTHONPATH=/home/bilhr2025/Downloads/template_tB/ainex_bilhr_ws/build/ainex_vision/prefix_override:/usr/lib/python3/dist-packages/colcon_core/task/python/colcon_distutils_commands:/home/bilhr2025/Downloads/template_tB/ainex_bilhr_ws/install/ainex_vision/lib/python3.12/site-packages:${PYTHONPATH} /usr/bin/python3 -W ignore:setup.py install is deprecated -W ignore:easy_install command is deprecated setup.py develop --uninstall --editable --build-directory /home/bilhr2025/Downloads/template_tB/ainex_bilhr_ws/build/ainex_vision/build
[1.535s] running develop
[1.837s] Removing /home/bilhr2025/Downloads/template_tB/ainex_bilhr_ws/install/ainex_vision/lib/python3.12/site-packages/ainex-vision.egg-link (link to .)
[1.876s] Invoked command in '/home/bilhr2025/Downloads/template_tB/ainex_bilhr_ws/build/ainex_vision' returned '0': DEBUGINFOD_URLS=https://debuginfod.ubuntu.com PYTHONPATH=/home/bilhr2025/Downloads/template_tB/ainex_bilhr_ws/build/ainex_vision/prefix_override:/usr/lib/python3/dist-packages/colcon_core/task/python/colcon_distutils_commands:/home/bilhr2025/Downloads/template_tB/ainex_bilhr_ws/install/ainex_vision/lib/python3.12/site-packages:${PYTHONPATH} /usr/bin/python3 -W ignore:setup.py install is deprecated -W ignore:easy_install command is deprecated setup.py develop --uninstall --editable --build-directory /home/bilhr2025/Downloads/template_tB/ainex_bilhr_ws/build/ainex_vision/build
[1.877s] Invoking command in '/home/bilhr2025/Downloads/template_tB/ainex_bilhr_ws/src/ainex_vision': DEBUGINFOD_URLS=https://debuginfod.ubuntu.com PYTHONPATH=/home/bilhr2025/Downloads/template_tB/ainex_bilhr_ws/build/ainex_vision/prefix_override:/usr/lib/python3/dist-packages/colcon_core/task/python/colcon_distutils_commands:/home/bilhr2025/Downloads/template_tB/ainex_bilhr_ws/install/ainex_vision/lib/python3.12/site-packages:${PYTHONPATH} /usr/bin/python3 -W ignore:setup.py install is deprecated -W ignore:easy_install command is deprecated setup.py egg_info --egg-base ../../build/ainex_vision build --build-base /home/bilhr2025/Downloads/template_tB/ainex_bilhr_ws/build/ainex_vision/build install --record /home/bilhr2025/Downloads/template_tB/ainex_bilhr_ws/build/ainex_vision/install.log --single-version-externally-managed install_data --force
[2.340s] running egg_info
[2.376s] writing ../../build/ainex_vision/ainex_vision.egg-info/PKG-INFO
[2.376s] writing dependency_links to ../../build/ainex_vision/ainex_vision.egg-info/dependency_links.txt
[2.377s] writing entry points to ../../build/ainex_vision/ainex_vision.egg-info/entry_points.txt
[2.377s] writing requirements to ../../build/ainex_vision/ainex_vision.egg-info/requires.txt
[2.377s] writing top-level names to ../../build/ainex_vision/ainex_vision.egg-info/top_level.txt
[2.450s] reading manifest file '../../build/ainex_vision/ainex_vision.egg-info/SOURCES.txt'
[2.456s] writing manifest file '../../build/ainex_vision/ainex_vision.egg-info/SOURCES.txt'
[2.456s] running build
[2.457s] running build_py
[2.457s] copying ainex_vision/camera_sub.py -> /home/bilhr2025/Downloads/template_tB/ainex_bilhr_ws/build/ainex_vision/build/lib/ainex_vision
[2.457s] running install
[2.464s] running install_lib
[2.501s] creating /home/bilhr2025/Downloads/template_tB/ainex_bilhr_ws/install/ainex_vision/lib/python3.12/site-packages/ainex_vision
[2.501s] copying /home/bilhr2025/Downloads/template_tB/ainex_bilhr_ws/build/ainex_vision/build/lib/ainex_vision/__init__.py -> /home/bilhr2025/Downloads/template_tB/ainex_bilhr_ws/install/ainex_vision/lib/python3.12/site-packages/ainex_vision
[2.501s] copying /home/bilhr2025/Downloads/template_tB/ainex_bilhr_ws/build/ainex_vision/build/lib/ainex_vision/camera_sub.py -> /home/bilhr2025/Downloads/template_tB/ainex_bilhr_ws/install/ainex_vision/lib/python3.12/site-packages/ainex_vision
[2.505s] byte-compiling /home/bilhr2025/Downloads/template_tB/ainex_bilhr_ws/install/ainex_vision/lib/python3.12/site-packages/ainex_vision/__init__.py to __init__.cpython-312.pyc
[2.505s] byte-compiling /home/bilhr2025/Downloads/template_tB/ainex_bilhr_ws/install/ainex_vision/lib/python3.12/site-packages/ainex_vision/camera_sub.py to camera_sub.cpython-312.pyc
[2.506s] running install_data
[2.506s] copying resource/ainex_vision -> /home/bilhr2025/Downloads/template_tB/ainex_bilhr_ws/install/ainex_vision/share/ament_index/resource_index/packages
[2.506s] copying package.xml -> /home/bilhr2025/Downloads/template_tB/ainex_bilhr_ws/install/ainex_vision/share/ainex_vision
[2.506s] running install_egg_info
[2.545s] Copying ../../build/ainex_vision/ainex_vision.egg-info to /home/bilhr2025/Downloads/template_tB/ainex_bilhr_ws/install/ainex_vision/lib/python3.12/site-packages/ainex_vision-0.0.0-py3.12.egg-info
[2.546s] running install_scripts
[2.786s] Installing camera_sub script to /home/bilhr2025/Downloads/template_tB/ainex_bilhr_ws/install/ainex_vision/lib/ainex_vision
[2.787s] writing list of installed files to '/home/bilhr2025/Downloads/template_tB/ainex_bilhr_ws/build/ainex_vision/install.log'
[2.842s] Invoked command in '/home/bilhr2025/Downloads/template_tB/ainex_bilhr_ws/src/ainex_vision' returned '0': DEBUGINFOD_URLS=https://debuginfod.ubuntu.com PYTHONPATH=/home/bilhr2025/Downloads/template_tB/ainex_bilhr_ws/build/ainex_vision/prefix_override:/usr/lib/python3/dist-packages/colcon_core/task/python/colcon_distutils_commands:/home/bilhr2025/Downloads/template_tB/ainex_bilhr_ws/install/ainex_vision/lib/python3.12/site-packages:${PYTHONPATH} /usr/bin/python3 -W ignore:setup.py install is deprecated -W ignore:easy_install command is deprecated setup.py egg_info --egg-base ../../build/ainex_vision build --build-base /home/bilhr2025/Downloads/template_tB/ainex_bilhr_ws/build/ainex_vision/build install --record /home/bilhr2025/Downloads/template_tB/ainex_bilhr_ws/build/ainex_vision/install.log --single-version-externally-managed install_data --force
