running develop
Removing /home/bilhr2025/Downloads/template_tB/ainex_bilhr_ws/src/install/ainex_vision/lib/python3.12/site-packages/ainex-vision.egg-link (link to .)
running egg_info
writing ../build/ainex_vision/ainex_vision.egg-info/PKG-INFO
writing dependency_links to ../build/ainex_vision/ainex_vision.egg-info/dependency_links.txt
writing entry points to ../build/ainex_vision/ainex_vision.egg-info/entry_points.txt
writing requirements to ../build/ainex_vision/ainex_vision.egg-info/requires.txt
writing top-level names to ../build/ainex_vision/ainex_vision.egg-info/top_level.txt
reading manifest file '../build/ainex_vision/ainex_vision.egg-info/SOURCES.txt'
writing manifest file '../build/ainex_vision/ainex_vision.egg-info/SOURCES.txt'
running build
running build_py
running install
running install_lib
creating /home/bilhr2025/Downloads/template_tB/ainex_bilhr_ws/src/install/ainex_vision/lib/python3.12/site-packages/ainex_vision
copying /home/bilhr2025/Downloads/template_tB/ainex_bilhr_ws/src/build/ainex_vision/build/lib/ainex_vision/__init__.py -> /home/bilhr2025/Downloads/template_tB/ainex_bilhr_ws/src/install/ainex_vision/lib/python3.12/site-packages/ainex_vision
copying /home/bilhr2025/Downloads/template_tB/ainex_bilhr_ws/src/build/ainex_vision/build/lib/ainex_vision/camera_sub.py -> /home/bilhr2025/Downloads/template_tB/ainex_bilhr_ws/src/install/ainex_vision/lib/python3.12/site-packages/ainex_vision
byte-compiling /home/bilhr2025/Downloads/template_tB/ainex_bilhr_ws/src/install/ainex_vision/lib/python3.12/site-packages/ainex_vision/__init__.py to __init__.cpython-312.pyc
byte-compiling /home/bilhr2025/Downloads/template_tB/ainex_bilhr_ws/src/install/ainex_vision/lib/python3.12/site-packages/ainex_vision/camera_sub.py to camera_sub.cpython-312.pyc
running install_data
copying resource/ainex_vision -> /home/bilhr2025/Downloads/template_tB/ainex_bilhr_ws/src/install/ainex_vision/share/ament_index/resource_index/packages
copying package.xml -> /home/bilhr2025/Downloads/template_tB/ainex_bilhr_ws/src/install/ainex_vision/share/ainex_vision
running install_egg_info
Copying ../build/ainex_vision/ainex_vision.egg-info to /home/bilhr2025/Downloads/template_tB/ainex_bilhr_ws/src/install/ainex_vision/lib/python3.12/site-packages/ainex_vision-0.0.0-py3.12.egg-info
running install_scripts
Installing camera_sub script to /home/bilhr2025/Downloads/template_tB/ainex_bilhr_ws/src/install/ainex_vision/lib/ainex_vision
writing list of installed files to '/home/bilhr2025/Downloads/template_tB/ainex_bilhr_ws/src/build/ainex_vision/install.log'
