[0.118s] DEBUG:colcon:Command line arguments: ['/usr/bin/colcon', 'build', '--symlink-install']
[0.118s] DEBUG:colcon:Parsed command line arguments: Namespace(log_base=None, log_level=None, verb_name='build', build_base='build', install_base='install', merge_install=False, symlink_install=True, test_result_base=None, continue_on_error=False, executor='parallel', parallel_workers=8, event_handlers=None, ignore_user_meta=False, metas=['./colcon.meta'], base_paths=['.'], packages_ignore=None, packages_ignore_regex=None, paths=None, packages_up_to=None, packages_up_to_regex=None, packages_above=None, packages_above_and_dependencies=None, packages_above_depth=None, packages_select_by_dep=None, packages_skip_by_dep=None, packages_skip_up_to=None, packages_select_build_failed=False, packages_skip_build_finished=False, packages_select_test_failures=False, packages_skip_test_passed=False, packages_select=None, packages_skip=None, packages_select_regex=None, packages_skip_regex=None, packages_start=None, packages_end=None, allow_overriding=[], cmake_args=None, cmake_target=None, cmake_target_skip_unavailable=False, cmake_clean_cache=False, cmake_clean_first=False, cmake_force_configure=False, ament_cmake_args=None, catkin_cmake_args=None, catkin_skip_building_tests=False, mixin_files=None, mixin=None, verb_parser=<colcon_mixin.mixin.mixin_argument.MixinArgumentDecorator object at 0x75d6e49a5700>, verb_extension=<colcon_core.verb.build.BuildVerb object at 0x75d6e49a5310>, main=<bound method BuildVerb.main of <colcon_core.verb.build.BuildVerb object at 0x75d6e49a5310>>, mixin_verb=('build',))
[0.159s] Level 1:colcon.colcon_core.package_discovery:discover_packages(colcon_meta) check parameters
[0.159s] Level 1:colcon.colcon_core.package_discovery:discover_packages(recursive) check parameters
[0.159s] Level 1:colcon.colcon_core.package_discovery:discover_packages(ignore) check parameters
[0.159s] Level 1:colcon.colcon_core.package_discovery:discover_packages(path) check parameters
[0.159s] Level 1:colcon.colcon_core.package_discovery:discover_packages(colcon_meta) discover
[0.159s] Level 1:colcon.colcon_core.package_discovery:discover_packages(recursive) discover
[0.159s] INFO:colcon.colcon_core.package_discovery:Crawling recursively for packages in '/home/bilhr2025/Downloads/BILHR_T5'
[0.159s] Level 1:colcon.colcon_core.package_identification:_identify(.) by extensions ['ignore', 'ignore_ament_install']
[0.159s] Level 1:colcon.colcon_core.package_identification:_identify(.) by extension 'ignore'
[0.159s] Level 1:colcon.colcon_core.package_identification:_identify(.) by extension 'ignore_ament_install'
[0.159s] Level 1:colcon.colcon_core.package_identification:_identify(.) by extensions ['colcon_pkg']
[0.160s] Level 1:colcon.colcon_core.package_identification:_identify(.) by extension 'colcon_pkg'
[0.160s] Level 1:colcon.colcon_core.package_identification:_identify(.) by extensions ['colcon_meta']
[0.160s] Level 1:colcon.colcon_core.package_identification:_identify(.) by extension 'colcon_meta'
[0.160s] Level 1:colcon.colcon_core.package_identification:_identify(.) by extensions ['ros']
[0.160s] Level 1:colcon.colcon_core.package_identification:_identify(.) by extension 'ros'
[0.186s] Level 1:colcon.colcon_core.package_identification:_identify(.) by extensions ['cmake', 'python']
[0.186s] Level 1:colcon.colcon_core.package_identification:_identify(.) by extension 'cmake'
[0.187s] Level 1:colcon.colcon_core.package_identification:_identify(.) by extension 'python'
[0.187s] Level 1:colcon.colcon_core.package_identification:_identify(.) by extensions ['python_setup_py']
[0.187s] Level 1:colcon.colcon_core.package_identification:_identify(.) by extension 'python_setup_py'
[0.187s] Level 1:colcon.colcon_core.package_identification:_identify(build) by extensions ['ignore', 'ignore_ament_install']
[0.187s] Level 1:colcon.colcon_core.package_identification:_identify(build) by extension 'ignore'
[0.187s] Level 1:colcon.colcon_core.package_identification:_identify(build) ignored
[0.187s] Level 1:colcon.colcon_core.package_identification:_identify(install) by extensions ['ignore', 'ignore_ament_install']
[0.187s] Level 1:colcon.colcon_core.package_identification:_identify(install) by extension 'ignore'
[0.187s] Level 1:colcon.colcon_core.package_identification:_identify(install) ignored
[0.187s] Level 1:colcon.colcon_core.package_identification:_identify(log) by extensions ['ignore', 'ignore_ament_install']
[0.188s] Level 1:colcon.colcon_core.package_identification:_identify(log) by extension 'ignore'
[0.188s] Level 1:colcon.colcon_core.package_identification:_identify(log) ignored
[0.188s] Level 1:colcon.colcon_core.package_identification:_identify(src) by extensions ['ignore', 'ignore_ament_install']
[0.188s] Level 1:colcon.colcon_core.package_identification:_identify(src) by extension 'ignore'
[0.188s] Level 1:colcon.colcon_core.package_identification:_identify(src) by extension 'ignore_ament_install'
[0.188s] Level 1:colcon.colcon_core.package_identification:_identify(src) by extensions ['colcon_pkg']
[0.188s] Level 1:colcon.colcon_core.package_identification:_identify(src) by extension 'colcon_pkg'
[0.188s] Level 1:colcon.colcon_core.package_identification:_identify(src) by extensions ['colcon_meta']
[0.188s] Level 1:colcon.colcon_core.package_identification:_identify(src) by extension 'colcon_meta'
[0.188s] Level 1:colcon.colcon_core.package_identification:_identify(src) by extensions ['ros']
[0.188s] Level 1:colcon.colcon_core.package_identification:_identify(src) by extension 'ros'
[0.188s] Level 1:colcon.colcon_core.package_identification:_identify(src) by extensions ['cmake', 'python']
[0.188s] Level 1:colcon.colcon_core.package_identification:_identify(src) by extension 'cmake'
[0.188s] Level 1:colcon.colcon_core.package_identification:_identify(src) by extension 'python'
[0.188s] Level 1:colcon.colcon_core.package_identification:_identify(src) by extensions ['python_setup_py']
[0.188s] Level 1:colcon.colcon_core.package_identification:_identify(src) by extension 'python_setup_py'
[0.188s] Level 1:colcon.colcon_core.package_identification:_identify(src/ainex_motion) by extensions ['ignore', 'ignore_ament_install']
[0.189s] Level 1:colcon.colcon_core.package_identification:_identify(src/ainex_motion) by extension 'ignore'
[0.189s] Level 1:colcon.colcon_core.package_identification:_identify(src/ainex_motion) by extension 'ignore_ament_install'
[0.189s] Level 1:colcon.colcon_core.package_identification:_identify(src/ainex_motion) by extensions ['colcon_pkg']
[0.189s] Level 1:colcon.colcon_core.package_identification:_identify(src/ainex_motion) by extension 'colcon_pkg'
[0.189s] Level 1:colcon.colcon_core.package_identification:_identify(src/ainex_motion) by extensions ['colcon_meta']
[0.189s] Level 1:colcon.colcon_core.package_identification:_identify(src/ainex_motion) by extension 'colcon_meta'
[0.189s] Level 1:colcon.colcon_core.package_identification:_identify(src/ainex_motion) by extensions ['ros']
[0.189s] Level 1:colcon.colcon_core.package_identification:_identify(src/ainex_motion) by extension 'ros'
[0.191s] DEBUG:colcon.colcon_core.package_identification:Package 'src/ainex_motion' with type 'ros.ament_python' and name 'ainex_motion'
[0.191s] Level 1:colcon.colcon_core.package_identification:_identify(src/ainex_neural_control) by extensions ['ignore', 'ignore_ament_install']
[0.191s] Level 1:colcon.colcon_core.package_identification:_identify(src/ainex_neural_control) by extension 'ignore'
[0.191s] Level 1:colcon.colcon_core.package_identification:_identify(src/ainex_neural_control) by extension 'ignore_ament_install'
[0.192s] Level 1:colcon.colcon_core.package_identification:_identify(src/ainex_neural_control) by extensions ['colcon_pkg']
[0.192s] Level 1:colcon.colcon_core.package_identification:_identify(src/ainex_neural_control) by extension 'colcon_pkg'
[0.192s] Level 1:colcon.colcon_core.package_identification:_identify(src/ainex_neural_control) by extensions ['colcon_meta']
[0.192s] Level 1:colcon.colcon_core.package_identification:_identify(src/ainex_neural_control) by extension 'colcon_meta'
[0.192s] Level 1:colcon.colcon_core.package_identification:_identify(src/ainex_neural_control) by extensions ['ros']
[0.192s] Level 1:colcon.colcon_core.package_identification:_identify(src/ainex_neural_control) by extension 'ros'
[0.192s] DEBUG:colcon.colcon_core.package_identification:Package 'src/ainex_neural_control' with type 'ros.ament_python' and name 'ainex_neural_control'
[0.192s] Level 1:colcon.colcon_core.package_identification:_identify(src/ainex_vision) by extensions ['ignore', 'ignore_ament_install']
[0.193s] Level 1:colcon.colcon_core.package_identification:_identify(src/ainex_vision) by extension 'ignore'
[0.193s] Level 1:colcon.colcon_core.package_identification:_identify(src/ainex_vision) by extension 'ignore_ament_install'
[0.193s] Level 1:colcon.colcon_core.package_identification:_identify(src/ainex_vision) by extensions ['colcon_pkg']
[0.193s] Level 1:colcon.colcon_core.package_identification:_identify(src/ainex_vision) by extension 'colcon_pkg'
[0.193s] Level 1:colcon.colcon_core.package_identification:_identify(src/ainex_vision) by extensions ['colcon_meta']
[0.193s] Level 1:colcon.colcon_core.package_identification:_identify(src/ainex_vision) by extension 'colcon_meta'
[0.193s] Level 1:colcon.colcon_core.package_identification:_identify(src/ainex_vision) by extensions ['ros']
[0.193s] Level 1:colcon.colcon_core.package_identification:_identify(src/ainex_vision) by extension 'ros'
[0.194s] DEBUG:colcon.colcon_core.package_identification:Package 'src/ainex_vision' with type 'ros.ament_python' and name 'ainex_vision'
[0.194s] Level 1:colcon.colcon_core.package_identification:_identify(src/build) by extensions ['ignore', 'ignore_ament_install']
[0.194s] Level 1:colcon.colcon_core.package_identification:_identify(src/build) by extension 'ignore'
[0.194s] Level 1:colcon.colcon_core.package_identification:_identify(src/build) ignored
[0.194s] Level 1:colcon.colcon_core.package_identification:_identify(src/install) by extensions ['ignore', 'ignore_ament_install']
[0.194s] Level 1:colcon.colcon_core.package_identification:_identify(src/install) by extension 'ignore'
[0.194s] Level 1:colcon.colcon_core.package_identification:_identify(src/install) ignored
[0.194s] Level 1:colcon.colcon_core.package_identification:_identify(src/log) by extensions ['ignore', 'ignore_ament_install']
[0.195s] Level 1:colcon.colcon_core.package_identification:_identify(src/log) by extension 'ignore'
[0.195s] Level 1:colcon.colcon_core.package_identification:_identify(src/log) ignored
[0.195s] Level 1:colcon.colcon_core.package_identification:_identify(src/servo_service) by extensions ['ignore', 'ignore_ament_install']
[0.195s] Level 1:colcon.colcon_core.package_identification:_identify(src/servo_service) by extension 'ignore'
[0.195s] Level 1:colcon.colcon_core.package_identification:_identify(src/servo_service) by extension 'ignore_ament_install'
[0.195s] Level 1:colcon.colcon_core.package_identification:_identify(src/servo_service) by extensions ['colcon_pkg']
[0.195s] Level 1:colcon.colcon_core.package_identification:_identify(src/servo_service) by extension 'colcon_pkg'
[0.195s] Level 1:colcon.colcon_core.package_identification:_identify(src/servo_service) by extensions ['colcon_meta']
[0.196s] Level 1:colcon.colcon_core.package_identification:_identify(src/servo_service) by extension 'colcon_meta'
[0.196s] Level 1:colcon.colcon_core.package_identification:_identify(src/servo_service) by extensions ['ros']
[0.196s] Level 1:colcon.colcon_core.package_identification:_identify(src/servo_service) by extension 'ros'
[0.197s] DEBUG:colcon.colcon_core.package_identification:Package 'src/servo_service' with type 'ros.ament_cmake' and name 'servo_service'
[0.197s] Level 1:colcon.colcon_core.package_discovery:discover_packages(recursive) using defaults
[0.197s] Level 1:colcon.colcon_core.package_discovery:discover_packages(ignore) discover
[0.197s] Level 1:colcon.colcon_core.package_discovery:discover_packages(ignore) using defaults
[0.197s] Level 1:colcon.colcon_core.package_discovery:discover_packages(path) discover
[0.197s] Level 1:colcon.colcon_core.package_discovery:discover_packages(path) using defaults
[0.216s] Level 1:colcon.colcon_core.package_discovery:discover_packages(prefix_path) check parameters
[0.216s] Level 1:colcon.colcon_core.package_discovery:discover_packages(prefix_path) discover
[0.218s] DEBUG:colcon.colcon_installed_package_information.package_discovery:Found 4 installed packages in /home/bilhr2025/Downloads/BILHR_T5/install
[0.219s] DEBUG:colcon.colcon_installed_package_information.package_discovery:Found 325 installed packages in /opt/ros/jazzy
[0.221s] Level 1:colcon.colcon_core.package_discovery:discover_packages(prefix_path) using defaults
[0.275s] Level 5:colcon.colcon_core.verb:set package 'ainex_neural_control' build argument 'cmake_args' from command line to 'None'
[0.275s] Level 5:colcon.colcon_core.verb:set package 'ainex_neural_control' build argument 'cmake_target' from command line to 'None'
[0.275s] Level 5:colcon.colcon_core.verb:set package 'ainex_neural_control' build argument 'cmake_target_skip_unavailable' from command line to 'False'
[0.275s] Level 5:colcon.colcon_core.verb:set package 'ainex_neural_control' build argument 'cmake_clean_cache' from command line to 'False'
[0.275s] Level 5:colcon.colcon_core.verb:set package 'ainex_neural_control' build argument 'cmake_clean_first' from command line to 'False'
[0.275s] Level 5:colcon.colcon_core.verb:set package 'ainex_neural_control' build argument 'cmake_force_configure' from command line to 'False'
[0.275s] Level 5:colcon.colcon_core.verb:set package 'ainex_neural_control' build argument 'ament_cmake_args' from command line to 'None'
[0.275s] Level 5:colcon.colcon_core.verb:set package 'ainex_neural_control' build argument 'catkin_cmake_args' from command line to 'None'
[0.275s] Level 5:colcon.colcon_core.verb:set package 'ainex_neural_control' build argument 'catkin_skip_building_tests' from command line to 'False'
[0.275s] DEBUG:colcon.colcon_core.verb:Building package 'ainex_neural_control' with the following arguments: {'ament_cmake_args': None, 'build_base': '/home/bilhr2025/Downloads/BILHR_T5/build/ainex_neural_control', 'catkin_cmake_args': None, 'catkin_skip_building_tests': False, 'cmake_args': None, 'cmake_clean_cache': False, 'cmake_clean_first': False, 'cmake_force_configure': False, 'cmake_target': None, 'cmake_target_skip_unavailable': False, 'install_base': '/home/bilhr2025/Downloads/BILHR_T5/install/ainex_neural_control', 'merge_install': False, 'path': '/home/bilhr2025/Downloads/BILHR_T5/src/ainex_neural_control', 'symlink_install': True, 'test_result_base': None}
[0.276s] Level 5:colcon.colcon_core.verb:set package 'ainex_vision' build argument 'cmake_args' from command line to 'None'
[0.276s] Level 5:colcon.colcon_core.verb:set package 'ainex_vision' build argument 'cmake_target' from command line to 'None'
[0.276s] Level 5:colcon.colcon_core.verb:set package 'ainex_vision' build argument 'cmake_target_skip_unavailable' from command line to 'False'
[0.276s] Level 5:colcon.colcon_core.verb:set package 'ainex_vision' build argument 'cmake_clean_cache' from command line to 'False'
[0.276s] Level 5:colcon.colcon_core.verb:set package 'ainex_vision' build argument 'cmake_clean_first' from command line to 'False'
[0.276s] Level 5:colcon.colcon_core.verb:set package 'ainex_vision' build argument 'cmake_force_configure' from command line to 'False'
[0.276s] Level 5:colcon.colcon_core.verb:set package 'ainex_vision' build argument 'ament_cmake_args' from command line to 'None'
[0.276s] Level 5:colcon.colcon_core.verb:set package 'ainex_vision' build argument 'catkin_cmake_args' from command line to 'None'
[0.276s] Level 5:colcon.colcon_core.verb:set package 'ainex_vision' build argument 'catkin_skip_building_tests' from command line to 'False'
[0.276s] DEBUG:colcon.colcon_core.verb:Building package 'ainex_vision' with the following arguments: {'ament_cmake_args': None, 'build_base': '/home/bilhr2025/Downloads/BILHR_T5/build/ainex_vision', 'catkin_cmake_args': None, 'catkin_skip_building_tests': False, 'cmake_args': None, 'cmake_clean_cache': False, 'cmake_clean_first': False, 'cmake_force_configure': False, 'cmake_target': None, 'cmake_target_skip_unavailable': False, 'install_base': '/home/bilhr2025/Downloads/BILHR_T5/install/ainex_vision', 'merge_install': False, 'path': '/home/bilhr2025/Downloads/BILHR_T5/src/ainex_vision', 'symlink_install': True, 'test_result_base': None}
[0.276s] Level 5:colcon.colcon_core.verb:set package 'servo_service' build argument 'cmake_args' from command line to 'None'
[0.276s] Level 5:colcon.colcon_core.verb:set package 'servo_service' build argument 'cmake_target' from command line to 'None'
[0.276s] Level 5:colcon.colcon_core.verb:set package 'servo_service' build argument 'cmake_target_skip_unavailable' from command line to 'False'
[0.276s] Level 5:colcon.colcon_core.verb:set package 'servo_service' build argument 'cmake_clean_cache' from command line to 'False'
[0.276s] Level 5:colcon.colcon_core.verb:set package 'servo_service' build argument 'cmake_clean_first' from command line to 'False'
[0.276s] Level 5:colcon.colcon_core.verb:set package 'servo_service' build argument 'cmake_force_configure' from command line to 'False'
[0.276s] Level 5:colcon.colcon_core.verb:set package 'servo_service' build argument 'ament_cmake_args' from command line to 'None'
[0.276s] Level 5:colcon.colcon_core.verb:set package 'servo_service' build argument 'catkin_cmake_args' from command line to 'None'
[0.277s] Level 5:colcon.colcon_core.verb:set package 'servo_service' build argument 'catkin_skip_building_tests' from command line to 'False'
[0.277s] DEBUG:colcon.colcon_core.verb:Building package 'servo_service' with the following arguments: {'ament_cmake_args': None, 'build_base': '/home/bilhr2025/Downloads/BILHR_T5/build/servo_service', 'catkin_cmake_args': None, 'catkin_skip_building_tests': False, 'cmake_args': None, 'cmake_clean_cache': False, 'cmake_clean_first': False, 'cmake_force_configure': False, 'cmake_target': None, 'cmake_target_skip_unavailable': False, 'install_base': '/home/bilhr2025/Downloads/BILHR_T5/install/servo_service', 'merge_install': False, 'path': '/home/bilhr2025/Downloads/BILHR_T5/src/servo_service', 'symlink_install': True, 'test_result_base': None}
[0.277s] Level 5:colcon.colcon_core.verb:set package 'ainex_motion' build argument 'cmake_args' from command line to 'None'
[0.277s] Level 5:colcon.colcon_core.verb:set package 'ainex_motion' build argument 'cmake_target' from command line to 'None'
[0.277s] Level 5:colcon.colcon_core.verb:set package 'ainex_motion' build argument 'cmake_target_skip_unavailable' from command line to 'False'
[0.277s] Level 5:colcon.colcon_core.verb:set package 'ainex_motion' build argument 'cmake_clean_cache' from command line to 'False'
[0.277s] Level 5:colcon.colcon_core.verb:set package 'ainex_motion' build argument 'cmake_clean_first' from command line to 'False'
[0.277s] Level 5:colcon.colcon_core.verb:set package 'ainex_motion' build argument 'cmake_force_configure' from command line to 'False'
[0.277s] Level 5:colcon.colcon_core.verb:set package 'ainex_motion' build argument 'ament_cmake_args' from command line to 'None'
[0.277s] Level 5:colcon.colcon_core.verb:set package 'ainex_motion' build argument 'catkin_cmake_args' from command line to 'None'
[0.277s] Level 5:colcon.colcon_core.verb:set package 'ainex_motion' build argument 'catkin_skip_building_tests' from command line to 'False'
[0.277s] DEBUG:colcon.colcon_core.verb:Building package 'ainex_motion' with the following arguments: {'ament_cmake_args': None, 'build_base': '/home/bilhr2025/Downloads/BILHR_T5/build/ainex_motion', 'catkin_cmake_args': None, 'catkin_skip_building_tests': False, 'cmake_args': None, 'cmake_clean_cache': False, 'cmake_clean_first': False, 'cmake_force_configure': False, 'cmake_target': None, 'cmake_target_skip_unavailable': False, 'install_base': '/home/bilhr2025/Downloads/BILHR_T5/install/ainex_motion', 'merge_install': False, 'path': '/home/bilhr2025/Downloads/BILHR_T5/src/ainex_motion', 'symlink_install': True, 'test_result_base': None}
[0.278s] INFO:colcon.colcon_core.executor:Executing jobs using 'parallel' executor
[0.278s] DEBUG:colcon.colcon_parallel_executor.executor.parallel:run_until_complete
[0.279s] INFO:colcon.colcon_ros.task.ament_cmake.build:Building ROS package in '/home/bilhr2025/Downloads/BILHR_T5/src/servo_service' with build type 'ament_cmake'
[0.279s] INFO:colcon.colcon_cmake.task.cmake.build:Building CMake package in '/home/bilhr2025/Downloads/BILHR_T5/src/servo_service'
[0.282s] INFO:colcon.colcon_core.plugin_system:Skipping extension 'colcon_core.shell.bat': Not used on non-Windows systems
[0.282s] INFO:colcon.colcon_core.shell:Skip shell extension 'powershell' for command environment: Not usable outside of PowerShell
[0.282s] DEBUG:colcon.colcon_core.shell:Skip shell extension 'dsv' for command environment
[0.286s] INFO:colcon.colcon_ros.task.ament_python.build:Building ROS package in '/home/bilhr2025/Downloads/BILHR_T5/src/ainex_neural_control' with build type 'ament_python'
[0.286s] Level 1:colcon.colcon_core.shell:create_environment_hook('ainex_neural_control', 'ament_prefix_path')
[0.286s] INFO:colcon.colcon_core.shell:Creating environment hook '/home/bilhr2025/Downloads/BILHR_T5/install/ainex_neural_control/share/ainex_neural_control/hook/ament_prefix_path.ps1'
[0.287s] INFO:colcon.colcon_core.shell:Creating environment descriptor '/home/bilhr2025/Downloads/BILHR_T5/install/ainex_neural_control/share/ainex_neural_control/hook/ament_prefix_path.dsv'
[0.287s] INFO:colcon.colcon_core.shell:Creating environment hook '/home/bilhr2025/Downloads/BILHR_T5/install/ainex_neural_control/share/ainex_neural_control/hook/ament_prefix_path.sh'
[0.288s] INFO:colcon.colcon_core.shell:Skip shell extension 'powershell' for command environment: Not usable outside of PowerShell
[0.288s] DEBUG:colcon.colcon_core.shell:Skip shell extension 'dsv' for command environment
[0.291s] INFO:colcon.colcon_ros.task.ament_python.build:Building ROS package in '/home/bilhr2025/Downloads/BILHR_T5/src/ainex_vision' with build type 'ament_python'
[0.292s] Level 1:colcon.colcon_core.shell:create_environment_hook('ainex_vision', 'ament_prefix_path')
[0.292s] INFO:colcon.colcon_core.shell:Creating environment hook '/home/bilhr2025/Downloads/BILHR_T5/install/ainex_vision/share/ainex_vision/hook/ament_prefix_path.ps1'
[0.292s] INFO:colcon.colcon_core.shell:Creating environment descriptor '/home/bilhr2025/Downloads/BILHR_T5/install/ainex_vision/share/ainex_vision/hook/ament_prefix_path.dsv'
[0.293s] INFO:colcon.colcon_core.shell:Creating environment hook '/home/bilhr2025/Downloads/BILHR_T5/install/ainex_vision/share/ainex_vision/hook/ament_prefix_path.sh'
[0.293s] INFO:colcon.colcon_core.shell:Skip shell extension 'powershell' for command environment: Not usable outside of PowerShell
[0.293s] DEBUG:colcon.colcon_core.shell:Skip shell extension 'dsv' for command environment
[0.303s] DEBUG:colcon.colcon_core.event_handler.log_command:Invoking command in '/home/bilhr2025/Downloads/BILHR_T5/build/servo_service': CMAKE_PREFIX_PATH=${CMAKE_PREFIX_PATH}:/home/bilhr2025/Downloads/BILHR_T5/install/ainex_motion:/home/bilhr2025/Downloads/BILHR_T5/install/ainex_vision:/home/bilhr2025/Downloads/BILHR_T5/install/ainex_neural_control:/opt/ros/jazzy DEBUGINFOD_URLS=https://debuginfod.ubuntu.com /usr/bin/cmake --build /home/bilhr2025/Downloads/BILHR_T5/build/servo_service -- -j8 -l8
[0.594s] INFO:colcon.colcon_core.task.python.build:Building Python package in '/home/bilhr2025/Downloads/BILHR_T5/src/ainex_neural_control'
[0.595s] INFO:colcon.colcon_core.shell:Skip shell extension 'powershell' for command environment: Not usable outside of PowerShell
[0.595s] DEBUG:colcon.colcon_core.shell:Skip shell extension 'dsv' for command environment
[0.940s] INFO:colcon.colcon_core.task.python.build:Building Python package in '/home/bilhr2025/Downloads/BILHR_T5/src/ainex_vision'
[0.941s] INFO:colcon.colcon_core.shell:Skip shell extension 'powershell' for command environment: Not usable outside of PowerShell
[0.941s] DEBUG:colcon.colcon_core.shell:Skip shell extension 'dsv' for command environment
[0.948s] DEBUG:colcon.colcon_core.event_handler.log_command:Invoked command in '/home/bilhr2025/Downloads/BILHR_T5/build/servo_service' returned '0': CMAKE_PREFIX_PATH=${CMAKE_PREFIX_PATH}:/home/bilhr2025/Downloads/BILHR_T5/install/ainex_motion:/home/bilhr2025/Downloads/BILHR_T5/install/ainex_vision:/home/bilhr2025/Downloads/BILHR_T5/install/ainex_neural_control:/opt/ros/jazzy DEBUGINFOD_URLS=https://debuginfod.ubuntu.com /usr/bin/cmake --build /home/bilhr2025/Downloads/BILHR_T5/build/servo_service -- -j8 -l8
[0.964s] DEBUG:colcon.colcon_core.event_handler.log_command:Invoking command in '/home/bilhr2025/Downloads/BILHR_T5/build/servo_service': CMAKE_PREFIX_PATH=${CMAKE_PREFIX_PATH}:/home/bilhr2025/Downloads/BILHR_T5/install/ainex_motion:/home/bilhr2025/Downloads/BILHR_T5/install/ainex_vision:/home/bilhr2025/Downloads/BILHR_T5/install/ainex_neural_control:/opt/ros/jazzy DEBUGINFOD_URLS=https://debuginfod.ubuntu.com /usr/bin/cmake --install /home/bilhr2025/Downloads/BILHR_T5/build/servo_service
[1.123s] Level 1:colcon.colcon_core.environment:create_environment_scripts_only(servo_service)
[1.123s] DEBUG:colcon.colcon_core.event_handler.log_command:Invoked command in '/home/bilhr2025/Downloads/BILHR_T5/build/servo_service' returned '0': CMAKE_PREFIX_PATH=${CMAKE_PREFIX_PATH}:/home/bilhr2025/Downloads/BILHR_T5/install/ainex_motion:/home/bilhr2025/Downloads/BILHR_T5/install/ainex_vision:/home/bilhr2025/Downloads/BILHR_T5/install/ainex_neural_control:/opt/ros/jazzy DEBUGINFOD_URLS=https://debuginfod.ubuntu.com /usr/bin/cmake --install /home/bilhr2025/Downloads/BILHR_T5/build/servo_service
[1.125s] Level 1:colcon.colcon_core.environment:checking '/home/bilhr2025/Downloads/BILHR_T5/install/servo_service' for CMake module files
[1.126s] Level 1:colcon.colcon_core.environment:checking '/home/bilhr2025/Downloads/BILHR_T5/install/servo_service' for CMake config files
[1.127s] Level 1:colcon.colcon_core.shell:create_environment_hook('servo_service', 'cmake_prefix_path')
[1.127s] INFO:colcon.colcon_core.shell:Creating environment hook '/home/bilhr2025/Downloads/BILHR_T5/install/servo_service/share/servo_service/hook/cmake_prefix_path.ps1'
[1.128s] INFO:colcon.colcon_core.shell:Creating environment descriptor '/home/bilhr2025/Downloads/BILHR_T5/install/servo_service/share/servo_service/hook/cmake_prefix_path.dsv'
[1.128s] INFO:colcon.colcon_core.shell:Creating environment hook '/home/bilhr2025/Downloads/BILHR_T5/install/servo_service/share/servo_service/hook/cmake_prefix_path.sh'
[1.129s] Level 1:colcon.colcon_core.environment:checking '/home/bilhr2025/Downloads/BILHR_T5/install/servo_service/lib'
[1.129s] Level 1:colcon.colcon_core.shell:create_environment_hook('servo_service', 'ld_library_path_lib')
[1.129s] INFO:colcon.colcon_core.shell:Creating environment hook '/home/bilhr2025/Downloads/BILHR_T5/install/servo_service/share/servo_service/hook/ld_library_path_lib.ps1'
[1.130s] INFO:colcon.colcon_core.shell:Creating environment descriptor '/home/bilhr2025/Downloads/BILHR_T5/install/servo_service/share/servo_service/hook/ld_library_path_lib.dsv'
[1.130s] INFO:colcon.colcon_core.shell:Creating environment hook '/home/bilhr2025/Downloads/BILHR_T5/install/servo_service/share/servo_service/hook/ld_library_path_lib.sh'
[1.131s] Level 1:colcon.colcon_core.environment:checking '/home/bilhr2025/Downloads/BILHR_T5/install/servo_service/bin'
[1.131s] Level 1:colcon.colcon_core.environment:checking '/home/bilhr2025/Downloads/BILHR_T5/install/servo_service/lib/pkgconfig/servo_service.pc'
[1.131s] Level 1:colcon.colcon_core.environment:checking '/home/bilhr2025/Downloads/BILHR_T5/install/servo_service/lib/python3.12/site-packages'
[1.131s] Level 1:colcon.colcon_core.shell:create_environment_hook('servo_service', 'pythonpath')
[1.131s] INFO:colcon.colcon_core.shell:Creating environment hook '/home/bilhr2025/Downloads/BILHR_T5/install/servo_service/share/servo_service/hook/pythonpath.ps1'
[1.132s] INFO:colcon.colcon_core.shell:Creating environment descriptor '/home/bilhr2025/Downloads/BILHR_T5/install/servo_service/share/servo_service/hook/pythonpath.dsv'
[1.132s] INFO:colcon.colcon_core.shell:Creating environment hook '/home/bilhr2025/Downloads/BILHR_T5/install/servo_service/share/servo_service/hook/pythonpath.sh'
[1.133s] Level 1:colcon.colcon_core.environment:checking '/home/bilhr2025/Downloads/BILHR_T5/install/servo_service/bin'
[1.133s] INFO:colcon.colcon_core.shell:Creating package script '/home/bilhr2025/Downloads/BILHR_T5/install/servo_service/share/servo_service/package.ps1'
[1.134s] INFO:colcon.colcon_core.shell:Creating package descriptor '/home/bilhr2025/Downloads/BILHR_T5/install/servo_service/share/servo_service/package.dsv'
[1.134s] INFO:colcon.colcon_core.shell:Creating package script '/home/bilhr2025/Downloads/BILHR_T5/install/servo_service/share/servo_service/package.sh'
[1.135s] INFO:colcon.colcon_core.shell:Creating package script '/home/bilhr2025/Downloads/BILHR_T5/install/servo_service/share/servo_service/package.bash'
[1.136s] INFO:colcon.colcon_core.shell:Creating package script '/home/bilhr2025/Downloads/BILHR_T5/install/servo_service/share/servo_service/package.zsh'
[1.137s] Level 1:colcon.colcon_core.environment:create_file_with_runtime_dependencies(/home/bilhr2025/Downloads/BILHR_T5/install/servo_service/share/colcon-core/packages/servo_service)
[1.138s] Level 1:colcon.colcon_core.environment:create_environment_scripts_only(servo_service)
[1.138s] Level 1:colcon.colcon_core.environment:checking '/home/bilhr2025/Downloads/BILHR_T5/install/servo_service' for CMake module files
[1.139s] Level 1:colcon.colcon_core.environment:checking '/home/bilhr2025/Downloads/BILHR_T5/install/servo_service' for CMake config files
[1.140s] Level 1:colcon.colcon_core.shell:create_environment_hook('servo_service', 'cmake_prefix_path')
[1.140s] INFO:colcon.colcon_core.shell:Creating environment hook '/home/bilhr2025/Downloads/BILHR_T5/install/servo_service/share/servo_service/hook/cmake_prefix_path.ps1'
[1.141s] INFO:colcon.colcon_core.shell:Creating environment descriptor '/home/bilhr2025/Downloads/BILHR_T5/install/servo_service/share/servo_service/hook/cmake_prefix_path.dsv'
[1.142s] INFO:colcon.colcon_core.shell:Creating environment hook '/home/bilhr2025/Downloads/BILHR_T5/install/servo_service/share/servo_service/hook/cmake_prefix_path.sh'
[1.143s] Level 1:colcon.colcon_core.environment:checking '/home/bilhr2025/Downloads/BILHR_T5/install/servo_service/lib'
[1.143s] Level 1:colcon.colcon_core.shell:create_environment_hook('servo_service', 'ld_library_path_lib')
[1.143s] INFO:colcon.colcon_core.shell:Creating environment hook '/home/bilhr2025/Downloads/BILHR_T5/install/servo_service/share/servo_service/hook/ld_library_path_lib.ps1'
[1.144s] INFO:colcon.colcon_core.shell:Creating environment descriptor '/home/bilhr2025/Downloads/BILHR_T5/install/servo_service/share/servo_service/hook/ld_library_path_lib.dsv'
[1.144s] INFO:colcon.colcon_core.shell:Creating environment hook '/home/bilhr2025/Downloads/BILHR_T5/install/servo_service/share/servo_service/hook/ld_library_path_lib.sh'
[1.144s] Level 1:colcon.colcon_core.environment:checking '/home/bilhr2025/Downloads/BILHR_T5/install/servo_service/bin'
[1.144s] Level 1:colcon.colcon_core.environment:checking '/home/bilhr2025/Downloads/BILHR_T5/install/servo_service/lib/pkgconfig/servo_service.pc'
[1.145s] Level 1:colcon.colcon_core.environment:checking '/home/bilhr2025/Downloads/BILHR_T5/install/servo_service/lib/python3.12/site-packages'
[1.145s] Level 1:colcon.colcon_core.shell:create_environment_hook('servo_service', 'pythonpath')
[1.145s] INFO:colcon.colcon_core.shell:Creating environment hook '/home/bilhr2025/Downloads/BILHR_T5/install/servo_service/share/servo_service/hook/pythonpath.ps1'
[1.146s] INFO:colcon.colcon_core.shell:Creating environment descriptor '/home/bilhr2025/Downloads/BILHR_T5/install/servo_service/share/servo_service/hook/pythonpath.dsv'
[1.146s] INFO:colcon.colcon_core.shell:Creating environment hook '/home/bilhr2025/Downloads/BILHR_T5/install/servo_service/share/servo_service/hook/pythonpath.sh'
[1.147s] Level 1:colcon.colcon_core.environment:checking '/home/bilhr2025/Downloads/BILHR_T5/install/servo_service/bin'
[1.147s] INFO:colcon.colcon_core.shell:Creating package script '/home/bilhr2025/Downloads/BILHR_T5/install/servo_service/share/servo_service/package.ps1'
[1.148s] INFO:colcon.colcon_core.shell:Creating package descriptor '/home/bilhr2025/Downloads/BILHR_T5/install/servo_service/share/servo_service/package.dsv'
[1.148s] INFO:colcon.colcon_core.shell:Creating package script '/home/bilhr2025/Downloads/BILHR_T5/install/servo_service/share/servo_service/package.sh'
[1.149s] INFO:colcon.colcon_core.shell:Creating package script '/home/bilhr2025/Downloads/BILHR_T5/install/servo_service/share/servo_service/package.bash'
[1.149s] INFO:colcon.colcon_core.shell:Creating package script '/home/bilhr2025/Downloads/BILHR_T5/install/servo_service/share/servo_service/package.zsh'
[1.149s] Level 1:colcon.colcon_core.environment:create_file_with_runtime_dependencies(/home/bilhr2025/Downloads/BILHR_T5/install/servo_service/share/colcon-core/packages/servo_service)
[1.150s] INFO:colcon.colcon_ros.task.ament_python.build:Building ROS package in '/home/bilhr2025/Downloads/BILHR_T5/src/ainex_motion' with build type 'ament_python'
[1.150s] Level 1:colcon.colcon_core.shell:create_environment_hook('ainex_motion', 'ament_prefix_path')
[1.150s] INFO:colcon.colcon_core.shell:Creating environment hook '/home/bilhr2025/Downloads/BILHR_T5/install/ainex_motion/share/ainex_motion/hook/ament_prefix_path.ps1'
[1.151s] INFO:colcon.colcon_core.shell:Creating environment descriptor '/home/bilhr2025/Downloads/BILHR_T5/install/ainex_motion/share/ainex_motion/hook/ament_prefix_path.dsv'
[1.151s] INFO:colcon.colcon_core.shell:Creating environment hook '/home/bilhr2025/Downloads/BILHR_T5/install/ainex_motion/share/ainex_motion/hook/ament_prefix_path.sh'
[1.152s] INFO:colcon.colcon_core.shell:Skip shell extension 'powershell' for command environment: Not usable outside of PowerShell
[1.152s] DEBUG:colcon.colcon_core.shell:Skip shell extension 'dsv' for command environment
[1.417s] INFO:colcon.colcon_core.task.python.build:Building Python package in '/home/bilhr2025/Downloads/BILHR_T5/src/ainex_motion'
[1.417s] INFO:colcon.colcon_core.shell:Skip shell extension 'powershell' for command environment: Not usable outside of PowerShell
[1.417s] DEBUG:colcon.colcon_core.shell:Skip shell extension 'dsv' for command environment
[1.745s] DEBUG:colcon.colcon_core.event_handler.log_command:Invoking command in '/home/bilhr2025/Downloads/BILHR_T5/build/ainex_neural_control': DEBUGINFOD_URLS=https://debuginfod.ubuntu.com PYTHONPATH=/home/bilhr2025/Downloads/BILHR_T5/build/ainex_neural_control/prefix_override:/usr/lib/python3/dist-packages/colcon_core/task/python/colcon_distutils_commands:/home/bilhr2025/Downloads/BILHR_T5/install/ainex_neural_control/lib/python3.12/site-packages:${PYTHONPATH} /usr/bin/python3 -W ignore:setup.py install is deprecated -W ignore:easy_install command is deprecated setup.py develop --editable --build-directory /home/bilhr2025/Downloads/BILHR_T5/build/ainex_neural_control/build --no-deps symlink_data
[1.776s] DEBUG:colcon.colcon_core.event_handler.log_command:Invoking command in '/home/bilhr2025/Downloads/BILHR_T5/build/ainex_vision': DEBUGINFOD_URLS=https://debuginfod.ubuntu.com PYTHONPATH=/home/bilhr2025/Downloads/BILHR_T5/build/ainex_vision/prefix_override:/usr/lib/python3/dist-packages/colcon_core/task/python/colcon_distutils_commands:/home/bilhr2025/Downloads/BILHR_T5/install/ainex_vision/lib/python3.12/site-packages:${PYTHONPATH} /usr/bin/python3 -W ignore:setup.py install is deprecated -W ignore:easy_install command is deprecated setup.py develop --editable --build-directory /home/bilhr2025/Downloads/BILHR_T5/build/ainex_vision/build --no-deps symlink_data
[2.166s] DEBUG:colcon.colcon_core.event_handler.log_command:Invoking command in '/home/bilhr2025/Downloads/BILHR_T5/build/ainex_motion': DEBUGINFOD_URLS=https://debuginfod.ubuntu.com PYTHONPATH=/home/bilhr2025/Downloads/BILHR_T5/build/ainex_motion/prefix_override:/usr/lib/python3/dist-packages/colcon_core/task/python/colcon_distutils_commands:/home/bilhr2025/Downloads/BILHR_T5/install/ainex_motion/lib/python3.12/site-packages:/home/bilhr2025/Downloads/BILHR_T5/install/servo_service/lib/python3.12/site-packages:/home/bilhr2025/Downloads/BILHR_T5/build/ainex_motion:/home/bilhr2025/Downloads/BILHR_T5/install/ainex_motion/lib/python3.12/site-packages:/home/bilhr2025/Downloads/BILHR_T5/build/ainex_vision:/home/bilhr2025/Downloads/BILHR_T5/install/ainex_vision/lib/python3.12/site-packages:/home/bilhr2025/Downloads/BILHR_T5/build/ainex_neural_control:/home/bilhr2025/Downloads/BILHR_T5/install/ainex_neural_control/lib/python3.12/site-packages:/opt/ros/jazzy/lib/python3.12/site-packages /usr/bin/python3 -W ignore:setup.py install is deprecated -W ignore:easy_install command is deprecated setup.py develop --editable --build-directory /home/bilhr2025/Downloads/BILHR_T5/build/ainex_motion/build --no-deps symlink_data
[2.587s] Level 1:colcon.colcon_core.shell:create_environment_hook('ainex_vision', 'pythonpath_develop')
[2.588s] DEBUG:colcon.colcon_core.event_handler.log_command:Invoked command in '/home/bilhr2025/Downloads/BILHR_T5/build/ainex_vision' returned '0': DEBUGINFOD_URLS=https://debuginfod.ubuntu.com PYTHONPATH=/home/bilhr2025/Downloads/BILHR_T5/build/ainex_vision/prefix_override:/usr/lib/python3/dist-packages/colcon_core/task/python/colcon_distutils_commands:/home/bilhr2025/Downloads/BILHR_T5/install/ainex_vision/lib/python3.12/site-packages:${PYTHONPATH} /usr/bin/python3 -W ignore:setup.py install is deprecated -W ignore:easy_install command is deprecated setup.py develop --editable --build-directory /home/bilhr2025/Downloads/BILHR_T5/build/ainex_vision/build --no-deps symlink_data
[2.588s] INFO:colcon.colcon_core.shell:Creating environment hook '/home/bilhr2025/Downloads/BILHR_T5/build/ainex_vision/share/ainex_vision/hook/pythonpath_develop.ps1'
[2.589s] INFO:colcon.colcon_core.shell:Creating environment descriptor '/home/bilhr2025/Downloads/BILHR_T5/build/ainex_vision/share/ainex_vision/hook/pythonpath_develop.dsv'
[2.589s] INFO:colcon.colcon_core.shell:Creating environment hook '/home/bilhr2025/Downloads/BILHR_T5/build/ainex_vision/share/ainex_vision/hook/pythonpath_develop.sh'
[2.590s] Level 1:colcon.colcon_core.environment:checking '/home/bilhr2025/Downloads/BILHR_T5/install/ainex_vision' for CMake module files
[2.590s] Level 1:colcon.colcon_core.environment:checking '/home/bilhr2025/Downloads/BILHR_T5/install/ainex_vision' for CMake config files
[2.591s] Level 1:colcon.colcon_core.environment:checking '/home/bilhr2025/Downloads/BILHR_T5/install/ainex_vision/lib'
[2.591s] Level 1:colcon.colcon_core.environment:checking '/home/bilhr2025/Downloads/BILHR_T5/install/ainex_vision/bin'
[2.591s] Level 1:colcon.colcon_core.environment:checking '/home/bilhr2025/Downloads/BILHR_T5/install/ainex_vision/lib/pkgconfig/ainex_vision.pc'
[2.591s] Level 1:colcon.colcon_core.environment:checking '/home/bilhr2025/Downloads/BILHR_T5/install/ainex_vision/lib/python3.12/site-packages'
[2.591s] Level 1:colcon.colcon_core.shell:create_environment_hook('ainex_vision', 'pythonpath')
[2.592s] INFO:colcon.colcon_core.shell:Creating environment hook '/home/bilhr2025/Downloads/BILHR_T5/install/ainex_vision/share/ainex_vision/hook/pythonpath.ps1'
[2.592s] INFO:colcon.colcon_core.shell:Creating environment descriptor '/home/bilhr2025/Downloads/BILHR_T5/install/ainex_vision/share/ainex_vision/hook/pythonpath.dsv'
[2.593s] INFO:colcon.colcon_core.shell:Creating environment hook '/home/bilhr2025/Downloads/BILHR_T5/install/ainex_vision/share/ainex_vision/hook/pythonpath.sh'
[2.593s] Level 1:colcon.colcon_core.environment:checking '/home/bilhr2025/Downloads/BILHR_T5/install/ainex_vision/bin'
[2.593s] Level 1:colcon.colcon_core.environment:create_environment_scripts_only(ainex_vision)
[2.594s] INFO:colcon.colcon_core.shell:Creating package script '/home/bilhr2025/Downloads/BILHR_T5/install/ainex_vision/share/ainex_vision/package.ps1'
[2.594s] INFO:colcon.colcon_core.shell:Creating package descriptor '/home/bilhr2025/Downloads/BILHR_T5/install/ainex_vision/share/ainex_vision/package.dsv'
[2.595s] INFO:colcon.colcon_core.shell:Creating package script '/home/bilhr2025/Downloads/BILHR_T5/install/ainex_vision/share/ainex_vision/package.sh'
[2.595s] INFO:colcon.colcon_core.shell:Creating package script '/home/bilhr2025/Downloads/BILHR_T5/install/ainex_vision/share/ainex_vision/package.bash'
[2.596s] INFO:colcon.colcon_core.shell:Creating package script '/home/bilhr2025/Downloads/BILHR_T5/install/ainex_vision/share/ainex_vision/package.zsh'
[2.596s] Level 1:colcon.colcon_core.environment:create_file_with_runtime_dependencies(/home/bilhr2025/Downloads/BILHR_T5/install/ainex_vision/share/colcon-core/packages/ainex_vision)
[2.624s] Level 1:colcon.colcon_core.shell:create_environment_hook('ainex_neural_control', 'pythonpath_develop')
[2.625s] INFO:colcon.colcon_core.shell:Creating environment hook '/home/bilhr2025/Downloads/BILHR_T5/build/ainex_neural_control/share/ainex_neural_control/hook/pythonpath_develop.ps1'
[2.626s] DEBUG:colcon.colcon_core.event_handler.log_command:Invoked command in '/home/bilhr2025/Downloads/BILHR_T5/build/ainex_neural_control' returned '0': DEBUGINFOD_URLS=https://debuginfod.ubuntu.com PYTHONPATH=/home/bilhr2025/Downloads/BILHR_T5/build/ainex_neural_control/prefix_override:/usr/lib/python3/dist-packages/colcon_core/task/python/colcon_distutils_commands:/home/bilhr2025/Downloads/BILHR_T5/install/ainex_neural_control/lib/python3.12/site-packages:${PYTHONPATH} /usr/bin/python3 -W ignore:setup.py install is deprecated -W ignore:easy_install command is deprecated setup.py develop --editable --build-directory /home/bilhr2025/Downloads/BILHR_T5/build/ainex_neural_control/build --no-deps symlink_data
[2.626s] INFO:colcon.colcon_core.shell:Creating environment descriptor '/home/bilhr2025/Downloads/BILHR_T5/build/ainex_neural_control/share/ainex_neural_control/hook/pythonpath_develop.dsv'
[2.626s] INFO:colcon.colcon_core.shell:Creating environment hook '/home/bilhr2025/Downloads/BILHR_T5/build/ainex_neural_control/share/ainex_neural_control/hook/pythonpath_develop.sh'
[2.627s] Level 1:colcon.colcon_core.environment:checking '/home/bilhr2025/Downloads/BILHR_T5/install/ainex_neural_control' for CMake module files
[2.628s] Level 1:colcon.colcon_core.environment:checking '/home/bilhr2025/Downloads/BILHR_T5/install/ainex_neural_control' for CMake config files
[2.629s] Level 1:colcon.colcon_core.environment:checking '/home/bilhr2025/Downloads/BILHR_T5/install/ainex_neural_control/lib'
[2.629s] Level 1:colcon.colcon_core.environment:checking '/home/bilhr2025/Downloads/BILHR_T5/install/ainex_neural_control/bin'
[2.629s] Level 1:colcon.colcon_core.environment:checking '/home/bilhr2025/Downloads/BILHR_T5/install/ainex_neural_control/lib/pkgconfig/ainex_neural_control.pc'
[2.629s] Level 1:colcon.colcon_core.environment:checking '/home/bilhr2025/Downloads/BILHR_T5/install/ainex_neural_control/lib/python3.12/site-packages'
[2.630s] Level 1:colcon.colcon_core.shell:create_environment_hook('ainex_neural_control', 'pythonpath')
[2.630s] INFO:colcon.colcon_core.shell:Creating environment hook '/home/bilhr2025/Downloads/BILHR_T5/install/ainex_neural_control/share/ainex_neural_control/hook/pythonpath.ps1'
[2.631s] INFO:colcon.colcon_core.shell:Creating environment descriptor '/home/bilhr2025/Downloads/BILHR_T5/install/ainex_neural_control/share/ainex_neural_control/hook/pythonpath.dsv'
[2.631s] INFO:colcon.colcon_core.shell:Creating environment hook '/home/bilhr2025/Downloads/BILHR_T5/install/ainex_neural_control/share/ainex_neural_control/hook/pythonpath.sh'
[2.632s] Level 1:colcon.colcon_core.environment:checking '/home/bilhr2025/Downloads/BILHR_T5/install/ainex_neural_control/bin'
[2.632s] Level 1:colcon.colcon_core.environment:create_environment_scripts_only(ainex_neural_control)
[2.633s] INFO:colcon.colcon_core.shell:Creating package script '/home/bilhr2025/Downloads/BILHR_T5/install/ainex_neural_control/share/ainex_neural_control/package.ps1'
[2.633s] INFO:colcon.colcon_core.shell:Creating package descriptor '/home/bilhr2025/Downloads/BILHR_T5/install/ainex_neural_control/share/ainex_neural_control/package.dsv'
[2.634s] INFO:colcon.colcon_core.shell:Creating package script '/home/bilhr2025/Downloads/BILHR_T5/install/ainex_neural_control/share/ainex_neural_control/package.sh'
[2.635s] INFO:colcon.colcon_core.shell:Creating package script '/home/bilhr2025/Downloads/BILHR_T5/install/ainex_neural_control/share/ainex_neural_control/package.bash'
[2.635s] INFO:colcon.colcon_core.shell:Creating package script '/home/bilhr2025/Downloads/BILHR_T5/install/ainex_neural_control/share/ainex_neural_control/package.zsh'
[2.636s] Level 1:colcon.colcon_core.environment:create_file_with_runtime_dependencies(/home/bilhr2025/Downloads/BILHR_T5/install/ainex_neural_control/share/colcon-core/packages/ainex_neural_control)
[3.011s] Level 1:colcon.colcon_core.shell:create_environment_hook('ainex_motion', 'pythonpath_develop')
[3.012s] INFO:colcon.colcon_core.shell:Creating environment hook '/home/bilhr2025/Downloads/BILHR_T5/build/ainex_motion/share/ainex_motion/hook/pythonpath_develop.ps1'
[3.012s] DEBUG:colcon.colcon_core.event_handler.log_command:Invoked command in '/home/bilhr2025/Downloads/BILHR_T5/build/ainex_motion' returned '0': DEBUGINFOD_URLS=https://debuginfod.ubuntu.com PYTHONPATH=/home/bilhr2025/Downloads/BILHR_T5/build/ainex_motion/prefix_override:/usr/lib/python3/dist-packages/colcon_core/task/python/colcon_distutils_commands:/home/bilhr2025/Downloads/BILHR_T5/install/ainex_motion/lib/python3.12/site-packages:/home/bilhr2025/Downloads/BILHR_T5/install/servo_service/lib/python3.12/site-packages:/home/bilhr2025/Downloads/BILHR_T5/build/ainex_motion:/home/bilhr2025/Downloads/BILHR_T5/install/ainex_motion/lib/python3.12/site-packages:/home/bilhr2025/Downloads/BILHR_T5/build/ainex_vision:/home/bilhr2025/Downloads/BILHR_T5/install/ainex_vision/lib/python3.12/site-packages:/home/bilhr2025/Downloads/BILHR_T5/build/ainex_neural_control:/home/bilhr2025/Downloads/BILHR_T5/install/ainex_neural_control/lib/python3.12/site-packages:/opt/ros/jazzy/lib/python3.12/site-packages /usr/bin/python3 -W ignore:setup.py install is deprecated -W ignore:easy_install command is deprecated setup.py develop --editable --build-directory /home/bilhr2025/Downloads/BILHR_T5/build/ainex_motion/build --no-deps symlink_data
[3.013s] INFO:colcon.colcon_core.shell:Creating environment descriptor '/home/bilhr2025/Downloads/BILHR_T5/build/ainex_motion/share/ainex_motion/hook/pythonpath_develop.dsv'
[3.013s] INFO:colcon.colcon_core.shell:Creating environment hook '/home/bilhr2025/Downloads/BILHR_T5/build/ainex_motion/share/ainex_motion/hook/pythonpath_develop.sh'
[3.014s] Level 1:colcon.colcon_core.environment:checking '/home/bilhr2025/Downloads/BILHR_T5/install/ainex_motion' for CMake module files
[3.015s] Level 1:colcon.colcon_core.environment:checking '/home/bilhr2025/Downloads/BILHR_T5/install/ainex_motion' for CMake config files
[3.015s] Level 1:colcon.colcon_core.environment:checking '/home/bilhr2025/Downloads/BILHR_T5/install/ainex_motion/lib'
[3.015s] Level 1:colcon.colcon_core.environment:checking '/home/bilhr2025/Downloads/BILHR_T5/install/ainex_motion/bin'
[3.015s] Level 1:colcon.colcon_core.environment:checking '/home/bilhr2025/Downloads/BILHR_T5/install/ainex_motion/lib/pkgconfig/ainex_motion.pc'
[3.016s] Level 1:colcon.colcon_core.environment:checking '/home/bilhr2025/Downloads/BILHR_T5/install/ainex_motion/lib/python3.12/site-packages'
[3.016s] Level 1:colcon.colcon_core.shell:create_environment_hook('ainex_motion', 'pythonpath')
[3.016s] INFO:colcon.colcon_core.shell:Creating environment hook '/home/bilhr2025/Downloads/BILHR_T5/install/ainex_motion/share/ainex_motion/hook/pythonpath.ps1'
[3.016s] INFO:colcon.colcon_core.shell:Creating environment descriptor '/home/bilhr2025/Downloads/BILHR_T5/install/ainex_motion/share/ainex_motion/hook/pythonpath.dsv'
[3.017s] INFO:colcon.colcon_core.shell:Creating environment hook '/home/bilhr2025/Downloads/BILHR_T5/install/ainex_motion/share/ainex_motion/hook/pythonpath.sh'
[3.017s] Level 1:colcon.colcon_core.environment:checking '/home/bilhr2025/Downloads/BILHR_T5/install/ainex_motion/bin'
[3.017s] Level 1:colcon.colcon_core.environment:create_environment_scripts_only(ainex_motion)
[3.018s] INFO:colcon.colcon_core.shell:Creating package script '/home/bilhr2025/Downloads/BILHR_T5/install/ainex_motion/share/ainex_motion/package.ps1'
[3.018s] INFO:colcon.colcon_core.shell:Creating package descriptor '/home/bilhr2025/Downloads/BILHR_T5/install/ainex_motion/share/ainex_motion/package.dsv'
[3.018s] INFO:colcon.colcon_core.shell:Creating package script '/home/bilhr2025/Downloads/BILHR_T5/install/ainex_motion/share/ainex_motion/package.sh'
[3.019s] INFO:colcon.colcon_core.shell:Creating package script '/home/bilhr2025/Downloads/BILHR_T5/install/ainex_motion/share/ainex_motion/package.bash'
[3.019s] INFO:colcon.colcon_core.shell:Creating package script '/home/bilhr2025/Downloads/BILHR_T5/install/ainex_motion/share/ainex_motion/package.zsh'
[3.019s] Level 1:colcon.colcon_core.environment:create_file_with_runtime_dependencies(/home/bilhr2025/Downloads/BILHR_T5/install/ainex_motion/share/colcon-core/packages/ainex_motion)
[3.020s] DEBUG:colcon.colcon_parallel_executor.executor.parallel:closing loop
[3.020s] DEBUG:colcon.colcon_parallel_executor.executor.parallel:loop closed
[3.020s] DEBUG:colcon.colcon_parallel_executor.executor.parallel:run_until_complete finished with '0'
[3.020s] DEBUG:colcon.colcon_core.event_reactor:joining thread
[3.026s] INFO:colcon.colcon_core.plugin_system:Skipping extension 'colcon_notification.desktop_notification.terminal_notifier': Not used on non-Darwin systems
[3.026s] INFO:colcon.colcon_core.plugin_system:Skipping extension 'colcon_notification.desktop_notification.win32': Not used on non-Windows systems
[3.026s] INFO:colcon.colcon_notification.desktop_notification:Sending desktop notification using 'notify2'
[3.041s] DEBUG:colcon.colcon_core.event_reactor:joined thread
[3.042s] INFO:colcon.colcon_core.shell:Creating prefix script '/home/bilhr2025/Downloads/BILHR_T5/install/local_setup.ps1'
[3.043s] INFO:colcon.colcon_core.shell:Creating prefix util module '/home/bilhr2025/Downloads/BILHR_T5/install/_local_setup_util_ps1.py'
[3.045s] INFO:colcon.colcon_core.shell:Creating prefix chain script '/home/bilhr2025/Downloads/BILHR_T5/install/setup.ps1'
[3.047s] INFO:colcon.colcon_core.shell:Creating prefix script '/home/bilhr2025/Downloads/BILHR_T5/install/local_setup.sh'
[3.048s] INFO:colcon.colcon_core.shell:Creating prefix util module '/home/bilhr2025/Downloads/BILHR_T5/install/_local_setup_util_sh.py'
[3.048s] INFO:colcon.colcon_core.shell:Creating prefix chain script '/home/bilhr2025/Downloads/BILHR_T5/install/setup.sh'
[3.050s] INFO:colcon.colcon_core.shell:Creating prefix script '/home/bilhr2025/Downloads/BILHR_T5/install/local_setup.bash'
[3.051s] INFO:colcon.colcon_core.shell:Creating prefix chain script '/home/bilhr2025/Downloads/BILHR_T5/install/setup.bash'
[3.052s] INFO:colcon.colcon_core.shell:Creating prefix script '/home/bilhr2025/Downloads/BILHR_T5/install/local_setup.zsh'
[3.053s] INFO:colcon.colcon_core.shell:Creating prefix chain script '/home/bilhr2025/Downloads/BILHR_T5/install/setup.zsh'
