[0.901s] Invoking command in '/home/bilhr2025/Downloads/BILHR_T5/build/ainex_motion': AMENT_PREFIX_PATH=/home/bilhr2025/Downloads/BILHR_T5/install/servo_service:${AMENT_PREFIX_PATH} CMAKE_PREFIX_PATH=/home/bilhr2025/Downloads/BILHR_T5/install/servo_service:${CMAKE_PREFIX_PATH} DEBUGINFOD_URLS=https://debuginfod.ubuntu.com LD_LIBRARY_PATH=/home/bilhr2025/Downloads/BILHR_T5/install/servo_service/lib:${LD_LIBRARY_PATH} PYTHONPATH=/home/bilhr2025/Downloads/BILHR_T5/build/ainex_motion/prefix_override:/usr/lib/python3/dist-packages/colcon_core/task/python/colcon_distutils_commands:/home/bilhr2025/Downloads/BILHR_T5/install/ainex_motion/lib/python3.12/site-packages:/home/bilhr2025/Downloads/BILHR_T5/install/servo_service/lib/python3.12/site-packages:${PYTHONPATH} /usr/bin/python3 -W ignore:setup.py install is deprecated -W ignore:easy_install command is deprecated setup.py develop --editable --build-directory /home/bilhr2025/Downloads/BILHR_T5/build/ainex_motion/build --no-deps symlink_data
[1.274s] running develop
[1.514s] running egg_info
[1.536s] writing ainex_motion.egg-info/PKG-INFO
[1.536s] writing dependency_links to ainex_motion.egg-info/dependency_links.txt
[1.537s] writing entry points to ainex_motion.egg-info/entry_points.txt
[1.537s] writing requirements to ainex_motion.egg-info/requires.txt
[1.537s] writing top-level names to ainex_motion.egg-info/top_level.txt
[1.582s] reading manifest file 'ainex_motion.egg-info/SOURCES.txt'
[1.583s] writing manifest file 'ainex_motion.egg-info/SOURCES.txt'
[1.607s] running build_ext
[1.607s] Creating /home/bilhr2025/Downloads/BILHR_T5/install/ainex_motion/lib/python3.12/site-packages/ainex-motion.egg-link (link to .)
[1.608s] Installing ainex_motion_node script to /home/bilhr2025/Downloads/BILHR_T5/install/ainex_motion/lib/ainex_motion
[1.608s] Installing joint_controller script to /home/bilhr2025/Downloads/BILHR_T5/install/ainex_motion/lib/ainex_motion
[1.608s] Installing joint_visualization_node script to /home/bilhr2025/Downloads/BILHR_T5/install/ainex_motion/lib/ainex_motion
[1.608s] Installing keyboard_input_node script to /home/bilhr2025/Downloads/BILHR_T5/install/ainex_motion/lib/ainex_motion
[1.609s] 
[1.609s] Installed /home/bilhr2025/Downloads/BILHR_T5/build/ainex_motion
[1.609s] running symlink_data
[1.635s] Invoked command in '/home/bilhr2025/Downloads/BILHR_T5/build/ainex_motion' returned '0': AMENT_PREFIX_PATH=/home/bilhr2025/Downloads/BILHR_T5/install/servo_service:${AMENT_PREFIX_PATH} CMAKE_PREFIX_PATH=/home/bilhr2025/Downloads/BILHR_T5/install/servo_service:${CMAKE_PREFIX_PATH} DEBUGINFOD_URLS=https://debuginfod.ubuntu.com LD_LIBRARY_PATH=/home/bilhr2025/Downloads/BILHR_T5/install/servo_service/lib:${LD_LIBRARY_PATH} PYTHONPATH=/home/bilhr2025/Downloads/BILHR_T5/build/ainex_motion/prefix_override:/usr/lib/python3/dist-packages/colcon_core/task/python/colcon_distutils_commands:/home/bilhr2025/Downloads/BILHR_T5/install/ainex_motion/lib/python3.12/site-packages:/home/bilhr2025/Downloads/BILHR_T5/install/servo_service/lib/python3.12/site-packages:${PYTHONPATH} /usr/bin/python3 -W ignore:setup.py install is deprecated -W ignore:easy_install command is deprecated setup.py develop --editable --build-directory /home/bilhr2025/Downloads/BILHR_T5/build/ainex_motion/build --no-deps symlink_data
