[1.398s] Invoking command in '/home/bilhr2025/Downloads/template_tB/ainex_bilhr_ws/src/build/ainex_vision': DEBUGINFOD_URLS=https://debuginfod.ubuntu.com PYTHONPATH=/home/bilhr2025/Downloads/template_tB/ainex_bilhr_ws/src/build/ainex_vision/prefix_override:/usr/lib/python3/dist-packages/colcon_core/task/python/colcon_distutils_commands:/home/bilhr2025/Downloads/template_tB/ainex_bilhr_ws/src/install/ainex_vision/lib/python3.12/site-packages:${PYTHONPATH} /usr/bin/python3 -W ignore:setup.py install is deprecated -W ignore:easy_install command is deprecated setup.py develop --editable --build-directory /home/bilhr2025/Downloads/template_tB/ainex_bilhr_ws/src/build/ainex_vision/build --no-deps symlink_data
[1.851s] running develop
[2.159s] running egg_info
[2.159s] creating ainex_vision.egg-info
[2.189s] writing ainex_vision.egg-info/PKG-INFO
[2.189s] writing dependency_links to ainex_vision.egg-info/dependency_links.txt
[2.189s] writing entry points to ainex_vision.egg-info/entry_points.txt
[2.189s] writing requirements to ainex_vision.egg-info/requires.txt
[2.190s] writing top-level names to ainex_vision.egg-info/top_level.txt
[2.190s] writing manifest file 'ainex_vision.egg-info/SOURCES.txt'
[2.243s] reading manifest file 'ainex_vision.egg-info/SOURCES.txt'
[2.244s] writing manifest file 'ainex_vision.egg-info/SOURCES.txt'
[2.273s] running build_ext
[2.273s] Creating /home/bilhr2025/Downloads/template_tB/ainex_bilhr_ws/src/install/ainex_vision/lib/python3.12/site-packages/ainex-vision.egg-link (link to .)
[2.274s] Installing camera_sub script to /home/bilhr2025/Downloads/template_tB/ainex_bilhr_ws/src/install/ainex_vision/lib/ainex_vision
[2.275s] 
[2.275s] Installed /home/bilhr2025/Downloads/template_tB/ainex_bilhr_ws/src/build/ainex_vision
[2.275s] running symlink_data
[2.275s] creating /home/bilhr2025/Downloads/template_tB/ainex_bilhr_ws/src/install/ainex_vision/share/ament_index
[2.275s] creating /home/bilhr2025/Downloads/template_tB/ainex_bilhr_ws/src/install/ainex_vision/share/ament_index/resource_index
[2.275s] creating /home/bilhr2025/Downloads/template_tB/ainex_bilhr_ws/src/install/ainex_vision/share/ament_index/resource_index/packages
[2.275s] symbolically linking /home/bilhr2025/Downloads/template_tB/ainex_bilhr_ws/src/build/ainex_vision/resource/ainex_vision -> /home/bilhr2025/Downloads/template_tB/ainex_bilhr_ws/src/install/ainex_vision/share/ament_index/resource_index/packages
[2.276s] symbolically linking /home/bilhr2025/Downloads/template_tB/ainex_bilhr_ws/src/build/ainex_vision/package.xml -> /home/bilhr2025/Downloads/template_tB/ainex_bilhr_ws/src/install/ainex_vision/share/ainex_vision
[2.325s] Invoked command in '/home/bilhr2025/Downloads/template_tB/ainex_bilhr_ws/src/build/ainex_vision' returned '0': DEBUGINFOD_URLS=https://debuginfod.ubuntu.com PYTHONPATH=/home/bilhr2025/Downloads/template_tB/ainex_bilhr_ws/src/build/ainex_vision/prefix_override:/usr/lib/python3/dist-packages/colcon_core/task/python/colcon_distutils_commands:/home/bilhr2025/Downloads/template_tB/ainex_bilhr_ws/src/install/ainex_vision/lib/python3.12/site-packages:${PYTHONPATH} /usr/bin/python3 -W ignore:setup.py install is deprecated -W ignore:easy_install command is deprecated setup.py develop --editable --build-directory /home/bilhr2025/Downloads/template_tB/ainex_bilhr_ws/src/build/ainex_vision/build --no-deps symlink_data
