[0.108s] DEBUG:colcon:Command line arguments: ['/usr/bin/colcon', 'build', '--symlink-install']
[0.108s] DEBUG:colcon:Parsed command line arguments: Namespace(log_base=None, log_level=None, verb_name='build', build_base='build', install_base='install', merge_install=False, symlink_install=True, test_result_base=None, continue_on_error=False, executor='parallel', parallel_workers=8, event_handlers=None, ignore_user_meta=False, metas=['./colcon.meta'], base_paths=['.'], packages_ignore=None, packages_ignore_regex=None, paths=None, packages_up_to=None, packages_up_to_regex=None, packages_above=None, packages_above_and_dependencies=None, packages_above_depth=None, packages_select_by_dep=None, packages_skip_by_dep=None, packages_skip_up_to=None, packages_select_build_failed=False, packages_skip_build_finished=False, packages_select_test_failures=False, packages_skip_test_passed=False, packages_select=None, packages_skip=None, packages_select_regex=None, packages_skip_regex=None, packages_start=None, packages_end=None, allow_overriding=[], cmake_args=None, cmake_target=None, cmake_target_skip_unavailable=False, cmake_clean_cache=False, cmake_clean_first=False, cmake_force_configure=False, ament_cmake_args=None, catkin_cmake_args=None, catkin_skip_building_tests=False, mixin_files=None, mixin=None, verb_parser=<colcon_mixin.mixin.mixin_argument.MixinArgumentDecorator object at 0x713bd44a94c0>, verb_extension=<colcon_core.verb.build.BuildVerb object at 0x713bd44a8fb0>, main=<bound method BuildVerb.main of <colcon_core.verb.build.BuildVerb object at 0x713bd44a8fb0>>, mixin_verb=('build',))
[0.144s] Level 1:colcon.colcon_core.package_discovery:discover_packages(colcon_meta) check parameters
[0.144s] Level 1:colcon.colcon_core.package_discovery:discover_packages(recursive) check parameters
[0.144s] Level 1:colcon.colcon_core.package_discovery:discover_packages(ignore) check parameters
[0.144s] Level 1:colcon.colcon_core.package_discovery:discover_packages(path) check parameters
[0.144s] Level 1:colcon.colcon_core.package_discovery:discover_packages(colcon_meta) discover
[0.145s] Level 1:colcon.colcon_core.package_discovery:discover_packages(recursive) discover
[0.145s] INFO:colcon.colcon_core.package_discovery:Crawling recursively for packages in '/home/bilhr2025/Downloads/BILHR_T5'
[0.145s] Level 1:colcon.colcon_core.package_identification:_identify(.) by extensions ['ignore', 'ignore_ament_install']
[0.145s] Level 1:colcon.colcon_core.package_identification:_identify(.) by extension 'ignore'
[0.145s] Level 1:colcon.colcon_core.package_identification:_identify(.) by extension 'ignore_ament_install'
[0.145s] Level 1:colcon.colcon_core.package_identification:_identify(.) by extensions ['colcon_pkg']
[0.145s] Level 1:colcon.colcon_core.package_identification:_identify(.) by extension 'colcon_pkg'
[0.145s] Level 1:colcon.colcon_core.package_identification:_identify(.) by extensions ['colcon_meta']
[0.145s] Level 1:colcon.colcon_core.package_identification:_identify(.) by extension 'colcon_meta'
[0.145s] Level 1:colcon.colcon_core.package_identification:_identify(.) by extensions ['ros']
[0.145s] Level 1:colcon.colcon_core.package_identification:_identify(.) by extension 'ros'
[0.168s] Level 1:colcon.colcon_core.package_identification:_identify(.) by extensions ['cmake', 'python']
[0.168s] Level 1:colcon.colcon_core.package_identification:_identify(.) by extension 'cmake'
[0.168s] Level 1:colcon.colcon_core.package_identification:_identify(.) by extension 'python'
[0.168s] Level 1:colcon.colcon_core.package_identification:_identify(.) by extensions ['python_setup_py']
[0.168s] Level 1:colcon.colcon_core.package_identification:_identify(.) by extension 'python_setup_py'
[0.168s] Level 1:colcon.colcon_core.package_identification:_identify(build) by extensions ['ignore', 'ignore_ament_install']
[0.169s] Level 1:colcon.colcon_core.package_identification:_identify(build) by extension 'ignore'
[0.169s] Level 1:colcon.colcon_core.package_identification:_identify(build) ignored
[0.169s] Level 1:colcon.colcon_core.package_identification:_identify(install) by extensions ['ignore', 'ignore_ament_install']
[0.169s] Level 1:colcon.colcon_core.package_identification:_identify(install) by extension 'ignore'
[0.169s] Level 1:colcon.colcon_core.package_identification:_identify(install) ignored
[0.169s] Level 1:colcon.colcon_core.package_identification:_identify(log) by extensions ['ignore', 'ignore_ament_install']
[0.169s] Level 1:colcon.colcon_core.package_identification:_identify(log) by extension 'ignore'
[0.169s] Level 1:colcon.colcon_core.package_identification:_identify(log) ignored
[0.169s] Level 1:colcon.colcon_core.package_identification:_identify(src) by extensions ['ignore', 'ignore_ament_install']
[0.169s] Level 1:colcon.colcon_core.package_identification:_identify(src) by extension 'ignore'
[0.169s] Level 1:colcon.colcon_core.package_identification:_identify(src) by extension 'ignore_ament_install'
[0.169s] Level 1:colcon.colcon_core.package_identification:_identify(src) by extensions ['colcon_pkg']
[0.169s] Level 1:colcon.colcon_core.package_identification:_identify(src) by extension 'colcon_pkg'
[0.169s] Level 1:colcon.colcon_core.package_identification:_identify(src) by extensions ['colcon_meta']
[0.169s] Level 1:colcon.colcon_core.package_identification:_identify(src) by extension 'colcon_meta'
[0.169s] Level 1:colcon.colcon_core.package_identification:_identify(src) by extensions ['ros']
[0.170s] Level 1:colcon.colcon_core.package_identification:_identify(src) by extension 'ros'
[0.170s] Level 1:colcon.colcon_core.package_identification:_identify(src) by extensions ['cmake', 'python']
[0.170s] Level 1:colcon.colcon_core.package_identification:_identify(src) by extension 'cmake'
[0.170s] Level 1:colcon.colcon_core.package_identification:_identify(src) by extension 'python'
[0.170s] Level 1:colcon.colcon_core.package_identification:_identify(src) by extensions ['python_setup_py']
[0.170s] Level 1:colcon.colcon_core.package_identification:_identify(src) by extension 'python_setup_py'
[0.170s] Level 1:colcon.colcon_core.package_identification:_identify(src/ainex_motion) by extensions ['ignore', 'ignore_ament_install']
[0.170s] Level 1:colcon.colcon_core.package_identification:_identify(src/ainex_motion) by extension 'ignore'
[0.170s] Level 1:colcon.colcon_core.package_identification:_identify(src/ainex_motion) by extension 'ignore_ament_install'
[0.170s] Level 1:colcon.colcon_core.package_identification:_identify(src/ainex_motion) by extensions ['colcon_pkg']
[0.170s] Level 1:colcon.colcon_core.package_identification:_identify(src/ainex_motion) by extension 'colcon_pkg'
[0.170s] Level 1:colcon.colcon_core.package_identification:_identify(src/ainex_motion) by extensions ['colcon_meta']
[0.170s] Level 1:colcon.colcon_core.package_identification:_identify(src/ainex_motion) by extension 'colcon_meta'
[0.170s] Level 1:colcon.colcon_core.package_identification:_identify(src/ainex_motion) by extensions ['ros']
[0.170s] Level 1:colcon.colcon_core.package_identification:_identify(src/ainex_motion) by extension 'ros'
[0.172s] DEBUG:colcon.colcon_core.package_identification:Package 'src/ainex_motion' with type 'ros.ament_python' and name 'ainex_motion'
[0.173s] Level 1:colcon.colcon_core.package_identification:_identify(src/ainex_neural_control) by extensions ['ignore', 'ignore_ament_install']
[0.173s] Level 1:colcon.colcon_core.package_identification:_identify(src/ainex_neural_control) by extension 'ignore'
[0.173s] Level 1:colcon.colcon_core.package_identification:_identify(src/ainex_neural_control) by extension 'ignore_ament_install'
[0.173s] Level 1:colcon.colcon_core.package_identification:_identify(src/ainex_neural_control) by extensions ['colcon_pkg']
[0.173s] Level 1:colcon.colcon_core.package_identification:_identify(src/ainex_neural_control) by extension 'colcon_pkg'
[0.173s] Level 1:colcon.colcon_core.package_identification:_identify(src/ainex_neural_control) by extensions ['colcon_meta']
[0.173s] Level 1:colcon.colcon_core.package_identification:_identify(src/ainex_neural_control) by extension 'colcon_meta'
[0.173s] Level 1:colcon.colcon_core.package_identification:_identify(src/ainex_neural_control) by extensions ['ros']
[0.173s] Level 1:colcon.colcon_core.package_identification:_identify(src/ainex_neural_control) by extension 'ros'
[0.174s] DEBUG:colcon.colcon_core.package_identification:Package 'src/ainex_neural_control' with type 'ros.ament_python' and name 'ainex_neural_control'
[0.174s] Level 1:colcon.colcon_core.package_identification:_identify(src/ainex_vision) by extensions ['ignore', 'ignore_ament_install']
[0.174s] Level 1:colcon.colcon_core.package_identification:_identify(src/ainex_vision) by extension 'ignore'
[0.174s] Level 1:colcon.colcon_core.package_identification:_identify(src/ainex_vision) by extension 'ignore_ament_install'
[0.174s] Level 1:colcon.colcon_core.package_identification:_identify(src/ainex_vision) by extensions ['colcon_pkg']
[0.174s] Level 1:colcon.colcon_core.package_identification:_identify(src/ainex_vision) by extension 'colcon_pkg'
[0.174s] Level 1:colcon.colcon_core.package_identification:_identify(src/ainex_vision) by extensions ['colcon_meta']
[0.174s] Level 1:colcon.colcon_core.package_identification:_identify(src/ainex_vision) by extension 'colcon_meta'
[0.174s] Level 1:colcon.colcon_core.package_identification:_identify(src/ainex_vision) by extensions ['ros']
[0.174s] Level 1:colcon.colcon_core.package_identification:_identify(src/ainex_vision) by extension 'ros'
[0.174s] DEBUG:colcon.colcon_core.package_identification:Package 'src/ainex_vision' with type 'ros.ament_python' and name 'ainex_vision'
[0.175s] Level 1:colcon.colcon_core.package_identification:_identify(src/build) by extensions ['ignore', 'ignore_ament_install']
[0.175s] Level 1:colcon.colcon_core.package_identification:_identify(src/build) by extension 'ignore'
[0.175s] Level 1:colcon.colcon_core.package_identification:_identify(src/build) ignored
[0.175s] Level 1:colcon.colcon_core.package_identification:_identify(src/install) by extensions ['ignore', 'ignore_ament_install']
[0.175s] Level 1:colcon.colcon_core.package_identification:_identify(src/install) by extension 'ignore'
[0.175s] Level 1:colcon.colcon_core.package_identification:_identify(src/install) ignored
[0.175s] Level 1:colcon.colcon_core.package_identification:_identify(src/log) by extensions ['ignore', 'ignore_ament_install']
[0.175s] Level 1:colcon.colcon_core.package_identification:_identify(src/log) by extension 'ignore'
[0.175s] Level 1:colcon.colcon_core.package_identification:_identify(src/log) ignored
[0.175s] Level 1:colcon.colcon_core.package_identification:_identify(src/servo_service) by extensions ['ignore', 'ignore_ament_install']
[0.175s] Level 1:colcon.colcon_core.package_identification:_identify(src/servo_service) by extension 'ignore'
[0.175s] Level 1:colcon.colcon_core.package_identification:_identify(src/servo_service) by extension 'ignore_ament_install'
[0.175s] Level 1:colcon.colcon_core.package_identification:_identify(src/servo_service) by extensions ['colcon_pkg']
[0.176s] Level 1:colcon.colcon_core.package_identification:_identify(src/servo_service) by extension 'colcon_pkg'
[0.176s] Level 1:colcon.colcon_core.package_identification:_identify(src/servo_service) by extensions ['colcon_meta']
[0.176s] Level 1:colcon.colcon_core.package_identification:_identify(src/servo_service) by extension 'colcon_meta'
[0.176s] Level 1:colcon.colcon_core.package_identification:_identify(src/servo_service) by extensions ['ros']
[0.176s] Level 1:colcon.colcon_core.package_identification:_identify(src/servo_service) by extension 'ros'
[0.176s] DEBUG:colcon.colcon_core.package_identification:Package 'src/servo_service' with type 'ros.ament_cmake' and name 'servo_service'
[0.176s] Level 1:colcon.colcon_core.package_discovery:discover_packages(recursive) using defaults
[0.176s] Level 1:colcon.colcon_core.package_discovery:discover_packages(ignore) discover
[0.176s] Level 1:colcon.colcon_core.package_discovery:discover_packages(ignore) using defaults
[0.176s] Level 1:colcon.colcon_core.package_discovery:discover_packages(path) discover
[0.176s] Level 1:colcon.colcon_core.package_discovery:discover_packages(path) using defaults
[0.194s] Level 1:colcon.colcon_core.package_discovery:discover_packages(prefix_path) check parameters
[0.194s] Level 1:colcon.colcon_core.package_discovery:discover_packages(prefix_path) discover
[0.196s] DEBUG:colcon.colcon_installed_package_information.package_discovery:Found 4 installed packages in /home/bilhr2025/Downloads/BILHR_T5/install
[0.197s] DEBUG:colcon.colcon_installed_package_information.package_discovery:Found 325 installed packages in /opt/ros/jazzy
[0.198s] Level 1:colcon.colcon_core.package_discovery:discover_packages(prefix_path) using defaults
[0.247s] Level 5:colcon.colcon_core.verb:set package 'ainex_neural_control' build argument 'cmake_args' from command line to 'None'
[0.247s] Level 5:colcon.colcon_core.verb:set package 'ainex_neural_control' build argument 'cmake_target' from command line to 'None'
[0.247s] Level 5:colcon.colcon_core.verb:set package 'ainex_neural_control' build argument 'cmake_target_skip_unavailable' from command line to 'False'
[0.247s] Level 5:colcon.colcon_core.verb:set package 'ainex_neural_control' build argument 'cmake_clean_cache' from command line to 'False'
[0.247s] Level 5:colcon.colcon_core.verb:set package 'ainex_neural_control' build argument 'cmake_clean_first' from command line to 'False'
[0.247s] Level 5:colcon.colcon_core.verb:set package 'ainex_neural_control' build argument 'cmake_force_configure' from command line to 'False'
[0.247s] Level 5:colcon.colcon_core.verb:set package 'ainex_neural_control' build argument 'ament_cmake_args' from command line to 'None'
[0.247s] Level 5:colcon.colcon_core.verb:set package 'ainex_neural_control' build argument 'catkin_cmake_args' from command line to 'None'
[0.247s] Level 5:colcon.colcon_core.verb:set package 'ainex_neural_control' build argument 'catkin_skip_building_tests' from command line to 'False'
[0.247s] DEBUG:colcon.colcon_core.verb:Building package 'ainex_neural_control' with the following arguments: {'ament_cmake_args': None, 'build_base': '/home/bilhr2025/Downloads/BILHR_T5/build/ainex_neural_control', 'catkin_cmake_args': None, 'catkin_skip_building_tests': False, 'cmake_args': None, 'cmake_clean_cache': False, 'cmake_clean_first': False, 'cmake_force_configure': False, 'cmake_target': None, 'cmake_target_skip_unavailable': False, 'install_base': '/home/bilhr2025/Downloads/BILHR_T5/install/ainex_neural_control', 'merge_install': False, 'path': '/home/bilhr2025/Downloads/BILHR_T5/src/ainex_neural_control', 'symlink_install': True, 'test_result_base': None}
[0.247s] Level 5:colcon.colcon_core.verb:set package 'ainex_vision' build argument 'cmake_args' from command line to 'None'
[0.247s] Level 5:colcon.colcon_core.verb:set package 'ainex_vision' build argument 'cmake_target' from command line to 'None'
[0.249s] Level 5:colcon.colcon_core.verb:set package 'ainex_vision' build argument 'cmake_target_skip_unavailable' from command line to 'False'
[0.249s] Level 5:colcon.colcon_core.verb:set package 'ainex_vision' build argument 'cmake_clean_cache' from command line to 'False'
[0.249s] Level 5:colcon.colcon_core.verb:set package 'ainex_vision' build argument 'cmake_clean_first' from command line to 'False'
[0.249s] Level 5:colcon.colcon_core.verb:set package 'ainex_vision' build argument 'cmake_force_configure' from command line to 'False'
[0.249s] Level 5:colcon.colcon_core.verb:set package 'ainex_vision' build argument 'ament_cmake_args' from command line to 'None'
[0.249s] Level 5:colcon.colcon_core.verb:set package 'ainex_vision' build argument 'catkin_cmake_args' from command line to 'None'
[0.249s] Level 5:colcon.colcon_core.verb:set package 'ainex_vision' build argument 'catkin_skip_building_tests' from command line to 'False'
[0.249s] DEBUG:colcon.colcon_core.verb:Building package 'ainex_vision' with the following arguments: {'ament_cmake_args': None, 'build_base': '/home/bilhr2025/Downloads/BILHR_T5/build/ainex_vision', 'catkin_cmake_args': None, 'catkin_skip_building_tests': False, 'cmake_args': None, 'cmake_clean_cache': False, 'cmake_clean_first': False, 'cmake_force_configure': False, 'cmake_target': None, 'cmake_target_skip_unavailable': False, 'install_base': '/home/bilhr2025/Downloads/BILHR_T5/install/ainex_vision', 'merge_install': False, 'path': '/home/bilhr2025/Downloads/BILHR_T5/src/ainex_vision', 'symlink_install': True, 'test_result_base': None}
[0.249s] Level 5:colcon.colcon_core.verb:set package 'servo_service' build argument 'cmake_args' from command line to 'None'
[0.250s] Level 5:colcon.colcon_core.verb:set package 'servo_service' build argument 'cmake_target' from command line to 'None'
[0.250s] Level 5:colcon.colcon_core.verb:set package 'servo_service' build argument 'cmake_target_skip_unavailable' from command line to 'False'
[0.250s] Level 5:colcon.colcon_core.verb:set package 'servo_service' build argument 'cmake_clean_cache' from command line to 'False'
[0.250s] Level 5:colcon.colcon_core.verb:set package 'servo_service' build argument 'cmake_clean_first' from command line to 'False'
[0.250s] Level 5:colcon.colcon_core.verb:set package 'servo_service' build argument 'cmake_force_configure' from command line to 'False'
[0.250s] Level 5:colcon.colcon_core.verb:set package 'servo_service' build argument 'ament_cmake_args' from command line to 'None'
[0.250s] Level 5:colcon.colcon_core.verb:set package 'servo_service' build argument 'catkin_cmake_args' from command line to 'None'
[0.250s] Level 5:colcon.colcon_core.verb:set package 'servo_service' build argument 'catkin_skip_building_tests' from command line to 'False'
[0.250s] DEBUG:colcon.colcon_core.verb:Building package 'servo_service' with the following arguments: {'ament_cmake_args': None, 'build_base': '/home/bilhr2025/Downloads/BILHR_T5/build/servo_service', 'catkin_cmake_args': None, 'catkin_skip_building_tests': False, 'cmake_args': None, 'cmake_clean_cache': False, 'cmake_clean_first': False, 'cmake_force_configure': False, 'cmake_target': None, 'cmake_target_skip_unavailable': False, 'install_base': '/home/bilhr2025/Downloads/BILHR_T5/install/servo_service', 'merge_install': False, 'path': '/home/bilhr2025/Downloads/BILHR_T5/src/servo_service', 'symlink_install': True, 'test_result_base': None}
[0.250s] Level 5:colcon.colcon_core.verb:set package 'ainex_motion' build argument 'cmake_args' from command line to 'None'
[0.250s] Level 5:colcon.colcon_core.verb:set package 'ainex_motion' build argument 'cmake_target' from command line to 'None'
[0.250s] Level 5:colcon.colcon_core.verb:set package 'ainex_motion' build argument 'cmake_target_skip_unavailable' from command line to 'False'
[0.250s] Level 5:colcon.colcon_core.verb:set package 'ainex_motion' build argument 'cmake_clean_cache' from command line to 'False'
[0.250s] Level 5:colcon.colcon_core.verb:set package 'ainex_motion' build argument 'cmake_clean_first' from command line to 'False'
[0.250s] Level 5:colcon.colcon_core.verb:set package 'ainex_motion' build argument 'cmake_force_configure' from command line to 'False'
[0.250s] Level 5:colcon.colcon_core.verb:set package 'ainex_motion' build argument 'ament_cmake_args' from command line to 'None'
[0.250s] Level 5:colcon.colcon_core.verb:set package 'ainex_motion' build argument 'catkin_cmake_args' from command line to 'None'
[0.250s] Level 5:colcon.colcon_core.verb:set package 'ainex_motion' build argument 'catkin_skip_building_tests' from command line to 'False'
[0.250s] DEBUG:colcon.colcon_core.verb:Building package 'ainex_motion' with the following arguments: {'ament_cmake_args': None, 'build_base': '/home/bilhr2025/Downloads/BILHR_T5/build/ainex_motion', 'catkin_cmake_args': None, 'catkin_skip_building_tests': False, 'cmake_args': None, 'cmake_clean_cache': False, 'cmake_clean_first': False, 'cmake_force_configure': False, 'cmake_target': None, 'cmake_target_skip_unavailable': False, 'install_base': '/home/bilhr2025/Downloads/BILHR_T5/install/ainex_motion', 'merge_install': False, 'path': '/home/bilhr2025/Downloads/BILHR_T5/src/ainex_motion', 'symlink_install': True, 'test_result_base': None}
[0.250s] INFO:colcon.colcon_core.executor:Executing jobs using 'parallel' executor
[0.251s] DEBUG:colcon.colcon_parallel_executor.executor.parallel:run_until_complete
[0.251s] INFO:colcon.colcon_ros.task.ament_cmake.build:Building ROS package in '/home/bilhr2025/Downloads/BILHR_T5/src/servo_service' with build type 'ament_cmake'
[0.252s] INFO:colcon.colcon_cmake.task.cmake.build:Building CMake package in '/home/bilhr2025/Downloads/BILHR_T5/src/servo_service'
[0.254s] INFO:colcon.colcon_core.plugin_system:Skipping extension 'colcon_core.shell.bat': Not used on non-Windows systems
[0.255s] INFO:colcon.colcon_core.shell:Skip shell extension 'powershell' for command environment: Not usable outside of PowerShell
[0.255s] DEBUG:colcon.colcon_core.shell:Skip shell extension 'dsv' for command environment
[0.259s] INFO:colcon.colcon_ros.task.ament_python.build:Building ROS package in '/home/bilhr2025/Downloads/BILHR_T5/src/ainex_neural_control' with build type 'ament_python'
[0.259s] Level 1:colcon.colcon_core.shell:create_environment_hook('ainex_neural_control', 'ament_prefix_path')
[0.259s] INFO:colcon.colcon_core.shell:Creating environment hook '/home/bilhr2025/Downloads/BILHR_T5/install/ainex_neural_control/share/ainex_neural_control/hook/ament_prefix_path.ps1'
[0.260s] INFO:colcon.colcon_core.shell:Creating environment descriptor '/home/bilhr2025/Downloads/BILHR_T5/install/ainex_neural_control/share/ainex_neural_control/hook/ament_prefix_path.dsv'
[0.260s] INFO:colcon.colcon_core.shell:Creating environment hook '/home/bilhr2025/Downloads/BILHR_T5/install/ainex_neural_control/share/ainex_neural_control/hook/ament_prefix_path.sh'
[0.261s] INFO:colcon.colcon_core.shell:Skip shell extension 'powershell' for command environment: Not usable outside of PowerShell
[0.261s] DEBUG:colcon.colcon_core.shell:Skip shell extension 'dsv' for command environment
[0.264s] INFO:colcon.colcon_ros.task.ament_python.build:Building ROS package in '/home/bilhr2025/Downloads/BILHR_T5/src/ainex_vision' with build type 'ament_python'
[0.265s] Level 1:colcon.colcon_core.shell:create_environment_hook('ainex_vision', 'ament_prefix_path')
[0.265s] INFO:colcon.colcon_core.shell:Creating environment hook '/home/bilhr2025/Downloads/BILHR_T5/install/ainex_vision/share/ainex_vision/hook/ament_prefix_path.ps1'
[0.265s] INFO:colcon.colcon_core.shell:Creating environment descriptor '/home/bilhr2025/Downloads/BILHR_T5/install/ainex_vision/share/ainex_vision/hook/ament_prefix_path.dsv'
[0.266s] INFO:colcon.colcon_core.shell:Creating environment hook '/home/bilhr2025/Downloads/BILHR_T5/install/ainex_vision/share/ainex_vision/hook/ament_prefix_path.sh'
[0.266s] INFO:colcon.colcon_core.shell:Skip shell extension 'powershell' for command environment: Not usable outside of PowerShell
[0.266s] DEBUG:colcon.colcon_core.shell:Skip shell extension 'dsv' for command environment
[0.274s] DEBUG:colcon.colcon_core.event_handler.log_command:Invoking command in '/home/bilhr2025/Downloads/BILHR_T5/build/servo_service': CMAKE_PREFIX_PATH=${CMAKE_PREFIX_PATH}:/home/bilhr2025/Downloads/BILHR_T5/install/ainex_motion:/home/bilhr2025/Downloads/BILHR_T5/install/ainex_vision:/home/bilhr2025/Downloads/BILHR_T5/install/ainex_neural_control:/opt/ros/jazzy DEBUGINFOD_URLS=https://debuginfod.ubuntu.com /usr/bin/cmake --build /home/bilhr2025/Downloads/BILHR_T5/build/servo_service -- -j8 -l8
[0.578s] INFO:colcon.colcon_core.task.python.build:Building Python package in '/home/bilhr2025/Downloads/BILHR_T5/src/ainex_neural_control'
[0.578s] INFO:colcon.colcon_core.shell:Skip shell extension 'powershell' for command environment: Not usable outside of PowerShell
[0.578s] DEBUG:colcon.colcon_core.shell:Skip shell extension 'dsv' for command environment
[0.857s] INFO:colcon.colcon_core.task.python.build:Building Python package in '/home/bilhr2025/Downloads/BILHR_T5/src/ainex_vision'
[0.858s] INFO:colcon.colcon_core.shell:Skip shell extension 'powershell' for command environment: Not usable outside of PowerShell
[0.858s] DEBUG:colcon.colcon_core.shell:Skip shell extension 'dsv' for command environment
[0.864s] DEBUG:colcon.colcon_core.event_handler.log_command:Invoked command in '/home/bilhr2025/Downloads/BILHR_T5/build/servo_service' returned '0': CMAKE_PREFIX_PATH=${CMAKE_PREFIX_PATH}:/home/bilhr2025/Downloads/BILHR_T5/install/ainex_motion:/home/bilhr2025/Downloads/BILHR_T5/install/ainex_vision:/home/bilhr2025/Downloads/BILHR_T5/install/ainex_neural_control:/opt/ros/jazzy DEBUGINFOD_URLS=https://debuginfod.ubuntu.com /usr/bin/cmake --build /home/bilhr2025/Downloads/BILHR_T5/build/servo_service -- -j8 -l8
[0.875s] DEBUG:colcon.colcon_core.event_handler.log_command:Invoking command in '/home/bilhr2025/Downloads/BILHR_T5/build/servo_service': CMAKE_PREFIX_PATH=${CMAKE_PREFIX_PATH}:/home/bilhr2025/Downloads/BILHR_T5/install/ainex_motion:/home/bilhr2025/Downloads/BILHR_T5/install/ainex_vision:/home/bilhr2025/Downloads/BILHR_T5/install/ainex_neural_control:/opt/ros/jazzy DEBUGINFOD_URLS=https://debuginfod.ubuntu.com /usr/bin/cmake --install /home/bilhr2025/Downloads/BILHR_T5/build/servo_service
[0.990s] Level 1:colcon.colcon_core.environment:create_environment_scripts_only(servo_service)
[0.991s] DEBUG:colcon.colcon_core.event_handler.log_command:Invoked command in '/home/bilhr2025/Downloads/BILHR_T5/build/servo_service' returned '0': CMAKE_PREFIX_PATH=${CMAKE_PREFIX_PATH}:/home/bilhr2025/Downloads/BILHR_T5/install/ainex_motion:/home/bilhr2025/Downloads/BILHR_T5/install/ainex_vision:/home/bilhr2025/Downloads/BILHR_T5/install/ainex_neural_control:/opt/ros/jazzy DEBUGINFOD_URLS=https://debuginfod.ubuntu.com /usr/bin/cmake --install /home/bilhr2025/Downloads/BILHR_T5/build/servo_service
[0.994s] Level 1:colcon.colcon_core.environment:checking '/home/bilhr2025/Downloads/BILHR_T5/install/servo_service' for CMake module files
[0.995s] Level 1:colcon.colcon_core.environment:checking '/home/bilhr2025/Downloads/BILHR_T5/install/servo_service' for CMake config files
[0.996s] Level 1:colcon.colcon_core.shell:create_environment_hook('servo_service', 'cmake_prefix_path')
[0.997s] INFO:colcon.colcon_core.shell:Creating environment hook '/home/bilhr2025/Downloads/BILHR_T5/install/servo_service/share/servo_service/hook/cmake_prefix_path.ps1'
[0.997s] INFO:colcon.colcon_core.shell:Creating environment descriptor '/home/bilhr2025/Downloads/BILHR_T5/install/servo_service/share/servo_service/hook/cmake_prefix_path.dsv'
[0.998s] INFO:colcon.colcon_core.shell:Creating environment hook '/home/bilhr2025/Downloads/BILHR_T5/install/servo_service/share/servo_service/hook/cmake_prefix_path.sh'
[0.998s] Level 1:colcon.colcon_core.environment:checking '/home/bilhr2025/Downloads/BILHR_T5/install/servo_service/lib'
[0.999s] Level 1:colcon.colcon_core.shell:create_environment_hook('servo_service', 'ld_library_path_lib')
[0.999s] INFO:colcon.colcon_core.shell:Creating environment hook '/home/bilhr2025/Downloads/BILHR_T5/install/servo_service/share/servo_service/hook/ld_library_path_lib.ps1'
[0.999s] INFO:colcon.colcon_core.shell:Creating environment descriptor '/home/bilhr2025/Downloads/BILHR_T5/install/servo_service/share/servo_service/hook/ld_library_path_lib.dsv'
[1.000s] INFO:colcon.colcon_core.shell:Creating environment hook '/home/bilhr2025/Downloads/BILHR_T5/install/servo_service/share/servo_service/hook/ld_library_path_lib.sh'
[1.000s] Level 1:colcon.colcon_core.environment:checking '/home/bilhr2025/Downloads/BILHR_T5/install/servo_service/bin'
[1.001s] Level 1:colcon.colcon_core.environment:checking '/home/bilhr2025/Downloads/BILHR_T5/install/servo_service/lib/pkgconfig/servo_service.pc'
[1.001s] Level 1:colcon.colcon_core.environment:checking '/home/bilhr2025/Downloads/BILHR_T5/install/servo_service/lib/python3.12/site-packages'
[1.001s] Level 1:colcon.colcon_core.shell:create_environment_hook('servo_service', 'pythonpath')
[1.001s] INFO:colcon.colcon_core.shell:Creating environment hook '/home/bilhr2025/Downloads/BILHR_T5/install/servo_service/share/servo_service/hook/pythonpath.ps1'
[1.002s] INFO:colcon.colcon_core.shell:Creating environment descriptor '/home/bilhr2025/Downloads/BILHR_T5/install/servo_service/share/servo_service/hook/pythonpath.dsv'
[1.002s] INFO:colcon.colcon_core.shell:Creating environment hook '/home/bilhr2025/Downloads/BILHR_T5/install/servo_service/share/servo_service/hook/pythonpath.sh'
[1.003s] Level 1:colcon.colcon_core.environment:checking '/home/bilhr2025/Downloads/BILHR_T5/install/servo_service/bin'
[1.003s] INFO:colcon.colcon_core.shell:Creating package script '/home/bilhr2025/Downloads/BILHR_T5/install/servo_service/share/servo_service/package.ps1'
[1.004s] INFO:colcon.colcon_core.shell:Creating package descriptor '/home/bilhr2025/Downloads/BILHR_T5/install/servo_service/share/servo_service/package.dsv'
[1.005s] INFO:colcon.colcon_core.shell:Creating package script '/home/bilhr2025/Downloads/BILHR_T5/install/servo_service/share/servo_service/package.sh'
[1.006s] INFO:colcon.colcon_core.shell:Creating package script '/home/bilhr2025/Downloads/BILHR_T5/install/servo_service/share/servo_service/package.bash'
[1.007s] INFO:colcon.colcon_core.shell:Creating package script '/home/bilhr2025/Downloads/BILHR_T5/install/servo_service/share/servo_service/package.zsh'
[1.008s] Level 1:colcon.colcon_core.environment:create_file_with_runtime_dependencies(/home/bilhr2025/Downloads/BILHR_T5/install/servo_service/share/colcon-core/packages/servo_service)
[1.009s] Level 1:colcon.colcon_core.environment:create_environment_scripts_only(servo_service)
[1.009s] Level 1:colcon.colcon_core.environment:checking '/home/bilhr2025/Downloads/BILHR_T5/install/servo_service' for CMake module files
[1.010s] Level 1:colcon.colcon_core.environment:checking '/home/bilhr2025/Downloads/BILHR_T5/install/servo_service' for CMake config files
[1.011s] Level 1:colcon.colcon_core.shell:create_environment_hook('servo_service', 'cmake_prefix_path')
[1.012s] INFO:colcon.colcon_core.shell:Creating environment hook '/home/bilhr2025/Downloads/BILHR_T5/install/servo_service/share/servo_service/hook/cmake_prefix_path.ps1'
[1.012s] INFO:colcon.colcon_core.shell:Creating environment descriptor '/home/bilhr2025/Downloads/BILHR_T5/install/servo_service/share/servo_service/hook/cmake_prefix_path.dsv'
[1.013s] INFO:colcon.colcon_core.shell:Creating environment hook '/home/bilhr2025/Downloads/BILHR_T5/install/servo_service/share/servo_service/hook/cmake_prefix_path.sh'
[1.014s] Level 1:colcon.colcon_core.environment:checking '/home/bilhr2025/Downloads/BILHR_T5/install/servo_service/lib'
[1.014s] Level 1:colcon.colcon_core.shell:create_environment_hook('servo_service', 'ld_library_path_lib')
[1.014s] INFO:colcon.colcon_core.shell:Creating environment hook '/home/bilhr2025/Downloads/BILHR_T5/install/servo_service/share/servo_service/hook/ld_library_path_lib.ps1'
[1.014s] INFO:colcon.colcon_core.shell:Creating environment descriptor '/home/bilhr2025/Downloads/BILHR_T5/install/servo_service/share/servo_service/hook/ld_library_path_lib.dsv'
[1.015s] INFO:colcon.colcon_core.shell:Creating environment hook '/home/bilhr2025/Downloads/BILHR_T5/install/servo_service/share/servo_service/hook/ld_library_path_lib.sh'
[1.015s] Level 1:colcon.colcon_core.environment:checking '/home/bilhr2025/Downloads/BILHR_T5/install/servo_service/bin'
[1.015s] Level 1:colcon.colcon_core.environment:checking '/home/bilhr2025/Downloads/BILHR_T5/install/servo_service/lib/pkgconfig/servo_service.pc'
[1.016s] Level 1:colcon.colcon_core.environment:checking '/home/bilhr2025/Downloads/BILHR_T5/install/servo_service/lib/python3.12/site-packages'
[1.016s] Level 1:colcon.colcon_core.shell:create_environment_hook('servo_service', 'pythonpath')
[1.016s] INFO:colcon.colcon_core.shell:Creating environment hook '/home/bilhr2025/Downloads/BILHR_T5/install/servo_service/share/servo_service/hook/pythonpath.ps1'
[1.017s] INFO:colcon.colcon_core.shell:Creating environment descriptor '/home/bilhr2025/Downloads/BILHR_T5/install/servo_service/share/servo_service/hook/pythonpath.dsv'
[1.017s] INFO:colcon.colcon_core.shell:Creating environment hook '/home/bilhr2025/Downloads/BILHR_T5/install/servo_service/share/servo_service/hook/pythonpath.sh'
[1.018s] Level 1:colcon.colcon_core.environment:checking '/home/bilhr2025/Downloads/BILHR_T5/install/servo_service/bin'
[1.018s] INFO:colcon.colcon_core.shell:Creating package script '/home/bilhr2025/Downloads/BILHR_T5/install/servo_service/share/servo_service/package.ps1'
[1.019s] INFO:colcon.colcon_core.shell:Creating package descriptor '/home/bilhr2025/Downloads/BILHR_T5/install/servo_service/share/servo_service/package.dsv'
[1.020s] INFO:colcon.colcon_core.shell:Creating package script '/home/bilhr2025/Downloads/BILHR_T5/install/servo_service/share/servo_service/package.sh'
[1.020s] INFO:colcon.colcon_core.shell:Creating package script '/home/bilhr2025/Downloads/BILHR_T5/install/servo_service/share/servo_service/package.bash'
[1.021s] INFO:colcon.colcon_core.shell:Creating package script '/home/bilhr2025/Downloads/BILHR_T5/install/servo_service/share/servo_service/package.zsh'
[1.021s] Level 1:colcon.colcon_core.environment:create_file_with_runtime_dependencies(/home/bilhr2025/Downloads/BILHR_T5/install/servo_service/share/colcon-core/packages/servo_service)
[1.022s] INFO:colcon.colcon_ros.task.ament_python.build:Building ROS package in '/home/bilhr2025/Downloads/BILHR_T5/src/ainex_motion' with build type 'ament_python'
[1.022s] Level 1:colcon.colcon_core.shell:create_environment_hook('ainex_motion', 'ament_prefix_path')
[1.022s] INFO:colcon.colcon_core.shell:Creating environment hook '/home/bilhr2025/Downloads/BILHR_T5/install/ainex_motion/share/ainex_motion/hook/ament_prefix_path.ps1'
[1.023s] INFO:colcon.colcon_core.shell:Creating environment descriptor '/home/bilhr2025/Downloads/BILHR_T5/install/ainex_motion/share/ainex_motion/hook/ament_prefix_path.dsv'
[1.024s] INFO:colcon.colcon_core.shell:Creating environment hook '/home/bilhr2025/Downloads/BILHR_T5/install/ainex_motion/share/ainex_motion/hook/ament_prefix_path.sh'
[1.024s] INFO:colcon.colcon_core.shell:Skip shell extension 'powershell' for command environment: Not usable outside of PowerShell
[1.024s] DEBUG:colcon.colcon_core.shell:Skip shell extension 'dsv' for command environment
[1.267s] INFO:colcon.colcon_core.task.python.build:Building Python package in '/home/bilhr2025/Downloads/BILHR_T5/src/ainex_motion'
[1.268s] INFO:colcon.colcon_core.shell:Skip shell extension 'powershell' for command environment: Not usable outside of PowerShell
[1.268s] DEBUG:colcon.colcon_core.shell:Skip shell extension 'dsv' for command environment
[1.545s] DEBUG:colcon.colcon_core.event_handler.log_command:Invoking command in '/home/bilhr2025/Downloads/BILHR_T5/build/ainex_neural_control': DEBUGINFOD_URLS=https://debuginfod.ubuntu.com PYTHONPATH=/home/bilhr2025/Downloads/BILHR_T5/build/ainex_neural_control/prefix_override:/usr/lib/python3/dist-packages/colcon_core/task/python/colcon_distutils_commands:/home/bilhr2025/Downloads/BILHR_T5/install/ainex_neural_control/lib/python3.12/site-packages:${PYTHONPATH} /usr/bin/python3 -W ignore:setup.py install is deprecated -W ignore:easy_install command is deprecated setup.py develop --editable --build-directory /home/bilhr2025/Downloads/BILHR_T5/build/ainex_neural_control/build --no-deps symlink_data
[1.588s] DEBUG:colcon.colcon_core.event_handler.log_command:Invoking command in '/home/bilhr2025/Downloads/BILHR_T5/build/ainex_vision': DEBUGINFOD_URLS=https://debuginfod.ubuntu.com PYTHONPATH=/home/bilhr2025/Downloads/BILHR_T5/build/ainex_vision/prefix_override:/usr/lib/python3/dist-packages/colcon_core/task/python/colcon_distutils_commands:/home/bilhr2025/Downloads/BILHR_T5/install/ainex_vision/lib/python3.12/site-packages:${PYTHONPATH} /usr/bin/python3 -W ignore:setup.py install is deprecated -W ignore:easy_install command is deprecated setup.py develop --editable --build-directory /home/bilhr2025/Downloads/BILHR_T5/build/ainex_vision/build --no-deps symlink_data
[1.944s] DEBUG:colcon.colcon_core.event_handler.log_command:Invoking command in '/home/bilhr2025/Downloads/BILHR_T5/build/ainex_motion': DEBUGINFOD_URLS=https://debuginfod.ubuntu.com PYTHONPATH=/home/bilhr2025/Downloads/BILHR_T5/build/ainex_motion/prefix_override:/usr/lib/python3/dist-packages/colcon_core/task/python/colcon_distutils_commands:/home/bilhr2025/Downloads/BILHR_T5/install/ainex_motion/lib/python3.12/site-packages:/home/bilhr2025/Downloads/BILHR_T5/install/servo_service/lib/python3.12/site-packages:/home/bilhr2025/Downloads/BILHR_T5/build/ainex_motion:/home/bilhr2025/Downloads/BILHR_T5/install/ainex_motion/lib/python3.12/site-packages:/home/bilhr2025/Downloads/BILHR_T5/build/ainex_vision:/home/bilhr2025/Downloads/BILHR_T5/install/ainex_vision/lib/python3.12/site-packages:/home/bilhr2025/Downloads/BILHR_T5/build/ainex_neural_control:/home/bilhr2025/Downloads/BILHR_T5/install/ainex_neural_control/lib/python3.12/site-packages:/opt/ros/jazzy/lib/python3.12/site-packages /usr/bin/python3 -W ignore:setup.py install is deprecated -W ignore:easy_install command is deprecated setup.py develop --editable --build-directory /home/bilhr2025/Downloads/BILHR_T5/build/ainex_motion/build --no-deps symlink_data
[2.302s] Level 1:colcon.colcon_core.shell:create_environment_hook('ainex_neural_control', 'pythonpath_develop')
[2.303s] INFO:colcon.colcon_core.shell:Creating environment hook '/home/bilhr2025/Downloads/BILHR_T5/build/ainex_neural_control/share/ainex_neural_control/hook/pythonpath_develop.ps1'
[2.303s] DEBUG:colcon.colcon_core.event_handler.log_command:Invoked command in '/home/bilhr2025/Downloads/BILHR_T5/build/ainex_neural_control' returned '0': DEBUGINFOD_URLS=https://debuginfod.ubuntu.com PYTHONPATH=/home/bilhr2025/Downloads/BILHR_T5/build/ainex_neural_control/prefix_override:/usr/lib/python3/dist-packages/colcon_core/task/python/colcon_distutils_commands:/home/bilhr2025/Downloads/BILHR_T5/install/ainex_neural_control/lib/python3.12/site-packages:${PYTHONPATH} /usr/bin/python3 -W ignore:setup.py install is deprecated -W ignore:easy_install command is deprecated setup.py develop --editable --build-directory /home/bilhr2025/Downloads/BILHR_T5/build/ainex_neural_control/build --no-deps symlink_data
[2.304s] INFO:colcon.colcon_core.shell:Creating environment descriptor '/home/bilhr2025/Downloads/BILHR_T5/build/ainex_neural_control/share/ainex_neural_control/hook/pythonpath_develop.dsv'
[2.304s] INFO:colcon.colcon_core.shell:Creating environment hook '/home/bilhr2025/Downloads/BILHR_T5/build/ainex_neural_control/share/ainex_neural_control/hook/pythonpath_develop.sh'
[2.305s] Level 1:colcon.colcon_core.environment:checking '/home/bilhr2025/Downloads/BILHR_T5/install/ainex_neural_control' for CMake module files
[2.305s] Level 1:colcon.colcon_core.environment:checking '/home/bilhr2025/Downloads/BILHR_T5/install/ainex_neural_control' for CMake config files
[2.306s] Level 1:colcon.colcon_core.environment:checking '/home/bilhr2025/Downloads/BILHR_T5/install/ainex_neural_control/lib'
[2.306s] Level 1:colcon.colcon_core.environment:checking '/home/bilhr2025/Downloads/BILHR_T5/install/ainex_neural_control/bin'
[2.306s] Level 1:colcon.colcon_core.environment:checking '/home/bilhr2025/Downloads/BILHR_T5/install/ainex_neural_control/lib/pkgconfig/ainex_neural_control.pc'
[2.307s] Level 1:colcon.colcon_core.environment:checking '/home/bilhr2025/Downloads/BILHR_T5/install/ainex_neural_control/lib/python3.12/site-packages'
[2.307s] Level 1:colcon.colcon_core.shell:create_environment_hook('ainex_neural_control', 'pythonpath')
[2.307s] INFO:colcon.colcon_core.shell:Creating environment hook '/home/bilhr2025/Downloads/BILHR_T5/install/ainex_neural_control/share/ainex_neural_control/hook/pythonpath.ps1'
[2.308s] INFO:colcon.colcon_core.shell:Creating environment descriptor '/home/bilhr2025/Downloads/BILHR_T5/install/ainex_neural_control/share/ainex_neural_control/hook/pythonpath.dsv'
[2.308s] INFO:colcon.colcon_core.shell:Creating environment hook '/home/bilhr2025/Downloads/BILHR_T5/install/ainex_neural_control/share/ainex_neural_control/hook/pythonpath.sh'
[2.309s] Level 1:colcon.colcon_core.environment:checking '/home/bilhr2025/Downloads/BILHR_T5/install/ainex_neural_control/bin'
[2.309s] Level 1:colcon.colcon_core.environment:create_environment_scripts_only(ainex_neural_control)
[2.309s] INFO:colcon.colcon_core.shell:Creating package script '/home/bilhr2025/Downloads/BILHR_T5/install/ainex_neural_control/share/ainex_neural_control/package.ps1'
[2.310s] INFO:colcon.colcon_core.shell:Creating package descriptor '/home/bilhr2025/Downloads/BILHR_T5/install/ainex_neural_control/share/ainex_neural_control/package.dsv'
[2.311s] INFO:colcon.colcon_core.shell:Creating package script '/home/bilhr2025/Downloads/BILHR_T5/install/ainex_neural_control/share/ainex_neural_control/package.sh'
[2.311s] INFO:colcon.colcon_core.shell:Creating package script '/home/bilhr2025/Downloads/BILHR_T5/install/ainex_neural_control/share/ainex_neural_control/package.bash'
[2.312s] INFO:colcon.colcon_core.shell:Creating package script '/home/bilhr2025/Downloads/BILHR_T5/install/ainex_neural_control/share/ainex_neural_control/package.zsh'
[2.312s] Level 1:colcon.colcon_core.environment:create_file_with_runtime_dependencies(/home/bilhr2025/Downloads/BILHR_T5/install/ainex_neural_control/share/colcon-core/packages/ainex_neural_control)
[2.354s] Level 1:colcon.colcon_core.shell:create_environment_hook('ainex_vision', 'pythonpath_develop')
[2.354s] INFO:colcon.colcon_core.shell:Creating environment hook '/home/bilhr2025/Downloads/BILHR_T5/build/ainex_vision/share/ainex_vision/hook/pythonpath_develop.ps1'
[2.355s] DEBUG:colcon.colcon_core.event_handler.log_command:Invoked command in '/home/bilhr2025/Downloads/BILHR_T5/build/ainex_vision' returned '0': DEBUGINFOD_URLS=https://debuginfod.ubuntu.com PYTHONPATH=/home/bilhr2025/Downloads/BILHR_T5/build/ainex_vision/prefix_override:/usr/lib/python3/dist-packages/colcon_core/task/python/colcon_distutils_commands:/home/bilhr2025/Downloads/BILHR_T5/install/ainex_vision/lib/python3.12/site-packages:${PYTHONPATH} /usr/bin/python3 -W ignore:setup.py install is deprecated -W ignore:easy_install command is deprecated setup.py develop --editable --build-directory /home/bilhr2025/Downloads/BILHR_T5/build/ainex_vision/build --no-deps symlink_data
[2.356s] INFO:colcon.colcon_core.shell:Creating environment descriptor '/home/bilhr2025/Downloads/BILHR_T5/build/ainex_vision/share/ainex_vision/hook/pythonpath_develop.dsv'
[2.356s] INFO:colcon.colcon_core.shell:Creating environment hook '/home/bilhr2025/Downloads/BILHR_T5/build/ainex_vision/share/ainex_vision/hook/pythonpath_develop.sh'
[2.357s] Level 1:colcon.colcon_core.environment:checking '/home/bilhr2025/Downloads/BILHR_T5/install/ainex_vision' for CMake module files
[2.358s] Level 1:colcon.colcon_core.environment:checking '/home/bilhr2025/Downloads/BILHR_T5/install/ainex_vision' for CMake config files
[2.358s] Level 1:colcon.colcon_core.environment:checking '/home/bilhr2025/Downloads/BILHR_T5/install/ainex_vision/lib'
[2.358s] Level 1:colcon.colcon_core.environment:checking '/home/bilhr2025/Downloads/BILHR_T5/install/ainex_vision/bin'
[2.359s] Level 1:colcon.colcon_core.environment:checking '/home/bilhr2025/Downloads/BILHR_T5/install/ainex_vision/lib/pkgconfig/ainex_vision.pc'
[2.359s] Level 1:colcon.colcon_core.environment:checking '/home/bilhr2025/Downloads/BILHR_T5/install/ainex_vision/lib/python3.12/site-packages'
[2.359s] Level 1:colcon.colcon_core.shell:create_environment_hook('ainex_vision', 'pythonpath')
[2.359s] INFO:colcon.colcon_core.shell:Creating environment hook '/home/bilhr2025/Downloads/BILHR_T5/install/ainex_vision/share/ainex_vision/hook/pythonpath.ps1'
[2.360s] INFO:colcon.colcon_core.shell:Creating environment descriptor '/home/bilhr2025/Downloads/BILHR_T5/install/ainex_vision/share/ainex_vision/hook/pythonpath.dsv'
[2.360s] INFO:colcon.colcon_core.shell:Creating environment hook '/home/bilhr2025/Downloads/BILHR_T5/install/ainex_vision/share/ainex_vision/hook/pythonpath.sh'
[2.361s] Level 1:colcon.colcon_core.environment:checking '/home/bilhr2025/Downloads/BILHR_T5/install/ainex_vision/bin'
[2.361s] Level 1:colcon.colcon_core.environment:create_environment_scripts_only(ainex_vision)
[2.362s] INFO:colcon.colcon_core.shell:Creating package script '/home/bilhr2025/Downloads/BILHR_T5/install/ainex_vision/share/ainex_vision/package.ps1'
[2.362s] INFO:colcon.colcon_core.shell:Creating package descriptor '/home/bilhr2025/Downloads/BILHR_T5/install/ainex_vision/share/ainex_vision/package.dsv'
[2.363s] INFO:colcon.colcon_core.shell:Creating package script '/home/bilhr2025/Downloads/BILHR_T5/install/ainex_vision/share/ainex_vision/package.sh'
[2.364s] INFO:colcon.colcon_core.shell:Creating package script '/home/bilhr2025/Downloads/BILHR_T5/install/ainex_vision/share/ainex_vision/package.bash'
[2.364s] INFO:colcon.colcon_core.shell:Creating package script '/home/bilhr2025/Downloads/BILHR_T5/install/ainex_vision/share/ainex_vision/package.zsh'
[2.365s] Level 1:colcon.colcon_core.environment:create_file_with_runtime_dependencies(/home/bilhr2025/Downloads/BILHR_T5/install/ainex_vision/share/colcon-core/packages/ainex_vision)
[2.692s] Level 1:colcon.colcon_core.shell:create_environment_hook('ainex_motion', 'pythonpath_develop')
[2.692s] DEBUG:colcon.colcon_core.event_handler.log_command:Invoked command in '/home/bilhr2025/Downloads/BILHR_T5/build/ainex_motion' returned '0': DEBUGINFOD_URLS=https://debuginfod.ubuntu.com PYTHONPATH=/home/bilhr2025/Downloads/BILHR_T5/build/ainex_motion/prefix_override:/usr/lib/python3/dist-packages/colcon_core/task/python/colcon_distutils_commands:/home/bilhr2025/Downloads/BILHR_T5/install/ainex_motion/lib/python3.12/site-packages:/home/bilhr2025/Downloads/BILHR_T5/install/servo_service/lib/python3.12/site-packages:/home/bilhr2025/Downloads/BILHR_T5/build/ainex_motion:/home/bilhr2025/Downloads/BILHR_T5/install/ainex_motion/lib/python3.12/site-packages:/home/bilhr2025/Downloads/BILHR_T5/build/ainex_vision:/home/bilhr2025/Downloads/BILHR_T5/install/ainex_vision/lib/python3.12/site-packages:/home/bilhr2025/Downloads/BILHR_T5/build/ainex_neural_control:/home/bilhr2025/Downloads/BILHR_T5/install/ainex_neural_control/lib/python3.12/site-packages:/opt/ros/jazzy/lib/python3.12/site-packages /usr/bin/python3 -W ignore:setup.py install is deprecated -W ignore:easy_install command is deprecated setup.py develop --editable --build-directory /home/bilhr2025/Downloads/BILHR_T5/build/ainex_motion/build --no-deps symlink_data
[2.692s] INFO:colcon.colcon_core.shell:Creating environment hook '/home/bilhr2025/Downloads/BILHR_T5/build/ainex_motion/share/ainex_motion/hook/pythonpath_develop.ps1'
[2.693s] INFO:colcon.colcon_core.shell:Creating environment descriptor '/home/bilhr2025/Downloads/BILHR_T5/build/ainex_motion/share/ainex_motion/hook/pythonpath_develop.dsv'
[2.693s] INFO:colcon.colcon_core.shell:Creating environment hook '/home/bilhr2025/Downloads/BILHR_T5/build/ainex_motion/share/ainex_motion/hook/pythonpath_develop.sh'
[2.694s] Level 1:colcon.colcon_core.environment:checking '/home/bilhr2025/Downloads/BILHR_T5/install/ainex_motion' for CMake module files
[2.694s] Level 1:colcon.colcon_core.environment:checking '/home/bilhr2025/Downloads/BILHR_T5/install/ainex_motion' for CMake config files
[2.695s] Level 1:colcon.colcon_core.environment:checking '/home/bilhr2025/Downloads/BILHR_T5/install/ainex_motion/lib'
[2.695s] Level 1:colcon.colcon_core.environment:checking '/home/bilhr2025/Downloads/BILHR_T5/install/ainex_motion/bin'
[2.695s] Level 1:colcon.colcon_core.environment:checking '/home/bilhr2025/Downloads/BILHR_T5/install/ainex_motion/lib/pkgconfig/ainex_motion.pc'
[2.695s] Level 1:colcon.colcon_core.environment:checking '/home/bilhr2025/Downloads/BILHR_T5/install/ainex_motion/lib/python3.12/site-packages'
[2.696s] Level 1:colcon.colcon_core.shell:create_environment_hook('ainex_motion', 'pythonpath')
[2.696s] INFO:colcon.colcon_core.shell:Creating environment hook '/home/bilhr2025/Downloads/BILHR_T5/install/ainex_motion/share/ainex_motion/hook/pythonpath.ps1'
[2.696s] INFO:colcon.colcon_core.shell:Creating environment descriptor '/home/bilhr2025/Downloads/BILHR_T5/install/ainex_motion/share/ainex_motion/hook/pythonpath.dsv'
[2.696s] INFO:colcon.colcon_core.shell:Creating environment hook '/home/bilhr2025/Downloads/BILHR_T5/install/ainex_motion/share/ainex_motion/hook/pythonpath.sh'
[2.697s] Level 1:colcon.colcon_core.environment:checking '/home/bilhr2025/Downloads/BILHR_T5/install/ainex_motion/bin'
[2.697s] Level 1:colcon.colcon_core.environment:create_environment_scripts_only(ainex_motion)
[2.697s] INFO:colcon.colcon_core.shell:Creating package script '/home/bilhr2025/Downloads/BILHR_T5/install/ainex_motion/share/ainex_motion/package.ps1'
[2.698s] INFO:colcon.colcon_core.shell:Creating package descriptor '/home/bilhr2025/Downloads/BILHR_T5/install/ainex_motion/share/ainex_motion/package.dsv'
[2.698s] INFO:colcon.colcon_core.shell:Creating package script '/home/bilhr2025/Downloads/BILHR_T5/install/ainex_motion/share/ainex_motion/package.sh'
[2.699s] INFO:colcon.colcon_core.shell:Creating package script '/home/bilhr2025/Downloads/BILHR_T5/install/ainex_motion/share/ainex_motion/package.bash'
[2.699s] INFO:colcon.colcon_core.shell:Creating package script '/home/bilhr2025/Downloads/BILHR_T5/install/ainex_motion/share/ainex_motion/package.zsh'
[2.699s] Level 1:colcon.colcon_core.environment:create_file_with_runtime_dependencies(/home/bilhr2025/Downloads/BILHR_T5/install/ainex_motion/share/colcon-core/packages/ainex_motion)
[2.700s] DEBUG:colcon.colcon_parallel_executor.executor.parallel:closing loop
[2.700s] DEBUG:colcon.colcon_parallel_executor.executor.parallel:loop closed
[2.700s] DEBUG:colcon.colcon_parallel_executor.executor.parallel:run_until_complete finished with '0'
[2.700s] DEBUG:colcon.colcon_core.event_reactor:joining thread
[2.707s] INFO:colcon.colcon_core.plugin_system:Skipping extension 'colcon_notification.desktop_notification.terminal_notifier': Not used on non-Darwin systems
[2.707s] INFO:colcon.colcon_core.plugin_system:Skipping extension 'colcon_notification.desktop_notification.win32': Not used on non-Windows systems
[2.707s] INFO:colcon.colcon_notification.desktop_notification:Sending desktop notification using 'notify2'
[2.719s] DEBUG:colcon.colcon_core.event_reactor:joined thread
[2.719s] INFO:colcon.colcon_core.shell:Creating prefix script '/home/bilhr2025/Downloads/BILHR_T5/install/local_setup.ps1'
[2.720s] INFO:colcon.colcon_core.shell:Creating prefix util module '/home/bilhr2025/Downloads/BILHR_T5/install/_local_setup_util_ps1.py'
[2.721s] INFO:colcon.colcon_core.shell:Creating prefix chain script '/home/bilhr2025/Downloads/BILHR_T5/install/setup.ps1'
[2.722s] INFO:colcon.colcon_core.shell:Creating prefix script '/home/bilhr2025/Downloads/BILHR_T5/install/local_setup.sh'
[2.723s] INFO:colcon.colcon_core.shell:Creating prefix util module '/home/bilhr2025/Downloads/BILHR_T5/install/_local_setup_util_sh.py'
[2.723s] INFO:colcon.colcon_core.shell:Creating prefix chain script '/home/bilhr2025/Downloads/BILHR_T5/install/setup.sh'
[2.724s] INFO:colcon.colcon_core.shell:Creating prefix script '/home/bilhr2025/Downloads/BILHR_T5/install/local_setup.bash'
[2.725s] INFO:colcon.colcon_core.shell:Creating prefix chain script '/home/bilhr2025/Downloads/BILHR_T5/install/setup.bash'
[2.726s] INFO:colcon.colcon_core.shell:Creating prefix script '/home/bilhr2025/Downloads/BILHR_T5/install/local_setup.zsh'
[2.726s] INFO:colcon.colcon_core.shell:Creating prefix chain script '/home/bilhr2025/Downloads/BILHR_T5/install/setup.zsh'
