running develop
Removing /home/bilhr2025/Downloads/template_tB/ainex_bilhr_ws/src/install/ainex_motion/lib/python3.12/site-packages/ainex-motion.egg-link (link to .)
running egg_info
writing ../build/ainex_motion/ainex_motion.egg-info/PKG-INFO
writing dependency_links to ../build/ainex_motion/ainex_motion.egg-info/dependency_links.txt
writing entry points to ../build/ainex_motion/ainex_motion.egg-info/entry_points.txt
writing requirements to ../build/ainex_motion/ainex_motion.egg-info/requires.txt
writing top-level names to ../build/ainex_motion/ainex_motion.egg-info/top_level.txt
reading manifest file '../build/ainex_motion/ainex_motion.egg-info/SOURCES.txt'
writing manifest file '../build/ainex_motion/ainex_motion.egg-info/SOURCES.txt'
running build
running build_py
creating /home/bilhr2025/Downloads/template_tB/ainex_bilhr_ws/src/build/ainex_motion/build
creating /home/bilhr2025/Downloads/template_tB/ainex_bilhr_ws/src/build/ainex_motion/build/lib
creating /home/bilhr2025/Downloads/template_tB/ainex_bilhr_ws/src/build/ainex_motion/build/lib/ainex_motion
copying ainex_motion/joint_visualization_node.py -> /home/bilhr2025/Downloads/template_tB/ainex_bilhr_ws/src/build/ainex_motion/build/lib/ainex_motion
copying ainex_motion/ainex_motion_node.py -> /home/bilhr2025/Downloads/template_tB/ainex_bilhr_ws/src/build/ainex_motion/build/lib/ainex_motion
copying ainex_motion/joint_controller.py -> /home/bilhr2025/Downloads/template_tB/ainex_bilhr_ws/src/build/ainex_motion/build/lib/ainex_motion
copying ainex_motion/__init__.py -> /home/bilhr2025/Downloads/template_tB/ainex_bilhr_ws/src/build/ainex_motion/build/lib/ainex_motion
copying ainex_motion/keyboard_input_node.py -> /home/bilhr2025/Downloads/template_tB/ainex_bilhr_ws/src/build/ainex_motion/build/lib/ainex_motion
running install
running install_lib
creating /home/bilhr2025/Downloads/template_tB/ainex_bilhr_ws/src/install/ainex_motion/lib/python3.12/site-packages/ainex_motion
copying /home/bilhr2025/Downloads/template_tB/ainex_bilhr_ws/src/build/ainex_motion/build/lib/ainex_motion/joint_visualization_node.py -> /home/bilhr2025/Downloads/template_tB/ainex_bilhr_ws/src/install/ainex_motion/lib/python3.12/site-packages/ainex_motion
copying /home/bilhr2025/Downloads/template_tB/ainex_bilhr_ws/src/build/ainex_motion/build/lib/ainex_motion/ainex_motion_node.py -> /home/bilhr2025/Downloads/template_tB/ainex_bilhr_ws/src/install/ainex_motion/lib/python3.12/site-packages/ainex_motion
copying /home/bilhr2025/Downloads/template_tB/ainex_bilhr_ws/src/build/ainex_motion/build/lib/ainex_motion/joint_controller.py -> /home/bilhr2025/Downloads/template_tB/ainex_bilhr_ws/src/install/ainex_motion/lib/python3.12/site-packages/ainex_motion
copying /home/bilhr2025/Downloads/template_tB/ainex_bilhr_ws/src/build/ainex_motion/build/lib/ainex_motion/__init__.py -> /home/bilhr2025/Downloads/template_tB/ainex_bilhr_ws/src/install/ainex_motion/lib/python3.12/site-packages/ainex_motion
copying /home/bilhr2025/Downloads/template_tB/ainex_bilhr_ws/src/build/ainex_motion/build/lib/ainex_motion/keyboard_input_node.py -> /home/bilhr2025/Downloads/template_tB/ainex_bilhr_ws/src/install/ainex_motion/lib/python3.12/site-packages/ainex_motion
byte-compiling /home/bilhr2025/Downloads/template_tB/ainex_bilhr_ws/src/install/ainex_motion/lib/python3.12/site-packages/ainex_motion/joint_visualization_node.py to joint_visualization_node.cpython-312.pyc
byte-compiling /home/bilhr2025/Downloads/template_tB/ainex_bilhr_ws/src/install/ainex_motion/lib/python3.12/site-packages/ainex_motion/ainex_motion_node.py to ainex_motion_node.cpython-312.pyc
byte-compiling /home/bilhr2025/Downloads/template_tB/ainex_bilhr_ws/src/install/ainex_motion/lib/python3.12/site-packages/ainex_motion/joint_controller.py to joint_controller.cpython-312.pyc
byte-compiling /home/bilhr2025/Downloads/template_tB/ainex_bilhr_ws/src/install/ainex_motion/lib/python3.12/site-packages/ainex_motion/__init__.py to __init__.cpython-312.pyc
byte-compiling /home/bilhr2025/Downloads/template_tB/ainex_bilhr_ws/src/install/ainex_motion/lib/python3.12/site-packages/ainex_motion/keyboard_input_node.py to keyboard_input_node.cpython-312.pyc
running install_data
copying resource/ainex_motion -> /home/bilhr2025/Downloads/template_tB/ainex_bilhr_ws/src/install/ainex_motion/share/ament_index/resource_index/packages
copying package.xml -> /home/bilhr2025/Downloads/template_tB/ainex_bilhr_ws/src/install/ainex_motion/share/ainex_motion
running install_egg_info
Copying ../build/ainex_motion/ainex_motion.egg-info to /home/bilhr2025/Downloads/template_tB/ainex_bilhr_ws/src/install/ainex_motion/lib/python3.12/site-packages/ainex_motion-0.0.0-py3.12.egg-info
running install_scripts
Installing ainex_motion_node script to /home/bilhr2025/Downloads/template_tB/ainex_bilhr_ws/src/install/ainex_motion/lib/ainex_motion
Installing joint_controller script to /home/bilhr2025/Downloads/template_tB/ainex_bilhr_ws/src/install/ainex_motion/lib/ainex_motion
Installing joint_visualization_node script to /home/bilhr2025/Downloads/template_tB/ainex_bilhr_ws/src/install/ainex_motion/lib/ainex_motion
Installing keyboard_input_node script to /home/bilhr2025/Downloads/template_tB/ainex_bilhr_ws/src/install/ainex_motion/lib/ainex_motion
writing list of installed files to '/home/bilhr2025/Downloads/template_tB/ainex_bilhr_ws/src/build/ainex_motion/install.log'
