[0.117s] DEBUG:colcon:Command line arguments: ['/usr/bin/colcon', 'build']
[0.117s] DEBUG:colcon:Parsed command line arguments: Namespace(log_base=None, log_level=None, verb_name='build', build_base='build', install_base='install', merge_install=False, symlink_install=False, test_result_base=None, continue_on_error=False, executor='parallel', parallel_workers=8, event_handlers=None, ignore_user_meta=False, metas=['./colcon.meta'], base_paths=['.'], packages_ignore=None, packages_ignore_regex=None, paths=None, packages_up_to=None, packages_up_to_regex=None, packages_above=None, packages_above_and_dependencies=None, packages_above_depth=None, packages_select_by_dep=None, packages_skip_by_dep=None, packages_skip_up_to=None, packages_select_build_failed=False, packages_skip_build_finished=False, packages_select_test_failures=False, packages_skip_test_passed=False, packages_select=None, packages_skip=None, packages_select_regex=None, packages_skip_regex=None, packages_start=None, packages_end=None, allow_overriding=[], cmake_args=None, cmake_target=None, cmake_target_skip_unavailable=False, cmake_clean_cache=False, cmake_clean_first=False, cmake_force_configure=False, ament_cmake_args=None, catkin_cmake_args=None, catkin_skip_building_tests=False, mixin_files=None, mixin=None, verb_parser=<colcon_mixin.mixin.mixin_argument.MixinArgumentDecorator object at 0x77f9caaa4920>, verb_extension=<colcon_core.verb.build.BuildVerb object at 0x77f9caaa4620>, main=<bound method BuildVerb.main of <colcon_core.verb.build.BuildVerb object at 0x77f9caaa4620>>, mixin_verb=('build',))
[0.158s] Level 1:colcon.colcon_core.package_discovery:discover_packages(colcon_meta) check parameters
[0.159s] Level 1:colcon.colcon_core.package_discovery:discover_packages(recursive) check parameters
[0.159s] Level 1:colcon.colcon_core.package_discovery:discover_packages(ignore) check parameters
[0.159s] Level 1:colcon.colcon_core.package_discovery:discover_packages(path) check parameters
[0.159s] Level 1:colcon.colcon_core.package_discovery:discover_packages(colcon_meta) discover
[0.159s] Level 1:colcon.colcon_core.package_discovery:discover_packages(recursive) discover
[0.159s] INFO:colcon.colcon_core.package_discovery:Crawling recursively for packages in '/home/bilhr2025/Downloads/template_tB/ainex_bilhr_ws/src'
[0.159s] Level 1:colcon.colcon_core.package_identification:_identify(.) by extensions ['ignore', 'ignore_ament_install']
[0.159s] Level 1:colcon.colcon_core.package_identification:_identify(.) by extension 'ignore'
[0.159s] Level 1:colcon.colcon_core.package_identification:_identify(.) by extension 'ignore_ament_install'
[0.159s] Level 1:colcon.colcon_core.package_identification:_identify(.) by extensions ['colcon_pkg']
[0.159s] Level 1:colcon.colcon_core.package_identification:_identify(.) by extension 'colcon_pkg'
[0.159s] Level 1:colcon.colcon_core.package_identification:_identify(.) by extensions ['colcon_meta']
[0.159s] Level 1:colcon.colcon_core.package_identification:_identify(.) by extension 'colcon_meta'
[0.159s] Level 1:colcon.colcon_core.package_identification:_identify(.) by extensions ['ros']
[0.159s] Level 1:colcon.colcon_core.package_identification:_identify(.) by extension 'ros'
[0.185s] Level 1:colcon.colcon_core.package_identification:_identify(.) by extensions ['cmake', 'python']
[0.185s] Level 1:colcon.colcon_core.package_identification:_identify(.) by extension 'cmake'
[0.185s] Level 1:colcon.colcon_core.package_identification:_identify(.) by extension 'python'
[0.185s] Level 1:colcon.colcon_core.package_identification:_identify(.) by extensions ['python_setup_py']
[0.185s] Level 1:colcon.colcon_core.package_identification:_identify(.) by extension 'python_setup_py'
[0.186s] Level 1:colcon.colcon_core.package_identification:_identify(ainex_motion) by extensions ['ignore', 'ignore_ament_install']
[0.186s] Level 1:colcon.colcon_core.package_identification:_identify(ainex_motion) by extension 'ignore'
[0.186s] Level 1:colcon.colcon_core.package_identification:_identify(ainex_motion) by extension 'ignore_ament_install'
[0.186s] Level 1:colcon.colcon_core.package_identification:_identify(ainex_motion) by extensions ['colcon_pkg']
[0.186s] Level 1:colcon.colcon_core.package_identification:_identify(ainex_motion) by extension 'colcon_pkg'
[0.186s] Level 1:colcon.colcon_core.package_identification:_identify(ainex_motion) by extensions ['colcon_meta']
[0.186s] Level 1:colcon.colcon_core.package_identification:_identify(ainex_motion) by extension 'colcon_meta'
[0.186s] Level 1:colcon.colcon_core.package_identification:_identify(ainex_motion) by extensions ['ros']
[0.186s] Level 1:colcon.colcon_core.package_identification:_identify(ainex_motion) by extension 'ros'
[0.189s] DEBUG:colcon.colcon_core.package_identification:Package 'ainex_motion' with type 'ros.ament_python' and name 'ainex_motion'
[0.189s] Level 1:colcon.colcon_core.package_identification:_identify(ainex_neural_control) by extensions ['ignore', 'ignore_ament_install']
[0.189s] Level 1:colcon.colcon_core.package_identification:_identify(ainex_neural_control) by extension 'ignore'
[0.189s] Level 1:colcon.colcon_core.package_identification:_identify(ainex_neural_control) by extension 'ignore_ament_install'
[0.189s] Level 1:colcon.colcon_core.package_identification:_identify(ainex_neural_control) by extensions ['colcon_pkg']
[0.189s] Level 1:colcon.colcon_core.package_identification:_identify(ainex_neural_control) by extension 'colcon_pkg'
[0.189s] Level 1:colcon.colcon_core.package_identification:_identify(ainex_neural_control) by extensions ['colcon_meta']
[0.189s] Level 1:colcon.colcon_core.package_identification:_identify(ainex_neural_control) by extension 'colcon_meta'
[0.189s] Level 1:colcon.colcon_core.package_identification:_identify(ainex_neural_control) by extensions ['ros']
[0.189s] Level 1:colcon.colcon_core.package_identification:_identify(ainex_neural_control) by extension 'ros'
[0.190s] DEBUG:colcon.colcon_core.package_identification:Package 'ainex_neural_control' with type 'ros.ament_python' and name 'ainex_neural_control'
[0.190s] Level 1:colcon.colcon_core.package_identification:_identify(ainex_vision) by extensions ['ignore', 'ignore_ament_install']
[0.190s] Level 1:colcon.colcon_core.package_identification:_identify(ainex_vision) by extension 'ignore'
[0.190s] Level 1:colcon.colcon_core.package_identification:_identify(ainex_vision) by extension 'ignore_ament_install'
[0.190s] Level 1:colcon.colcon_core.package_identification:_identify(ainex_vision) by extensions ['colcon_pkg']
[0.190s] Level 1:colcon.colcon_core.package_identification:_identify(ainex_vision) by extension 'colcon_pkg'
[0.190s] Level 1:colcon.colcon_core.package_identification:_identify(ainex_vision) by extensions ['colcon_meta']
[0.190s] Level 1:colcon.colcon_core.package_identification:_identify(ainex_vision) by extension 'colcon_meta'
[0.190s] Level 1:colcon.colcon_core.package_identification:_identify(ainex_vision) by extensions ['ros']
[0.190s] Level 1:colcon.colcon_core.package_identification:_identify(ainex_vision) by extension 'ros'
[0.191s] DEBUG:colcon.colcon_core.package_identification:Package 'ainex_vision' with type 'ros.ament_python' and name 'ainex_vision'
[0.191s] Level 1:colcon.colcon_core.package_identification:_identify(build) by extensions ['ignore', 'ignore_ament_install']
[0.191s] Level 1:colcon.colcon_core.package_identification:_identify(build) by extension 'ignore'
[0.191s] Level 1:colcon.colcon_core.package_identification:_identify(build) ignored
[0.191s] Level 1:colcon.colcon_core.package_identification:_identify(install) by extensions ['ignore', 'ignore_ament_install']
[0.191s] Level 1:colcon.colcon_core.package_identification:_identify(install) by extension 'ignore'
[0.192s] Level 1:colcon.colcon_core.package_identification:_identify(install) ignored
[0.192s] Level 1:colcon.colcon_core.package_identification:_identify(log) by extensions ['ignore', 'ignore_ament_install']
[0.192s] Level 1:colcon.colcon_core.package_identification:_identify(log) by extension 'ignore'
[0.192s] Level 1:colcon.colcon_core.package_identification:_identify(log) ignored
[0.192s] Level 1:colcon.colcon_core.package_identification:_identify(servo_service) by extensions ['ignore', 'ignore_ament_install']
[0.192s] Level 1:colcon.colcon_core.package_identification:_identify(servo_service) by extension 'ignore'
[0.192s] Level 1:colcon.colcon_core.package_identification:_identify(servo_service) by extension 'ignore_ament_install'
[0.192s] Level 1:colcon.colcon_core.package_identification:_identify(servo_service) by extensions ['colcon_pkg']
[0.192s] Level 1:colcon.colcon_core.package_identification:_identify(servo_service) by extension 'colcon_pkg'
[0.192s] Level 1:colcon.colcon_core.package_identification:_identify(servo_service) by extensions ['colcon_meta']
[0.192s] Level 1:colcon.colcon_core.package_identification:_identify(servo_service) by extension 'colcon_meta'
[0.192s] Level 1:colcon.colcon_core.package_identification:_identify(servo_service) by extensions ['ros']
[0.192s] Level 1:colcon.colcon_core.package_identification:_identify(servo_service) by extension 'ros'
[0.193s] DEBUG:colcon.colcon_core.package_identification:Package 'servo_service' with type 'ros.ament_cmake' and name 'servo_service'
[0.193s] Level 1:colcon.colcon_core.package_discovery:discover_packages(recursive) using defaults
[0.193s] Level 1:colcon.colcon_core.package_discovery:discover_packages(ignore) discover
[0.193s] Level 1:colcon.colcon_core.package_discovery:discover_packages(ignore) using defaults
[0.193s] Level 1:colcon.colcon_core.package_discovery:discover_packages(path) discover
[0.193s] Level 1:colcon.colcon_core.package_discovery:discover_packages(path) using defaults
[0.219s] Level 1:colcon.colcon_core.package_discovery:discover_packages(prefix_path) check parameters
[0.219s] Level 1:colcon.colcon_core.package_discovery:discover_packages(prefix_path) discover
[0.224s] DEBUG:colcon.colcon_installed_package_information.package_discovery:Found 325 installed packages in /opt/ros/jazzy
[0.227s] Level 1:colcon.colcon_core.package_discovery:discover_packages(prefix_path) using defaults
[0.313s] Level 5:colcon.colcon_core.verb:set package 'ainex_neural_control' build argument 'cmake_args' from command line to 'None'
[0.314s] Level 5:colcon.colcon_core.verb:set package 'ainex_neural_control' build argument 'cmake_target' from command line to 'None'
[0.314s] Level 5:colcon.colcon_core.verb:set package 'ainex_neural_control' build argument 'cmake_target_skip_unavailable' from command line to 'False'
[0.314s] Level 5:colcon.colcon_core.verb:set package 'ainex_neural_control' build argument 'cmake_clean_cache' from command line to 'False'
[0.314s] Level 5:colcon.colcon_core.verb:set package 'ainex_neural_control' build argument 'cmake_clean_first' from command line to 'False'
[0.314s] Level 5:colcon.colcon_core.verb:set package 'ainex_neural_control' build argument 'cmake_force_configure' from command line to 'False'
[0.314s] Level 5:colcon.colcon_core.verb:set package 'ainex_neural_control' build argument 'ament_cmake_args' from command line to 'None'
[0.314s] Level 5:colcon.colcon_core.verb:set package 'ainex_neural_control' build argument 'catkin_cmake_args' from command line to 'None'
[0.314s] Level 5:colcon.colcon_core.verb:set package 'ainex_neural_control' build argument 'catkin_skip_building_tests' from command line to 'False'
[0.314s] DEBUG:colcon.colcon_core.verb:Building package 'ainex_neural_control' with the following arguments: {'ament_cmake_args': None, 'build_base': '/home/bilhr2025/Downloads/template_tB/ainex_bilhr_ws/src/build/ainex_neural_control', 'catkin_cmake_args': None, 'catkin_skip_building_tests': False, 'cmake_args': None, 'cmake_clean_cache': False, 'cmake_clean_first': False, 'cmake_force_configure': False, 'cmake_target': None, 'cmake_target_skip_unavailable': False, 'install_base': '/home/bilhr2025/Downloads/template_tB/ainex_bilhr_ws/src/install/ainex_neural_control', 'merge_install': False, 'path': '/home/bilhr2025/Downloads/template_tB/ainex_bilhr_ws/src/ainex_neural_control', 'symlink_install': False, 'test_result_base': None}
[0.314s] Level 5:colcon.colcon_core.verb:set package 'ainex_vision' build argument 'cmake_args' from command line to 'None'
[0.314s] Level 5:colcon.colcon_core.verb:set package 'ainex_vision' build argument 'cmake_target' from command line to 'None'
[0.314s] Level 5:colcon.colcon_core.verb:set package 'ainex_vision' build argument 'cmake_target_skip_unavailable' from command line to 'False'
[0.314s] Level 5:colcon.colcon_core.verb:set package 'ainex_vision' build argument 'cmake_clean_cache' from command line to 'False'
[0.315s] Level 5:colcon.colcon_core.verb:set package 'ainex_vision' build argument 'cmake_clean_first' from command line to 'False'
[0.315s] Level 5:colcon.colcon_core.verb:set package 'ainex_vision' build argument 'cmake_force_configure' from command line to 'False'
[0.315s] Level 5:colcon.colcon_core.verb:set package 'ainex_vision' build argument 'ament_cmake_args' from command line to 'None'
[0.315s] Level 5:colcon.colcon_core.verb:set package 'ainex_vision' build argument 'catkin_cmake_args' from command line to 'None'
[0.315s] Level 5:colcon.colcon_core.verb:set package 'ainex_vision' build argument 'catkin_skip_building_tests' from command line to 'False'
[0.315s] DEBUG:colcon.colcon_core.verb:Building package 'ainex_vision' with the following arguments: {'ament_cmake_args': None, 'build_base': '/home/bilhr2025/Downloads/template_tB/ainex_bilhr_ws/src/build/ainex_vision', 'catkin_cmake_args': None, 'catkin_skip_building_tests': False, 'cmake_args': None, 'cmake_clean_cache': False, 'cmake_clean_first': False, 'cmake_force_configure': False, 'cmake_target': None, 'cmake_target_skip_unavailable': False, 'install_base': '/home/bilhr2025/Downloads/template_tB/ainex_bilhr_ws/src/install/ainex_vision', 'merge_install': False, 'path': '/home/bilhr2025/Downloads/template_tB/ainex_bilhr_ws/src/ainex_vision', 'symlink_install': False, 'test_result_base': None}
[0.315s] Level 5:colcon.colcon_core.verb:set package 'servo_service' build argument 'cmake_args' from command line to 'None'
[0.315s] Level 5:colcon.colcon_core.verb:set package 'servo_service' build argument 'cmake_target' from command line to 'None'
[0.315s] Level 5:colcon.colcon_core.verb:set package 'servo_service' build argument 'cmake_target_skip_unavailable' from command line to 'False'
[0.315s] Level 5:colcon.colcon_core.verb:set package 'servo_service' build argument 'cmake_clean_cache' from command line to 'False'
[0.315s] Level 5:colcon.colcon_core.verb:set package 'servo_service' build argument 'cmake_clean_first' from command line to 'False'
[0.315s] Level 5:colcon.colcon_core.verb:set package 'servo_service' build argument 'cmake_force_configure' from command line to 'False'
[0.315s] Level 5:colcon.colcon_core.verb:set package 'servo_service' build argument 'ament_cmake_args' from command line to 'None'
[0.315s] Level 5:colcon.colcon_core.verb:set package 'servo_service' build argument 'catkin_cmake_args' from command line to 'None'
[0.315s] Level 5:colcon.colcon_core.verb:set package 'servo_service' build argument 'catkin_skip_building_tests' from command line to 'False'
[0.316s] DEBUG:colcon.colcon_core.verb:Building package 'servo_service' with the following arguments: {'ament_cmake_args': None, 'build_base': '/home/bilhr2025/Downloads/template_tB/ainex_bilhr_ws/src/build/servo_service', 'catkin_cmake_args': None, 'catkin_skip_building_tests': False, 'cmake_args': None, 'cmake_clean_cache': False, 'cmake_clean_first': False, 'cmake_force_configure': False, 'cmake_target': None, 'cmake_target_skip_unavailable': False, 'install_base': '/home/bilhr2025/Downloads/template_tB/ainex_bilhr_ws/src/install/servo_service', 'merge_install': False, 'path': '/home/bilhr2025/Downloads/template_tB/ainex_bilhr_ws/src/servo_service', 'symlink_install': False, 'test_result_base': None}
[0.316s] Level 5:colcon.colcon_core.verb:set package 'ainex_motion' build argument 'cmake_args' from command line to 'None'
[0.316s] Level 5:colcon.colcon_core.verb:set package 'ainex_motion' build argument 'cmake_target' from command line to 'None'
[0.316s] Level 5:colcon.colcon_core.verb:set package 'ainex_motion' build argument 'cmake_target_skip_unavailable' from command line to 'False'
[0.316s] Level 5:colcon.colcon_core.verb:set package 'ainex_motion' build argument 'cmake_clean_cache' from command line to 'False'
[0.316s] Level 5:colcon.colcon_core.verb:set package 'ainex_motion' build argument 'cmake_clean_first' from command line to 'False'
[0.316s] Level 5:colcon.colcon_core.verb:set package 'ainex_motion' build argument 'cmake_force_configure' from command line to 'False'
[0.316s] Level 5:colcon.colcon_core.verb:set package 'ainex_motion' build argument 'ament_cmake_args' from command line to 'None'
[0.316s] Level 5:colcon.colcon_core.verb:set package 'ainex_motion' build argument 'catkin_cmake_args' from command line to 'None'
[0.316s] Level 5:colcon.colcon_core.verb:set package 'ainex_motion' build argument 'catkin_skip_building_tests' from command line to 'False'
[0.316s] DEBUG:colcon.colcon_core.verb:Building package 'ainex_motion' with the following arguments: {'ament_cmake_args': None, 'build_base': '/home/bilhr2025/Downloads/template_tB/ainex_bilhr_ws/src/build/ainex_motion', 'catkin_cmake_args': None, 'catkin_skip_building_tests': False, 'cmake_args': None, 'cmake_clean_cache': False, 'cmake_clean_first': False, 'cmake_force_configure': False, 'cmake_target': None, 'cmake_target_skip_unavailable': False, 'install_base': '/home/bilhr2025/Downloads/template_tB/ainex_bilhr_ws/src/install/ainex_motion', 'merge_install': False, 'path': '/home/bilhr2025/Downloads/template_tB/ainex_bilhr_ws/src/ainex_motion', 'symlink_install': False, 'test_result_base': None}
[0.316s] INFO:colcon.colcon_core.executor:Executing jobs using 'parallel' executor
[0.318s] DEBUG:colcon.colcon_parallel_executor.executor.parallel:run_until_complete
[0.319s] INFO:colcon.colcon_ros.task.ament_cmake.build:Building ROS package in '/home/bilhr2025/Downloads/template_tB/ainex_bilhr_ws/src/servo_service' with build type 'ament_cmake'
[0.319s] INFO:colcon.colcon_cmake.task.cmake.build:Building CMake package in '/home/bilhr2025/Downloads/template_tB/ainex_bilhr_ws/src/servo_service'
[0.321s] INFO:colcon.colcon_core.plugin_system:Skipping extension 'colcon_core.shell.bat': Not used on non-Windows systems
[0.322s] INFO:colcon.colcon_core.shell:Skip shell extension 'powershell' for command environment: Not usable outside of PowerShell
[0.322s] DEBUG:colcon.colcon_core.shell:Skip shell extension 'dsv' for command environment
[0.325s] INFO:colcon.colcon_ros.task.ament_python.build:Building ROS package in '/home/bilhr2025/Downloads/template_tB/ainex_bilhr_ws/src/ainex_neural_control' with build type 'ament_python'
[0.325s] Level 1:colcon.colcon_core.shell:create_environment_hook('ainex_neural_control', 'ament_prefix_path')
[0.325s] INFO:colcon.colcon_core.shell:Creating environment hook '/home/bilhr2025/Downloads/template_tB/ainex_bilhr_ws/src/install/ainex_neural_control/share/ainex_neural_control/hook/ament_prefix_path.ps1'
[0.326s] INFO:colcon.colcon_core.shell:Creating environment descriptor '/home/bilhr2025/Downloads/template_tB/ainex_bilhr_ws/src/install/ainex_neural_control/share/ainex_neural_control/hook/ament_prefix_path.dsv'
[0.327s] INFO:colcon.colcon_core.shell:Creating environment hook '/home/bilhr2025/Downloads/template_tB/ainex_bilhr_ws/src/install/ainex_neural_control/share/ainex_neural_control/hook/ament_prefix_path.sh'
[0.328s] INFO:colcon.colcon_core.shell:Skip shell extension 'powershell' for command environment: Not usable outside of PowerShell
[0.328s] DEBUG:colcon.colcon_core.shell:Skip shell extension 'dsv' for command environment
[0.332s] INFO:colcon.colcon_ros.task.ament_python.build:Building ROS package in '/home/bilhr2025/Downloads/template_tB/ainex_bilhr_ws/src/ainex_vision' with build type 'ament_python'
[0.333s] Level 1:colcon.colcon_core.shell:create_environment_hook('ainex_vision', 'ament_prefix_path')
[0.333s] INFO:colcon.colcon_core.shell:Creating environment hook '/home/bilhr2025/Downloads/template_tB/ainex_bilhr_ws/src/install/ainex_vision/share/ainex_vision/hook/ament_prefix_path.ps1'
[0.334s] INFO:colcon.colcon_core.shell:Creating environment descriptor '/home/bilhr2025/Downloads/template_tB/ainex_bilhr_ws/src/install/ainex_vision/share/ainex_vision/hook/ament_prefix_path.dsv'
[0.334s] INFO:colcon.colcon_core.shell:Creating environment hook '/home/bilhr2025/Downloads/template_tB/ainex_bilhr_ws/src/install/ainex_vision/share/ainex_vision/hook/ament_prefix_path.sh'
[0.335s] INFO:colcon.colcon_core.shell:Skip shell extension 'powershell' for command environment: Not usable outside of PowerShell
[0.335s] DEBUG:colcon.colcon_core.shell:Skip shell extension 'dsv' for command environment
[0.346s] DEBUG:colcon.colcon_core.event_handler.log_command:Invoking command in '/home/bilhr2025/Downloads/template_tB/ainex_bilhr_ws/src/build/servo_service': CMAKE_PREFIX_PATH=${CMAKE_PREFIX_PATH}:/opt/ros/jazzy DEBUGINFOD_URLS=https://debuginfod.ubuntu.com /usr/bin/cmake /home/bilhr2025/Downloads/template_tB/ainex_bilhr_ws/src/servo_service -DCMAKE_INSTALL_PREFIX=/home/bilhr2025/Downloads/template_tB/ainex_bilhr_ws/src/install/servo_service
[0.594s] INFO:colcon.colcon_core.task.python.build:Building Python package in '/home/bilhr2025/Downloads/template_tB/ainex_bilhr_ws/src/ainex_neural_control'
[0.594s] INFO:colcon.colcon_core.shell:Skip shell extension 'powershell' for command environment: Not usable outside of PowerShell
[0.594s] DEBUG:colcon.colcon_core.shell:Skip shell extension 'dsv' for command environment
[0.869s] INFO:colcon.colcon_core.task.python.build:Building Python package in '/home/bilhr2025/Downloads/template_tB/ainex_bilhr_ws/src/ainex_vision'
[0.869s] INFO:colcon.colcon_core.shell:Skip shell extension 'powershell' for command environment: Not usable outside of PowerShell
[0.869s] DEBUG:colcon.colcon_core.shell:Skip shell extension 'dsv' for command environment
[1.633s] DEBUG:colcon.colcon_core.event_handler.log_command:Invoking command in '/home/bilhr2025/Downloads/template_tB/ainex_bilhr_ws/src/build/ainex_vision': DEBUGINFOD_URLS=https://debuginfod.ubuntu.com PYTHONPATH=/home/bilhr2025/Downloads/template_tB/ainex_bilhr_ws/src/build/ainex_vision/prefix_override:/usr/lib/python3/dist-packages/colcon_core/task/python/colcon_distutils_commands:/home/bilhr2025/Downloads/template_tB/ainex_bilhr_ws/src/install/ainex_vision/lib/python3.12/site-packages:${PYTHONPATH} /usr/bin/python3 -W ignore:setup.py install is deprecated -W ignore:easy_install command is deprecated setup.py develop --uninstall --editable --build-directory /home/bilhr2025/Downloads/template_tB/ainex_bilhr_ws/src/build/ainex_vision/build
[1.655s] DEBUG:colcon.colcon_core.event_handler.log_command:Invoking command in '/home/bilhr2025/Downloads/template_tB/ainex_bilhr_ws/src/build/ainex_neural_control': DEBUGINFOD_URLS=https://debuginfod.ubuntu.com PYTHONPATH=/home/bilhr2025/Downloads/template_tB/ainex_bilhr_ws/src/build/ainex_neural_control/prefix_override:/usr/lib/python3/dist-packages/colcon_core/task/python/colcon_distutils_commands:/home/bilhr2025/Downloads/template_tB/ainex_bilhr_ws/src/install/ainex_neural_control/lib/python3.12/site-packages:${PYTHONPATH} /usr/bin/python3 -W ignore:setup.py install is deprecated -W ignore:easy_install command is deprecated setup.py develop --uninstall --editable --build-directory /home/bilhr2025/Downloads/template_tB/ainex_bilhr_ws/src/build/ainex_neural_control/build
[2.069s] DEBUG:colcon.colcon_core.event_handler.log_command:Invoked command in '/home/bilhr2025/Downloads/template_tB/ainex_bilhr_ws/src/build/servo_service' returned '0': CMAKE_PREFIX_PATH=${CMAKE_PREFIX_PATH}:/opt/ros/jazzy DEBUGINFOD_URLS=https://debuginfod.ubuntu.com /usr/bin/cmake /home/bilhr2025/Downloads/template_tB/ainex_bilhr_ws/src/servo_service -DCMAKE_INSTALL_PREFIX=/home/bilhr2025/Downloads/template_tB/ainex_bilhr_ws/src/install/servo_service
[2.071s] DEBUG:colcon.colcon_core.event_handler.log_command:Invoking command in '/home/bilhr2025/Downloads/template_tB/ainex_bilhr_ws/src/build/servo_service': CMAKE_PREFIX_PATH=${CMAKE_PREFIX_PATH}:/opt/ros/jazzy DEBUGINFOD_URLS=https://debuginfod.ubuntu.com /usr/bin/cmake --build /home/bilhr2025/Downloads/template_tB/ainex_bilhr_ws/src/build/servo_service -- -j8 -l8
[2.453s] DEBUG:colcon.colcon_core.event_handler.log_command:Invoked command in '/home/bilhr2025/Downloads/template_tB/ainex_bilhr_ws/src/build/ainex_vision' returned '0': DEBUGINFOD_URLS=https://debuginfod.ubuntu.com PYTHONPATH=/home/bilhr2025/Downloads/template_tB/ainex_bilhr_ws/src/build/ainex_vision/prefix_override:/usr/lib/python3/dist-packages/colcon_core/task/python/colcon_distutils_commands:/home/bilhr2025/Downloads/template_tB/ainex_bilhr_ws/src/install/ainex_vision/lib/python3.12/site-packages:${PYTHONPATH} /usr/bin/python3 -W ignore:setup.py install is deprecated -W ignore:easy_install command is deprecated setup.py develop --uninstall --editable --build-directory /home/bilhr2025/Downloads/template_tB/ainex_bilhr_ws/src/build/ainex_vision/build
[2.456s] DEBUG:colcon.colcon_core.event_handler.log_command:Invoking command in '/home/bilhr2025/Downloads/template_tB/ainex_bilhr_ws/src/ainex_vision': DEBUGINFOD_URLS=https://debuginfod.ubuntu.com PYTHONPATH=/home/bilhr2025/Downloads/template_tB/ainex_bilhr_ws/src/build/ainex_vision/prefix_override:/usr/lib/python3/dist-packages/colcon_core/task/python/colcon_distutils_commands:/home/bilhr2025/Downloads/template_tB/ainex_bilhr_ws/src/install/ainex_vision/lib/python3.12/site-packages:${PYTHONPATH} /usr/bin/python3 -W ignore:setup.py install is deprecated -W ignore:easy_install command is deprecated setup.py egg_info --egg-base ../build/ainex_vision build --build-base /home/bilhr2025/Downloads/template_tB/ainex_bilhr_ws/src/build/ainex_vision/build install --record /home/bilhr2025/Downloads/template_tB/ainex_bilhr_ws/src/build/ainex_vision/install.log --single-version-externally-managed install_data --force
[2.476s] DEBUG:colcon.colcon_core.event_handler.log_command:Invoked command in '/home/bilhr2025/Downloads/template_tB/ainex_bilhr_ws/src/build/ainex_neural_control' returned '0': DEBUGINFOD_URLS=https://debuginfod.ubuntu.com PYTHONPATH=/home/bilhr2025/Downloads/template_tB/ainex_bilhr_ws/src/build/ainex_neural_control/prefix_override:/usr/lib/python3/dist-packages/colcon_core/task/python/colcon_distutils_commands:/home/bilhr2025/Downloads/template_tB/ainex_bilhr_ws/src/install/ainex_neural_control/lib/python3.12/site-packages:${PYTHONPATH} /usr/bin/python3 -W ignore:setup.py install is deprecated -W ignore:easy_install command is deprecated setup.py develop --uninstall --editable --build-directory /home/bilhr2025/Downloads/template_tB/ainex_bilhr_ws/src/build/ainex_neural_control/build
[2.478s] DEBUG:colcon.colcon_core.event_handler.log_command:Invoking command in '/home/bilhr2025/Downloads/template_tB/ainex_bilhr_ws/src/ainex_neural_control': DEBUGINFOD_URLS=https://debuginfod.ubuntu.com PYTHONPATH=/home/bilhr2025/Downloads/template_tB/ainex_bilhr_ws/src/build/ainex_neural_control/prefix_override:/usr/lib/python3/dist-packages/colcon_core/task/python/colcon_distutils_commands:/home/bilhr2025/Downloads/template_tB/ainex_bilhr_ws/src/install/ainex_neural_control/lib/python3.12/site-packages:${PYTHONPATH} /usr/bin/python3 -W ignore:setup.py install is deprecated -W ignore:easy_install command is deprecated setup.py egg_info --egg-base ../build/ainex_neural_control build --build-base /home/bilhr2025/Downloads/template_tB/ainex_bilhr_ws/src/build/ainex_neural_control/build install --record /home/bilhr2025/Downloads/template_tB/ainex_bilhr_ws/src/build/ainex_neural_control/install.log --single-version-externally-managed install_data --force
[2.701s] DEBUG:colcon.colcon_core.event_handler.log_command:Invoked command in '/home/bilhr2025/Downloads/template_tB/ainex_bilhr_ws/src/build/servo_service' returned '0': CMAKE_PREFIX_PATH=${CMAKE_PREFIX_PATH}:/opt/ros/jazzy DEBUGINFOD_URLS=https://debuginfod.ubuntu.com /usr/bin/cmake --build /home/bilhr2025/Downloads/template_tB/ainex_bilhr_ws/src/build/servo_service -- -j8 -l8
[2.712s] DEBUG:colcon.colcon_core.event_handler.log_command:Invoking command in '/home/bilhr2025/Downloads/template_tB/ainex_bilhr_ws/src/build/servo_service': CMAKE_PREFIX_PATH=${CMAKE_PREFIX_PATH}:/opt/ros/jazzy DEBUGINFOD_URLS=https://debuginfod.ubuntu.com /usr/bin/cmake --install /home/bilhr2025/Downloads/template_tB/ainex_bilhr_ws/src/build/servo_service
[2.857s] Level 1:colcon.colcon_core.environment:create_environment_scripts_only(servo_service)
[2.857s] DEBUG:colcon.colcon_core.event_handler.log_command:Invoked command in '/home/bilhr2025/Downloads/template_tB/ainex_bilhr_ws/src/build/servo_service' returned '0': CMAKE_PREFIX_PATH=${CMAKE_PREFIX_PATH}:/opt/ros/jazzy DEBUGINFOD_URLS=https://debuginfod.ubuntu.com /usr/bin/cmake --install /home/bilhr2025/Downloads/template_tB/ainex_bilhr_ws/src/build/servo_service
[2.860s] Level 1:colcon.colcon_core.environment:checking '/home/bilhr2025/Downloads/template_tB/ainex_bilhr_ws/src/install/servo_service' for CMake module files
[2.861s] Level 1:colcon.colcon_core.environment:checking '/home/bilhr2025/Downloads/template_tB/ainex_bilhr_ws/src/install/servo_service' for CMake config files
[2.862s] Level 1:colcon.colcon_core.shell:create_environment_hook('servo_service', 'cmake_prefix_path')
[2.862s] INFO:colcon.colcon_core.shell:Creating environment hook '/home/bilhr2025/Downloads/template_tB/ainex_bilhr_ws/src/install/servo_service/share/servo_service/hook/cmake_prefix_path.ps1'
[2.863s] INFO:colcon.colcon_core.shell:Creating environment descriptor '/home/bilhr2025/Downloads/template_tB/ainex_bilhr_ws/src/install/servo_service/share/servo_service/hook/cmake_prefix_path.dsv'
[2.863s] INFO:colcon.colcon_core.shell:Creating environment hook '/home/bilhr2025/Downloads/template_tB/ainex_bilhr_ws/src/install/servo_service/share/servo_service/hook/cmake_prefix_path.sh'
[2.864s] Level 1:colcon.colcon_core.environment:checking '/home/bilhr2025/Downloads/template_tB/ainex_bilhr_ws/src/install/servo_service/lib'
[2.864s] Level 1:colcon.colcon_core.shell:create_environment_hook('servo_service', 'ld_library_path_lib')
[2.864s] INFO:colcon.colcon_core.shell:Creating environment hook '/home/bilhr2025/Downloads/template_tB/ainex_bilhr_ws/src/install/servo_service/share/servo_service/hook/ld_library_path_lib.ps1'
[2.864s] INFO:colcon.colcon_core.shell:Creating environment descriptor '/home/bilhr2025/Downloads/template_tB/ainex_bilhr_ws/src/install/servo_service/share/servo_service/hook/ld_library_path_lib.dsv'
[2.865s] INFO:colcon.colcon_core.shell:Creating environment hook '/home/bilhr2025/Downloads/template_tB/ainex_bilhr_ws/src/install/servo_service/share/servo_service/hook/ld_library_path_lib.sh'
[2.865s] Level 1:colcon.colcon_core.environment:checking '/home/bilhr2025/Downloads/template_tB/ainex_bilhr_ws/src/install/servo_service/bin'
[2.865s] Level 1:colcon.colcon_core.environment:checking '/home/bilhr2025/Downloads/template_tB/ainex_bilhr_ws/src/install/servo_service/lib/pkgconfig/servo_service.pc'
[2.865s] Level 1:colcon.colcon_core.environment:checking '/home/bilhr2025/Downloads/template_tB/ainex_bilhr_ws/src/install/servo_service/lib/python3.12/site-packages'
[2.866s] Level 1:colcon.colcon_core.shell:create_environment_hook('servo_service', 'pythonpath')
[2.866s] INFO:colcon.colcon_core.shell:Creating environment hook '/home/bilhr2025/Downloads/template_tB/ainex_bilhr_ws/src/install/servo_service/share/servo_service/hook/pythonpath.ps1'
[2.866s] INFO:colcon.colcon_core.shell:Creating environment descriptor '/home/bilhr2025/Downloads/template_tB/ainex_bilhr_ws/src/install/servo_service/share/servo_service/hook/pythonpath.dsv'
[2.866s] INFO:colcon.colcon_core.shell:Creating environment hook '/home/bilhr2025/Downloads/template_tB/ainex_bilhr_ws/src/install/servo_service/share/servo_service/hook/pythonpath.sh'
[2.867s] Level 1:colcon.colcon_core.environment:checking '/home/bilhr2025/Downloads/template_tB/ainex_bilhr_ws/src/install/servo_service/bin'
[2.867s] INFO:colcon.colcon_core.shell:Creating package script '/home/bilhr2025/Downloads/template_tB/ainex_bilhr_ws/src/install/servo_service/share/servo_service/package.ps1'
[2.868s] INFO:colcon.colcon_core.shell:Creating package descriptor '/home/bilhr2025/Downloads/template_tB/ainex_bilhr_ws/src/install/servo_service/share/servo_service/package.dsv'
[2.868s] INFO:colcon.colcon_core.shell:Creating package script '/home/bilhr2025/Downloads/template_tB/ainex_bilhr_ws/src/install/servo_service/share/servo_service/package.sh'
[2.869s] INFO:colcon.colcon_core.shell:Creating package script '/home/bilhr2025/Downloads/template_tB/ainex_bilhr_ws/src/install/servo_service/share/servo_service/package.bash'
[2.870s] INFO:colcon.colcon_core.shell:Creating package script '/home/bilhr2025/Downloads/template_tB/ainex_bilhr_ws/src/install/servo_service/share/servo_service/package.zsh'
[2.870s] Level 1:colcon.colcon_core.environment:create_file_with_runtime_dependencies(/home/bilhr2025/Downloads/template_tB/ainex_bilhr_ws/src/install/servo_service/share/colcon-core/packages/servo_service)
[2.871s] Level 1:colcon.colcon_core.environment:create_environment_scripts_only(servo_service)
[2.871s] Level 1:colcon.colcon_core.environment:checking '/home/bilhr2025/Downloads/template_tB/ainex_bilhr_ws/src/install/servo_service' for CMake module files
[2.872s] Level 1:colcon.colcon_core.environment:checking '/home/bilhr2025/Downloads/template_tB/ainex_bilhr_ws/src/install/servo_service' for CMake config files
[2.873s] Level 1:colcon.colcon_core.shell:create_environment_hook('servo_service', 'cmake_prefix_path')
[2.873s] INFO:colcon.colcon_core.shell:Creating environment hook '/home/bilhr2025/Downloads/template_tB/ainex_bilhr_ws/src/install/servo_service/share/servo_service/hook/cmake_prefix_path.ps1'
[2.874s] INFO:colcon.colcon_core.shell:Creating environment descriptor '/home/bilhr2025/Downloads/template_tB/ainex_bilhr_ws/src/install/servo_service/share/servo_service/hook/cmake_prefix_path.dsv'
[2.874s] INFO:colcon.colcon_core.shell:Creating environment hook '/home/bilhr2025/Downloads/template_tB/ainex_bilhr_ws/src/install/servo_service/share/servo_service/hook/cmake_prefix_path.sh'
[2.875s] Level 1:colcon.colcon_core.environment:checking '/home/bilhr2025/Downloads/template_tB/ainex_bilhr_ws/src/install/servo_service/lib'
[2.875s] Level 1:colcon.colcon_core.shell:create_environment_hook('servo_service', 'ld_library_path_lib')
[2.875s] INFO:colcon.colcon_core.shell:Creating environment hook '/home/bilhr2025/Downloads/template_tB/ainex_bilhr_ws/src/install/servo_service/share/servo_service/hook/ld_library_path_lib.ps1'
[2.875s] INFO:colcon.colcon_core.shell:Creating environment descriptor '/home/bilhr2025/Downloads/template_tB/ainex_bilhr_ws/src/install/servo_service/share/servo_service/hook/ld_library_path_lib.dsv'
[2.876s] INFO:colcon.colcon_core.shell:Creating environment hook '/home/bilhr2025/Downloads/template_tB/ainex_bilhr_ws/src/install/servo_service/share/servo_service/hook/ld_library_path_lib.sh'
[2.876s] Level 1:colcon.colcon_core.environment:checking '/home/bilhr2025/Downloads/template_tB/ainex_bilhr_ws/src/install/servo_service/bin'
[2.876s] Level 1:colcon.colcon_core.environment:checking '/home/bilhr2025/Downloads/template_tB/ainex_bilhr_ws/src/install/servo_service/lib/pkgconfig/servo_service.pc'
[2.876s] Level 1:colcon.colcon_core.environment:checking '/home/bilhr2025/Downloads/template_tB/ainex_bilhr_ws/src/install/servo_service/lib/python3.12/site-packages'
[2.877s] Level 1:colcon.colcon_core.shell:create_environment_hook('servo_service', 'pythonpath')
[2.877s] INFO:colcon.colcon_core.shell:Creating environment hook '/home/bilhr2025/Downloads/template_tB/ainex_bilhr_ws/src/install/servo_service/share/servo_service/hook/pythonpath.ps1'
[2.877s] INFO:colcon.colcon_core.shell:Creating environment descriptor '/home/bilhr2025/Downloads/template_tB/ainex_bilhr_ws/src/install/servo_service/share/servo_service/hook/pythonpath.dsv'
[2.877s] INFO:colcon.colcon_core.shell:Creating environment hook '/home/bilhr2025/Downloads/template_tB/ainex_bilhr_ws/src/install/servo_service/share/servo_service/hook/pythonpath.sh'
[2.878s] Level 1:colcon.colcon_core.environment:checking '/home/bilhr2025/Downloads/template_tB/ainex_bilhr_ws/src/install/servo_service/bin'
[2.878s] INFO:colcon.colcon_core.shell:Creating package script '/home/bilhr2025/Downloads/template_tB/ainex_bilhr_ws/src/install/servo_service/share/servo_service/package.ps1'
[2.879s] INFO:colcon.colcon_core.shell:Creating package descriptor '/home/bilhr2025/Downloads/template_tB/ainex_bilhr_ws/src/install/servo_service/share/servo_service/package.dsv'
[2.879s] INFO:colcon.colcon_core.shell:Creating package script '/home/bilhr2025/Downloads/template_tB/ainex_bilhr_ws/src/install/servo_service/share/servo_service/package.sh'
[2.880s] INFO:colcon.colcon_core.shell:Creating package script '/home/bilhr2025/Downloads/template_tB/ainex_bilhr_ws/src/install/servo_service/share/servo_service/package.bash'
[2.880s] INFO:colcon.colcon_core.shell:Creating package script '/home/bilhr2025/Downloads/template_tB/ainex_bilhr_ws/src/install/servo_service/share/servo_service/package.zsh'
[2.880s] Level 1:colcon.colcon_core.environment:create_file_with_runtime_dependencies(/home/bilhr2025/Downloads/template_tB/ainex_bilhr_ws/src/install/servo_service/share/colcon-core/packages/servo_service)
[2.881s] INFO:colcon.colcon_ros.task.ament_python.build:Building ROS package in '/home/bilhr2025/Downloads/template_tB/ainex_bilhr_ws/src/ainex_motion' with build type 'ament_python'
[2.881s] Level 1:colcon.colcon_core.shell:create_environment_hook('ainex_motion', 'ament_prefix_path')
[2.881s] INFO:colcon.colcon_core.shell:Creating environment hook '/home/bilhr2025/Downloads/template_tB/ainex_bilhr_ws/src/install/ainex_motion/share/ainex_motion/hook/ament_prefix_path.ps1'
[2.882s] INFO:colcon.colcon_core.shell:Creating environment descriptor '/home/bilhr2025/Downloads/template_tB/ainex_bilhr_ws/src/install/ainex_motion/share/ainex_motion/hook/ament_prefix_path.dsv'
[2.882s] INFO:colcon.colcon_core.shell:Creating environment hook '/home/bilhr2025/Downloads/template_tB/ainex_bilhr_ws/src/install/ainex_motion/share/ainex_motion/hook/ament_prefix_path.sh'
[2.883s] INFO:colcon.colcon_core.shell:Skip shell extension 'powershell' for command environment: Not usable outside of PowerShell
[2.883s] DEBUG:colcon.colcon_core.shell:Skip shell extension 'dsv' for command environment
[3.273s] INFO:colcon.colcon_core.task.python.build:Building Python package in '/home/bilhr2025/Downloads/template_tB/ainex_bilhr_ws/src/ainex_motion'
[3.273s] INFO:colcon.colcon_core.shell:Skip shell extension 'powershell' for command environment: Not usable outside of PowerShell
[3.273s] DEBUG:colcon.colcon_core.shell:Skip shell extension 'dsv' for command environment
[3.441s] Level 1:colcon.colcon_core.environment:checking '/home/bilhr2025/Downloads/template_tB/ainex_bilhr_ws/src/install/ainex_neural_control' for CMake module files
[3.441s] DEBUG:colcon.colcon_core.event_handler.log_command:Invoked command in '/home/bilhr2025/Downloads/template_tB/ainex_bilhr_ws/src/ainex_neural_control' returned '0': DEBUGINFOD_URLS=https://debuginfod.ubuntu.com PYTHONPATH=/home/bilhr2025/Downloads/template_tB/ainex_bilhr_ws/src/build/ainex_neural_control/prefix_override:/usr/lib/python3/dist-packages/colcon_core/task/python/colcon_distutils_commands:/home/bilhr2025/Downloads/template_tB/ainex_bilhr_ws/src/install/ainex_neural_control/lib/python3.12/site-packages:${PYTHONPATH} /usr/bin/python3 -W ignore:setup.py install is deprecated -W ignore:easy_install command is deprecated setup.py egg_info --egg-base ../build/ainex_neural_control build --build-base /home/bilhr2025/Downloads/template_tB/ainex_bilhr_ws/src/build/ainex_neural_control/build install --record /home/bilhr2025/Downloads/template_tB/ainex_bilhr_ws/src/build/ainex_neural_control/install.log --single-version-externally-managed install_data --force
[3.442s] Level 1:colcon.colcon_core.environment:checking '/home/bilhr2025/Downloads/template_tB/ainex_bilhr_ws/src/install/ainex_neural_control' for CMake config files
[3.443s] Level 1:colcon.colcon_core.environment:checking '/home/bilhr2025/Downloads/template_tB/ainex_bilhr_ws/src/install/ainex_neural_control/lib'
[3.443s] Level 1:colcon.colcon_core.environment:checking '/home/bilhr2025/Downloads/template_tB/ainex_bilhr_ws/src/install/ainex_neural_control/bin'
[3.443s] Level 1:colcon.colcon_core.environment:checking '/home/bilhr2025/Downloads/template_tB/ainex_bilhr_ws/src/install/ainex_neural_control/lib/pkgconfig/ainex_neural_control.pc'
[3.443s] Level 1:colcon.colcon_core.environment:checking '/home/bilhr2025/Downloads/template_tB/ainex_bilhr_ws/src/install/ainex_neural_control/lib/python3.12/site-packages'
[3.444s] Level 1:colcon.colcon_core.shell:create_environment_hook('ainex_neural_control', 'pythonpath')
[3.444s] INFO:colcon.colcon_core.shell:Creating environment hook '/home/bilhr2025/Downloads/template_tB/ainex_bilhr_ws/src/install/ainex_neural_control/share/ainex_neural_control/hook/pythonpath.ps1'
[3.445s] INFO:colcon.colcon_core.shell:Creating environment descriptor '/home/bilhr2025/Downloads/template_tB/ainex_bilhr_ws/src/install/ainex_neural_control/share/ainex_neural_control/hook/pythonpath.dsv'
[3.445s] INFO:colcon.colcon_core.shell:Creating environment hook '/home/bilhr2025/Downloads/template_tB/ainex_bilhr_ws/src/install/ainex_neural_control/share/ainex_neural_control/hook/pythonpath.sh'
[3.446s] Level 1:colcon.colcon_core.environment:checking '/home/bilhr2025/Downloads/template_tB/ainex_bilhr_ws/src/install/ainex_neural_control/bin'
[3.446s] Level 1:colcon.colcon_core.environment:create_environment_scripts_only(ainex_neural_control)
[3.446s] INFO:colcon.colcon_core.shell:Creating package script '/home/bilhr2025/Downloads/template_tB/ainex_bilhr_ws/src/install/ainex_neural_control/share/ainex_neural_control/package.ps1'
[3.447s] INFO:colcon.colcon_core.shell:Creating package descriptor '/home/bilhr2025/Downloads/template_tB/ainex_bilhr_ws/src/install/ainex_neural_control/share/ainex_neural_control/package.dsv'
[3.448s] INFO:colcon.colcon_core.shell:Creating package script '/home/bilhr2025/Downloads/template_tB/ainex_bilhr_ws/src/install/ainex_neural_control/share/ainex_neural_control/package.sh'
[3.448s] INFO:colcon.colcon_core.shell:Creating package script '/home/bilhr2025/Downloads/template_tB/ainex_bilhr_ws/src/install/ainex_neural_control/share/ainex_neural_control/package.bash'
[3.449s] INFO:colcon.colcon_core.shell:Creating package script '/home/bilhr2025/Downloads/template_tB/ainex_bilhr_ws/src/install/ainex_neural_control/share/ainex_neural_control/package.zsh'
[3.449s] Level 1:colcon.colcon_core.environment:create_file_with_runtime_dependencies(/home/bilhr2025/Downloads/template_tB/ainex_bilhr_ws/src/install/ainex_neural_control/share/colcon-core/packages/ainex_neural_control)
[3.482s] Level 1:colcon.colcon_core.environment:checking '/home/bilhr2025/Downloads/template_tB/ainex_bilhr_ws/src/install/ainex_vision' for CMake module files
[3.483s] DEBUG:colcon.colcon_core.event_handler.log_command:Invoked command in '/home/bilhr2025/Downloads/template_tB/ainex_bilhr_ws/src/ainex_vision' returned '0': DEBUGINFOD_URLS=https://debuginfod.ubuntu.com PYTHONPATH=/home/bilhr2025/Downloads/template_tB/ainex_bilhr_ws/src/build/ainex_vision/prefix_override:/usr/lib/python3/dist-packages/colcon_core/task/python/colcon_distutils_commands:/home/bilhr2025/Downloads/template_tB/ainex_bilhr_ws/src/install/ainex_vision/lib/python3.12/site-packages:${PYTHONPATH} /usr/bin/python3 -W ignore:setup.py install is deprecated -W ignore:easy_install command is deprecated setup.py egg_info --egg-base ../build/ainex_vision build --build-base /home/bilhr2025/Downloads/template_tB/ainex_bilhr_ws/src/build/ainex_vision/build install --record /home/bilhr2025/Downloads/template_tB/ainex_bilhr_ws/src/build/ainex_vision/install.log --single-version-externally-managed install_data --force
[3.483s] Level 1:colcon.colcon_core.environment:checking '/home/bilhr2025/Downloads/template_tB/ainex_bilhr_ws/src/install/ainex_vision' for CMake config files
[3.484s] Level 1:colcon.colcon_core.environment:checking '/home/bilhr2025/Downloads/template_tB/ainex_bilhr_ws/src/install/ainex_vision/lib'
[3.484s] Level 1:colcon.colcon_core.environment:checking '/home/bilhr2025/Downloads/template_tB/ainex_bilhr_ws/src/install/ainex_vision/bin'
[3.484s] Level 1:colcon.colcon_core.environment:checking '/home/bilhr2025/Downloads/template_tB/ainex_bilhr_ws/src/install/ainex_vision/lib/pkgconfig/ainex_vision.pc'
[3.485s] Level 1:colcon.colcon_core.environment:checking '/home/bilhr2025/Downloads/template_tB/ainex_bilhr_ws/src/install/ainex_vision/lib/python3.12/site-packages'
[3.485s] Level 1:colcon.colcon_core.shell:create_environment_hook('ainex_vision', 'pythonpath')
[3.485s] INFO:colcon.colcon_core.shell:Creating environment hook '/home/bilhr2025/Downloads/template_tB/ainex_bilhr_ws/src/install/ainex_vision/share/ainex_vision/hook/pythonpath.ps1'
[3.486s] INFO:colcon.colcon_core.shell:Creating environment descriptor '/home/bilhr2025/Downloads/template_tB/ainex_bilhr_ws/src/install/ainex_vision/share/ainex_vision/hook/pythonpath.dsv'
[3.486s] INFO:colcon.colcon_core.shell:Creating environment hook '/home/bilhr2025/Downloads/template_tB/ainex_bilhr_ws/src/install/ainex_vision/share/ainex_vision/hook/pythonpath.sh'
[3.487s] Level 1:colcon.colcon_core.environment:checking '/home/bilhr2025/Downloads/template_tB/ainex_bilhr_ws/src/install/ainex_vision/bin'
[3.487s] Level 1:colcon.colcon_core.environment:create_environment_scripts_only(ainex_vision)
[3.487s] INFO:colcon.colcon_core.shell:Creating package script '/home/bilhr2025/Downloads/template_tB/ainex_bilhr_ws/src/install/ainex_vision/share/ainex_vision/package.ps1'
[3.488s] INFO:colcon.colcon_core.shell:Creating package descriptor '/home/bilhr2025/Downloads/template_tB/ainex_bilhr_ws/src/install/ainex_vision/share/ainex_vision/package.dsv'
[3.488s] INFO:colcon.colcon_core.shell:Creating package script '/home/bilhr2025/Downloads/template_tB/ainex_bilhr_ws/src/install/ainex_vision/share/ainex_vision/package.sh'
[3.489s] INFO:colcon.colcon_core.shell:Creating package script '/home/bilhr2025/Downloads/template_tB/ainex_bilhr_ws/src/install/ainex_vision/share/ainex_vision/package.bash'
[3.489s] INFO:colcon.colcon_core.shell:Creating package script '/home/bilhr2025/Downloads/template_tB/ainex_bilhr_ws/src/install/ainex_vision/share/ainex_vision/package.zsh'
[3.490s] Level 1:colcon.colcon_core.environment:create_file_with_runtime_dependencies(/home/bilhr2025/Downloads/template_tB/ainex_bilhr_ws/src/install/ainex_vision/share/colcon-core/packages/ainex_vision)
[4.190s] DEBUG:colcon.colcon_core.event_handler.log_command:Invoking command in '/home/bilhr2025/Downloads/template_tB/ainex_bilhr_ws/src/build/ainex_motion': AMENT_PREFIX_PATH=/home/bilhr2025/Downloads/template_tB/ainex_bilhr_ws/src/install/servo_service:${AMENT_PREFIX_PATH} CMAKE_PREFIX_PATH=/home/bilhr2025/Downloads/template_tB/ainex_bilhr_ws/src/install/servo_service:${CMAKE_PREFIX_PATH} DEBUGINFOD_URLS=https://debuginfod.ubuntu.com LD_LIBRARY_PATH=/home/bilhr2025/Downloads/template_tB/ainex_bilhr_ws/src/install/servo_service/lib:${LD_LIBRARY_PATH} PYTHONPATH=/home/bilhr2025/Downloads/template_tB/ainex_bilhr_ws/src/build/ainex_motion/prefix_override:/usr/lib/python3/dist-packages/colcon_core/task/python/colcon_distutils_commands:/home/bilhr2025/Downloads/template_tB/ainex_bilhr_ws/src/install/ainex_motion/lib/python3.12/site-packages:/home/bilhr2025/Downloads/template_tB/ainex_bilhr_ws/src/install/servo_service/lib/python3.12/site-packages:${PYTHONPATH} /usr/bin/python3 -W ignore:setup.py install is deprecated -W ignore:easy_install command is deprecated setup.py develop --uninstall --editable --build-directory /home/bilhr2025/Downloads/template_tB/ainex_bilhr_ws/src/build/ainex_motion/build
[5.052s] DEBUG:colcon.colcon_core.event_handler.log_command:Invoked command in '/home/bilhr2025/Downloads/template_tB/ainex_bilhr_ws/src/build/ainex_motion' returned '0': AMENT_PREFIX_PATH=/home/bilhr2025/Downloads/template_tB/ainex_bilhr_ws/src/install/servo_service:${AMENT_PREFIX_PATH} CMAKE_PREFIX_PATH=/home/bilhr2025/Downloads/template_tB/ainex_bilhr_ws/src/install/servo_service:${CMAKE_PREFIX_PATH} DEBUGINFOD_URLS=https://debuginfod.ubuntu.com LD_LIBRARY_PATH=/home/bilhr2025/Downloads/template_tB/ainex_bilhr_ws/src/install/servo_service/lib:${LD_LIBRARY_PATH} PYTHONPATH=/home/bilhr2025/Downloads/template_tB/ainex_bilhr_ws/src/build/ainex_motion/prefix_override:/usr/lib/python3/dist-packages/colcon_core/task/python/colcon_distutils_commands:/home/bilhr2025/Downloads/template_tB/ainex_bilhr_ws/src/install/ainex_motion/lib/python3.12/site-packages:/home/bilhr2025/Downloads/template_tB/ainex_bilhr_ws/src/install/servo_service/lib/python3.12/site-packages:${PYTHONPATH} /usr/bin/python3 -W ignore:setup.py install is deprecated -W ignore:easy_install command is deprecated setup.py develop --uninstall --editable --build-directory /home/bilhr2025/Downloads/template_tB/ainex_bilhr_ws/src/build/ainex_motion/build
[5.054s] DEBUG:colcon.colcon_core.event_handler.log_command:Invoking command in '/home/bilhr2025/Downloads/template_tB/ainex_bilhr_ws/src/ainex_motion': AMENT_PREFIX_PATH=/home/bilhr2025/Downloads/template_tB/ainex_bilhr_ws/src/install/servo_service:${AMENT_PREFIX_PATH} CMAKE_PREFIX_PATH=/home/bilhr2025/Downloads/template_tB/ainex_bilhr_ws/src/install/servo_service:${CMAKE_PREFIX_PATH} DEBUGINFOD_URLS=https://debuginfod.ubuntu.com LD_LIBRARY_PATH=/home/bilhr2025/Downloads/template_tB/ainex_bilhr_ws/src/install/servo_service/lib:${LD_LIBRARY_PATH} PYTHONPATH=/home/bilhr2025/Downloads/template_tB/ainex_bilhr_ws/src/build/ainex_motion/prefix_override:/usr/lib/python3/dist-packages/colcon_core/task/python/colcon_distutils_commands:/home/bilhr2025/Downloads/template_tB/ainex_bilhr_ws/src/install/ainex_motion/lib/python3.12/site-packages:/home/bilhr2025/Downloads/template_tB/ainex_bilhr_ws/src/install/servo_service/lib/python3.12/site-packages:${PYTHONPATH} /usr/bin/python3 -W ignore:setup.py install is deprecated -W ignore:easy_install command is deprecated setup.py egg_info --egg-base ../build/ainex_motion build --build-base /home/bilhr2025/Downloads/template_tB/ainex_bilhr_ws/src/build/ainex_motion/build install --record /home/bilhr2025/Downloads/template_tB/ainex_bilhr_ws/src/build/ainex_motion/install.log --single-version-externally-managed install_data --force
[5.720s] Level 1:colcon.colcon_core.environment:checking '/home/bilhr2025/Downloads/template_tB/ainex_bilhr_ws/src/install/ainex_motion' for CMake module files
[5.721s] DEBUG:colcon.colcon_core.event_handler.log_command:Invoked command in '/home/bilhr2025/Downloads/template_tB/ainex_bilhr_ws/src/ainex_motion' returned '0': AMENT_PREFIX_PATH=/home/bilhr2025/Downloads/template_tB/ainex_bilhr_ws/src/install/servo_service:${AMENT_PREFIX_PATH} CMAKE_PREFIX_PATH=/home/bilhr2025/Downloads/template_tB/ainex_bilhr_ws/src/install/servo_service:${CMAKE_PREFIX_PATH} DEBUGINFOD_URLS=https://debuginfod.ubuntu.com LD_LIBRARY_PATH=/home/bilhr2025/Downloads/template_tB/ainex_bilhr_ws/src/install/servo_service/lib:${LD_LIBRARY_PATH} PYTHONPATH=/home/bilhr2025/Downloads/template_tB/ainex_bilhr_ws/src/build/ainex_motion/prefix_override:/usr/lib/python3/dist-packages/colcon_core/task/python/colcon_distutils_commands:/home/bilhr2025/Downloads/template_tB/ainex_bilhr_ws/src/install/ainex_motion/lib/python3.12/site-packages:/home/bilhr2025/Downloads/template_tB/ainex_bilhr_ws/src/install/servo_service/lib/python3.12/site-packages:${PYTHONPATH} /usr/bin/python3 -W ignore:setup.py install is deprecated -W ignore:easy_install command is deprecated setup.py egg_info --egg-base ../build/ainex_motion build --build-base /home/bilhr2025/Downloads/template_tB/ainex_bilhr_ws/src/build/ainex_motion/build install --record /home/bilhr2025/Downloads/template_tB/ainex_bilhr_ws/src/build/ainex_motion/install.log --single-version-externally-managed install_data --force
[5.722s] Level 1:colcon.colcon_core.environment:checking '/home/bilhr2025/Downloads/template_tB/ainex_bilhr_ws/src/install/ainex_motion' for CMake config files
[5.722s] Level 1:colcon.colcon_core.environment:checking '/home/bilhr2025/Downloads/template_tB/ainex_bilhr_ws/src/install/ainex_motion/lib'
[5.722s] Level 1:colcon.colcon_core.environment:checking '/home/bilhr2025/Downloads/template_tB/ainex_bilhr_ws/src/install/ainex_motion/bin'
[5.722s] Level 1:colcon.colcon_core.environment:checking '/home/bilhr2025/Downloads/template_tB/ainex_bilhr_ws/src/install/ainex_motion/lib/pkgconfig/ainex_motion.pc'
[5.723s] Level 1:colcon.colcon_core.environment:checking '/home/bilhr2025/Downloads/template_tB/ainex_bilhr_ws/src/install/ainex_motion/lib/python3.12/site-packages'
[5.723s] Level 1:colcon.colcon_core.shell:create_environment_hook('ainex_motion', 'pythonpath')
[5.723s] INFO:colcon.colcon_core.shell:Creating environment hook '/home/bilhr2025/Downloads/template_tB/ainex_bilhr_ws/src/install/ainex_motion/share/ainex_motion/hook/pythonpath.ps1'
[5.724s] INFO:colcon.colcon_core.shell:Creating environment descriptor '/home/bilhr2025/Downloads/template_tB/ainex_bilhr_ws/src/install/ainex_motion/share/ainex_motion/hook/pythonpath.dsv'
[5.724s] INFO:colcon.colcon_core.shell:Creating environment hook '/home/bilhr2025/Downloads/template_tB/ainex_bilhr_ws/src/install/ainex_motion/share/ainex_motion/hook/pythonpath.sh'
[5.725s] Level 1:colcon.colcon_core.environment:checking '/home/bilhr2025/Downloads/template_tB/ainex_bilhr_ws/src/install/ainex_motion/bin'
[5.725s] Level 1:colcon.colcon_core.environment:create_environment_scripts_only(ainex_motion)
[5.726s] INFO:colcon.colcon_core.shell:Creating package script '/home/bilhr2025/Downloads/template_tB/ainex_bilhr_ws/src/install/ainex_motion/share/ainex_motion/package.ps1'
[5.726s] INFO:colcon.colcon_core.shell:Creating package descriptor '/home/bilhr2025/Downloads/template_tB/ainex_bilhr_ws/src/install/ainex_motion/share/ainex_motion/package.dsv'
[5.727s] INFO:colcon.colcon_core.shell:Creating package script '/home/bilhr2025/Downloads/template_tB/ainex_bilhr_ws/src/install/ainex_motion/share/ainex_motion/package.sh'
[5.727s] INFO:colcon.colcon_core.shell:Creating package script '/home/bilhr2025/Downloads/template_tB/ainex_bilhr_ws/src/install/ainex_motion/share/ainex_motion/package.bash'
[5.728s] INFO:colcon.colcon_core.shell:Creating package script '/home/bilhr2025/Downloads/template_tB/ainex_bilhr_ws/src/install/ainex_motion/share/ainex_motion/package.zsh'
[5.728s] Level 1:colcon.colcon_core.environment:create_file_with_runtime_dependencies(/home/bilhr2025/Downloads/template_tB/ainex_bilhr_ws/src/install/ainex_motion/share/colcon-core/packages/ainex_motion)
[5.729s] DEBUG:colcon.colcon_parallel_executor.executor.parallel:closing loop
[5.729s] DEBUG:colcon.colcon_parallel_executor.executor.parallel:loop closed
[5.729s] DEBUG:colcon.colcon_parallel_executor.executor.parallel:run_until_complete finished with '0'
[5.729s] DEBUG:colcon.colcon_core.event_reactor:joining thread
[5.735s] INFO:colcon.colcon_core.plugin_system:Skipping extension 'colcon_notification.desktop_notification.terminal_notifier': Not used on non-Darwin systems
[5.736s] INFO:colcon.colcon_core.plugin_system:Skipping extension 'colcon_notification.desktop_notification.win32': Not used on non-Windows systems
[5.736s] INFO:colcon.colcon_notification.desktop_notification:Sending desktop notification using 'notify2'
[5.752s] DEBUG:colcon.colcon_core.event_reactor:joined thread
[5.752s] INFO:colcon.colcon_core.shell:Creating prefix script '/home/bilhr2025/Downloads/template_tB/ainex_bilhr_ws/src/install/local_setup.ps1'
[5.753s] INFO:colcon.colcon_core.shell:Creating prefix util module '/home/bilhr2025/Downloads/template_tB/ainex_bilhr_ws/src/install/_local_setup_util_ps1.py'
[5.754s] INFO:colcon.colcon_core.shell:Creating prefix chain script '/home/bilhr2025/Downloads/template_tB/ainex_bilhr_ws/src/install/setup.ps1'
[5.754s] INFO:colcon.colcon_core.shell:Creating prefix script '/home/bilhr2025/Downloads/template_tB/ainex_bilhr_ws/src/install/local_setup.sh'
[5.755s] INFO:colcon.colcon_core.shell:Creating prefix util module '/home/bilhr2025/Downloads/template_tB/ainex_bilhr_ws/src/install/_local_setup_util_sh.py'
[5.755s] INFO:colcon.colcon_core.shell:Creating prefix chain script '/home/bilhr2025/Downloads/template_tB/ainex_bilhr_ws/src/install/setup.sh'
[5.756s] INFO:colcon.colcon_core.shell:Creating prefix script '/home/bilhr2025/Downloads/template_tB/ainex_bilhr_ws/src/install/local_setup.bash'
[5.756s] INFO:colcon.colcon_core.shell:Creating prefix chain script '/home/bilhr2025/Downloads/template_tB/ainex_bilhr_ws/src/install/setup.bash'
[5.757s] INFO:colcon.colcon_core.shell:Creating prefix script '/home/bilhr2025/Downloads/template_tB/ainex_bilhr_ws/src/install/local_setup.zsh'
[5.758s] INFO:colcon.colcon_core.shell:Creating prefix chain script '/home/bilhr2025/Downloads/template_tB/ainex_bilhr_ws/src/install/setup.zsh'
