[1.025s] Invoking command in '/home/bilhr2025/Downloads/template_tB/ainex_bilhr_ws/build/ainex_motion': DEBUGINFOD_URLS=https://debuginfod.ubuntu.com PYTHONPATH=/home/bilhr2025/Downloads/template_tB/ainex_bilhr_ws/build/ainex_motion/prefix_override:/usr/lib/python3/dist-packages/colcon_core/task/python/colcon_distutils_commands:/home/bilhr2025/Downloads/template_tB/ainex_bilhr_ws/install/ainex_motion/lib/python3.12/site-packages:/home/bilhr2025/Downloads/template_tB/ainex_bilhr_ws/install/servo_service/lib/python3.12/site-packages:/home/bilhr2025/Downloads/template_tB/ainex_bilhr_ws/build/ainex_motion:/home/bilhr2025/Downloads/template_tB/ainex_bilhr_ws/install/ainex_motion/lib/python3.12/site-packages:/home/bilhr2025/Downloads/template_tB/ainex_bilhr_ws/build/ainex_vision:/home/bilhr2025/Downloads/template_tB/ainex_bilhr_ws/install/ainex_vision/lib/python3.12/site-packages:/home/bilhr2025/Downloads/template_tB/ainex_bilhr_ws/build/ainex_neural_control:/home/bilhr2025/Downloads/template_tB/ainex_bilhr_ws/install/ainex_neural_control/lib/python3.12/site-packages:/home/bilhr2025/BILHR-T2/ainex_bilhr_ws/build/ainex_motion:/home/bilhr2025/BILHR-T2/ainex_bilhr_ws/install/ainex_motion/lib/python3.12/site-packages:/home/bilhr2025/BILHR-T2/ainex_bilhr_ws/install/servo_service/lib/python3.12/site-packages:/home/bilhr2025/BILHR-T2/ainex_bilhr_ws/build/ainex_vision:/home/bilhr2025/BILHR-T2/ainex_bilhr_ws/install/ainex_vision/lib/python3.12/site-packages:/home/bilhr2025/BILHR-T2/ainex_bilhr_ws/build/ainex_neural_control:/home/bilhr2025/BILHR-T2/ainex_bilhr_ws/install/ainex_neural_control/lib/python3.12/site-packages:/home/bilhr2025/Downloads/template_tB/ainex_bilhr_ws/src/build/ainex_motion:/home/bilhr2025/BILHR-T2/ainex_bilhr_ws/src/install/ainex_motion/lib/python3.12/site-packages:/home/bilhr2025/BILHR-T2/ainex_bilhr_ws/src/install/servo_service/lib/python3.12/site-packages:/home/bilhr2025/Downloads/template_tB/ainex_bilhr_ws/src/build/ainex_vision:/home/bilhr2025/BILHR-T2/ainex_bilhr_ws/src/install/ainex_vision/lib/python3.12/site-packages:/opt/ros/jazzy/lib/python3.12/site-packages /usr/bin/python3 -W ignore:setup.py install is deprecated -W ignore:easy_install command is deprecated setup.py develop --editable --build-directory /home/bilhr2025/Downloads/template_tB/ainex_bilhr_ws/build/ainex_motion/build --no-deps symlink_data
[1.436s] running develop
[1.711s] running egg_info
[1.711s] creating ainex_motion.egg-info
[1.739s] writing ainex_motion.egg-info/PKG-INFO
[1.739s] writing dependency_links to ainex_motion.egg-info/dependency_links.txt
[1.740s] writing entry points to ainex_motion.egg-info/entry_points.txt
[1.740s] writing requirements to ainex_motion.egg-info/requires.txt
[1.740s] writing top-level names to ainex_motion.egg-info/top_level.txt
[1.740s] writing manifest file 'ainex_motion.egg-info/SOURCES.txt'
[1.793s] reading manifest file 'ainex_motion.egg-info/SOURCES.txt'
[1.794s] writing manifest file 'ainex_motion.egg-info/SOURCES.txt'
[1.819s] running build_ext
[1.820s] Creating /home/bilhr2025/Downloads/template_tB/ainex_bilhr_ws/install/ainex_motion/lib/python3.12/site-packages/ainex-motion.egg-link (link to .)
[1.820s] Installing ainex_motion_node script to /home/bilhr2025/Downloads/template_tB/ainex_bilhr_ws/install/ainex_motion/lib/ainex_motion
[1.820s] Installing joint_controller script to /home/bilhr2025/Downloads/template_tB/ainex_bilhr_ws/install/ainex_motion/lib/ainex_motion
[1.821s] Installing joint_visualization_node script to /home/bilhr2025/Downloads/template_tB/ainex_bilhr_ws/install/ainex_motion/lib/ainex_motion
[1.821s] Installing keyboard_input_node script to /home/bilhr2025/Downloads/template_tB/ainex_bilhr_ws/install/ainex_motion/lib/ainex_motion
[1.821s] 
[1.821s] Installed /home/bilhr2025/Downloads/template_tB/ainex_bilhr_ws/build/ainex_motion
[1.821s] running symlink_data
[1.821s] creating /home/bilhr2025/Downloads/template_tB/ainex_bilhr_ws/install/ainex_motion/share/ament_index
[1.821s] creating /home/bilhr2025/Downloads/template_tB/ainex_bilhr_ws/install/ainex_motion/share/ament_index/resource_index
[1.822s] creating /home/bilhr2025/Downloads/template_tB/ainex_bilhr_ws/install/ainex_motion/share/ament_index/resource_index/packages
[1.822s] symbolically linking /home/bilhr2025/Downloads/template_tB/ainex_bilhr_ws/build/ainex_motion/resource/ainex_motion -> /home/bilhr2025/Downloads/template_tB/ainex_bilhr_ws/install/ainex_motion/share/ament_index/resource_index/packages
[1.822s] symbolically linking /home/bilhr2025/Downloads/template_tB/ainex_bilhr_ws/build/ainex_motion/package.xml -> /home/bilhr2025/Downloads/template_tB/ainex_bilhr_ws/install/ainex_motion/share/ainex_motion
[1.857s] Invoked command in '/home/bilhr2025/Downloads/template_tB/ainex_bilhr_ws/build/ainex_motion' returned '0': DEBUGINFOD_URLS=https://debuginfod.ubuntu.com PYTHONPATH=/home/bilhr2025/Downloads/template_tB/ainex_bilhr_ws/build/ainex_motion/prefix_override:/usr/lib/python3/dist-packages/colcon_core/task/python/colcon_distutils_commands:/home/bilhr2025/Downloads/template_tB/ainex_bilhr_ws/install/ainex_motion/lib/python3.12/site-packages:/home/bilhr2025/Downloads/template_tB/ainex_bilhr_ws/install/servo_service/lib/python3.12/site-packages:/home/bilhr2025/Downloads/template_tB/ainex_bilhr_ws/build/ainex_motion:/home/bilhr2025/Downloads/template_tB/ainex_bilhr_ws/install/ainex_motion/lib/python3.12/site-packages:/home/bilhr2025/Downloads/template_tB/ainex_bilhr_ws/build/ainex_vision:/home/bilhr2025/Downloads/template_tB/ainex_bilhr_ws/install/ainex_vision/lib/python3.12/site-packages:/home/bilhr2025/Downloads/template_tB/ainex_bilhr_ws/build/ainex_neural_control:/home/bilhr2025/Downloads/template_tB/ainex_bilhr_ws/install/ainex_neural_control/lib/python3.12/site-packages:/home/bilhr2025/BILHR-T2/ainex_bilhr_ws/build/ainex_motion:/home/bilhr2025/BILHR-T2/ainex_bilhr_ws/install/ainex_motion/lib/python3.12/site-packages:/home/bilhr2025/BILHR-T2/ainex_bilhr_ws/install/servo_service/lib/python3.12/site-packages:/home/bilhr2025/BILHR-T2/ainex_bilhr_ws/build/ainex_vision:/home/bilhr2025/BILHR-T2/ainex_bilhr_ws/install/ainex_vision/lib/python3.12/site-packages:/home/bilhr2025/BILHR-T2/ainex_bilhr_ws/build/ainex_neural_control:/home/bilhr2025/BILHR-T2/ainex_bilhr_ws/install/ainex_neural_control/lib/python3.12/site-packages:/home/bilhr2025/Downloads/template_tB/ainex_bilhr_ws/src/build/ainex_motion:/home/bilhr2025/BILHR-T2/ainex_bilhr_ws/src/install/ainex_motion/lib/python3.12/site-packages:/home/bilhr2025/BILHR-T2/ainex_bilhr_ws/src/install/servo_service/lib/python3.12/site-packages:/home/bilhr2025/Downloads/template_tB/ainex_bilhr_ws/src/build/ainex_vision:/home/bilhr2025/BILHR-T2/ainex_bilhr_ws/src/install/ainex_vision/lib/python3.12/site-packages:/opt/ros/jazzy/lib/python3.12/site-packages /usr/bin/python3 -W ignore:setup.py install is deprecated -W ignore:easy_install command is deprecated setup.py develop --editable --build-directory /home/bilhr2025/Downloads/template_tB/ainex_bilhr_ws/build/ainex_motion/build --no-deps symlink_data
