[1.366s] Invoking command in '/home/bilhr2025/Downloads/template_tB/ainex_bilhr_ws/build/ainex_neural_control': DEBUGINFOD_URLS=https://debuginfod.ubuntu.com PYTHONPATH=/home/bilhr2025/Downloads/template_tB/ainex_bilhr_ws/build/ainex_neural_control/prefix_override:/usr/lib/python3/dist-packages/colcon_core/task/python/colcon_distutils_commands:/home/bilhr2025/Downloads/template_tB/ainex_bilhr_ws/install/ainex_neural_control/lib/python3.12/site-packages:${PYTHONPATH} /usr/bin/python3 -W ignore:setup.py install is deprecated -W ignore:easy_install command is deprecated setup.py develop --editable --build-directory /home/bilhr2025/Downloads/template_tB/ainex_bilhr_ws/build/ainex_neural_control/build --no-deps symlink_data --force
[1.722s] running develop
[2.002s] running egg_info
[2.026s] writing ainex_neural_control.egg-info/PKG-INFO
[2.026s] writing dependency_links to ainex_neural_control.egg-info/dependency_links.txt
[2.026s] writing entry points to ainex_neural_control.egg-info/entry_points.txt
[2.026s] writing requirements to ainex_neural_control.egg-info/requires.txt
[2.027s] writing top-level names to ainex_neural_control.egg-info/top_level.txt
[2.100s] reading manifest file 'ainex_neural_control.egg-info/SOURCES.txt'
[2.101s] writing manifest file 'ainex_neural_control.egg-info/SOURCES.txt'
[2.141s] running build_ext
[2.141s] Creating /home/bilhr2025/Downloads/template_tB/ainex_bilhr_ws/install/ainex_neural_control/lib/python3.12/site-packages/ainex-neural-control.egg-link (link to .)
[2.142s] Installing manual_reward_node script to /home/bilhr2025/Downloads/template_tB/ainex_bilhr_ws/install/ainex_neural_control/lib/ainex_neural_control
[2.142s] Installing rl_dt_penalty_node script to /home/bilhr2025/Downloads/template_tB/ainex_bilhr_ws/install/ainex_neural_control/lib/ainex_neural_control
[2.143s] Installing robot_cmac_controller script to /home/bilhr2025/Downloads/template_tB/ainex_bilhr_ws/install/ainex_neural_control/lib/ainex_neural_control
[2.143s] Installing robot_neural_controller script to /home/bilhr2025/Downloads/template_tB/ainex_bilhr_ws/install/ainex_neural_control/lib/ainex_neural_control
[2.143s] 
[2.143s] Installed /home/bilhr2025/Downloads/template_tB/ainex_bilhr_ws/build/ainex_neural_control
[2.143s] running symlink_data
[2.143s] symbolically linking /home/bilhr2025/Downloads/template_tB/ainex_bilhr_ws/build/ainex_neural_control/resource/ainex_neural_control -> /home/bilhr2025/Downloads/template_tB/ainex_bilhr_ws/install/ainex_neural_control/share/ament_index/resource_index/packages
[2.144s] symbolically linking /home/bilhr2025/Downloads/template_tB/ainex_bilhr_ws/build/ainex_neural_control/package.xml -> /home/bilhr2025/Downloads/template_tB/ainex_bilhr_ws/install/ainex_neural_control/share/ainex_neural_control
[2.184s] Invoked command in '/home/bilhr2025/Downloads/template_tB/ainex_bilhr_ws/build/ainex_neural_control' returned '0': DEBUGINFOD_URLS=https://debuginfod.ubuntu.com PYTHONPATH=/home/bilhr2025/Downloads/template_tB/ainex_bilhr_ws/build/ainex_neural_control/prefix_override:/usr/lib/python3/dist-packages/colcon_core/task/python/colcon_distutils_commands:/home/bilhr2025/Downloads/template_tB/ainex_bilhr_ws/install/ainex_neural_control/lib/python3.12/site-packages:${PYTHONPATH} /usr/bin/python3 -W ignore:setup.py install is deprecated -W ignore:easy_install command is deprecated setup.py develop --editable --build-directory /home/bilhr2025/Downloads/template_tB/ainex_bilhr_ws/build/ainex_neural_control/build --no-deps symlink_data --force
