[0.947s] Invoking command in '/home/bilhr2025/Downloads/template_tB/ainex_bilhr_ws/src/ainex_motion': DEBUGINFOD_URLS=https://debuginfod.ubuntu.com PYTHONPATH=/home/bilhr2025/Downloads/template_tB/ainex_bilhr_ws/src/build/ainex_motion/prefix_override:/usr/lib/python3/dist-packages/colcon_core/task/python/colcon_distutils_commands:/home/bilhr2025/Downloads/template_tB/ainex_bilhr_ws/src/install/ainex_motion/lib/python3.12/site-packages:/home/bilhr2025/Downloads/template_tB/ainex_bilhr_ws/src/install/servo_service/lib/python3.12/site-packages:/home/bilhr2025/Downloads/template_tB/ainex_bilhr_ws/src/build/ainex_motion:/home/bilhr2025/Downloads/template_tB/ainex_bilhr_ws/src/install/ainex_motion/lib/python3.12/site-packages:/home/bilhr2025/Downloads/template_tB/ainex_bilhr_ws/src/build/ainex_vision:/home/bilhr2025/Downloads/template_tB/ainex_bilhr_ws/src/install/ainex_vision/lib/python3.12/site-packages:/home/bilhr2025/Downloads/template_tB/ainex_bilhr_ws/src/build/ainex_neural_control:/home/bilhr2025/Downloads/template_tB/ainex_bilhr_ws/src/install/ainex_neural_control/lib/python3.12/site-packages:/home/bilhr2025/Downloads/template_tB/ainex_bilhr_ws/build/ainex_motion:/home/bilhr2025/Downloads/template_tB/ainex_bilhr_ws/install/ainex_motion/lib/python3.12/site-packages:/home/bilhr2025/Downloads/template_tB/ainex_bilhr_ws/install/servo_service/lib/python3.12/site-packages:/home/bilhr2025/Downloads/template_tB/ainex_bilhr_ws/build/ainex_vision:/home/bilhr2025/Downloads/template_tB/ainex_bilhr_ws/install/ainex_vision/lib/python3.12/site-packages:/home/bilhr2025/Downloads/template_tB/ainex_bilhr_ws/build/ainex_neural_control:/home/bilhr2025/Downloads/template_tB/ainex_bilhr_ws/install/ainex_neural_control/lib/python3.12/site-packages:/opt/ros/jazzy/lib/python3.12/site-packages /usr/bin/python3 -W ignore:setup.py install is deprecated -W ignore:easy_install command is deprecated setup.py egg_info --egg-base ../build/ainex_motion build --build-base /home/bilhr2025/Downloads/template_tB/ainex_bilhr_ws/src/build/ainex_motion/build install --record /home/bilhr2025/Downloads/template_tB/ainex_bilhr_ws/src/build/ainex_motion/install.log --single-version-externally-managed install_data
[1.282s] running egg_info
[1.307s] writing ../build/ainex_motion/ainex_motion.egg-info/PKG-INFO
[1.307s] writing dependency_links to ../build/ainex_motion/ainex_motion.egg-info/dependency_links.txt
[1.308s] writing entry points to ../build/ainex_motion/ainex_motion.egg-info/entry_points.txt
[1.308s] writing requirements to ../build/ainex_motion/ainex_motion.egg-info/requires.txt
[1.308s] writing top-level names to ../build/ainex_motion/ainex_motion.egg-info/top_level.txt
[1.364s] reading manifest file '../build/ainex_motion/ainex_motion.egg-info/SOURCES.txt'
[1.365s] writing manifest file '../build/ainex_motion/ainex_motion.egg-info/SOURCES.txt'
[1.365s] running build
[1.366s] running build_py
[1.366s] running install
[1.377s] running install_lib
[1.418s] running install_data
[1.419s] running install_egg_info
[1.461s] removing '/home/bilhr2025/Downloads/template_tB/ainex_bilhr_ws/src/install/ainex_motion/lib/python3.12/site-packages/ainex_motion-0.0.0-py3.12.egg-info' (and everything under it)
[1.461s] Copying ../build/ainex_motion/ainex_motion.egg-info to /home/bilhr2025/Downloads/template_tB/ainex_bilhr_ws/src/install/ainex_motion/lib/python3.12/site-packages/ainex_motion-0.0.0-py3.12.egg-info
[1.462s] running install_scripts
[1.680s] Installing ainex_motion_node script to /home/bilhr2025/Downloads/template_tB/ainex_bilhr_ws/src/install/ainex_motion/lib/ainex_motion
[1.680s] Installing joint_controller script to /home/bilhr2025/Downloads/template_tB/ainex_bilhr_ws/src/install/ainex_motion/lib/ainex_motion
[1.680s] Installing joint_visualization_node script to /home/bilhr2025/Downloads/template_tB/ainex_bilhr_ws/src/install/ainex_motion/lib/ainex_motion
[1.680s] Installing keyboard_input_node script to /home/bilhr2025/Downloads/template_tB/ainex_bilhr_ws/src/install/ainex_motion/lib/ainex_motion
[1.681s] writing list of installed files to '/home/bilhr2025/Downloads/template_tB/ainex_bilhr_ws/src/build/ainex_motion/install.log'
[1.719s] Invoked command in '/home/bilhr2025/Downloads/template_tB/ainex_bilhr_ws/src/ainex_motion' returned '0': DEBUGINFOD_URLS=https://debuginfod.ubuntu.com PYTHONPATH=/home/bilhr2025/Downloads/template_tB/ainex_bilhr_ws/src/build/ainex_motion/prefix_override:/usr/lib/python3/dist-packages/colcon_core/task/python/colcon_distutils_commands:/home/bilhr2025/Downloads/template_tB/ainex_bilhr_ws/src/install/ainex_motion/lib/python3.12/site-packages:/home/bilhr2025/Downloads/template_tB/ainex_bilhr_ws/src/install/servo_service/lib/python3.12/site-packages:/home/bilhr2025/Downloads/template_tB/ainex_bilhr_ws/src/build/ainex_motion:/home/bilhr2025/Downloads/template_tB/ainex_bilhr_ws/src/install/ainex_motion/lib/python3.12/site-packages:/home/bilhr2025/Downloads/template_tB/ainex_bilhr_ws/src/build/ainex_vision:/home/bilhr2025/Downloads/template_tB/ainex_bilhr_ws/src/install/ainex_vision/lib/python3.12/site-packages:/home/bilhr2025/Downloads/template_tB/ainex_bilhr_ws/src/build/ainex_neural_control:/home/bilhr2025/Downloads/template_tB/ainex_bilhr_ws/src/install/ainex_neural_control/lib/python3.12/site-packages:/home/bilhr2025/Downloads/template_tB/ainex_bilhr_ws/build/ainex_motion:/home/bilhr2025/Downloads/template_tB/ainex_bilhr_ws/install/ainex_motion/lib/python3.12/site-packages:/home/bilhr2025/Downloads/template_tB/ainex_bilhr_ws/install/servo_service/lib/python3.12/site-packages:/home/bilhr2025/Downloads/template_tB/ainex_bilhr_ws/build/ainex_vision:/home/bilhr2025/Downloads/template_tB/ainex_bilhr_ws/install/ainex_vision/lib/python3.12/site-packages:/home/bilhr2025/Downloads/template_tB/ainex_bilhr_ws/build/ainex_neural_control:/home/bilhr2025/Downloads/template_tB/ainex_bilhr_ws/install/ainex_neural_control/lib/python3.12/site-packages:/opt/ros/jazzy/lib/python3.12/site-packages /usr/bin/python3 -W ignore:setup.py install is deprecated -W ignore:easy_install command is deprecated setup.py egg_info --egg-base ../build/ainex_motion build --build-base /home/bilhr2025/Downloads/template_tB/ainex_bilhr_ws/src/build/ainex_motion/build install --record /home/bilhr2025/Downloads/template_tB/ainex_bilhr_ws/src/build/ainex_motion/install.log --single-version-externally-managed install_data
