[1.348s] Invoking command in '/home/bilhr2025/Downloads/template_tB/ainex_bilhr_ws/build/ainex_vision': DEBUGINFOD_URLS=https://debuginfod.ubuntu.com PYTHONPATH=/home/bilhr2025/Downloads/template_tB/ainex_bilhr_ws/build/ainex_vision/prefix_override:/usr/lib/python3/dist-packages/colcon_core/task/python/colcon_distutils_commands:/home/bilhr2025/Downloads/template_tB/ainex_bilhr_ws/install/ainex_vision/lib/python3.12/site-packages:${PYTHONPATH} /usr/bin/python3 -W ignore:setup.py install is deprecated -W ignore:easy_install command is deprecated setup.py develop --editable --build-directory /home/bilhr2025/Downloads/template_tB/ainex_bilhr_ws/build/ainex_vision/build --no-deps symlink_data
[1.776s] running develop
[2.049s] running egg_info
[2.049s] creating ainex_vision.egg-info
[2.075s] writing ainex_vision.egg-info/PKG-INFO
[2.076s] writing dependency_links to ainex_vision.egg-info/dependency_links.txt
[2.076s] writing entry points to ainex_vision.egg-info/entry_points.txt
[2.076s] writing requirements to ainex_vision.egg-info/requires.txt
[2.076s] writing top-level names to ainex_vision.egg-info/top_level.txt
[2.076s] writing manifest file 'ainex_vision.egg-info/SOURCES.txt'
[2.127s] reading manifest file 'ainex_vision.egg-info/SOURCES.txt'
[2.128s] writing manifest file 'ainex_vision.egg-info/SOURCES.txt'
[2.155s] running build_ext
[2.155s] Creating /home/bilhr2025/Downloads/template_tB/ainex_bilhr_ws/install/ainex_vision/lib/python3.12/site-packages/ainex-vision.egg-link (link to .)
[2.155s] Installing camera_sub script to /home/bilhr2025/Downloads/template_tB/ainex_bilhr_ws/install/ainex_vision/lib/ainex_vision
[2.156s] 
[2.156s] Installed /home/bilhr2025/Downloads/template_tB/ainex_bilhr_ws/build/ainex_vision
[2.156s] running symlink_data
[2.156s] creating /home/bilhr2025/Downloads/template_tB/ainex_bilhr_ws/install/ainex_vision/share/ament_index
[2.156s] creating /home/bilhr2025/Downloads/template_tB/ainex_bilhr_ws/install/ainex_vision/share/ament_index/resource_index
[2.156s] creating /home/bilhr2025/Downloads/template_tB/ainex_bilhr_ws/install/ainex_vision/share/ament_index/resource_index/packages
[2.157s] symbolically linking /home/bilhr2025/Downloads/template_tB/ainex_bilhr_ws/build/ainex_vision/resource/ainex_vision -> /home/bilhr2025/Downloads/template_tB/ainex_bilhr_ws/install/ainex_vision/share/ament_index/resource_index/packages
[2.157s] symbolically linking /home/bilhr2025/Downloads/template_tB/ainex_bilhr_ws/build/ainex_vision/package.xml -> /home/bilhr2025/Downloads/template_tB/ainex_bilhr_ws/install/ainex_vision/share/ainex_vision
[2.217s] Invoked command in '/home/bilhr2025/Downloads/template_tB/ainex_bilhr_ws/build/ainex_vision' returned '0': DEBUGINFOD_URLS=https://debuginfod.ubuntu.com PYTHONPATH=/home/bilhr2025/Downloads/template_tB/ainex_bilhr_ws/build/ainex_vision/prefix_override:/usr/lib/python3/dist-packages/colcon_core/task/python/colcon_distutils_commands:/home/bilhr2025/Downloads/template_tB/ainex_bilhr_ws/install/ainex_vision/lib/python3.12/site-packages:${PYTHONPATH} /usr/bin/python3 -W ignore:setup.py install is deprecated -W ignore:easy_install command is deprecated setup.py develop --editable --build-directory /home/bilhr2025/Downloads/template_tB/ainex_bilhr_ws/build/ainex_vision/build --no-deps symlink_data
